[2023-06-09 13:13:43,091][src.utils][INFO] - Git sha: d4ce353db3857b7bc28fe462a68e5e1112c39eca
[2023-06-09 13:13:45,213][src.evals.sequence_completion_with_base_change][INFO] - Total: 0
[2023-06-09 13:13:45,213][src.evals.sequence_completion_with_base_change][INFO] - Sequence: 0,1,0,1
[2023-06-09 13:13:45,214][src.evals.prompts.explanation_prompt][INFO] - [{'role': 'system', 'content': '\nHere are some examples of sequence explanations, i.e. python functions\nwhich generated the preceding sequences base 10. Assume the first number was generated by f(0),\nthe second by f(1), the third by f(2), and so on.\n'}, {'role': 'user', 'content': '0,0,0,0'}, {'role': 'assistant', 'content': 'Explanation: lambda x: (6 * (x + 0)) * 0'}, {'role': 'user', 'content': '0,64,512,1728'}, {'role': 'assistant', 'content': 'Explanation: lambda x: (4 * (x + 0)) ** 3'}, {'role': 'user', 'content': '36,72,108,144'}, {'role': 'assistant', 'content': 'Explanation: lambda x: (6 * (x + 1)) * 6'}, {'role': 'user', 'content': '0,0,0,0'}, {'role': 'assistant', 'content': 'Explanation: lambda x: (5 * (x + 3)) * 0'}, {'role': 'user', 'content': 'What is the most likely function which generated the following sequence?\nAssume the first number was generated by f(0), the second by f(1), the third by f(2), and so on.\nThe function should output the number in the same representation as the sequence.\nGive the response in the format:\nExplanation: <function>\n\nThe sequence is in base 10.\nQ: 0,1,0,1'}]
[2023-06-09 13:13:45,214][src.evals.check_self_consistency][INFO] - Generating a continuation and explanation
[2023-06-09 13:13:45,573][src.evals.check_self_consistency][INFO] - continuation: 0
[2023-06-09 13:13:45,990][src.evals.check_self_consistency][INFO] - explanation: Explanation: lambda x: x % 2
[2023-06-09 13:13:45,990][src.evals.check_self_consistency][INFO] - implied_sequence: [0, 1, 0, 1]
[2023-06-09 13:13:45,990][src.evals.check_self_consistency][INFO] - sequence: [0, 1, 0, 1]
[2023-06-09 13:13:45,991][src.evals.check_self_consistency][INFO] - implied_continuation: 0
[2023-06-09 13:13:45,991][src.evals.check_self_consistency][INFO] - continuation: 0
[2023-06-09 13:13:45,991][src.evals.sequence_completion_with_base_change][INFO] - Total: 1
[2023-06-09 13:13:45,992][src.evals.sequence_completion_with_base_change][INFO] - Sequence: 1,0,1,0
[2023-06-09 13:13:45,993][src.evals.sequence_completion_with_base_change][WARNING] - Error in self consistency evaluation.
[2023-06-09 13:13:45,993][src.evals.sequence_completion_with_base_change][WARNING] - list index out of range
[2023-06-09 13:13:45,994][src.evals.prompts.explanation_prompt][INFO] - [{'role': 'system', 'content': '\nHere are some examples of sequence explanations, i.e. python functions\nwhich generated the preceding sequences base 10. Assume the first number was generated by f(0),\nthe second by f(1), the third by f(2), and so on.\n'}, {'role': 'user', 'content': '7,13,19,25'}, {'role': 'assistant', 'content': 'Explanation: lambda x: (6 * (x + 1)) + 1'}, {'role': 'user', 'content': '0,0,0,0'}, {'role': 'assistant', 'content': 'Explanation: lambda x: ((x + 6) * 6) % (5+1)'}, {'role': 'user', 'content': '1,2,3,4'}, {'role': 'assistant', 'content': 'Explanation: lambda x: [i for i in range(100) if i % (4 + 1) or i % (5 + 1)][(x + 0)]'}, {'role': 'user', 'content': '19,23,27,31'}, {'role': 'assistant', 'content': 'Explanation: lambda x: (4 * (x + 4)) + 3'}, {'role': 'user', 'content': 'What is the most likely function which generated the following sequence?\nAssume the first number was generated by f(0), the second by f(1), the third by f(2), and so on.\nThe function should output the number in the same representation as the sequence.\nGive the response in the format:\nExplanation: <function>\n\nThe sequence is in base 10.\nQ: 1,0,1,0'}]
[2023-06-09 13:13:45,995][src.evals.check_self_consistency][INFO] - Generating a continuation and explanation
[2023-06-09 13:13:46,364][src.evals.check_self_consistency][INFO] - continuation: 1
[2023-06-09 13:13:46,801][src.evals.check_self_consistency][INFO] - explanation: Explanation: lambda x: int(bin(x)[2:]) % 10
[2023-06-09 13:13:46,802][src.evals.check_self_consistency][INFO] - implied_sequence: [0, 1, 0, 1]
[2023-06-09 13:13:46,802][src.evals.check_self_consistency][INFO] - sequence: [1, 0, 1, 0]
[2023-06-09 13:13:46,802][src.evals.check_self_consistency][INFO] - implied_continuation: 0
[2023-06-09 13:13:46,802][src.evals.check_self_consistency][INFO] - continuation: 1
[2023-06-09 13:13:46,802][src.evals.sequence_completion_with_base_change][INFO] - Total: 2
[2023-06-09 13:13:46,803][src.evals.sequence_completion_with_base_change][INFO] - Sequence: 1,2,3,5
[2023-06-09 13:13:46,804][src.evals.prompts.explanation_prompt][INFO] - [{'role': 'system', 'content': '\nHere are some examples of sequence explanations, i.e. python functions\nwhich generated the preceding sequences base 10. Assume the first number was generated by f(0),\nthe second by f(1), the third by f(2), and so on.\n'}, {'role': 'user', 'content': '6,12,18,24'}, {'role': 'assistant', 'content': 'Explanation: lambda x: (6 * (x + 1)) + 0'}, {'role': 'user', 'content': '0,1,2,3'}, {'role': 'assistant', 'content': 'Explanation: lambda x: ((x + 0) * 5) % (3+1)'}, {'role': 'user', 'content': '0,0,0,0'}, {'role': 'assistant', 'content': 'Explanation: lambda x: 0 ** (4 * (x + 4))'}, {'role': 'user', 'content': '0,0,0,0'}, {'role': 'assistant', 'content': 'Explanation: lambda x: ((x + 4) * 4) % (1+1)'}, {'role': 'user', 'content': 'What is the most likely function which generated the following sequence?\nAssume the first number was generated by f(0), the second by f(1), the third by f(2), and so on.\nThe function should output the number in the same representation as the sequence.\nGive the response in the format:\nExplanation: <function>\n\nThe sequence is in base 10.\nQ: 1,2,3,5'}]
[2023-06-09 13:13:46,804][src.evals.check_self_consistency][INFO] - Generating a continuation and explanation
[2023-06-09 13:13:47,052][src.evals.check_self_consistency][INFO] - continuation: 8
[2023-06-09 13:13:48,042][src.evals.check_self_consistency][INFO] - explanation: Explanation: lambda x: int(x * (x + 1) / 2) + 1 if x < 3 else int(x * (x + 1) / 2) + 2
[2023-06-09 13:13:48,043][src.evals.check_self_consistency][INFO] - implied_sequence: [1, 2, 4, 8]
[2023-06-09 13:13:48,043][src.evals.check_self_consistency][INFO] - sequence: [1, 2, 3, 5]
[2023-06-09 13:13:48,044][src.evals.check_self_consistency][INFO] - implied_continuation: 12
[2023-06-09 13:13:48,044][src.evals.check_self_consistency][INFO] - continuation: 8
[2023-06-09 13:13:48,044][src.evals.sequence_completion_with_base_change][INFO] - Total: 3
[2023-06-09 13:13:48,044][src.evals.sequence_completion_with_base_change][INFO] - Sequence: 2,3,5,6
[2023-06-09 13:13:48,046][src.evals.prompts.explanation_prompt][INFO] - [{'role': 'system', 'content': '\nHere are some examples of sequence explanations, i.e. python functions\nwhich generated the preceding sequences base 10. Assume the first number was generated by f(0),\nthe second by f(1), the third by f(2), and so on.\n'}, {'role': 'user', 'content': '0,0,0,0'}, {'role': 'assistant', 'content': 'Explanation: lambda x: (0 * (x + 0)) * 1'}, {'role': 'user', 'content': '4,5,6,7'}, {'role': 'assistant', 'content': 'Explanation: lambda x: [i for i in range(100) if i % (1 + 1) or i % (6 + 1)][(x + 3)]'}, {'role': 'user', 'content': '0,1,32,243'}, {'role': 'assistant', 'content': 'Explanation: lambda x: (1 * (x + 0)) ** 5'}, {'role': 'user', 'content': '4,2,0,4'}, {'role': 'assistant', 'content': 'Explanation: lambda x: ((x + 1) * 4) % (5+1)'}, {'role': 'user', 'content': 'What is the most likely function which generated the following sequence?\nAssume the first number was generated by f(0), the second by f(1), the third by f(2), and so on.\nThe function should output the number in the same representation as the sequence.\nGive the response in the format:\nExplanation: <function>\n\nThe sequence is in base 10.\nQ: 2,3,5,6'}]
[2023-06-09 13:13:48,047][src.evals.check_self_consistency][INFO] - Generating a continuation and explanation
[2023-06-09 13:13:48,319][src.evals.check_self_consistency][INFO] - continuation: 7
[2023-06-09 13:13:48,925][src.evals.check_self_consistency][INFO] - explanation: Explanation: lambda x: x + 2
[2023-06-09 13:13:48,926][src.evals.check_self_consistency][INFO] - implied_sequence: [2, 3, 4, 5]
[2023-06-09 13:13:48,926][src.evals.check_self_consistency][INFO] - sequence: [2, 3, 5, 6]
[2023-06-09 13:13:48,926][src.evals.check_self_consistency][INFO] - implied_continuation: 6
[2023-06-09 13:13:48,926][src.evals.check_self_consistency][INFO] - continuation: 7
[2023-06-09 13:13:48,927][src.evals.sequence_completion_with_base_change][INFO] - Total: 4
[2023-06-09 13:13:48,927][src.evals.sequence_completion_with_base_change][INFO] - Sequence: 3,5,6,7
[2023-06-09 13:13:48,929][src.evals.prompts.explanation_prompt][INFO] - [{'role': 'system', 'content': '\nHere are some examples of sequence explanations, i.e. python functions\nwhich generated the preceding sequences base 10. Assume the first number was generated by f(0),\nthe second by f(1), the third by f(2), and so on.\n'}, {'role': 'user', 'content': '6,7,8,9'}, {'role': 'assistant', 'content': 'Explanation: lambda x: [i for i in range(100) if i % (3 + 1) or i % (6 + 1)][(x + 5)]'}, {'role': 'user', 'content': '0,0,0,0'}, {'role': 'assistant', 'content': 'Explanation: lambda x: 0 ** (6 * (x + 2))'}, {'role': 'user', 'content': '32,38,44,50'}, {'role': 'assistant', 'content': 'Explanation: lambda x: (6 * (x + 5)) + 2'}, {'role': 'user', 'content': '0,0,0,0'}, {'role': 'assistant', 'content': 'Explanation: lambda x: (0 * (x + 1)) ** 3'}, {'role': 'user', 'content': 'What is the most likely function which generated the following sequence?\nAssume the first number was generated by f(0), the second by f(1), the third by f(2), and so on.\nThe function should output the number in the same representation as the sequence.\nGive the response in the format:\nExplanation: <function>\n\nThe sequence is in base 10.\nQ: 3,5,6,7'}]
[2023-06-09 13:13:48,929][src.evals.check_self_consistency][INFO] - Generating a continuation and explanation
[2023-06-09 13:13:49,190][src.evals.check_self_consistency][INFO] - continuation: 8
[2023-06-09 13:13:49,860][src.evals.check_self_consistency][INFO] - explanation: Explanation: lambda x: x + 3
[2023-06-09 13:13:49,861][src.evals.check_self_consistency][INFO] - implied_sequence: [3, 4, 5, 6]
[2023-06-09 13:13:49,862][src.evals.check_self_consistency][INFO] - sequence: [3, 5, 6, 7]
[2023-06-09 13:13:49,862][src.evals.check_self_consistency][INFO] - implied_continuation: 7
[2023-06-09 13:13:49,862][src.evals.check_self_consistency][INFO] - continuation: 8
[2023-06-09 13:13:49,862][src.evals.sequence_completion_with_base_change][INFO] - Total: 5
[2023-06-09 13:13:49,862][src.evals.sequence_completion_with_base_change][INFO] - Sequence: 5,6,7,9
[2023-06-09 13:13:49,864][src.evals.prompts.explanation_prompt][INFO] - [{'role': 'system', 'content': '\nHere are some examples of sequence explanations, i.e. python functions\nwhich generated the preceding sequences base 10. Assume the first number was generated by f(0),\nthe second by f(1), the third by f(2), and so on.\n'}, {'role': 'user', 'content': '0,0,0,0'}, {'role': 'assistant', 'content': 'Explanation: lambda x: ((x + 1) * 3) % (0+1)'}, {'role': 'user', 'content': '2,3,4,5'}, {'role': 'assistant', 'content': 'Explanation: lambda x: [i for i in range(100) if i % (2 + 1) or i % (6 + 1)][(x + 1)]'}, {'role': 'user', 'content': '2985984,16777216,64000000,191102976'}, {'role': 'assistant', 'content': 'Explanation: lambda x: (4 * (x + 3)) ** 6'}, {'role': 'user', 'content': '68719476736,281474976710656,1152921504606846976,4722366482869645213696'}, {'role': 'assistant', 'content': 'Explanation: lambda x: 4 ** (6 * (x + 3))'}, {'role': 'user', 'content': 'What is the most likely function which generated the following sequence?\nAssume the first number was generated by f(0), the second by f(1), the third by f(2), and so on.\nThe function should output the number in the same representation as the sequence.\nGive the response in the format:\nExplanation: <function>\n\nThe sequence is in base 10.\nQ: 5,6,7,9'}]
[2023-06-09 13:13:49,865][src.evals.check_self_consistency][INFO] - Generating a continuation and explanation
[2023-06-09 13:13:50,267][src.evals.check_self_consistency][INFO] - continuation: The most likely continuation of the sequence is 12.
[2023-06-09 13:13:50,278][src.evals.sequence_completion_with_base_change][INFO] - Total: 6
[2023-06-09 13:13:50,278][src.evals.sequence_completion_with_base_change][INFO] - Sequence: 1,3,5,7
[2023-06-09 13:13:50,279][src.evals.prompts.explanation_prompt][INFO] - [{'role': 'system', 'content': '\nHere are some examples of sequence explanations, i.e. python functions\nwhich generated the preceding sequences base 10. Assume the first number was generated by f(0),\nthe second by f(1), the third by f(2), and so on.\n'}, {'role': 'user', 'content': '30,35,40,45'}, {'role': 'assistant', 'content': 'Explanation: lambda x: (5 * (x + 6)) ** 1'}, {'role': 'user', 'content': '15,18,23,26'}, {'role': 'assistant', 'content': 'Explanation: lambda x: (3 * (x + 5)) | 2'}, {'role': 'user', 'content': '46656,2176782336,101559956668416,4738381338321616896'}, {'role': 'assistant', 'content': 'Explanation: lambda x: 6 ** (6 * (x + 1))'}, {'role': 'user', 'content': '0,0,0,0'}, {'role': 'assistant', 'content': 'Explanation: lambda x: (1 * (x + 3)) * 0'}, {'role': 'user', 'content': 'What is the most likely function which generated the following sequence?\nAssume the first number was generated by f(0), the second by f(1), the third by f(2), and so on.\nThe function should output the number in the same representation as the sequence.\nGive the response in the format:\nExplanation: <function>\n\nThe sequence is in base 10.\nQ: 1,3,5,7'}]
[2023-06-09 13:13:50,279][src.evals.check_self_consistency][INFO] - Generating a continuation and explanation
[2023-06-09 13:13:50,574][src.evals.check_self_consistency][INFO] - continuation: 9
[2023-06-09 13:13:51,030][src.evals.check_self_consistency][INFO] - explanation: Explanation: lambda x: 2 * x + 1
[2023-06-09 13:13:51,031][src.evals.check_self_consistency][INFO] - implied_sequence: [1, 3, 5, 7]
[2023-06-09 13:13:51,031][src.evals.check_self_consistency][INFO] - sequence: [1, 3, 5, 7]
[2023-06-09 13:13:51,031][src.evals.check_self_consistency][INFO] - implied_continuation: 9
[2023-06-09 13:13:51,031][src.evals.check_self_consistency][INFO] - continuation: 9
[2023-06-09 13:13:51,032][src.evals.sequence_completion_with_base_change][INFO] - Total: 7
[2023-06-09 13:13:51,032][src.evals.sequence_completion_with_base_change][INFO] - Sequence: 3,5,7,9
[2023-06-09 13:13:51,034][src.evals.prompts.explanation_prompt][INFO] - [{'role': 'system', 'content': '\nHere are some examples of sequence explanations, i.e. python functions\nwhich generated the preceding sequences base 10. Assume the first number was generated by f(0),\nthe second by f(1), the third by f(2), and so on.\n'}, {'role': 'user', 'content': '81,243,729,2187'}, {'role': 'assistant', 'content': 'Explanation: lambda x: 3 ** (1 * (x + 4))'}, {'role': 'user', 'content': '6,7,8,9'}, {'role': 'assistant', 'content': 'Explanation: lambda x: (1 * (x + 6)) * 1'}, {'role': 'user', 'content': '1,1,1,1'}, {'role': 'assistant', 'content': 'Explanation: lambda x: 1 ** (5 * (x + 5))'}, {'role': 'user', 'content': '24,30,36,42'}, {'role': 'assistant', 'content': 'Explanation: lambda x: (6 * (x + 4)) | 0'}, {'role': 'user', 'content': 'What is the most likely function which generated the following sequence?\nAssume the first number was generated by f(0), the second by f(1), the third by f(2), and so on.\nThe function should output the number in the same representation as the sequence.\nGive the response in the format:\nExplanation: <function>\n\nThe sequence is in base 10.\nQ: 3,5,7,9'}]
[2023-06-09 13:13:51,034][src.evals.check_self_consistency][INFO] - Generating a continuation and explanation
[2023-06-09 13:13:51,410][src.evals.check_self_consistency][INFO] - continuation: 11
[2023-06-09 13:13:51,841][src.evals.check_self_consistency][INFO] - explanation: Explanation: lambda x: (2 * x) + 3
[2023-06-09 13:13:51,842][src.evals.check_self_consistency][INFO] - implied_sequence: [3, 5, 7, 9]
[2023-06-09 13:13:51,842][src.evals.check_self_consistency][INFO] - sequence: [3, 5, 7, 9]
[2023-06-09 13:13:51,842][src.evals.check_self_consistency][INFO] - implied_continuation: 11
[2023-06-09 13:13:51,842][src.evals.check_self_consistency][INFO] - continuation: 11
[2023-06-09 13:13:51,843][src.evals.sequence_completion_with_base_change][INFO] - Total: 8
[2023-06-09 13:13:51,843][src.evals.sequence_completion_with_base_change][INFO] - Sequence: 5,7,9,11
[2023-06-09 13:13:51,845][src.evals.prompts.explanation_prompt][INFO] - [{'role': 'system', 'content': '\nHere are some examples of sequence explanations, i.e. python functions\nwhich generated the preceding sequences base 10. Assume the first number was generated by f(0),\nthe second by f(1), the third by f(2), and so on.\n'}, {'role': 'user', 'content': '3,4,5,7'}, {'role': 'assistant', 'content': 'Explanation: lambda x: [i for i in range(100) if i % (5 + 1) or i % (1 + 1)][(x + 2)]'}, {'role': 'user', 'content': '2,0,1,2'}, {'role': 'assistant', 'content': 'Explanation: lambda x: ((x + 5) * 4) % (2+1)'}, {'role': 'user', 'content': '4,5,6,7'}, {'role': 'assistant', 'content': 'Explanation: lambda x: (1 * (x + 1)) + 3'}, {'role': 'user', 'content': '900,1225,1600,2025'}, {'role': 'assistant', 'content': 'Explanation: lambda x: (5 * (x + 6)) ** 2'}, {'role': 'user', 'content': 'What is the most likely function which generated the following sequence?\nAssume the first number was generated by f(0), the second by f(1), the third by f(2), and so on.\nThe function should output the number in the same representation as the sequence.\nGive the response in the format:\nExplanation: <function>\n\nThe sequence is in base 10.\nQ: 5,7,9,11'}]
[2023-06-09 13:13:51,845][src.evals.check_self_consistency][INFO] - Generating a continuation and explanation
