[2023-05-17 12:37:01,005][src.utils][INFO] - Git sha: cb572d459e45d11a84e5cdc86b6603901f676290
[2023-05-17 12:37:01,013][src.utils][INFO] - Changed files: ['main.py', 'src/evals/sequence_completion_with_base_change.py']
[2023-05-17 12:37:01,019][src.utils][INFO] - Git diff:
diff --git a/main.py b/main.py
index 083b705..a363731 100644
--- a/main.py
+++ b/main.py
@@ -8,7 +8,7 @@ from src.evals.sequence_completion_with_base_change import (
     evaluate_compute_dependence_with_base_changes,
 )
 from src.evals.string_transformation import evaluate_string_transformation_equality
-from utils import log_exceptions
+from src.utils import log_exceptions

 logger = logging.getLogger(__name__)

diff --git a/src/evals/sequence_completion_with_base_change.py b/src/evals/sequence_completion_with_base_change.py
index f184d91..dd8d585 100644
--- a/src/evals/sequence_completion_with_base_change.py
+++ b/src/evals/sequence_completion_with_base_change.py
@@ -89,10 +89,10 @@ def evaluate_compute_dependence_with_base_changes(
         json.dump(results, f)

     # Save command line arguments
-    args_path = os.path.join(results_dir, "args.json")
-    args_dict = vars(args)
-    args_dict["sequence_functions"] = all_sequence_functions
-    with open(args_path, "w") as f:
-        json.dump(args_dict, f)
+    # args_path = os.path.join(results_dir, "args.json")
+    # args_dict = vars(args)
+    # args_dict["sequence_functions"] = all_sequence_functions
+    # with open(args_path, "w") as f:
+    #     json.dump(args_dict, f)

     print(f"Results saved to {results_path}")
