[2023-06-16 11:37:34,029][src.utils][INFO] - Git sha: fd00080573515df25dbb78c9917dadba5fd71568
[2023-06-16 11:37:36,119][src.evals.sequence_completion_with_base_change][INFO] - Total: 0
[2023-06-16 11:37:36,119][src.evals.sequence_completion_with_base_change][INFO] - Sequence: 2,6,10,14
[2023-06-16 11:37:36,119][src.evals.sequence_completion_with_base_change][WARNING] - Error in self consistency evaluation.
[2023-06-16 11:37:36,120][src.evals.sequence_completion_with_base_change][WARNING] - self_consistency_evaluation() got an unexpected keyword argument 'seed'
[2023-06-16 11:37:36,120][src.evals.sequence_completion_with_base_change][WARNING] - Error in self consistency evaluation.
[2023-06-16 11:37:36,120][src.evals.sequence_completion_with_base_change][WARNING] - self_consistency_evaluation() got an unexpected keyword argument 'seed'
[2023-06-16 11:37:36,120][src.evals.sequence_completion_with_base_change][INFO] - Total: 0
[2023-06-16 11:37:36,120][src.evals.sequence_completion_with_base_change][INFO] - Sequence: 6,10,14,18
[2023-06-16 11:37:36,120][src.evals.sequence_completion_with_base_change][WARNING] - Error in self consistency evaluation.
[2023-06-16 11:37:36,120][src.evals.sequence_completion_with_base_change][WARNING] - self_consistency_evaluation() got an unexpected keyword argument 'seed'
[2023-06-16 11:37:36,120][src.evals.sequence_completion_with_base_change][WARNING] - Error in self consistency evaluation.
[2023-06-16 11:37:36,120][src.evals.sequence_completion_with_base_change][WARNING] - self_consistency_evaluation() got an unexpected keyword argument 'seed'
[2023-06-16 11:37:36,120][src.evals.sequence_completion_with_base_change][INFO] - Total: 0
[2023-06-16 11:37:36,120][src.evals.sequence_completion_with_base_change][INFO] - Sequence: 10,14,18,22
[2023-06-16 11:37:36,120][src.evals.sequence_completion_with_base_change][WARNING] - Error in self consistency evaluation.
[2023-06-16 11:37:36,120][src.evals.sequence_completion_with_base_change][WARNING] - self_consistency_evaluation() got an unexpected keyword argument 'seed'
[2023-06-16 11:37:36,120][src.evals.sequence_completion_with_base_change][WARNING] - Error in self consistency evaluation.
[2023-06-16 11:37:36,120][src.evals.sequence_completion_with_base_change][WARNING] - self_consistency_evaluation() got an unexpected keyword argument 'seed'
[2023-06-16 11:37:36,120][src.evals.sequence_completion_with_base_change][INFO] - Total: 0
[2023-06-16 11:37:36,120][src.evals.sequence_completion_with_base_change][INFO] - Sequence: 14,18,22,26
[2023-06-16 11:37:36,120][src.evals.sequence_completion_with_base_change][WARNING] - Error in self consistency evaluation.
[2023-06-16 11:37:36,120][src.evals.sequence_completion_with_base_change][WARNING] - self_consistency_evaluation() got an unexpected keyword argument 'seed'
[2023-06-16 11:37:36,120][src.evals.sequence_completion_with_base_change][WARNING] - Error in self consistency evaluation.
[2023-06-16 11:37:36,120][src.evals.sequence_completion_with_base_change][WARNING] - self_consistency_evaluation() got an unexpected keyword argument 'seed'
[2023-06-16 11:37:36,120][src.evals.sequence_completion_with_base_change][INFO] - Total: 0
[2023-06-16 11:37:36,120][src.evals.sequence_completion_with_base_change][INFO] - Sequence: 1,2,3,4
[2023-06-16 11:37:36,120][src.evals.sequence_completion_with_base_change][WARNING] - Error in self consistency evaluation.
[2023-06-16 11:37:36,120][src.evals.sequence_completion_with_base_change][WARNING] - self_consistency_evaluation() got an unexpected keyword argument 'seed'
[2023-06-16 11:37:36,120][src.evals.sequence_completion_with_base_change][WARNING] - Error in self consistency evaluation.
[2023-06-16 11:37:36,120][src.evals.sequence_completion_with_base_change][WARNING] - self_consistency_evaluation() got an unexpected keyword argument 'seed'
[2023-06-16 11:37:36,120][src.evals.sequence_completion_with_base_change][INFO] - Total: 0
[2023-06-16 11:37:36,120][src.evals.sequence_completion_with_base_change][INFO] - Sequence: 2,3,4,5
[2023-06-16 11:37:36,120][src.evals.sequence_completion_with_base_change][WARNING] - Error in self consistency evaluation.
[2023-06-16 11:37:36,120][src.evals.sequence_completion_with_base_change][WARNING] - self_consistency_evaluation() got an unexpected keyword argument 'seed'
[2023-06-16 11:37:36,120][src.evals.sequence_completion_with_base_change][WARNING] - Error in self consistency evaluation.
[2023-06-16 11:37:36,120][src.evals.sequence_completion_with_base_change][WARNING] - self_consistency_evaluation() got an unexpected keyword argument 'seed'
[2023-06-16 11:37:36,120][src.evals.sequence_completion_with_base_change][INFO] - Total: 0
[2023-06-16 11:37:36,120][src.evals.sequence_completion_with_base_change][INFO] - Sequence: 3,4,5,6
[2023-06-16 11:37:36,120][src.evals.sequence_completion_with_base_change][WARNING] - Error in self consistency evaluation.
[2023-06-16 11:37:36,120][src.evals.sequence_completion_with_base_change][WARNING] - self_consistency_evaluation() got an unexpected keyword argument 'seed'
[2023-06-16 11:37:36,120][src.evals.sequence_completion_with_base_change][WARNING] - Error in self consistency evaluation.
[2023-06-16 11:37:36,120][src.evals.sequence_completion_with_base_change][WARNING] - self_consistency_evaluation() got an unexpected keyword argument 'seed'
[2023-06-16 11:37:36,120][src.evals.sequence_completion_with_base_change][INFO] - Total: 0
[2023-06-16 11:37:36,120][src.evals.sequence_completion_with_base_change][INFO] - Sequence: 4,5,6,7
[2023-06-16 11:37:36,121][src.evals.sequence_completion_with_base_change][WARNING] - Error in self consistency evaluation.
[2023-06-16 11:37:36,121][src.evals.sequence_completion_with_base_change][WARNING] - self_consistency_evaluation() got an unexpected keyword argument 'seed'
[2023-06-16 11:37:36,121][src.evals.sequence_completion_with_base_change][WARNING] - Error in self consistency evaluation.
[2023-06-16 11:37:36,121][src.evals.sequence_completion_with_base_change][WARNING] - self_consistency_evaluation() got an unexpected keyword argument 'seed'
[2023-06-16 11:37:36,121][src.evals.sequence_completion_with_base_change][INFO] - Total: 0
[2023-06-16 11:37:36,121][src.evals.sequence_completion_with_base_change][INFO] - Sequence: 0,6,12,18
[2023-06-16 11:37:36,121][src.evals.sequence_completion_with_base_change][WARNING] - Error in self consistency evaluation.
[2023-06-16 11:37:36,121][src.evals.sequence_completion_with_base_change][WARNING] - self_consistency_evaluation() got an unexpected keyword argument 'seed'
[2023-06-16 11:37:36,121][src.evals.sequence_completion_with_base_change][WARNING] - Error in self consistency evaluation.
[2023-06-16 11:37:36,121][src.evals.sequence_completion_with_base_change][WARNING] - self_consistency_evaluation() got an unexpected keyword argument 'seed'
[2023-06-16 11:37:36,121][src.evals.sequence_completion_with_base_change][INFO] - Total: 0
[2023-06-16 11:37:36,121][src.evals.sequence_completion_with_base_change][INFO] - Sequence: 6,12,18,24
[2023-06-16 11:37:36,121][src.evals.sequence_completion_with_base_change][WARNING] - Error in self consistency evaluation.
[2023-06-16 11:37:36,121][src.evals.sequence_completion_with_base_change][WARNING] - self_consistency_evaluation() got an unexpected keyword argument 'seed'
[2023-06-16 11:37:36,121][src.evals.sequence_completion_with_base_change][WARNING] - Error in self consistency evaluation.
[2023-06-16 11:37:36,121][src.evals.sequence_completion_with_base_change][WARNING] - self_consistency_evaluation() got an unexpected keyword argument 'seed'
[2023-06-16 11:37:36,121][src.evals.sequence_completion_with_base_change][INFO] - Total: 0
[2023-06-16 11:37:36,121][src.evals.sequence_completion_with_base_change][INFO] - Sequence: 12,18,24,30
[2023-06-16 11:37:36,121][src.evals.sequence_completion_with_base_change][WARNING] - Error in self consistency evaluation.
[2023-06-16 11:37:36,121][src.evals.sequence_completion_with_base_change][WARNING] - self_consistency_evaluation() got an unexpected keyword argument 'seed'
[2023-06-16 11:37:36,121][src.evals.sequence_completion_with_base_change][WARNING] - Error in self consistency evaluation.
[2023-06-16 11:37:36,121][src.evals.sequence_completion_with_base_change][WARNING] - self_consistency_evaluation() got an unexpected keyword argument 'seed'
[2023-06-16 11:37:36,121][src.evals.sequence_completion_with_base_change][INFO] - Total: 0
[2023-06-16 11:37:36,121][src.evals.sequence_completion_with_base_change][INFO] - Sequence: 18,24,30,36
[2023-06-16 11:37:36,121][src.evals.sequence_completion_with_base_change][WARNING] - Error in self consistency evaluation.
[2023-06-16 11:37:36,121][src.evals.sequence_completion_with_base_change][WARNING] - self_consistency_evaluation() got an unexpected keyword argument 'seed'
[2023-06-16 11:37:36,121][src.evals.sequence_completion_with_base_change][WARNING] - Error in self consistency evaluation.
[2023-06-16 11:37:36,121][src.evals.sequence_completion_with_base_change][WARNING] - self_consistency_evaluation() got an unexpected keyword argument 'seed'
[2023-06-16 11:37:36,121][src.evals.sequence_completion_with_base_change][INFO] - Total: 0
[2023-06-16 11:37:36,121][src.evals.sequence_completion_with_base_change][INFO] - Sequence: 1,4,16,64
[2023-06-16 11:37:36,121][src.evals.sequence_completion_with_base_change][WARNING] - Error in self consistency evaluation.
[2023-06-16 11:37:36,121][src.evals.sequence_completion_with_base_change][WARNING] - self_consistency_evaluation() got an unexpected keyword argument 'seed'
[2023-06-16 11:37:36,121][src.evals.sequence_completion_with_base_change][WARNING] - Error in self consistency evaluation.
[2023-06-16 11:37:36,121][src.evals.sequence_completion_with_base_change][WARNING] - self_consistency_evaluation() got an unexpected keyword argument 'seed'
[2023-06-16 11:37:36,121][src.evals.sequence_completion_with_base_change][INFO] - Total: 0
[2023-06-16 11:37:36,121][src.evals.sequence_completion_with_base_change][INFO] - Sequence: 4,16,64,256
[2023-06-16 11:37:36,121][src.evals.sequence_completion_with_base_change][WARNING] - Error in self consistency evaluation.
[2023-06-16 11:37:36,121][src.evals.sequence_completion_with_base_change][WARNING] - self_consistency_evaluation() got an unexpected keyword argument 'seed'
[2023-06-16 11:37:36,121][src.evals.sequence_completion_with_base_change][WARNING] - Error in self consistency evaluation.
[2023-06-16 11:37:36,122][src.evals.sequence_completion_with_base_change][WARNING] - self_consistency_evaluation() got an unexpected keyword argument 'seed'
[2023-06-16 11:37:36,122][src.evals.sequence_completion_with_base_change][INFO] - Total: 0
[2023-06-16 11:37:36,122][src.evals.sequence_completion_with_base_change][INFO] - Sequence: 16,64,256,1024
[2023-06-16 11:37:36,122][src.evals.sequence_completion_with_base_change][WARNING] - Error in self consistency evaluation.
[2023-06-16 11:37:36,122][src.evals.sequence_completion_with_base_change][WARNING] - self_consistency_evaluation() got an unexpected keyword argument 'seed'
[2023-06-16 11:37:36,122][src.evals.sequence_completion_with_base_change][WARNING] - Error in self consistency evaluation.
[2023-06-16 11:37:36,122][src.evals.sequence_completion_with_base_change][WARNING] - self_consistency_evaluation() got an unexpected keyword argument 'seed'
[2023-06-16 11:37:36,122][src.evals.sequence_completion_with_base_change][INFO] - Total: 0
[2023-06-16 11:37:36,122][src.evals.sequence_completion_with_base_change][INFO] - Sequence: 64,256,1024,4096
[2023-06-16 11:37:36,122][src.evals.sequence_completion_with_base_change][WARNING] - Error in self consistency evaluation.
[2023-06-16 11:37:36,122][src.evals.sequence_completion_with_base_change][WARNING] - self_consistency_evaluation() got an unexpected keyword argument 'seed'
[2023-06-16 11:37:36,122][src.evals.sequence_completion_with_base_change][WARNING] - Error in self consistency evaluation.
[2023-06-16 11:37:36,122][src.evals.sequence_completion_with_base_change][WARNING] - self_consistency_evaluation() got an unexpected keyword argument 'seed'
[2023-06-16 11:37:36,122][src.evals.sequence_completion_with_base_change][INFO] - Total: 0
[2023-06-16 11:37:36,122][src.evals.sequence_completion_with_base_change][INFO] - Sequence: 4,5,7,8
[2023-06-16 11:37:36,122][src.evals.sequence_completion_with_base_change][WARNING] - Error in self consistency evaluation.
[2023-06-16 11:37:36,122][src.evals.sequence_completion_with_base_change][WARNING] - self_consistency_evaluation() got an unexpected keyword argument 'seed'
[2023-06-16 11:37:36,122][src.evals.sequence_completion_with_base_change][WARNING] - Error in self consistency evaluation.
[2023-06-16 11:37:36,122][src.evals.sequence_completion_with_base_change][WARNING] - self_consistency_evaluation() got an unexpected keyword argument 'seed'
[2023-06-16 11:37:36,122][src.evals.sequence_completion_with_base_change][INFO] - Total: 0
[2023-06-16 11:37:36,122][src.evals.sequence_completion_with_base_change][INFO] - Sequence: 3,4,5,7
[2023-06-16 11:37:36,122][src.evals.sequence_completion_with_base_change][WARNING] - Error in self consistency evaluation.
[2023-06-16 11:37:36,122][src.evals.sequence_completion_with_base_change][WARNING] - self_consistency_evaluation() got an unexpected keyword argument 'seed'
[2023-06-16 11:37:36,122][src.evals.sequence_completion_with_base_change][WARNING] - Error in self consistency evaluation.
[2023-06-16 11:37:36,122][src.evals.sequence_completion_with_base_change][WARNING] - self_consistency_evaluation() got an unexpected keyword argument 'seed'
[2023-06-16 11:37:36,122][src.evals.sequence_completion_with_base_change][INFO] - Total: 0
[2023-06-16 11:37:36,122][src.evals.sequence_completion_with_base_change][INFO] - Sequence: 3,3,7,7
[2023-06-16 11:37:36,122][src.evals.sequence_completion_with_base_change][WARNING] - Error in self consistency evaluation.
[2023-06-16 11:37:36,122][src.evals.sequence_completion_with_base_change][WARNING] - self_consistency_evaluation() got an unexpected keyword argument 'seed'
[2023-06-16 11:37:36,122][src.evals.sequence_completion_with_base_change][WARNING] - Error in self consistency evaluation.
[2023-06-16 11:37:36,122][src.evals.sequence_completion_with_base_change][WARNING] - self_consistency_evaluation() got an unexpected keyword argument 'seed'
[2023-06-16 11:37:36,122][src.evals.sequence_completion_with_base_change][INFO] - Total: 0
[2023-06-16 11:37:36,122][src.evals.sequence_completion_with_base_change][INFO] - Sequence: 1,5,9,13
[2023-06-16 11:37:36,122][src.evals.sequence_completion_with_base_change][WARNING] - Error in self consistency evaluation.
[2023-06-16 11:37:36,122][src.evals.sequence_completion_with_base_change][WARNING] - self_consistency_evaluation() got an unexpected keyword argument 'seed'
[2023-06-16 11:37:36,122][src.evals.sequence_completion_with_base_change][WARNING] - Error in self consistency evaluation.
[2023-06-16 11:37:36,122][src.evals.sequence_completion_with_base_change][WARNING] - self_consistency_evaluation() got an unexpected keyword argument 'seed'
[2023-06-16 11:37:36,123][src.evals.sequence_completion_with_base_change][INFO] - Total: 0
[2023-06-16 11:37:36,123][src.evals.sequence_completion_with_base_change][INFO] - Sequence: 5,9,13,17
[2023-06-16 11:37:36,123][src.evals.sequence_completion_with_base_change][WARNING] - Error in self consistency evaluation.
[2023-06-16 11:37:36,123][src.evals.sequence_completion_with_base_change][WARNING] - self_consistency_evaluation() got an unexpected keyword argument 'seed'
[2023-06-16 11:37:36,123][src.evals.sequence_completion_with_base_change][WARNING] - Error in self consistency evaluation.
[2023-06-16 11:37:36,123][src.evals.sequence_completion_with_base_change][WARNING] - self_consistency_evaluation() got an unexpected keyword argument 'seed'
[2023-06-16 11:37:36,123][src.evals.sequence_completion_with_base_change][INFO] - Total: 0
[2023-06-16 11:37:36,123][src.evals.sequence_completion_with_base_change][INFO] - Sequence: 9,13,17,21
[2023-06-16 11:37:36,123][src.evals.sequence_completion_with_base_change][WARNING] - Error in self consistency evaluation.
[2023-06-16 11:37:36,123][src.evals.sequence_completion_with_base_change][WARNING] - self_consistency_evaluation() got an unexpected keyword argument 'seed'
[2023-06-16 11:37:36,123][src.evals.sequence_completion_with_base_change][WARNING] - Error in self consistency evaluation.
[2023-06-16 11:37:36,123][src.evals.sequence_completion_with_base_change][WARNING] - self_consistency_evaluation() got an unexpected keyword argument 'seed'
[2023-06-16 11:37:36,123][src.evals.sequence_completion_with_base_change][INFO] - Total: 0
[2023-06-16 11:37:36,123][src.evals.sequence_completion_with_base_change][INFO] - Sequence: 13,17,21,25
[2023-06-16 11:37:36,123][src.evals.sequence_completion_with_base_change][WARNING] - Error in self consistency evaluation.
[2023-06-16 11:37:36,123][src.evals.sequence_completion_with_base_change][WARNING] - self_consistency_evaluation() got an unexpected keyword argument 'seed'
[2023-06-16 11:37:36,123][src.evals.sequence_completion_with_base_change][WARNING] - Error in self consistency evaluation.
[2023-06-16 11:37:36,123][src.evals.sequence_completion_with_base_change][WARNING] - self_consistency_evaluation() got an unexpected keyword argument 'seed'
[2023-06-16 11:37:36,123][src.evals.sequence_completion_with_base_change][INFO] - Total: 0
[2023-06-16 11:37:36,123][src.evals.sequence_completion_with_base_change][INFO] - Sequence: 2,4,6,8
[2023-06-16 11:37:36,123][src.evals.sequence_completion_with_base_change][WARNING] - Error in self consistency evaluation.
[2023-06-16 11:37:36,123][src.evals.sequence_completion_with_base_change][WARNING] - self_consistency_evaluation() got an unexpected keyword argument 'seed'
[2023-06-16 11:37:36,123][src.evals.sequence_completion_with_base_change][WARNING] - Error in self consistency evaluation.
[2023-06-16 11:37:36,123][src.evals.sequence_completion_with_base_change][WARNING] - self_consistency_evaluation() got an unexpected keyword argument 'seed'
[2023-06-16 11:37:36,123][src.evals.sequence_completion_with_base_change][INFO] - Total: 0
[2023-06-16 11:37:36,123][src.evals.sequence_completion_with_base_change][INFO] - Sequence: 4,6,8,10
[2023-06-16 11:37:36,123][src.evals.sequence_completion_with_base_change][WARNING] - Error in self consistency evaluation.
[2023-06-16 11:37:36,123][src.evals.sequence_completion_with_base_change][WARNING] - self_consistency_evaluation() got an unexpected keyword argument 'seed'
[2023-06-16 11:37:36,123][src.evals.sequence_completion_with_base_change][WARNING] - Error in self consistency evaluation.
[2023-06-16 11:37:36,123][src.evals.sequence_completion_with_base_change][WARNING] - self_consistency_evaluation() got an unexpected keyword argument 'seed'
[2023-06-16 11:37:36,123][src.evals.sequence_completion_with_base_change][INFO] - Total: 0
[2023-06-16 11:37:36,124][src.evals.sequence_completion_with_base_change][INFO] - Sequence: 6,8,10,12
[2023-06-16 11:37:36,124][src.evals.sequence_completion_with_base_change][WARNING] - Error in self consistency evaluation.
[2023-06-16 11:37:36,124][src.evals.sequence_completion_with_base_change][WARNING] - self_consistency_evaluation() got an unexpected keyword argument 'seed'
[2023-06-16 11:37:36,124][src.evals.sequence_completion_with_base_change][WARNING] - Error in self consistency evaluation.
[2023-06-16 11:37:36,124][src.evals.sequence_completion_with_base_change][WARNING] - self_consistency_evaluation() got an unexpected keyword argument 'seed'
[2023-06-16 11:37:36,124][src.evals.sequence_completion_with_base_change][INFO] - Total: 0
[2023-06-16 11:37:36,124][src.evals.sequence_completion_with_base_change][INFO] - Sequence: 0,1,2,3
[2023-06-16 11:37:36,124][src.evals.sequence_completion_with_base_change][WARNING] - Error in self consistency evaluation.
[2023-06-16 11:37:36,124][src.evals.sequence_completion_with_base_change][WARNING] - self_consistency_evaluation() got an unexpected keyword argument 'seed'
[2023-06-16 11:37:36,124][src.evals.sequence_completion_with_base_change][WARNING] - Error in self consistency evaluation.
[2023-06-16 11:37:36,124][src.evals.sequence_completion_with_base_change][WARNING] - self_consistency_evaluation() got an unexpected keyword argument 'seed'
[2023-06-16 11:37:36,124][src.evals.sequence_completion_with_base_change][INFO] - Total: 0
[2023-06-16 11:37:36,124][src.evals.sequence_completion_with_base_change][INFO] - Sequence: 0,1,0,1
[2023-06-16 11:37:36,124][src.evals.sequence_completion_with_base_change][WARNING] - Error in self consistency evaluation.
[2023-06-16 11:37:36,124][src.evals.sequence_completion_with_base_change][WARNING] - self_consistency_evaluation() got an unexpected keyword argument 'seed'
[2023-06-16 11:37:36,124][src.evals.sequence_completion_with_base_change][WARNING] - Error in self consistency evaluation.
[2023-06-16 11:37:36,124][src.evals.sequence_completion_with_base_change][WARNING] - self_consistency_evaluation() got an unexpected keyword argument 'seed'
[2023-06-16 11:37:36,124][src.evals.sequence_completion_with_base_change][INFO] - Total: 0
[2023-06-16 11:37:36,124][src.evals.sequence_completion_with_base_change][INFO] - Sequence: 1,0,1,0
[2023-06-16 11:37:36,124][src.evals.sequence_completion_with_base_change][WARNING] - Error in self consistency evaluation.
[2023-06-16 11:37:36,124][src.evals.sequence_completion_with_base_change][WARNING] - self_consistency_evaluation() got an unexpected keyword argument 'seed'
[2023-06-16 11:37:36,124][src.evals.sequence_completion_with_base_change][WARNING] - Error in self consistency evaluation.
[2023-06-16 11:37:36,124][src.evals.sequence_completion_with_base_change][WARNING] - self_consistency_evaluation() got an unexpected keyword argument 'seed'
[2023-06-16 11:37:36,124][src.evals.sequence_completion_with_base_change][INFO] - Total: 0
[2023-06-16 11:37:36,124][src.evals.sequence_completion_with_base_change][INFO] - Sequence: 0,2,4,6
[2023-06-16 11:37:36,124][src.evals.sequence_completion_with_base_change][WARNING] - Error in self consistency evaluation.
[2023-06-16 11:37:36,124][src.evals.sequence_completion_with_base_change][WARNING] - self_consistency_evaluation() got an unexpected keyword argument 'seed'
[2023-06-16 11:37:36,124][src.evals.sequence_completion_with_base_change][WARNING] - Error in self consistency evaluation.
[2023-06-16 11:37:36,124][src.evals.sequence_completion_with_base_change][WARNING] - self_consistency_evaluation() got an unexpected keyword argument 'seed'
[2023-06-16 11:37:36,124][src.evals.sequence_completion_with_base_change][INFO] - Total: 0
[2023-06-16 11:37:36,124][src.evals.sequence_completion_with_base_change][INFO] - Sequence: 3,5,7,9
[2023-06-16 11:37:36,124][src.evals.sequence_completion_with_base_change][WARNING] - Error in self consistency evaluation.
[2023-06-16 11:37:36,124][src.evals.sequence_completion_with_base_change][WARNING] - self_consistency_evaluation() got an unexpected keyword argument 'seed'
[2023-06-16 11:37:36,124][src.evals.sequence_completion_with_base_change][WARNING] - Error in self consistency evaluation.
[2023-06-16 11:37:36,124][src.evals.sequence_completion_with_base_change][WARNING] - self_consistency_evaluation() got an unexpected keyword argument 'seed'
[2023-06-16 11:37:36,124][src.evals.sequence_completion_with_base_change][INFO] - Total: 0
[2023-06-16 11:37:36,124][src.evals.sequence_completion_with_base_change][INFO] - Sequence: 5,7,9,11
[2023-06-16 11:37:36,124][src.evals.sequence_completion_with_base_change][WARNING] - Error in self consistency evaluation.
[2023-06-16 11:37:36,124][src.evals.sequence_completion_with_base_change][WARNING] - self_consistency_evaluation() got an unexpected keyword argument 'seed'
[2023-06-16 11:37:36,124][src.evals.sequence_completion_with_base_change][WARNING] - Error in self consistency evaluation.
[2023-06-16 11:37:36,124][src.evals.sequence_completion_with_base_change][WARNING] - self_consistency_evaluation() got an unexpected keyword argument 'seed'
[2023-06-16 11:37:36,124][src.evals.sequence_completion_with_base_change][INFO] - Total: 0
[2023-06-16 11:37:36,124][src.evals.sequence_completion_with_base_change][INFO] - Sequence: 7,9,11,13
[2023-06-16 11:37:36,124][src.evals.sequence_completion_with_base_change][WARNING] - Error in self consistency evaluation.
[2023-06-16 11:37:36,124][src.evals.sequence_completion_with_base_change][WARNING] - self_consistency_evaluation() got an unexpected keyword argument 'seed'
[2023-06-16 11:37:36,124][src.evals.sequence_completion_with_base_change][WARNING] - Error in self consistency evaluation.
[2023-06-16 11:37:36,124][src.evals.sequence_completion_with_base_change][WARNING] - self_consistency_evaluation() got an unexpected keyword argument 'seed'
[2023-06-16 11:37:36,124][src.evals.sequence_completion_with_base_change][INFO] - Total: 0
[2023-06-16 11:37:36,124][src.evals.sequence_completion_with_base_change][INFO] - Sequence: 0,3,6,9
[2023-06-16 11:37:36,124][src.evals.sequence_completion_with_base_change][WARNING] - Error in self consistency evaluation.
[2023-06-16 11:37:36,124][src.evals.sequence_completion_with_base_change][WARNING] - self_consistency_evaluation() got an unexpected keyword argument 'seed'
[2023-06-16 11:37:36,125][src.evals.sequence_completion_with_base_change][WARNING] - Error in self consistency evaluation.
[2023-06-16 11:37:36,125][src.evals.sequence_completion_with_base_change][WARNING] - self_consistency_evaluation() got an unexpected keyword argument 'seed'
[2023-06-16 11:37:36,125][src.evals.sequence_completion_with_base_change][INFO] - Total: 0
[2023-06-16 11:37:36,125][src.evals.sequence_completion_with_base_change][INFO] - Sequence: 3,6,9,12
[2023-06-16 11:37:36,125][src.evals.sequence_completion_with_base_change][WARNING] - Error in self consistency evaluation.
[2023-06-16 11:37:36,125][src.evals.sequence_completion_with_base_change][WARNING] - self_consistency_evaluation() got an unexpected keyword argument 'seed'
[2023-06-16 11:37:36,125][src.evals.sequence_completion_with_base_change][WARNING] - Error in self consistency evaluation.
[2023-06-16 11:37:36,125][src.evals.sequence_completion_with_base_change][WARNING] - self_consistency_evaluation() got an unexpected keyword argument 'seed'
[2023-06-16 11:37:36,127][src.evals.sequence_completion_with_base_change][INFO] - Total: 0
[2023-06-16 11:37:36,127][src.evals.sequence_completion_with_base_change][INFO] - Sequence: 6,9,12,15
[2023-06-16 11:37:36,127][src.evals.sequence_completion_with_base_change][WARNING] - Error in self consistency evaluation.
[2023-06-16 11:37:36,127][src.evals.sequence_completion_with_base_change][WARNING] - self_consistency_evaluation() got an unexpected keyword argument 'seed'
[2023-06-16 11:37:36,127][src.evals.sequence_completion_with_base_change][WARNING] - Error in self consistency evaluation.
[2023-06-16 11:37:36,127][src.evals.sequence_completion_with_base_change][WARNING] - self_consistency_evaluation() got an unexpected keyword argument 'seed'
[2023-06-16 11:37:36,127][src.evals.sequence_completion_with_base_change][INFO] - Total: 0
[2023-06-16 11:37:36,127][src.evals.sequence_completion_with_base_change][INFO] - Sequence: 9,12,15,18
[2023-06-16 11:37:36,127][src.evals.sequence_completion_with_base_change][WARNING] - Error in self consistency evaluation.
[2023-06-16 11:37:36,127][src.evals.sequence_completion_with_base_change][WARNING] - self_consistency_evaluation() got an unexpected keyword argument 'seed'
[2023-06-16 11:37:36,127][src.evals.sequence_completion_with_base_change][WARNING] - Error in self consistency evaluation.
[2023-06-16 11:37:36,127][src.evals.sequence_completion_with_base_change][WARNING] - self_consistency_evaluation() got an unexpected keyword argument 'seed'
[2023-06-16 11:37:36,127][src.evals.sequence_completion_with_base_change][INFO] - Total: 0
[2023-06-16 11:37:36,127][src.evals.sequence_completion_with_base_change][INFO] - Sequence: 1,2,4,5
[2023-06-16 11:37:36,127][src.evals.sequence_completion_with_base_change][WARNING] - Error in self consistency evaluation.
[2023-06-16 11:37:36,127][src.evals.sequence_completion_with_base_change][WARNING] - self_consistency_evaluation() got an unexpected keyword argument 'seed'
[2023-06-16 11:37:36,127][src.evals.sequence_completion_with_base_change][WARNING] - Error in self consistency evaluation.
[2023-06-16 11:37:36,127][src.evals.sequence_completion_with_base_change][WARNING] - self_consistency_evaluation() got an unexpected keyword argument 'seed'
[2023-06-16 11:37:36,127][src.evals.sequence_completion_with_base_change][INFO] - Total: 0
[2023-06-16 11:37:36,127][src.evals.sequence_completion_with_base_change][INFO] - Sequence: 2,4,5,7
[2023-06-16 11:37:36,127][src.evals.sequence_completion_with_base_change][WARNING] - Error in self consistency evaluation.
[2023-06-16 11:37:36,127][src.evals.sequence_completion_with_base_change][WARNING] - self_consistency_evaluation() got an unexpected keyword argument 'seed'
[2023-06-16 11:37:36,127][src.evals.sequence_completion_with_base_change][WARNING] - Error in self consistency evaluation.
[2023-06-16 11:37:36,127][src.evals.sequence_completion_with_base_change][WARNING] - self_consistency_evaluation() got an unexpected keyword argument 'seed'
[2023-06-16 11:37:36,127][src.evals.sequence_completion_with_base_change][INFO] - Total: 0
[2023-06-16 11:37:36,127][src.evals.sequence_completion_with_base_change][INFO] - Sequence: 5,7,8,10
[2023-06-16 11:37:36,128][src.evals.sequence_completion_with_base_change][WARNING] - Error in self consistency evaluation.
[2023-06-16 11:37:36,128][src.evals.sequence_completion_with_base_change][WARNING] - self_consistency_evaluation() got an unexpected keyword argument 'seed'
[2023-06-16 11:37:36,128][src.evals.sequence_completion_with_base_change][WARNING] - Error in self consistency evaluation.
[2023-06-16 11:37:36,128][src.evals.sequence_completion_with_base_change][WARNING] - self_consistency_evaluation() got an unexpected keyword argument 'seed'
[2023-06-16 11:37:36,128][src.evals.sequence_completion_with_base_change][INFO] - Total: 0
[2023-06-16 11:37:36,128][src.evals.sequence_completion_with_base_change][INFO] - Sequence: 0,4,8,12
[2023-06-16 11:37:36,128][src.evals.sequence_completion_with_base_change][WARNING] - Error in self consistency evaluation.
[2023-06-16 11:37:36,128][src.evals.sequence_completion_with_base_change][WARNING] - self_consistency_evaluation() got an unexpected keyword argument 'seed'
[2023-06-16 11:37:36,128][src.evals.sequence_completion_with_base_change][WARNING] - Error in self consistency evaluation.
[2023-06-16 11:37:36,128][src.evals.sequence_completion_with_base_change][WARNING] - self_consistency_evaluation() got an unexpected keyword argument 'seed'
[2023-06-16 11:37:36,128][src.evals.sequence_completion_with_base_change][INFO] - Total: 0
[2023-06-16 11:37:36,128][src.evals.sequence_completion_with_base_change][INFO] - Sequence: 4,8,12,16
[2023-06-16 11:37:36,128][src.evals.sequence_completion_with_base_change][WARNING] - Error in self consistency evaluation.
[2023-06-16 11:37:36,128][src.evals.sequence_completion_with_base_change][WARNING] - self_consistency_evaluation() got an unexpected keyword argument 'seed'
[2023-06-16 11:37:36,128][src.evals.sequence_completion_with_base_change][WARNING] - Error in self consistency evaluation.
[2023-06-16 11:37:36,128][src.evals.sequence_completion_with_base_change][WARNING] - self_consistency_evaluation() got an unexpected keyword argument 'seed'
[2023-06-16 11:37:36,128][src.evals.sequence_completion_with_base_change][INFO] - Total: 0
[2023-06-16 11:37:36,128][src.evals.sequence_completion_with_base_change][INFO] - Sequence: 8,12,16,20
[2023-06-16 11:37:36,128][src.evals.sequence_completion_with_base_change][WARNING] - Error in self consistency evaluation.
[2023-06-16 11:37:36,128][src.evals.sequence_completion_with_base_change][WARNING] - self_consistency_evaluation() got an unexpected keyword argument 'seed'
[2023-06-16 11:37:36,128][src.evals.sequence_completion_with_base_change][WARNING] - Error in self consistency evaluation.
[2023-06-16 11:37:36,128][src.evals.sequence_completion_with_base_change][WARNING] - self_consistency_evaluation() got an unexpected keyword argument 'seed'
[2023-06-16 11:37:36,128][src.evals.sequence_completion_with_base_change][INFO] - Total: 0
[2023-06-16 11:37:36,128][src.evals.sequence_completion_with_base_change][INFO] - Sequence: 12,16,20,24
[2023-06-16 11:37:36,128][src.evals.sequence_completion_with_base_change][WARNING] - Error in self consistency evaluation.
[2023-06-16 11:37:36,128][src.evals.sequence_completion_with_base_change][WARNING] - self_consistency_evaluation() got an unexpected keyword argument 'seed'
[2023-06-16 11:37:36,128][src.evals.sequence_completion_with_base_change][WARNING] - Error in self consistency evaluation.
[2023-06-16 11:37:36,128][src.evals.sequence_completion_with_base_change][WARNING] - self_consistency_evaluation() got an unexpected keyword argument 'seed'
[2023-06-16 11:37:36,128][src.evals.sequence_completion_with_base_change][INFO] - Total: 0
[2023-06-16 11:37:36,128][src.evals.sequence_completion_with_base_change][INFO] - Sequence: 1,3,5,7
[2023-06-16 11:37:36,128][src.evals.sequence_completion_with_base_change][WARNING] - Error in self consistency evaluation.
[2023-06-16 11:37:36,128][src.evals.sequence_completion_with_base_change][WARNING] - self_consistency_evaluation() got an unexpected keyword argument 'seed'
[2023-06-16 11:37:36,128][src.evals.sequence_completion_with_base_change][WARNING] - Error in self consistency evaluation.
[2023-06-16 11:37:36,128][src.evals.sequence_completion_with_base_change][WARNING] - self_consistency_evaluation() got an unexpected keyword argument 'seed'
[2023-06-16 11:37:36,128][src.evals.sequence_completion_with_base_change][INFO] - Total: 0
[2023-06-16 11:37:36,128][src.evals.sequence_completion_with_base_change][INFO] - Sequence: 1,2,3,5
[2023-06-16 11:37:36,128][src.evals.sequence_completion_with_base_change][WARNING] - Error in self consistency evaluation.
[2023-06-16 11:37:36,128][src.evals.sequence_completion_with_base_change][WARNING] - self_consistency_evaluation() got an unexpected keyword argument 'seed'
[2023-06-16 11:37:36,128][src.evals.sequence_completion_with_base_change][WARNING] - Error in self consistency evaluation.
[2023-06-16 11:37:36,128][src.evals.sequence_completion_with_base_change][WARNING] - self_consistency_evaluation() got an unexpected keyword argument 'seed'
[2023-06-16 11:37:36,128][src.evals.sequence_completion_with_base_change][INFO] - Total: 0
[2023-06-16 11:37:36,128][src.evals.sequence_completion_with_base_change][INFO] - Sequence: 2,3,5,6
[2023-06-16 11:37:36,128][src.evals.sequence_completion_with_base_change][WARNING] - Error in self consistency evaluation.
[2023-06-16 11:37:36,128][src.evals.sequence_completion_with_base_change][WARNING] - self_consistency_evaluation() got an unexpected keyword argument 'seed'
[2023-06-16 11:37:36,128][src.evals.sequence_completion_with_base_change][WARNING] - Error in self consistency evaluation.
[2023-06-16 11:37:36,128][src.evals.sequence_completion_with_base_change][WARNING] - self_consistency_evaluation() got an unexpected keyword argument 'seed'
[2023-06-16 11:37:36,128][src.evals.sequence_completion_with_base_change][INFO] - Total: 0
[2023-06-16 11:37:36,129][src.evals.sequence_completion_with_base_change][INFO] - Sequence: 3,5,6,7
[2023-06-16 11:37:36,129][src.evals.sequence_completion_with_base_change][WARNING] - Error in self consistency evaluation.
[2023-06-16 11:37:36,129][src.evals.sequence_completion_with_base_change][WARNING] - self_consistency_evaluation() got an unexpected keyword argument 'seed'
[2023-06-16 11:37:36,129][src.evals.sequence_completion_with_base_change][WARNING] - Error in self consistency evaluation.
[2023-06-16 11:37:36,129][src.evals.sequence_completion_with_base_change][WARNING] - self_consistency_evaluation() got an unexpected keyword argument 'seed'
[2023-06-16 11:37:36,129][src.evals.sequence_completion_with_base_change][INFO] - Total: 0
[2023-06-16 11:37:36,129][src.evals.sequence_completion_with_base_change][INFO] - Sequence: 5,6,7,9
[2023-06-16 11:37:36,129][src.evals.sequence_completion_with_base_change][WARNING] - Error in self consistency evaluation.
[2023-06-16 11:37:36,129][src.evals.sequence_completion_with_base_change][WARNING] - self_consistency_evaluation() got an unexpected keyword argument 'seed'
[2023-06-16 11:37:36,129][src.evals.sequence_completion_with_base_change][WARNING] - Error in self consistency evaluation.
[2023-06-16 11:37:36,129][src.evals.sequence_completion_with_base_change][WARNING] - self_consistency_evaluation() got an unexpected keyword argument 'seed'
[2023-06-16 11:37:36,129][src.evals.sequence_completion_with_base_change][INFO] - Total: 0
[2023-06-16 11:37:36,129][src.evals.sequence_completion_with_base_change][INFO] - Sequence: 0,1,2,0
[2023-06-16 11:37:36,129][src.evals.sequence_completion_with_base_change][WARNING] - Error in self consistency evaluation.
[2023-06-16 11:37:36,129][src.evals.sequence_completion_with_base_change][WARNING] - self_consistency_evaluation() got an unexpected keyword argument 'seed'
[2023-06-16 11:37:36,129][src.evals.sequence_completion_with_base_change][WARNING] - Error in self consistency evaluation.
[2023-06-16 11:37:36,129][src.evals.sequence_completion_with_base_change][WARNING] - self_consistency_evaluation() got an unexpected keyword argument 'seed'
[2023-06-16 11:37:36,129][src.evals.sequence_completion_with_base_change][INFO] - Total: 0
[2023-06-16 11:37:36,129][src.evals.sequence_completion_with_base_change][INFO] - Sequence: 1,2,0,1
[2023-06-16 11:37:36,129][src.evals.sequence_completion_with_base_change][WARNING] - Error in self consistency evaluation.
[2023-06-16 11:37:36,129][src.evals.sequence_completion_with_base_change][WARNING] - self_consistency_evaluation() got an unexpected keyword argument 'seed'
[2023-06-16 11:37:36,129][src.evals.sequence_completion_with_base_change][WARNING] - Error in self consistency evaluation.
[2023-06-16 11:37:36,129][src.evals.sequence_completion_with_base_change][WARNING] - self_consistency_evaluation() got an unexpected keyword argument 'seed'
[2023-06-16 11:37:36,129][src.evals.sequence_completion_with_base_change][INFO] - Total: 0
[2023-06-16 11:37:36,129][src.evals.sequence_completion_with_base_change][INFO] - Sequence: 2,0,1,2
[2023-06-16 11:37:36,129][src.evals.sequence_completion_with_base_change][WARNING] - Error in self consistency evaluation.
[2023-06-16 11:37:36,129][src.evals.sequence_completion_with_base_change][WARNING] - self_consistency_evaluation() got an unexpected keyword argument 'seed'
[2023-06-16 11:37:36,129][src.evals.sequence_completion_with_base_change][WARNING] - Error in self consistency evaluation.
[2023-06-16 11:37:36,129][src.evals.sequence_completion_with_base_change][WARNING] - self_consistency_evaluation() got an unexpected keyword argument 'seed'
[2023-06-16 11:37:36,129][src.evals.sequence_completion_with_base_change][INFO] - Total: 0
[2023-06-16 11:37:36,129][src.evals.sequence_completion_with_base_change][INFO] - Sequence: 3,7,11,15
[2023-06-16 11:37:36,129][src.evals.sequence_completion_with_base_change][WARNING] - Error in self consistency evaluation.
[2023-06-16 11:37:36,129][src.evals.sequence_completion_with_base_change][WARNING] - self_consistency_evaluation() got an unexpected keyword argument 'seed'
[2023-06-16 11:37:36,129][src.evals.sequence_completion_with_base_change][WARNING] - Error in self consistency evaluation.
[2023-06-16 11:37:36,129][src.evals.sequence_completion_with_base_change][WARNING] - self_consistency_evaluation() got an unexpected keyword argument 'seed'
[2023-06-16 11:37:36,129][src.evals.sequence_completion_with_base_change][INFO] - Total: 0
[2023-06-16 11:37:36,129][src.evals.sequence_completion_with_base_change][INFO] - Sequence: 5,6,7,8
[2023-06-16 11:37:36,129][src.evals.sequence_completion_with_base_change][WARNING] - Error in self consistency evaluation.
[2023-06-16 11:37:36,129][src.evals.sequence_completion_with_base_change][WARNING] - self_consistency_evaluation() got an unexpected keyword argument 'seed'
[2023-06-16 11:37:36,129][src.evals.sequence_completion_with_base_change][WARNING] - Error in self consistency evaluation.
[2023-06-16 11:37:36,129][src.evals.sequence_completion_with_base_change][WARNING] - self_consistency_evaluation() got an unexpected keyword argument 'seed'
[2023-06-16 11:37:36,130][src.evals.sequence_completion_with_base_change][INFO] - Total: 0
[2023-06-16 11:37:36,130][src.evals.sequence_completion_with_base_change][INFO] - Sequence: 7,11,15,19
[2023-06-16 11:37:36,130][src.evals.sequence_completion_with_base_change][WARNING] - Error in self consistency evaluation.
[2023-06-16 11:37:36,130][src.evals.sequence_completion_with_base_change][WARNING] - self_consistency_evaluation() got an unexpected keyword argument 'seed'
[2023-06-16 11:37:36,130][src.evals.sequence_completion_with_base_change][WARNING] - Error in self consistency evaluation.
[2023-06-16 11:37:36,130][src.evals.sequence_completion_with_base_change][WARNING] - self_consistency_evaluation() got an unexpected keyword argument 'seed'
[2023-06-16 11:37:36,130][src.evals.sequence_completion_with_base_change][INFO] - Total: 0
[2023-06-16 11:37:36,130][src.evals.sequence_completion_with_base_change][INFO] - Sequence: 11,15,19,23
[2023-06-16 11:37:36,130][src.evals.sequence_completion_with_base_change][WARNING] - Error in self consistency evaluation.
[2023-06-16 11:37:36,130][src.evals.sequence_completion_with_base_change][WARNING] - self_consistency_evaluation() got an unexpected keyword argument 'seed'
[2023-06-16 11:37:36,130][src.evals.sequence_completion_with_base_change][WARNING] - Error in self consistency evaluation.
[2023-06-16 11:37:36,130][src.evals.sequence_completion_with_base_change][WARNING] - self_consistency_evaluation() got an unexpected keyword argument 'seed'
[2023-06-16 11:37:36,130][src.evals.sequence_completion_with_base_change][INFO] - Total: 0
[2023-06-16 11:37:36,130][src.evals.sequence_completion_with_base_change][INFO] - Sequence: 15,19,23,27
[2023-06-16 11:37:36,130][src.evals.sequence_completion_with_base_change][WARNING] - Error in self consistency evaluation.
[2023-06-16 11:37:36,130][src.evals.sequence_completion_with_base_change][WARNING] - self_consistency_evaluation() got an unexpected keyword argument 'seed'
[2023-06-16 11:37:36,130][src.evals.sequence_completion_with_base_change][WARNING] - Error in self consistency evaluation.
[2023-06-16 11:37:36,130][src.evals.sequence_completion_with_base_change][WARNING] - self_consistency_evaluation() got an unexpected keyword argument 'seed'
[2023-06-16 11:37:36,131][src.evals.sequence_completion_with_base_change][INFO] - Total is: 0
[2023-06-16 11:37:36,134][__main__][ERROR] - division by zero
Traceback (most recent call last):
  File "/Users/olejorgensen/Documents/AISC/introspective-self-consistency/src/utils.py", line 23, in decorated
    return func(*args, **kwargs)
  File "/Users/olejorgensen/Documents/AISC/introspective-self-consistency/main.py", line 74, in main
    task_fun(task_cfg)
  File "/Users/olejorgensen/Documents/AISC/introspective-self-consistency/src/evals/sequence_completion_with_base_change.py", line 86, in evaluate_compute_dependence_with_base_changes
    correct_consistent_percent = round(correct_consistent / total, 2) * 100
ZeroDivisionError: division by zero
