[2023-05-17 11:53:16,117][src.utils][INFO] - Git sha: cb572d459e45d11a84e5cdc86b6603901f676290
[2023-05-17 11:53:16,127][src.utils][INFO] - Changed files: ['main.py']
[2023-05-17 11:53:16,133][src.utils][INFO] - Git diff:
diff --git a/main.py b/main.py
index 083b705..a363731 100644
--- a/main.py
+++ b/main.py
@@ -8,7 +8,7 @@ from src.evals.sequence_completion_with_base_change import (
     evaluate_compute_dependence_with_base_changes,
 )
 from src.evals.string_transformation import evaluate_string_transformation_equality
-from utils import log_exceptions
+from src.utils import log_exceptions

 logger = logging.getLogger(__name__)

[2023-05-17 11:53:16,134][src.utils][INFO] - Changed directory to /Users/olejorgensen/Documents/AISC/introspective-self-consistency/results/2023-05-17-11-53-16/evaluate_string_transformation_equality
[2023-05-17 11:53:16,134][src.evals.string_transformation][INFO] - Evaluating string transformation equality...
[2023-05-17 11:53:17,267][src.evals.string_transformation][WARNING] - list
[2023-05-17 11:53:17,267][src.evals.string_transformation][WARNING] - Failed to evaluate @### => ###@ with lambda x: x[::-1]
[2023-05-17 11:53:17,268][src.evals.string_transformation][WARNING] - list
[2023-05-17 11:53:17,268][src.evals.string_transformation][WARNING] - Failed to evaluate @### => ###@ with lambda x: x[1:] + x[:1]
[2023-05-17 11:53:17,269][src.evals.string_transformation][WARNING] - list
[2023-05-17 11:53:17,269][src.evals.string_transformation][WARNING] - Failed to evaluate @### => ###@ with lambda x: x[-3:] + x[:-3]
[2023-05-17 11:53:17,270][src.evals.string_transformation][WARNING] - list
[2023-05-17 11:53:17,270][src.evals.string_transformation][WARNING] - Failed to evaluate @### => ###@ with lambda x: x[:0] + x[0:].replace('@', "", 1) + '@'
[2023-05-17 11:53:17,271][src.evals.string_transformation][WARNING] - list
[2023-05-17 11:53:17,271][src.evals.string_transformation][WARNING] - Failed to evaluate @### => #@## with lambda x: x[3:] + x[:3]
[2023-05-17 11:53:17,272][src.evals.string_transformation][WARNING] - list
[2023-05-17 11:53:17,272][src.evals.string_transformation][WARNING] - Failed to evaluate @### => #@## with lambda x: x[:0] + '#' + x[0:].replace('#', "", 1)
[2023-05-17 11:53:17,272][src.evals.string_transformation][WARNING] - list
[2023-05-17 11:53:17,272][src.evals.string_transformation][WARNING] - Failed to evaluate @### => #@## with lambda x: x[-1:] + x[:-1]
[2023-05-17 11:53:17,273][src.evals.string_transformation][WARNING] - list
[2023-05-17 11:53:17,273][src.evals.string_transformation][WARNING] - Failed to evaluate #@@@ => @@@# with lambda x: x[::-1]
[2023-05-17 11:53:17,273][src.evals.string_transformation][WARNING] - list
[2023-05-17 11:53:17,273][src.evals.string_transformation][WARNING] - Failed to evaluate #@@@ => @@@# with lambda x: x[1:] + x[:1]
[2023-05-17 11:53:17,273][src.evals.string_transformation][WARNING] - list
[2023-05-17 11:53:17,274][src.evals.string_transformation][WARNING] - Failed to evaluate #@@@ => @@@# with lambda x: x[-3:] + x[:-3]
[2023-05-17 11:53:17,274][src.evals.string_transformation][WARNING] - list
[2023-05-17 11:53:17,274][src.evals.string_transformation][WARNING] - Failed to evaluate #@@@ => @@@# with lambda x: x[:0] + x[0:].replace('#', "", 1) + '#'
[2023-05-17 11:53:17,274][src.evals.string_transformation][WARNING] - list
[2023-05-17 11:53:17,274][src.evals.string_transformation][WARNING] - Failed to evaluate #@@@ => @#@@ with lambda x: x[3:] + x[:3]
[2023-05-17 11:53:17,275][src.evals.string_transformation][WARNING] - list
[2023-05-17 11:53:17,275][src.evals.string_transformation][WARNING] - Failed to evaluate #@@@ => @#@@ with lambda x: x[:0] + '@' + x[0:].replace('@', "", 1)
[2023-05-17 11:53:17,275][src.evals.string_transformation][WARNING] - list
[2023-05-17 11:53:17,275][src.evals.string_transformation][WARNING] - Failed to evaluate #@@@ => @#@@ with lambda x: x[-1:] + x[:-1]
[2023-05-17 11:53:17,276][src.evals.string_transformation][WARNING] - list
[2023-05-17 11:53:17,276][src.evals.string_transformation][WARNING] - Failed to evaluate #@## => ##@# with lambda x: x[::-1]
[2023-05-17 11:53:17,276][src.evals.string_transformation][WARNING] - list
[2023-05-17 11:53:17,276][src.evals.string_transformation][WARNING] - Failed to evaluate #@## => ##@# with lambda x: x[3:] + x[:3]
[2023-05-17 11:53:17,277][src.evals.string_transformation][WARNING] - list
[2023-05-17 11:53:17,277][src.evals.string_transformation][WARNING] - Failed to evaluate #@## => ##@# with lambda x: x[-1:] + x[:-1]
[2023-05-17 11:53:17,277][src.evals.string_transformation][WARNING] - list
[2023-05-17 11:53:17,277][src.evals.string_transformation][WARNING] - Failed to evaluate #@## => ##@# with lambda x: x[:1] + '#' + x[1:].replace('#', "", 1)
[2023-05-17 11:53:17,278][src.evals.string_transformation][WARNING] - list
[2023-05-17 11:53:17,278][src.evals.string_transformation][WARNING] - Failed to evaluate #@## => @### with lambda x: x[1:] + x[:1]
[2023-05-17 11:53:17,278][src.evals.string_transformation][WARNING] - list
[2023-05-17 11:53:17,278][src.evals.string_transformation][WARNING] - Failed to evaluate #@## => @### with lambda x: x[:0] + x[0:].replace('#', "", 1) + '#'
[2023-05-17 11:53:17,279][src.evals.string_transformation][WARNING] - list
[2023-05-17 11:53:17,279][src.evals.string_transformation][WARNING] - Failed to evaluate #@## => @### with lambda x: x[:0] + '@' + x[0:].replace('@', "", 1)
[2023-05-17 11:53:17,279][src.evals.string_transformation][WARNING] - list
[2023-05-17 11:53:17,279][src.evals.string_transformation][WARNING] - Failed to evaluate #@## => @### with lambda x: x[-3:] + x[:-3]
[2023-05-17 11:53:17,279][src.evals.string_transformation][WARNING] - list
[2023-05-17 11:53:17,279][src.evals.string_transformation][WARNING] - Failed to evaluate #@## => ###@ with lambda x: x[2:] + x[:2]
[2023-05-17 11:53:17,280][src.evals.string_transformation][WARNING] - list
[2023-05-17 11:53:17,280][src.evals.string_transformation][WARNING] - Failed to evaluate #@## => ###@ with lambda x: x[:0] + x[0:].replace('@', "", 1) + '@'
[2023-05-17 11:53:17,280][src.evals.string_transformation][WARNING] - list
[2023-05-17 11:53:17,280][src.evals.string_transformation][WARNING] - Failed to evaluate #@## => ###@ with lambda x: x[:1] + x[1:].replace('@', "", 1) + '@'
[2023-05-17 11:53:17,281][src.evals.string_transformation][WARNING] - list
[2023-05-17 11:53:17,281][src.evals.string_transformation][WARNING] - Failed to evaluate #@## => ###@ with lambda x: x[-2:] + x[:-2]
[2023-05-17 11:53:17,281][src.evals.string_transformation][WARNING] - list
[2023-05-17 11:53:17,281][src.evals.string_transformation][WARNING] - Failed to evaluate @#@@ => @@#@ with lambda x: x[::-1]
[2023-05-17 11:53:17,282][src.evals.string_transformation][WARNING] - list
[2023-05-17 11:53:17,282][src.evals.string_transformation][WARNING] - Failed to evaluate @#@@ => @@#@ with lambda x: x[3:] + x[:3]
[2023-05-17 11:53:17,282][src.evals.string_transformation][WARNING] - list
[2023-05-17 11:53:17,282][src.evals.string_transformation][WARNING] - Failed to evaluate @#@@ => @@#@ with lambda x: x[-1:] + x[:-1]
[2023-05-17 11:53:17,283][src.evals.string_transformation][WARNING] - list
[2023-05-17 11:53:17,283][src.evals.string_transformation][WARNING] - Failed to evaluate @#@@ => @@#@ with lambda x: x[:1] + '@' + x[1:].replace('@', "", 1)
[2023-05-17 11:53:17,283][src.evals.string_transformation][WARNING] - list
[2023-05-17 11:53:17,283][src.evals.string_transformation][WARNING] - Failed to evaluate @#@@ => #@@@ with lambda x: x[1:] + x[:1]
[2023-05-17 11:53:17,284][src.evals.string_transformation][WARNING] - list
[2023-05-17 11:53:17,284][src.evals.string_transformation][WARNING] - Failed to evaluate @#@@ => #@@@ with lambda x: x[:0] + x[0:].replace('@', "", 1) + '@'
[2023-05-17 11:53:17,284][src.evals.string_transformation][WARNING] - list
[2023-05-17 11:53:17,284][src.evals.string_transformation][WARNING] - Failed to evaluate @#@@ => #@@@ with lambda x: x[:0] + '#' + x[0:].replace('#', "", 1)
[2023-05-17 11:53:17,285][src.evals.string_transformation][WARNING] - list
[2023-05-17 11:53:17,285][src.evals.string_transformation][WARNING] - Failed to evaluate @#@@ => #@@@ with lambda x: x[-3:] + x[:-3]
[2023-05-17 11:53:17,285][src.evals.string_transformation][WARNING] - list
[2023-05-17 11:53:17,285][src.evals.string_transformation][WARNING] - Failed to evaluate @#@@ => @@@# with lambda x: x[2:] + x[:2]
[2023-05-17 11:53:17,285][src.evals.string_transformation][WARNING] - list
[2023-05-17 11:53:17,285][src.evals.string_transformation][WARNING] - Failed to evaluate @#@@ => @@@# with lambda x: x[:0] + x[0:].replace('#', "", 1) + '#'
[2023-05-17 11:53:17,286][src.evals.string_transformation][WARNING] - list
[2023-05-17 11:53:17,286][src.evals.string_transformation][WARNING] - Failed to evaluate @#@@ => @@@# with lambda x: x[:1] + x[1:].replace('#', "", 1) + '#'
[2023-05-17 11:53:17,286][src.evals.string_transformation][WARNING] - list
[2023-05-17 11:53:17,286][src.evals.string_transformation][WARNING] - Failed to evaluate @#@@ => @@@# with lambda x: x[-2:] + x[:-2]
[2023-05-17 11:53:17,287][src.evals.string_transformation][WARNING] - list
[2023-05-17 11:53:17,287][src.evals.string_transformation][WARNING] - Failed to evaluate ##@# => #@## with lambda x: x[::-1]
[2023-05-17 11:53:17,287][src.evals.string_transformation][WARNING] - list
[2023-05-17 11:53:17,287][src.evals.string_transformation][WARNING] - Failed to evaluate ##@# => #@## with lambda x: x[1:] + x[:1]
[2023-05-17 11:53:17,287][src.evals.string_transformation][WARNING] - list
[2023-05-17 11:53:17,287][src.evals.string_transformation][WARNING] - Failed to evaluate ##@# => #@## with lambda x: x[-3:] + x[:-3]
[2023-05-17 11:53:17,288][src.evals.string_transformation][WARNING] - list
[2023-05-17 11:53:17,288][src.evals.string_transformation][WARNING] - Failed to evaluate ##@# => #@## with lambda x: x[:0] + x[0:].replace('#', "", 1) + '#'
[2023-05-17 11:53:17,288][src.evals.string_transformation][WARNING] - list
[2023-05-17 11:53:17,288][src.evals.string_transformation][WARNING] - Failed to evaluate ##@# => #@## with lambda x: x[:1] + x[1:].replace('#', "", 1) + '#'
[2023-05-17 11:53:17,289][src.evals.string_transformation][WARNING] - list
[2023-05-17 11:53:17,289][src.evals.string_transformation][WARNING] - Failed to evaluate ##@# => #@## with lambda x: x[:1] + '@' + x[1:].replace('@', "", 1)
[2023-05-17 11:53:17,289][src.evals.string_transformation][WARNING] - list
[2023-05-17 11:53:17,289][src.evals.string_transformation][WARNING] - Failed to evaluate ##@# => @### with lambda x: x[2:] + x[:2]
[2023-05-17 11:53:17,289][src.evals.string_transformation][WARNING] - list
[2023-05-17 11:53:17,289][src.evals.string_transformation][WARNING] - Failed to evaluate ##@# => @### with lambda x: x[:0] + '@' + x[0:].replace('@', "", 1)
[2023-05-17 11:53:17,290][src.evals.string_transformation][WARNING] - list
[2023-05-17 11:53:17,290][src.evals.string_transformation][WARNING] - Failed to evaluate ##@# => @### with lambda x: x[-2:] + x[:-2]
[2023-05-17 11:53:17,290][src.evals.string_transformation][WARNING] - list
[2023-05-17 11:53:17,290][src.evals.string_transformation][WARNING] - Failed to evaluate ##@# => ###@ with lambda x: x[3:] + x[:3]
[2023-05-17 11:53:17,291][src.evals.string_transformation][WARNING] - list
[2023-05-17 11:53:17,291][src.evals.string_transformation][WARNING] - Failed to evaluate ##@# => ###@ with lambda x: x[:0] + x[0:].replace('@', "", 1) + '@'
[2023-05-17 11:53:17,291][src.evals.string_transformation][WARNING] - list
[2023-05-17 11:53:17,291][src.evals.string_transformation][WARNING] - Failed to evaluate ##@# => ###@ with lambda x: x[:1] + x[1:].replace('@', "", 1) + '@'
[2023-05-17 11:53:17,292][src.evals.string_transformation][WARNING] - list
[2023-05-17 11:53:17,292][src.evals.string_transformation][WARNING] - Failed to evaluate ##@# => ###@ with lambda x: x[:2] + x[2:].replace('@', "", 1) + '@'
[2023-05-17 11:53:17,292][src.evals.string_transformation][WARNING] - list
[2023-05-17 11:53:17,292][src.evals.string_transformation][WARNING] - Failed to evaluate ##@# => ###@ with lambda x: x[:2] + '#' + x[2:].replace('#', "", 1)
[2023-05-17 11:53:17,292][src.evals.string_transformation][WARNING] - list
[2023-05-17 11:53:17,292][src.evals.string_transformation][WARNING] - Failed to evaluate ##@# => ###@ with lambda x: x[-1:] + x[:-1]
[2023-05-17 11:53:17,293][src.evals.string_transformation][WARNING] - list
[2023-05-17 11:53:17,293][src.evals.string_transformation][WARNING] - Failed to evaluate @@#@ => @#@@ with lambda x: x[::-1]
[2023-05-17 11:53:17,293][src.evals.string_transformation][WARNING] - list
[2023-05-17 11:53:17,293][src.evals.string_transformation][WARNING] - Failed to evaluate @@#@ => @#@@ with lambda x: x[1:] + x[:1]
[2023-05-17 11:53:17,294][src.evals.string_transformation][WARNING] - list
[2023-05-17 11:53:17,294][src.evals.string_transformation][WARNING] - Failed to evaluate @@#@ => @#@@ with lambda x: x[-3:] + x[:-3]
[2023-05-17 11:53:17,294][src.evals.string_transformation][WARNING] - list
[2023-05-17 11:53:17,294][src.evals.string_transformation][WARNING] - Failed to evaluate @@#@ => @#@@ with lambda x: x[:0] + x[0:].replace('@', "", 1) + '@'
[2023-05-17 11:53:17,295][src.evals.string_transformation][WARNING] - list
[2023-05-17 11:53:17,295][src.evals.string_transformation][WARNING] - Failed to evaluate @@#@ => @#@@ with lambda x: x[:1] + x[1:].replace('@', "", 1) + '@'
[2023-05-17 11:53:17,295][src.evals.string_transformation][WARNING] - list
[2023-05-17 11:53:17,295][src.evals.string_transformation][WARNING] - Failed to evaluate @@#@ => @#@@ with lambda x: x[:1] + '#' + x[1:].replace('#', "", 1)
[2023-05-17 11:53:17,296][src.evals.string_transformation][WARNING] - list
[2023-05-17 11:53:17,296][src.evals.string_transformation][WARNING] - Failed to evaluate @@#@ => #@@@ with lambda x: x[2:] + x[:2]
[2023-05-17 11:53:17,297][src.evals.string_transformation][WARNING] - list
[2023-05-17 11:53:17,297][src.evals.string_transformation][WARNING] - Failed to evaluate @@#@ => #@@@ with lambda x: x[:0] + '#' + x[0:].replace('#', "", 1)
[2023-05-17 11:53:17,297][src.evals.string_transformation][WARNING] - list
[2023-05-17 11:53:17,297][src.evals.string_transformation][WARNING] - Failed to evaluate @@#@ => #@@@ with lambda x: x[-2:] + x[:-2]
[2023-05-17 11:53:17,297][src.evals.string_transformation][WARNING] - list
[2023-05-17 11:53:17,297][src.evals.string_transformation][WARNING] - Failed to evaluate @@#@ => @@@# with lambda x: x[3:] + x[:3]
[2023-05-17 11:53:17,298][src.evals.string_transformation][WARNING] - list
[2023-05-17 11:53:17,298][src.evals.string_transformation][WARNING] - Failed to evaluate @@#@ => @@@# with lambda x: x[:0] + x[0:].replace('#', "", 1) + '#'
[2023-05-17 11:53:17,298][src.evals.string_transformation][WARNING] - list
[2023-05-17 11:53:17,298][src.evals.string_transformation][WARNING] - Failed to evaluate @@#@ => @@@# with lambda x: x[:1] + x[1:].replace('#', "", 1) + '#'
[2023-05-17 11:53:17,299][src.evals.string_transformation][WARNING] - list
[2023-05-17 11:53:17,299][src.evals.string_transformation][WARNING] - Failed to evaluate @@#@ => @@@# with lambda x: x[:2] + x[2:].replace('#', "", 1) + '#'
[2023-05-17 11:53:17,299][src.evals.string_transformation][WARNING] - list
[2023-05-17 11:53:17,299][src.evals.string_transformation][WARNING] - Failed to evaluate @@#@ => @@@# with lambda x: x[:2] + '@' + x[2:].replace('@', "", 1)
[2023-05-17 11:53:17,300][src.evals.string_transformation][WARNING] - list
[2023-05-17 11:53:17,300][src.evals.string_transformation][WARNING] - Failed to evaluate @@#@ => @@@# with lambda x: x[-1:] + x[:-1]
[2023-05-17 11:53:17,305][src.evals.string_transformation][INFO] -
        Evaluated 0 ambiguous string transformations of 68 total.
        Resulting in:
        - nan% ground-truth-consistent
        - nan% self-rule-following-consistency
        - nan% self-comparison-consistency
        - nan% self-comparison-consistency and ground-truth-consistent.

[2023-05-17 11:53:20,548][__main__][ERROR] - Cannot save file into a non-existent directory: 'results'
Traceback (most recent call last):
  File "/Users/olejorgensen/Documents/AISC/introspective-self-consistency/src/utils.py", line 58, in decorated
    return func(*args, **kwargs)
  File "/Users/olejorgensen/Documents/AISC/introspective-self-consistency/main.py", line 27, in main
    evaluate_sequence_completion_equality(
  File "/Users/olejorgensen/Documents/AISC/introspective-self-consistency/src/evals/sequence_completion.py", line 192, in evaluate_sequence_completion_equality
    pd.DataFrame(completion_data).to_csv(
  File "/Users/olejorgensen/miniconda3/envs/aisc-env2/lib/python3.10/site-packages/pandas/util/_decorators.py", line 211, in wrapper
    return func(*args, **kwargs)
  File "/Users/olejorgensen/miniconda3/envs/aisc-env2/lib/python3.10/site-packages/pandas/core/generic.py", line 3720, in to_csv
    return DataFrameRenderer(formatter).to_csv(
  File "/Users/olejorgensen/miniconda3/envs/aisc-env2/lib/python3.10/site-packages/pandas/util/_decorators.py", line 211, in wrapper
    return func(*args, **kwargs)
  File "/Users/olejorgensen/miniconda3/envs/aisc-env2/lib/python3.10/site-packages/pandas/io/formats/format.py", line 1189, in to_csv
    csv_formatter.save()
  File "/Users/olejorgensen/miniconda3/envs/aisc-env2/lib/python3.10/site-packages/pandas/io/formats/csvs.py", line 241, in save
    with get_handle(
  File "/Users/olejorgensen/miniconda3/envs/aisc-env2/lib/python3.10/site-packages/pandas/io/common.py", line 734, in get_handle
    check_parent_directory(str(handle))
  File "/Users/olejorgensen/miniconda3/envs/aisc-env2/lib/python3.10/site-packages/pandas/io/common.py", line 597, in check_parent_directory
    raise OSError(rf"Cannot save file into a non-existent directory: '{parent}'")
OSError: Cannot save file into a non-existent directory: 'results'
