[2023-05-19 10:32:39,838][src.utils][INFO] - Git sha: 0b8b85f6e6fa2914679f1573d6a33a3ae6a71829
[2023-05-19 10:32:39,849][src.utils][INFO] - Changed files: ['src/evals/check_self_consistency.py']
[2023-05-19 10:32:39,860][src.utils][INFO] - Git diff:
diff --git a/src/evals/check_self_consistency.py b/src/evals/check_self_consistency.py
index 9cf6817..f48641f 100644
--- a/src/evals/check_self_consistency.py
+++ b/src/evals/check_self_consistency.py
@@ -65,15 +65,14 @@ def self_consistency_evaluation(
         # strip whitespace
         continuation = continuation.strip()

+
+
         if not valid_continuation(continuation, base):
             print("invalid continuation: ", continuation)
             invalid_responses += 1
             continue
-        else:
-            if base == 2:
-                int_response = int(continuation[2:], 2)
-            elif base == 10:
-                int_response = int(continuation)
+        if base == 2:
+            continuation = int(continuation, 2)

         # Generate an explanation
         explanation = generate_explanation(
@@ -114,12 +113,9 @@ def self_consistency_evaluation(

         # Check consistency
         print("implied_continuation: ", implied_continuation)
-        # get the continuation in decimal
-        if base == 2:
-            pass

         print("continuation: ", continuation)
-        if int_response == int(implied_continuation):
+        if continuation == int(implied_continuation):
             consistent_explanations += 1
         else:
             inconsistent_explanations += 1
