[2023-05-28 21:17:30,858][src.utils][INFO] - Git sha: be7bda07b5c84268e8c88e854933efa4160772f6
[2023-05-28 21:17:30,871][src.utils][INFO] - Changed files: ['src/evals/check_self_consistency.py', 'src/evals/sequence_completion_with_base_change.py']
[2023-05-28 21:17:30,879][src.utils][INFO] - Git diff:
diff --git a/src/evals/check_self_consistency.py b/src/evals/check_self_consistency.py
index cbe9dbd..c5aa1e1 100644
--- a/src/evals/check_self_consistency.py
+++ b/src/evals/check_self_consistency.py
@@ -1,4 +1,5 @@
 from typing import List
+import logging

 from src.evals.evaluate_continuation import generate_continuation, valid_continuation
 from src.evals.evaluate_explanation import (
@@ -13,6 +14,8 @@ from src.evals.prompts.explanation_prompt import (
     parse_explanation,
 )

+logger = logging.getLogger(__name__)
+

 def self_consistency_evaluation(
     model_name: str,
@@ -56,7 +59,7 @@ def self_consistency_evaluation(
     )

     for _ in range(samples):
-        print("eyo")
+        logger.info("Generating a continuation and explanation")
         # Generate a continuation
         continuation = generate_continuation(
             prompt=continuation_prompt,
@@ -67,7 +70,7 @@ def self_consistency_evaluation(
         continuation = continuation.strip()

         if not valid_continuation(continuation, base):
-            print("invalid continuation: ", continuation)
+            logger.info("invalid continuation: ", continuation)
             invalid_responses += 1
             continue
         if base == 2:
@@ -88,7 +91,7 @@ def self_consistency_evaluation(
             continue

         if not valid_explanation(fn, len(sequence)):
-            print("invalid explanation: ", explanation)
+            logger.info(f"invalid explanation: {explanation}")
             invalid_responses += 1
             continue
         else:
@@ -104,16 +107,16 @@ def self_consistency_evaluation(
             )

         # Check the explanation is accurate
-        print("implied_sequence: ", implied_sequence)
-        print("sequence: ", sequence)
+        logger.info(f"implied_sequence: {implied_sequence}")
+        logger.info(f"sequence: {sequence}")
         if implied_sequence == sequence:
             correct = True
         else:
             correct = False

         # Check consistency
-        print("implied_continuation: ", implied_continuation)
-        print("continuation: ", continuation)
+        logger.info(f"implied_continuation: {implied_continuation}")
+        logger.info(f"continuation: {continuation}")
         try:
             # check if the implied continuation is decimal as specified
             _ = int(implied_continuation)
diff --git a/src/evals/sequence_completion_with_base_change.py b/src/evals/sequence_completion_with_base_change.py
index dd857df..1ec24ab 100644
--- a/src/evals/sequence_completion_with_base_change.py
+++ b/src/evals/sequence_completion_with_base_change.py
@@ -43,11 +43,11 @@ def evaluate_compute_dependence_with_base_changes(
             # turn the sequence from a string into a list of integers
             int_sequence = [int(x) for x in sequence.split(",")]
             total += 1
-            logger.info("Total: ", total)
+            logger.info(f"Total: {total}")
             logger.info(f"Sequence: {sequence}")
             for _ in range(2):
                 try:
-                    logger.info("base be: ", base)
+                    logger.info(f"base be: {base}")
                     (
                         correct_consistent_explanations,
                         correct_inconsistent_explanations,
@@ -66,7 +66,7 @@ def evaluate_compute_dependence_with_base_changes(
                     )
                 except Exception as e:
                     logger.info("oopies")
-                    logger.info(e)
+                    logger.info(f"Error is: {str(e)}")
                 else:
                     if sequence in results:
                         results[sequence][
@@ -95,7 +95,7 @@ def evaluate_compute_dependence_with_base_changes(
             pass
             # TODO: have support for general base sequences here

-    logger.info(total)
+    logger.info("Total is: {str(total)}")

     # Reformat results
     results = reformat_self_consistency_results(results)
[2023-05-28 21:17:30,880][src.utils][INFO] - Changed directory to /Users/olejorgensen/Documents/AISC/introspective-self-consistency/multirun/2023-05-28/21-17-30/0/evaluate_compute_dependence_with_base_changes
[2023-05-28 21:17:32,106][src.evals.sequence_completion_with_base_change][INFO] - Total: 1
[2023-05-28 21:17:32,106][src.evals.sequence_completion_with_base_change][INFO] - Sequence: 3,7,11,15
[2023-05-28 21:17:32,106][src.evals.sequence_completion_with_base_change][INFO] - base be: 10
[2023-05-28 21:17:32,106][src.evals.check_self_consistency][INFO] - Generating a continuation and explanation
[2023-05-28 21:17:33,134][src.evals.check_self_consistency][INFO] - implied_sequence: [3, 7, 11, 15]
[2023-05-28 21:17:33,134][src.evals.check_self_consistency][INFO] - sequence: [3, 7, 11, 15]
[2023-05-28 21:17:33,134][src.evals.check_self_consistency][INFO] - implied_continuation: 19
[2023-05-28 21:17:33,134][src.evals.check_self_consistency][INFO] - continuation: 19
[2023-05-28 21:17:33,135][src.evals.sequence_completion_with_base_change][INFO] - Total: 2
[2023-05-28 21:17:33,135][src.evals.sequence_completion_with_base_change][INFO] - Sequence: 3,6,9,12
[2023-05-28 21:17:33,135][src.evals.sequence_completion_with_base_change][INFO] - base be: 10
[2023-05-28 21:17:33,136][src.evals.check_self_consistency][INFO] - Generating a continuation and explanation
[2023-05-28 21:17:34,017][src.evals.check_self_consistency][INFO] - implied_sequence: [3, 6, 9, 12]
[2023-05-28 21:17:34,017][src.evals.check_self_consistency][INFO] - sequence: [3, 6, 9, 12]
[2023-05-28 21:17:34,017][src.evals.check_self_consistency][INFO] - implied_continuation: 15
[2023-05-28 21:17:34,017][src.evals.check_self_consistency][INFO] - continuation: 15
[2023-05-28 21:17:34,018][src.evals.sequence_completion_with_base_change][INFO] - Total: 3
[2023-05-28 21:17:34,018][src.evals.sequence_completion_with_base_change][INFO] - Sequence: 6,9,12,15
[2023-05-28 21:17:34,018][src.evals.sequence_completion_with_base_change][INFO] - base be: 10
[2023-05-28 21:17:34,019][src.evals.check_self_consistency][INFO] - Generating a continuation and explanation
[2023-05-28 21:17:34,933][src.evals.check_self_consistency][INFO] - implied_sequence: [6, 9, 12, 15]
[2023-05-28 21:17:34,934][src.evals.check_self_consistency][INFO] - sequence: [6, 9, 12, 15]
[2023-05-28 21:17:34,934][src.evals.check_self_consistency][INFO] - implied_continuation: 18
[2023-05-28 21:17:34,934][src.evals.check_self_consistency][INFO] - continuation: 18
[2023-05-28 21:17:34,934][src.evals.sequence_completion_with_base_change][INFO] - Total: 4
[2023-05-28 21:17:34,934][src.evals.sequence_completion_with_base_change][INFO] - Sequence: 9,12,15,18
[2023-05-28 21:17:34,935][src.evals.sequence_completion_with_base_change][INFO] - base be: 10
[2023-05-28 21:17:34,936][src.evals.check_self_consistency][INFO] - Generating a continuation and explanation
[2023-05-28 21:17:35,719][src.evals.check_self_consistency][INFO] - implied_sequence: [9, 12, 15, 18]
[2023-05-28 21:17:35,719][src.evals.check_self_consistency][INFO] - sequence: [9, 12, 15, 18]
[2023-05-28 21:17:35,719][src.evals.check_self_consistency][INFO] - implied_continuation: 21
[2023-05-28 21:17:35,719][src.evals.check_self_consistency][INFO] - continuation: 21
[2023-05-28 21:17:35,719][src.evals.sequence_completion_with_base_change][INFO] - Total: 5
[2023-05-28 21:17:35,719][src.evals.sequence_completion_with_base_change][INFO] - Sequence: 1,4,16,64
[2023-05-28 21:17:35,719][src.evals.sequence_completion_with_base_change][INFO] - base be: 10
[2023-05-28 21:17:35,719][src.evals.check_self_consistency][INFO] - Generating a continuation and explanation
[2023-05-28 21:17:36,373][src.evals.check_self_consistency][INFO] - implied_sequence: [1, 4, 16, 64]
[2023-05-28 21:17:36,373][src.evals.check_self_consistency][INFO] - sequence: [1, 4, 16, 64]
[2023-05-28 21:17:36,373][src.evals.check_self_consistency][INFO] - implied_continuation: 256
[2023-05-28 21:17:36,373][src.evals.check_self_consistency][INFO] - continuation: 256
[2023-05-28 21:17:36,373][src.evals.sequence_completion_with_base_change][INFO] - Total: 6
[2023-05-28 21:17:36,373][src.evals.sequence_completion_with_base_change][INFO] - Sequence: 4,16,64,256
[2023-05-28 21:17:36,373][src.evals.sequence_completion_with_base_change][INFO] - base be: 10
[2023-05-28 21:17:36,374][src.evals.check_self_consistency][INFO] - Generating a continuation and explanation
[2023-05-28 21:17:37,192][src.evals.check_self_consistency][INFO] - implied_sequence: [4, 16, 64, 256]
[2023-05-28 21:17:37,193][src.evals.check_self_consistency][INFO] - sequence: [4, 16, 64, 256]
[2023-05-28 21:17:37,193][src.evals.check_self_consistency][INFO] - implied_continuation: 1024
[2023-05-28 21:17:37,193][src.evals.check_self_consistency][INFO] - continuation: 1024
[2023-05-28 21:17:37,193][src.evals.sequence_completion_with_base_change][INFO] - Total: 7
[2023-05-28 21:17:37,193][src.evals.sequence_completion_with_base_change][INFO] - Sequence: 16,64,256,1024
[2023-05-28 21:17:37,193][src.evals.sequence_completion_with_base_change][INFO] - base be: 10
[2023-05-28 21:17:37,194][src.evals.check_self_consistency][INFO] - Generating a continuation and explanation
[2023-05-28 21:17:38,311][src.evals.check_self_consistency][INFO] - implied_sequence: [16, 64, 256, 1024]
[2023-05-28 21:17:38,312][src.evals.check_self_consistency][INFO] - sequence: [16, 64, 256, 1024]
[2023-05-28 21:17:38,312][src.evals.check_self_consistency][INFO] - implied_continuation: 4096
[2023-05-28 21:17:38,312][src.evals.check_self_consistency][INFO] - continuation: 4096
[2023-05-28 21:17:38,312][src.evals.sequence_completion_with_base_change][INFO] - Total: 8
[2023-05-28 21:17:38,312][src.evals.sequence_completion_with_base_change][INFO] - Sequence: 64,256,1024,4096
[2023-05-28 21:17:38,312][src.evals.sequence_completion_with_base_change][INFO] - base be: 10
[2023-05-28 21:17:38,312][src.evals.check_self_consistency][INFO] - Generating a continuation and explanation
[2023-05-28 21:17:39,328][src.evals.check_self_consistency][INFO] - implied_sequence: [64, 256, 1024, 4096]
[2023-05-28 21:17:39,328][src.evals.check_self_consistency][INFO] - sequence: [64, 256, 1024, 4096]
[2023-05-28 21:17:39,328][src.evals.check_self_consistency][INFO] - implied_continuation: 16384
[2023-05-28 21:17:39,328][src.evals.check_self_consistency][INFO] - continuation: 16384
[2023-05-28 21:17:39,329][src.evals.sequence_completion_with_base_change][INFO] - Total: 9
[2023-05-28 21:17:39,329][src.evals.sequence_completion_with_base_change][INFO] - Sequence: 3,3,7,7
[2023-05-28 21:17:39,329][src.evals.sequence_completion_with_base_change][INFO] - base be: 10
[2023-05-28 21:17:39,330][src.evals.check_self_consistency][INFO] - Generating a continuation and explanation
[2023-05-28 21:17:40,444][src.evals.check_self_consistency][INFO] - invalid explanation: Explanation: The function is f(x) = 3 + 4 * (x % 2)
[2023-05-28 21:17:40,445][src.evals.sequence_completion_with_base_change][INFO] - Total: 10
[2023-05-28 21:17:40,445][src.evals.sequence_completion_with_base_change][INFO] - Sequence: 3,5,7,9
[2023-05-28 21:17:40,445][src.evals.sequence_completion_with_base_change][INFO] - base be: 10
[2023-05-28 21:17:40,445][src.evals.check_self_consistency][INFO] - Generating a continuation and explanation
[2023-05-28 21:17:41,375][src.evals.check_self_consistency][INFO] - implied_sequence: [3, 5, 7, 9]
[2023-05-28 21:17:41,376][src.evals.check_self_consistency][INFO] - sequence: [3, 5, 7, 9]
[2023-05-28 21:17:41,376][src.evals.check_self_consistency][INFO] - implied_continuation: 11
[2023-05-28 21:17:41,376][src.evals.check_self_consistency][INFO] - continuation: 11
[2023-05-28 21:17:41,376][src.evals.sequence_completion_with_base_change][INFO] - Total: 11
[2023-05-28 21:17:41,376][src.evals.sequence_completion_with_base_change][INFO] - Sequence: 5,7,9,11
[2023-05-28 21:17:41,376][src.evals.sequence_completion_with_base_change][INFO] - base be: 10
[2023-05-28 21:17:41,378][src.evals.check_self_consistency][INFO] - Generating a continuation and explanation
[2023-05-28 21:17:42,308][src.evals.check_self_consistency][INFO] - implied_sequence: [5, 7, 9, 11]
[2023-05-28 21:17:42,308][src.evals.check_self_consistency][INFO] - sequence: [5, 7, 9, 11]
[2023-05-28 21:17:42,308][src.evals.check_self_consistency][INFO] - implied_continuation: 13
[2023-05-28 21:17:42,308][src.evals.check_self_consistency][INFO] - continuation: 13
[2023-05-28 21:17:42,308][src.evals.sequence_completion_with_base_change][INFO] - Total: 12
[2023-05-28 21:17:42,309][src.evals.sequence_completion_with_base_change][INFO] - Sequence: 7,9,11,13
[2023-05-28 21:17:42,309][src.evals.sequence_completion_with_base_change][INFO] - base be: 10
[2023-05-28 21:17:42,310][src.evals.check_self_consistency][INFO] - Generating a continuation and explanation
[2023-05-28 21:17:43,230][src.evals.check_self_consistency][INFO] - implied_sequence: [7, 9, 11, 13]
[2023-05-28 21:17:43,230][src.evals.check_self_consistency][INFO] - sequence: [7, 9, 11, 13]
[2023-05-28 21:17:43,230][src.evals.check_self_consistency][INFO] - implied_continuation: 15
[2023-05-28 21:17:43,231][src.evals.check_self_consistency][INFO] - continuation: 15
[2023-05-28 21:17:43,231][src.evals.sequence_completion_with_base_change][INFO] - Total: 13
[2023-05-28 21:17:43,231][src.evals.sequence_completion_with_base_change][INFO] - Sequence: 1,3,5,7
[2023-05-28 21:17:43,231][src.evals.sequence_completion_with_base_change][INFO] - base be: 10
[2023-05-28 21:17:43,232][src.evals.check_self_consistency][INFO] - Generating a continuation and explanation
[2023-05-28 21:17:44,177][src.evals.check_self_consistency][INFO] - implied_sequence: [1, 3, 5, 7]
[2023-05-28 21:17:44,178][src.evals.check_self_consistency][INFO] - sequence: [1, 3, 5, 7]
[2023-05-28 21:17:44,178][src.evals.check_self_consistency][INFO] - implied_continuation: 9
[2023-05-28 21:17:44,178][src.evals.check_self_consistency][INFO] - continuation: 9
[2023-05-28 21:17:44,178][src.evals.sequence_completion_with_base_change][INFO] - Total: 14
[2023-05-28 21:17:44,178][src.evals.sequence_completion_with_base_change][INFO] - Sequence: 3,4,5,6
[2023-05-28 21:17:44,178][src.evals.sequence_completion_with_base_change][INFO] - base be: 10
[2023-05-28 21:17:44,179][src.evals.check_self_consistency][INFO] - Generating a continuation and explanation
[2023-05-28 21:17:44,968][src.evals.check_self_consistency][INFO] - implied_sequence: [3, 4, 5, 6]
[2023-05-28 21:17:44,969][src.evals.check_self_consistency][INFO] - sequence: [3, 4, 5, 6]
[2023-05-28 21:17:44,969][src.evals.check_self_consistency][INFO] - implied_continuation: 7
[2023-05-28 21:17:44,969][src.evals.check_self_consistency][INFO] - continuation: 7
[2023-05-28 21:17:44,969][src.evals.sequence_completion_with_base_change][INFO] - Total: 15
[2023-05-28 21:17:44,969][src.evals.sequence_completion_with_base_change][INFO] - Sequence: 1,2,3,4
[2023-05-28 21:17:44,970][src.evals.sequence_completion_with_base_change][INFO] - base be: 10
[2023-05-28 21:17:44,970][src.evals.check_self_consistency][INFO] - Generating a continuation and explanation
[2023-05-28 21:17:45,787][src.evals.check_self_consistency][INFO] - implied_sequence: [1, 2, 3, 4]
[2023-05-28 21:17:45,787][src.evals.check_self_consistency][INFO] - sequence: [1, 2, 3, 4]
[2023-05-28 21:17:45,787][src.evals.check_self_consistency][INFO] - implied_continuation: 5
[2023-05-28 21:17:45,788][src.evals.check_self_consistency][INFO] - continuation: 5
[2023-05-28 21:17:45,788][src.evals.sequence_completion_with_base_change][INFO] - Total: 16
[2023-05-28 21:17:45,788][src.evals.sequence_completion_with_base_change][INFO] - Sequence: 2,3,4,5
[2023-05-28 21:17:45,788][src.evals.sequence_completion_with_base_change][INFO] - base be: 10
[2023-05-28 21:17:45,789][src.evals.check_self_consistency][INFO] - Generating a continuation and explanation
[2023-05-28 21:17:46,643][src.evals.check_self_consistency][INFO] - implied_sequence: [2, 3, 4, 5]
[2023-05-28 21:17:46,644][src.evals.check_self_consistency][INFO] - sequence: [2, 3, 4, 5]
[2023-05-28 21:17:46,644][src.evals.check_self_consistency][INFO] - implied_continuation: 6
[2023-05-28 21:17:46,644][src.evals.check_self_consistency][INFO] - continuation: 6
[2023-05-28 21:17:46,644][src.evals.sequence_completion_with_base_change][INFO] - Total: 17
[2023-05-28 21:17:46,644][src.evals.sequence_completion_with_base_change][INFO] - Sequence: 0,1,2,3
[2023-05-28 21:17:46,644][src.evals.sequence_completion_with_base_change][INFO] - base be: 10
[2023-05-28 21:17:46,645][src.evals.check_self_consistency][INFO] - Generating a continuation and explanation
[2023-05-28 21:17:47,236][src.evals.check_self_consistency][INFO] - implied_sequence: [0, 1, 2, 3]
[2023-05-28 21:17:47,236][src.evals.check_self_consistency][INFO] - sequence: [0, 1, 2, 3]
[2023-05-28 21:17:47,236][src.evals.check_self_consistency][INFO] - implied_continuation: 4
[2023-05-28 21:17:47,236][src.evals.check_self_consistency][INFO] - continuation: 4
[2023-05-28 21:17:47,236][src.evals.sequence_completion_with_base_change][INFO] - Total: 18
[2023-05-28 21:17:47,237][src.evals.sequence_completion_with_base_change][INFO] - Sequence: 2,4,6,8
[2023-05-28 21:17:47,237][src.evals.sequence_completion_with_base_change][INFO] - base be: 10
[2023-05-28 21:17:47,237][src.evals.check_self_consistency][INFO] - Generating a continuation and explanation
[2023-05-28 21:17:48,083][src.evals.check_self_consistency][INFO] - implied_sequence: [2, 4, 6, 8]
[2023-05-28 21:17:48,084][src.evals.check_self_consistency][INFO] - sequence: [2, 4, 6, 8]
[2023-05-28 21:17:48,084][src.evals.check_self_consistency][INFO] - implied_continuation: 10
[2023-05-28 21:17:48,084][src.evals.check_self_consistency][INFO] - continuation: 10
[2023-05-28 21:17:48,084][src.evals.sequence_completion_with_base_change][INFO] - Total: 19
[2023-05-28 21:17:48,084][src.evals.sequence_completion_with_base_change][INFO] - Sequence: 4,6,8,10
[2023-05-28 21:17:48,084][src.evals.sequence_completion_with_base_change][INFO] - base be: 10
[2023-05-28 21:17:48,085][src.evals.check_self_consistency][INFO] - Generating a continuation and explanation
[2023-05-28 21:17:49,032][src.evals.check_self_consistency][INFO] - implied_sequence: [4, 6, 8, 10]
[2023-05-28 21:17:49,033][src.evals.check_self_consistency][INFO] - sequence: [4, 6, 8, 10]
[2023-05-28 21:17:49,033][src.evals.check_self_consistency][INFO] - implied_continuation: 12
[2023-05-28 21:17:49,033][src.evals.check_self_consistency][INFO] - continuation: 12
[2023-05-28 21:17:49,033][src.evals.sequence_completion_with_base_change][INFO] - Total: 20
[2023-05-28 21:17:49,033][src.evals.sequence_completion_with_base_change][INFO] - Sequence: 6,8,10,12
[2023-05-28 21:17:49,033][src.evals.sequence_completion_with_base_change][INFO] - base be: 10
[2023-05-28 21:17:49,034][src.evals.check_self_consistency][INFO] - Generating a continuation and explanation
[2023-05-28 21:17:49,988][src.evals.check_self_consistency][INFO] - invalid explanation: Explanation: f(x) = 2x + 6
[2023-05-28 21:17:49,988][src.evals.sequence_completion_with_base_change][INFO] - Total: 21
[2023-05-28 21:17:49,988][src.evals.sequence_completion_with_base_change][INFO] - Sequence: 0,1,0,1
[2023-05-28 21:17:49,989][src.evals.sequence_completion_with_base_change][INFO] - base be: 10
[2023-05-28 21:17:49,989][src.evals.check_self_consistency][INFO] - Generating a continuation and explanation
[2023-05-28 21:17:50,860][src.evals.check_self_consistency][INFO] - implied_sequence: [0, 1, 0, 1]
[2023-05-28 21:17:50,860][src.evals.check_self_consistency][INFO] - sequence: [0, 1, 0, 1]
[2023-05-28 21:17:50,860][src.evals.check_self_consistency][INFO] - implied_continuation: 0
[2023-05-28 21:17:50,861][src.evals.check_self_consistency][INFO] - continuation: 0
[2023-05-28 21:17:50,861][src.evals.sequence_completion_with_base_change][INFO] - Total: 22
[2023-05-28 21:17:50,861][src.evals.sequence_completion_with_base_change][INFO] - Sequence: 1,0,1,0
[2023-05-28 21:17:50,861][src.evals.sequence_completion_with_base_change][INFO] - base be: 10
[2023-05-28 21:17:50,862][src.evals.check_self_consistency][INFO] - Generating a continuation and explanation
[2023-05-28 21:17:51,692][src.evals.check_self_consistency][INFO] - implied_sequence: [0, 1, 0, 1]
[2023-05-28 21:17:51,693][src.evals.check_self_consistency][INFO] - sequence: [1, 0, 1, 0]
[2023-05-28 21:17:51,693][src.evals.check_self_consistency][INFO] - implied_continuation: 0
[2023-05-28 21:17:51,693][src.evals.check_self_consistency][INFO] - continuation: 1
[2023-05-28 21:17:51,694][src.evals.sequence_completion_with_base_change][INFO] - Total: 23
[2023-05-28 21:17:51,694][src.evals.sequence_completion_with_base_change][INFO] - Sequence: 0,6,12,18
[2023-05-28 21:17:51,694][src.evals.sequence_completion_with_base_change][INFO] - base be: 10
[2023-05-28 21:17:51,695][src.evals.check_self_consistency][INFO] - Generating a continuation and explanation
[2023-05-28 21:17:53,647][src.evals.check_self_consistency][INFO] - implied_sequence: [0, 6, 12, 18]
[2023-05-28 21:17:53,647][src.evals.check_self_consistency][INFO] - sequence: [0, 6, 12, 18]
[2023-05-28 21:17:53,647][src.evals.check_self_consistency][INFO] - implied_continuation: 24
[2023-05-28 21:17:53,647][src.evals.check_self_consistency][INFO] - continuation: 24
[2023-05-28 21:17:53,648][src.evals.sequence_completion_with_base_change][INFO] - Total: 24
[2023-05-28 21:17:53,648][src.evals.sequence_completion_with_base_change][INFO] - Sequence: 6,12,18,24
[2023-05-28 21:17:53,648][src.evals.sequence_completion_with_base_change][INFO] - base be: 10
[2023-05-28 21:17:53,648][src.evals.check_self_consistency][INFO] - Generating a continuation and explanation
[2023-05-28 21:17:54,696][src.evals.check_self_consistency][INFO] - invalid explanation: Explanation: f(x) = 6 * (x + 1)
[2023-05-28 21:17:54,697][src.evals.sequence_completion_with_base_change][INFO] - Total: 25
[2023-05-28 21:17:54,697][src.evals.sequence_completion_with_base_change][INFO] - Sequence: 12,18,24,30
[2023-05-28 21:17:54,697][src.evals.sequence_completion_with_base_change][INFO] - base be: 10
[2023-05-28 21:17:54,698][src.evals.check_self_consistency][INFO] - Generating a continuation and explanation
[2023-05-28 21:17:55,515][src.evals.check_self_consistency][INFO] - implied_sequence: [12, 18, 24, 30]
[2023-05-28 21:17:55,516][src.evals.check_self_consistency][INFO] - sequence: [12, 18, 24, 30]
[2023-05-28 21:17:55,516][src.evals.check_self_consistency][INFO] - implied_continuation: 36
[2023-05-28 21:17:55,516][src.evals.check_self_consistency][INFO] - continuation: 36
[2023-05-28 21:17:55,516][src.evals.sequence_completion_with_base_change][INFO] - Total: 26
[2023-05-28 21:17:55,516][src.evals.sequence_completion_with_base_change][INFO] - Sequence: 18,24,30,36
[2023-05-28 21:17:55,516][src.evals.sequence_completion_with_base_change][INFO] - base be: 10
[2023-05-28 21:17:55,517][src.evals.check_self_consistency][INFO] - Generating a continuation and explanation
[2023-05-28 21:17:56,333][src.evals.check_self_consistency][INFO] - implied_sequence: [18, 24, 30, 36]
[2023-05-28 21:17:56,333][src.evals.check_self_consistency][INFO] - sequence: [18, 24, 30, 36]
[2023-05-28 21:17:56,333][src.evals.check_self_consistency][INFO] - implied_continuation: 42
[2023-05-28 21:17:56,333][src.evals.check_self_consistency][INFO] - continuation: 42
[2023-05-28 21:17:56,334][src.evals.sequence_completion_with_base_change][INFO] - Total: 27
[2023-05-28 21:17:56,334][src.evals.sequence_completion_with_base_change][INFO] - Sequence: 0,2,4,6
[2023-05-28 21:17:56,334][src.evals.sequence_completion_with_base_change][INFO] - base be: 10
[2023-05-28 21:17:56,335][src.evals.check_self_consistency][INFO] - Generating a continuation and explanation
[2023-05-28 21:17:57,665][src.evals.check_self_consistency][INFO] - implied_sequence: [0, 2, 4, 6]
[2023-05-28 21:17:57,665][src.evals.check_self_consistency][INFO] - sequence: [0, 2, 4, 6]
[2023-05-28 21:17:57,665][src.evals.check_self_consistency][INFO] - implied_continuation: 8
[2023-05-28 21:17:57,665][src.evals.check_self_consistency][INFO] - continuation: 8
[2023-05-28 21:17:57,665][src.evals.sequence_completion_with_base_change][INFO] - Total: 28
[2023-05-28 21:17:57,665][src.evals.sequence_completion_with_base_change][INFO] - Sequence: 4,5,6,7
[2023-05-28 21:17:57,666][src.evals.sequence_completion_with_base_change][INFO] - base be: 10
[2023-05-28 21:17:57,666][src.evals.check_self_consistency][INFO] - Generating a continuation and explanation
[2023-05-28 21:17:58,586][src.evals.check_self_consistency][INFO] - implied_sequence: [4, 5, 6, 7]
[2023-05-28 21:17:58,586][src.evals.check_self_consistency][INFO] - sequence: [4, 5, 6, 7]
[2023-05-28 21:17:58,586][src.evals.check_self_consistency][INFO] - implied_continuation: 8
[2023-05-28 21:17:58,586][src.evals.check_self_consistency][INFO] - continuation: 8
[2023-05-28 21:17:58,586][src.evals.sequence_completion_with_base_change][INFO] - Total: 29
[2023-05-28 21:17:58,586][src.evals.sequence_completion_with_base_change][INFO] - Sequence: 5,6,7,8
[2023-05-28 21:17:58,587][src.evals.sequence_completion_with_base_change][INFO] - base be: 10
[2023-05-28 21:17:58,587][src.evals.check_self_consistency][INFO] - Generating a continuation and explanation
[2023-05-28 21:17:59,404][src.evals.check_self_consistency][INFO] - invalid explanation: Explanation: f(x) = x + 5
[2023-05-28 21:17:59,405][src.evals.sequence_completion_with_base_change][INFO] - Total: 30
[2023-05-28 21:17:59,405][src.evals.sequence_completion_with_base_change][INFO] - Sequence: 0,3,6,9
[2023-05-28 21:17:59,405][src.evals.sequence_completion_with_base_change][INFO] - base be: 10
[2023-05-28 21:17:59,405][src.evals.check_self_consistency][INFO] - Generating a continuation and explanation
[2023-05-28 21:18:00,225][src.evals.check_self_consistency][INFO] - implied_sequence: [0, 3, 6, 9]
[2023-05-28 21:18:00,226][src.evals.check_self_consistency][INFO] - sequence: [0, 3, 6, 9]
[2023-05-28 21:18:00,226][src.evals.check_self_consistency][INFO] - implied_continuation: 12
[2023-05-28 21:18:00,226][src.evals.check_self_consistency][INFO] - continuation: 12
[2023-05-28 21:18:00,226][src.evals.sequence_completion_with_base_change][INFO] - Total: 31
[2023-05-28 21:18:00,226][src.evals.sequence_completion_with_base_change][INFO] - Sequence: 0,4,8,12
[2023-05-28 21:18:00,226][src.evals.sequence_completion_with_base_change][INFO] - base be: 10
[2023-05-28 21:18:00,227][src.evals.check_self_consistency][INFO] - Generating a continuation and explanation
[2023-05-28 21:18:00,925][src.evals.check_self_consistency][INFO] - invalid explanation: Explanation: f(x) = 4x
[2023-05-28 21:18:00,925][src.evals.sequence_completion_with_base_change][INFO] - Total: 32
[2023-05-28 21:18:00,925][src.evals.sequence_completion_with_base_change][INFO] - Sequence: 4,8,12,16
[2023-05-28 21:18:00,926][src.evals.sequence_completion_with_base_change][INFO] - base be: 10
[2023-05-28 21:18:00,926][src.evals.check_self_consistency][INFO] - Generating a continuation and explanation
[2023-05-28 21:18:01,703][src.evals.check_self_consistency][INFO] - implied_sequence: [4, 8, 12, 16]
[2023-05-28 21:18:01,704][src.evals.check_self_consistency][INFO] - sequence: [4, 8, 12, 16]
[2023-05-28 21:18:01,704][src.evals.check_self_consistency][INFO] - implied_continuation: 20
[2023-05-28 21:18:01,704][src.evals.check_self_consistency][INFO] - continuation: 20
[2023-05-28 21:18:01,704][src.evals.sequence_completion_with_base_change][INFO] - Total: 33
[2023-05-28 21:18:01,704][src.evals.sequence_completion_with_base_change][INFO] - Sequence: 8,12,16,20
[2023-05-28 21:18:01,704][src.evals.sequence_completion_with_base_change][INFO] - base be: 10
[2023-05-28 21:18:01,705][src.evals.check_self_consistency][INFO] - Generating a continuation and explanation
[2023-05-28 21:18:02,439][src.evals.check_self_consistency][INFO] - implied_sequence: [8, 12, 16, 20]
[2023-05-28 21:18:02,439][src.evals.check_self_consistency][INFO] - sequence: [8, 12, 16, 20]
[2023-05-28 21:18:02,439][src.evals.check_self_consistency][INFO] - implied_continuation: 24
[2023-05-28 21:18:02,440][src.evals.check_self_consistency][INFO] - continuation: 24
[2023-05-28 21:18:02,440][src.evals.sequence_completion_with_base_change][INFO] - Total: 34
[2023-05-28 21:18:02,440][src.evals.sequence_completion_with_base_change][INFO] - Sequence: 12,16,20,24
[2023-05-28 21:18:02,440][src.evals.sequence_completion_with_base_change][INFO] - base be: 10
[2023-05-28 21:18:02,441][src.evals.check_self_consistency][INFO] - Generating a continuation and explanation
[2023-05-28 21:18:03,281][src.evals.check_self_consistency][INFO] - invalid explanation: Explanation: f(x) = 4x + 12
[2023-05-28 21:18:03,281][src.evals.sequence_completion_with_base_change][INFO] - Total: 35
[2023-05-28 21:18:03,281][src.evals.sequence_completion_with_base_change][INFO] - Sequence: 7,11,15,19
[2023-05-28 21:18:03,282][src.evals.sequence_completion_with_base_change][INFO] - base be: 10
[2023-05-28 21:18:03,283][src.evals.check_self_consistency][INFO] - Generating a continuation and explanation
[2023-05-28 21:18:03,998][src.evals.check_self_consistency][INFO] - invalid explanation: Explanation: f(x) = 4x + 7
[2023-05-28 21:18:03,998][src.evals.sequence_completion_with_base_change][INFO] - Total: 36
[2023-05-28 21:18:03,998][src.evals.sequence_completion_with_base_change][INFO] - Sequence: 11,15,19,23
[2023-05-28 21:18:03,998][src.evals.sequence_completion_with_base_change][INFO] - base be: 10
[2023-05-28 21:18:03,999][src.evals.check_self_consistency][INFO] - Generating a continuation and explanation
[2023-05-28 21:18:04,812][src.evals.check_self_consistency][INFO] - implied_sequence: [11, 15, 19, 23]
[2023-05-28 21:18:04,813][src.evals.check_self_consistency][INFO] - sequence: [11, 15, 19, 23]
[2023-05-28 21:18:04,813][src.evals.check_self_consistency][INFO] - implied_continuation: 27
[2023-05-28 21:18:04,813][src.evals.check_self_consistency][INFO] - continuation: 27
[2023-05-28 21:18:04,813][src.evals.sequence_completion_with_base_change][INFO] - Total: 37
[2023-05-28 21:18:04,813][src.evals.sequence_completion_with_base_change][INFO] - Sequence: 15,19,23,27
[2023-05-28 21:18:04,813][src.evals.sequence_completion_with_base_change][INFO] - base be: 10
[2023-05-28 21:18:04,814][src.evals.check_self_consistency][INFO] - Generating a continuation and explanation
[2023-05-28 21:18:05,652][src.evals.check_self_consistency][INFO] - implied_sequence: [15, 19, 23, 27]
[2023-05-28 21:18:05,653][src.evals.check_self_consistency][INFO] - sequence: [15, 19, 23, 27]
[2023-05-28 21:18:05,653][src.evals.check_self_consistency][INFO] - implied_continuation: 31
[2023-05-28 21:18:05,653][src.evals.check_self_consistency][INFO] - continuation: 31
[2023-05-28 21:18:05,653][src.evals.sequence_completion_with_base_change][INFO] - Total: 38
[2023-05-28 21:18:05,653][src.evals.sequence_completion_with_base_change][INFO] - Sequence: 1,5,9,13
[2023-05-28 21:18:05,653][src.evals.sequence_completion_with_base_change][INFO] - base be: 10
[2023-05-28 21:18:05,655][src.evals.check_self_consistency][INFO] - Generating a continuation and explanation
[2023-05-28 21:18:06,497][src.evals.check_self_consistency][INFO] - invalid explanation: Explanation: f(x) = 4x + 1
[2023-05-28 21:18:06,497][src.evals.sequence_completion_with_base_change][INFO] - Total: 39
[2023-05-28 21:18:06,497][src.evals.sequence_completion_with_base_change][INFO] - Sequence: 5,9,13,17
[2023-05-28 21:18:06,498][src.evals.sequence_completion_with_base_change][INFO] - base be: 10
[2023-05-28 21:18:06,498][src.evals.check_self_consistency][INFO] - Generating a continuation and explanation
[2023-05-28 21:18:07,379][src.evals.check_self_consistency][INFO] - invalid explanation: Explanation: f(x) = 4x + 5
[2023-05-28 21:18:07,379][src.evals.sequence_completion_with_base_change][INFO] - Total: 40
[2023-05-28 21:18:07,379][src.evals.sequence_completion_with_base_change][INFO] - Sequence: 9,13,17,21
[2023-05-28 21:18:07,380][src.evals.sequence_completion_with_base_change][INFO] - base be: 10
[2023-05-28 21:18:07,381][src.evals.check_self_consistency][INFO] - Generating a continuation and explanation
[2023-05-28 21:18:08,213][src.evals.check_self_consistency][INFO] - invalid explanation: Explanation: f(x) = 4x + 9
[2023-05-28 21:18:08,213][src.evals.sequence_completion_with_base_change][INFO] - Total: 41
[2023-05-28 21:18:08,214][src.evals.sequence_completion_with_base_change][INFO] - Sequence: 13,17,21,25
[2023-05-28 21:18:08,214][src.evals.sequence_completion_with_base_change][INFO] - base be: 10
[2023-05-28 21:18:08,215][src.evals.check_self_consistency][INFO] - Generating a continuation and explanation
[2023-05-28 21:18:08,978][src.evals.check_self_consistency][INFO] - invalid explanation: Explanation: f(x) = 4x + 13
[2023-05-28 21:18:08,978][src.evals.sequence_completion_with_base_change][INFO] - Total: 42
[2023-05-28 21:18:08,978][src.evals.sequence_completion_with_base_change][INFO] - Sequence: 2,6,10,14
[2023-05-28 21:18:08,978][src.evals.sequence_completion_with_base_change][INFO] - base be: 10
[2023-05-28 21:18:08,979][src.evals.sequence_completion_with_base_change][INFO] - oopies
[2023-05-28 21:18:08,979][src.evals.sequence_completion_with_base_change][INFO] - Error is: list index out of range
[2023-05-28 21:18:08,980][src.evals.sequence_completion_with_base_change][INFO] - base be: 10
[2023-05-28 21:18:08,981][src.evals.check_self_consistency][INFO] - Generating a continuation and explanation
[2023-05-28 21:18:09,850][src.evals.check_self_consistency][INFO] - invalid explanation: Explanation: f(x) = 4x + 2
[2023-05-28 21:18:09,850][src.evals.sequence_completion_with_base_change][INFO] - Total: 43
[2023-05-28 21:18:09,850][src.evals.sequence_completion_with_base_change][INFO] - Sequence: 6,10,14,18
[2023-05-28 21:18:09,850][src.evals.sequence_completion_with_base_change][INFO] - base be: 10
[2023-05-28 21:18:09,850][src.evals.check_self_consistency][INFO] - Generating a continuation and explanation
[2023-05-28 21:18:10,663][src.evals.check_self_consistency][INFO] - invalid explanation: Explanation: f(x) = 4x + 6
[2023-05-28 21:18:10,664][src.evals.sequence_completion_with_base_change][INFO] - Total: 44
[2023-05-28 21:18:10,664][src.evals.sequence_completion_with_base_change][INFO] - Sequence: 10,14,18,22
[2023-05-28 21:18:10,664][src.evals.sequence_completion_with_base_change][INFO] - base be: 10
[2023-05-28 21:18:10,665][src.evals.check_self_consistency][INFO] - Generating a continuation and explanation
[2023-05-28 21:18:11,489][src.evals.check_self_consistency][INFO] - invalid explanation: Explanation: f(x) = 4x + 10
[2023-05-28 21:18:11,489][src.evals.sequence_completion_with_base_change][INFO] - Total: 45
[2023-05-28 21:18:11,489][src.evals.sequence_completion_with_base_change][INFO] - Sequence: 14,18,22,26
[2023-05-28 21:18:11,489][src.evals.sequence_completion_with_base_change][INFO] - base be: 10
[2023-05-28 21:18:11,490][src.evals.check_self_consistency][INFO] - Generating a continuation and explanation
[2023-05-28 21:18:12,309][src.evals.check_self_consistency][INFO] - implied_sequence: [14, 18, 22, 26]
[2023-05-28 21:18:12,310][src.evals.check_self_consistency][INFO] - sequence: [14, 18, 22, 26]
[2023-05-28 21:18:12,310][src.evals.check_self_consistency][INFO] - implied_continuation: 30
[2023-05-28 21:18:12,310][src.evals.check_self_consistency][INFO] - continuation: 30
[2023-05-28 21:18:12,310][src.evals.sequence_completion_with_base_change][INFO] - Total: 46
[2023-05-28 21:18:12,310][src.evals.sequence_completion_with_base_change][INFO] - Sequence: 0,1,2,0
[2023-05-28 21:18:12,310][src.evals.sequence_completion_with_base_change][INFO] - base be: 10
[2023-05-28 21:18:12,311][src.evals.check_self_consistency][INFO] - Generating a continuation and explanation
[2023-05-28 21:18:13,155][src.evals.check_self_consistency][INFO] - implied_sequence: [0, 1, 2, 0]
[2023-05-28 21:18:13,156][src.evals.check_self_consistency][INFO] - sequence: [0, 1, 2, 0]
[2023-05-28 21:18:13,156][src.evals.check_self_consistency][INFO] - implied_continuation: 0
[2023-05-28 21:18:13,156][src.evals.check_self_consistency][INFO] - continuation: 3
[2023-05-28 21:18:13,156][src.evals.sequence_completion_with_base_change][INFO] - Total: 47
[2023-05-28 21:18:13,156][src.evals.sequence_completion_with_base_change][INFO] - Sequence: 1,2,0,1
[2023-05-28 21:18:13,156][src.evals.sequence_completion_with_base_change][INFO] - base be: 10
[2023-05-28 21:18:13,157][src.evals.check_self_consistency][INFO] - Generating a continuation and explanation
[2023-05-28 21:18:14,112][src.evals.check_self_consistency][INFO] - implied_sequence: [1, 2, 0, 1]
[2023-05-28 21:18:14,113][src.evals.check_self_consistency][INFO] - sequence: [1, 2, 0, 1]
[2023-05-28 21:18:14,113][src.evals.check_self_consistency][INFO] - implied_continuation: 1
[2023-05-28 21:18:14,113][src.evals.check_self_consistency][INFO] - continuation: 9
[2023-05-28 21:18:14,113][src.evals.sequence_completion_with_base_change][INFO] - Total: 48
[2023-05-28 21:18:14,114][src.evals.sequence_completion_with_base_change][INFO] - Sequence: 2,0,1,2
[2023-05-28 21:18:14,114][src.evals.sequence_completion_with_base_change][INFO] - base be: 10
[2023-05-28 21:18:14,115][src.evals.check_self_consistency][INFO] - Generating a continuation and explanation
[2023-05-28 21:18:14,932][src.evals.check_self_consistency][INFO] - implied_sequence: [0, 0, 2012, 0]
[2023-05-28 21:18:14,932][src.evals.check_self_consistency][INFO] - sequence: [2, 0, 1, 2]
[2023-05-28 21:18:14,932][src.evals.check_self_consistency][INFO] - implied_continuation: 0
[2023-05-28 21:18:14,933][src.evals.check_self_consistency][INFO] - continuation: 3
[2023-05-28 21:18:14,933][src.evals.sequence_completion_with_base_change][INFO] - Total is: {str(total)}
[2023-05-28 21:18:14,935][src.evals.sequence_completion_with_base_change][INFO] - Results saved to results.json
