[2023-06-16 11:20:31,829][src.utils][INFO] - Git sha: a2098fdab6eb094c30329ad062e7578106568510
[2023-06-16 11:20:31,848][src.utils][INFO] - Changed files: ['src/evals/config.py']
[2023-06-16 11:20:31,861][src.utils][INFO] - Git diff:
diff --git a/src/evals/config.py b/src/evals/config.py
index 0cc1c40..ed52917 100644
--- a/src/evals/config.py
+++ b/src/evals/config.py
@@ -61,18 +61,14 @@ class SequenceCompletionBaseChangeConfig(BaseEvalConfig):
     shot_method: str = "random"
     task_prompt: str = "self-consistency"
     role_prompt: Optional[str] = None
-    _base: int = 10
+    base: int = 10
     seed: int = 21

-    @property
-    def base(self):
-        return self._base
-
-    @base.setter
-    def base(self, value):
-        if value not in [2, 10]:
-            raise ValueError("base can only be 2 or 10")
-        self._base = value
+    def __post_init__(self):
+        super().__post_init__()
+        if self.base not in [2, 10]:
+            raise ValueError(f"Base must be 2 or 10; got {self.base}")
+


 @dataclass
[2023-06-16 11:20:33,933][src.evals.sequence_completion_with_base_change][INFO] - Total: 0
[2023-06-16 11:20:33,933][src.evals.sequence_completion_with_base_change][INFO] - Sequence: 0,6,12,18
[2023-06-16 11:20:33,933][src.evals.prompts.explanation_prompt][INFO] - [{'role': 'system', 'content': '\nHere are some examples of sequence explanations, i.e. python functions\nwhich generated the preceding sequences base 10. Assume the first number was generated by f(0),\nthe second by f(1), the third by f(2), and so on.\n'}, {'role': 'user', 'content': '0,0,0,0'}, {'role': 'assistant', 'content': 'Explanation: lambda x: (6 * (x + 0)) * 0'}, {'role': 'user', 'content': '0,64,512,1728'}, {'role': 'assistant', 'content': 'Explanation: lambda x: (4 * (x + 0)) ** 3'}, {'role': 'user', 'content': '36,72,108,144'}, {'role': 'assistant', 'content': 'Explanation: lambda x: (6 * (x + 1)) * 6'}, {'role': 'user', 'content': '0,0,0,0'}, {'role': 'assistant', 'content': 'Explanation: lambda x: (5 * (x + 3)) * 0'}, {'role': 'user', 'content': 'Choose a function which generates the following sequence.\nNote that you will be separately asked to choose a continuation of the sequence.\nPlease choose a function which is consistent with the continuation you will choose.\nAssume the first number was generated by f(0), the second by f(1), and so on.\nThe function should output numbers in the same representation as the sequence.\nGive the response in the format:\nExplanation: <function>\n\nThe sequence is in base 10.\nQ: 0,6,12,18'}, {'role': 'assistant', 'content': 'A: '}]
[2023-06-16 11:20:33,933][src.evals.check_self_consistency][INFO] - Generating a continuation and explanation
[2023-06-16 11:20:34,373][src.evals.check_self_consistency][INFO] - continuation: 24
[2023-06-16 11:20:34,786][src.evals.check_self_consistency][INFO] - explanation: Explanation: lambda x: 6 * x
[2023-06-16 11:20:34,787][src.evals.check_self_consistency][INFO] - implied_sequence: [0, 6, 12, 18]
[2023-06-16 11:20:34,787][src.evals.check_self_consistency][INFO] - sequence: [0, 6, 12, 18]
[2023-06-16 11:20:34,787][src.evals.check_self_consistency][INFO] - implied_continuation: 24
[2023-06-16 11:20:34,787][src.evals.check_self_consistency][INFO] - continuation: 24
[2023-06-16 11:20:34,787][src.evals.sequence_completion_with_base_change][INFO] - Total: 1
[2023-06-16 11:20:34,787][src.evals.sequence_completion_with_base_change][INFO] - Sequence: 6,12,18,24
[2023-06-16 11:20:34,788][src.evals.sequence_completion_with_base_change][WARNING] - Error in self consistency evaluation.
[2023-06-16 11:20:34,788][src.evals.sequence_completion_with_base_change][WARNING] - list index out of range
[2023-06-16 11:20:34,789][src.evals.prompts.explanation_prompt][INFO] - [{'role': 'system', 'content': '\nHere are some examples of sequence explanations, i.e. python functions\nwhich generated the preceding sequences base 10. Assume the first number was generated by f(0),\nthe second by f(1), the third by f(2), and so on.\n'}, {'role': 'user', 'content': '7,13,19,25'}, {'role': 'assistant', 'content': 'Explanation: lambda x: (6 * (x + 1)) + 1'}, {'role': 'user', 'content': '0,0,0,0'}, {'role': 'assistant', 'content': 'Explanation: lambda x: ((x + 6) * 6) % (5+1)'}, {'role': 'user', 'content': '1,2,3,4'}, {'role': 'assistant', 'content': 'Explanation: lambda x: [i for i in range(100) if i % (4 + 1) or i % (5 + 1)][(x + 0)]'}, {'role': 'user', 'content': '19,23,27,31'}, {'role': 'assistant', 'content': 'Explanation: lambda x: (4 * (x + 4)) + 3'}, {'role': 'user', 'content': 'Choose a function which generates the following sequence.\nNote that you will be separately asked to choose a continuation of the sequence.\nPlease choose a function which is consistent with the continuation you will choose.\nAssume the first number was generated by f(0), the second by f(1), and so on.\nThe function should output numbers in the same representation as the sequence.\nGive the response in the format:\nExplanation: <function>\n\nThe sequence is in base 10.\nQ: 6,12,18,24'}, {'role': 'assistant', 'content': 'A: '}]
[2023-06-16 11:20:34,789][src.evals.check_self_consistency][INFO] - Generating a continuation and explanation
[2023-06-16 11:20:35,066][src.evals.check_self_consistency][INFO] - continuation: 30
[2023-06-16 11:20:35,516][src.evals.check_self_consistency][INFO] - explanation: Explanation: lambda x: (x + 1) * 6
[2023-06-16 11:20:35,517][src.evals.check_self_consistency][INFO] - implied_sequence: [6, 12, 18, 24]
[2023-06-16 11:20:35,517][src.evals.check_self_consistency][INFO] - sequence: [6, 12, 18, 24]
[2023-06-16 11:20:35,517][src.evals.check_self_consistency][INFO] - implied_continuation: 30
[2023-06-16 11:20:35,517][src.evals.check_self_consistency][INFO] - continuation: 30
[2023-06-16 11:20:35,518][src.evals.sequence_completion_with_base_change][INFO] - Total: 2
[2023-06-16 11:20:35,518][src.evals.sequence_completion_with_base_change][INFO] - Sequence: 12,18,24,30
[2023-06-16 11:20:35,521][src.evals.prompts.explanation_prompt][INFO] - [{'role': 'system', 'content': '\nHere are some examples of sequence explanations, i.e. python functions\nwhich generated the preceding sequences base 10. Assume the first number was generated by f(0),\nthe second by f(1), the third by f(2), and so on.\n'}, {'role': 'user', 'content': '6,12,18,24'}, {'role': 'assistant', 'content': 'Explanation: lambda x: (6 * (x + 1)) + 0'}, {'role': 'user', 'content': '0,1,2,3'}, {'role': 'assistant', 'content': 'Explanation: lambda x: ((x + 0) * 5) % (3+1)'}, {'role': 'user', 'content': '0,0,0,0'}, {'role': 'assistant', 'content': 'Explanation: lambda x: 0 ** (4 * (x + 4))'}, {'role': 'user', 'content': '0,0,0,0'}, {'role': 'assistant', 'content': 'Explanation: lambda x: ((x + 4) * 4) % (1+1)'}, {'role': 'user', 'content': 'Choose a function which generates the following sequence.\nNote that you will be separately asked to choose a continuation of the sequence.\nPlease choose a function which is consistent with the continuation you will choose.\nAssume the first number was generated by f(0), the second by f(1), and so on.\nThe function should output numbers in the same representation as the sequence.\nGive the response in the format:\nExplanation: <function>\n\nThe sequence is in base 10.\nQ: 12,18,24,30'}, {'role': 'assistant', 'content': 'A: '}]
[2023-06-16 11:20:35,521][src.evals.check_self_consistency][INFO] - Generating a continuation and explanation
[2023-06-16 11:20:35,837][src.evals.check_self_consistency][INFO] - continuation: 36
[2023-06-16 11:20:37,234][src.evals.check_self_consistency][INFO] - explanation: Explanation: lambda x: (6 * (x + 2)) + 0

Note: This function generates the sequence by adding 6 to the previous number in the sequence.

Continuation: 36, 42, 48, 54, ...

Explanation: lambda x: (6 * (x + 3)) + 0

Note: This function generates the continuation by adding 6 to the previous number in the sequence.
[2023-06-16 11:20:37,235][src.evals.check_self_consistency][INFO] - implied_sequence: [18, 24, 30, 36]
[2023-06-16 11:20:37,235][src.evals.check_self_consistency][INFO] - sequence: [12, 18, 24, 30]
[2023-06-16 11:20:37,236][src.evals.check_self_consistency][INFO] - implied_continuation: 42
[2023-06-16 11:20:37,236][src.evals.check_self_consistency][INFO] - continuation: 36
[2023-06-16 11:20:37,236][src.evals.sequence_completion_with_base_change][INFO] - Total: 3
[2023-06-16 11:20:37,236][src.evals.sequence_completion_with_base_change][INFO] - Sequence: 18,24,30,36
[2023-06-16 11:20:37,238][src.evals.prompts.explanation_prompt][INFO] - [{'role': 'system', 'content': '\nHere are some examples of sequence explanations, i.e. python functions\nwhich generated the preceding sequences base 10. Assume the first number was generated by f(0),\nthe second by f(1), the third by f(2), and so on.\n'}, {'role': 'user', 'content': '0,0,0,0'}, {'role': 'assistant', 'content': 'Explanation: lambda x: (0 * (x + 0)) * 1'}, {'role': 'user', 'content': '4,5,6,7'}, {'role': 'assistant', 'content': 'Explanation: lambda x: [i for i in range(100) if i % (1 + 1) or i % (6 + 1)][(x + 3)]'}, {'role': 'user', 'content': '0,1,32,243'}, {'role': 'assistant', 'content': 'Explanation: lambda x: (1 * (x + 0)) ** 5'}, {'role': 'user', 'content': '4,2,0,4'}, {'role': 'assistant', 'content': 'Explanation: lambda x: ((x + 1) * 4) % (5+1)'}, {'role': 'user', 'content': 'Choose a function which generates the following sequence.\nNote that you will be separately asked to choose a continuation of the sequence.\nPlease choose a function which is consistent with the continuation you will choose.\nAssume the first number was generated by f(0), the second by f(1), and so on.\nThe function should output numbers in the same representation as the sequence.\nGive the response in the format:\nExplanation: <function>\n\nThe sequence is in base 10.\nQ: 18,24,30,36'}, {'role': 'assistant', 'content': 'A: '}]
[2023-06-16 11:20:37,239][src.evals.check_self_consistency][INFO] - Generating a continuation and explanation
[2023-06-16 11:20:37,516][src.evals.check_self_consistency][INFO] - continuation: 42
[2023-06-16 11:20:38,050][src.evals.check_self_consistency][INFO] - explanation: Explanation: lambda x: (6 * (x + 3))
[2023-06-16 11:20:38,051][src.evals.check_self_consistency][INFO] - implied_sequence: [18, 24, 30, 36]
[2023-06-16 11:20:38,051][src.evals.check_self_consistency][INFO] - sequence: [18, 24, 30, 36]
[2023-06-16 11:20:38,051][src.evals.check_self_consistency][INFO] - implied_continuation: 42
[2023-06-16 11:20:38,051][src.evals.check_self_consistency][INFO] - continuation: 42
[2023-06-16 11:20:38,052][src.evals.sequence_completion_with_base_change][INFO] - Total: 4
[2023-06-16 11:20:38,052][src.evals.sequence_completion_with_base_change][INFO] - Sequence: 1,2,3,4
[2023-06-16 11:20:38,055][src.evals.prompts.explanation_prompt][INFO] - [{'role': 'system', 'content': '\nHere are some examples of sequence explanations, i.e. python functions\nwhich generated the preceding sequences base 10. Assume the first number was generated by f(0),\nthe second by f(1), the third by f(2), and so on.\n'}, {'role': 'user', 'content': '6,7,8,9'}, {'role': 'assistant', 'content': 'Explanation: lambda x: [i for i in range(100) if i % (3 + 1) or i % (6 + 1)][(x + 5)]'}, {'role': 'user', 'content': '0,0,0,0'}, {'role': 'assistant', 'content': 'Explanation: lambda x: 0 ** (6 * (x + 2))'}, {'role': 'user', 'content': '32,38,44,50'}, {'role': 'assistant', 'content': 'Explanation: lambda x: (6 * (x + 5)) + 2'}, {'role': 'user', 'content': '0,0,0,0'}, {'role': 'assistant', 'content': 'Explanation: lambda x: (0 * (x + 1)) ** 3'}, {'role': 'user', 'content': 'Choose a function which generates the following sequence.\nNote that you will be separately asked to choose a continuation of the sequence.\nPlease choose a function which is consistent with the continuation you will choose.\nAssume the first number was generated by f(0), the second by f(1), and so on.\nThe function should output numbers in the same representation as the sequence.\nGive the response in the format:\nExplanation: <function>\n\nThe sequence is in base 10.\nQ: 1,2,3,4'}, {'role': 'assistant', 'content': 'A: '}]
[2023-06-16 11:20:38,055][src.evals.check_self_consistency][INFO] - Generating a continuation and explanation
[2023-06-16 11:20:38,458][src.evals.check_self_consistency][INFO] - continuation: 5
[2023-06-16 11:20:38,869][src.evals.check_self_consistency][INFO] - explanation: Explanation: lambda x: x + 1
[2023-06-16 11:20:38,870][src.evals.check_self_consistency][INFO] - implied_sequence: [1, 2, 3, 4]
[2023-06-16 11:20:38,870][src.evals.check_self_consistency][INFO] - sequence: [1, 2, 3, 4]
[2023-06-16 11:20:38,870][src.evals.check_self_consistency][INFO] - implied_continuation: 5
[2023-06-16 11:20:38,870][src.evals.check_self_consistency][INFO] - continuation: 5
[2023-06-16 11:20:38,871][src.evals.sequence_completion_with_base_change][INFO] - Total: 5
[2023-06-16 11:20:38,871][src.evals.sequence_completion_with_base_change][INFO] - Sequence: 2,3,4,5
[2023-06-16 11:20:38,873][src.evals.prompts.explanation_prompt][INFO] - [{'role': 'system', 'content': '\nHere are some examples of sequence explanations, i.e. python functions\nwhich generated the preceding sequences base 10. Assume the first number was generated by f(0),\nthe second by f(1), the third by f(2), and so on.\n'}, {'role': 'user', 'content': '0,0,0,0'}, {'role': 'assistant', 'content': 'Explanation: lambda x: ((x + 1) * 3) % (0+1)'}, {'role': 'user', 'content': '2,3,4,5'}, {'role': 'assistant', 'content': 'Explanation: lambda x: [i for i in range(100) if i % (2 + 1) or i % (6 + 1)][(x + 1)]'}, {'role': 'user', 'content': '2985984,16777216,64000000,191102976'}, {'role': 'assistant', 'content': 'Explanation: lambda x: (4 * (x + 3)) ** 6'}, {'role': 'user', 'content': '68719476736,281474976710656,1152921504606846976,4722366482869645213696'}, {'role': 'assistant', 'content': 'Explanation: lambda x: 4 ** (6 * (x + 3))'}, {'role': 'user', 'content': 'Choose a function which generates the following sequence.\nNote that you will be separately asked to choose a continuation of the sequence.\nPlease choose a function which is consistent with the continuation you will choose.\nAssume the first number was generated by f(0), the second by f(1), and so on.\nThe function should output numbers in the same representation as the sequence.\nGive the response in the format:\nExplanation: <function>\n\nThe sequence is in base 10.\nQ: 2,3,4,5'}, {'role': 'assistant', 'content': 'A: '}]
[2023-06-16 11:20:38,874][src.evals.check_self_consistency][INFO] - Generating a continuation and explanation
[2023-06-16 11:20:39,148][src.evals.check_self_consistency][INFO] - continuation: 6
