[2023-06-16 11:39:59,334][src.utils][INFO] - Git sha: fd00080573515df25dbb78c9917dadba5fd71568
[2023-06-16 11:40:01,432][src.evals.sequence_completion_with_base_change][INFO] - Total: 0
[2023-06-16 11:40:01,432][src.evals.sequence_completion_with_base_change][INFO] - Sequence: 1,2,3,4
[2023-06-16 11:40:01,433][src.evals.prompts.explanation_prompt][INFO] - [{'role': 'system', 'content': '\nHere are some examples of sequence explanations, i.e. python functions\nwhich generated the preceding sequences base 2. Assume the first number was generated by f(0),\nthe second by f(1), the third by f(2), and so on.\n'}, {'role': 'user', 'content': '0b100,0b101,0b110,0b111'}, {'role': 'assistant', 'content': 'Explanation: lambda x: bin([i for i in range(100) if i % (3 + 1) or i % (6 + 1)][(x + 3)])'}, {'role': 'user', 'content': '0b1010,0b1100,0b1110,0b10000'}, {'role': 'assistant', 'content': 'Explanation: lambda x: bin((2 * (x + 3)) + 4)'}, {'role': 'user', 'content': '0b10000001101111110001000000000000,0b10111000101111001000101001001000000000000000000,0b100000111000010000111001011100011100001000000000000000000000000,0b101110110100000111000011110010100111100010111001000000000000000000000000000000'}, {'role': 'assistant', 'content': 'Explanation: lambda x: bin(6 ** (6 * (x + 2)))'}, {'role': 'user', 'content': '0b10000,0b100000000,0b1000000000000,0b10000000000000000'}, {'role': 'assistant', 'content': 'Explanation: lambda x: bin(2 ** (4 * (x + 1)))'}, {'role': 'user', 'content': 'Choose a function which generates the following sequence.\nNote that you will be separately asked to choose a continuation of the sequence.\nPlease choose a function which is consistent with the continuation you will choose.\nAssume the first number was generated by f(0), the second by f(1), and so on.\nThe function should output numbers in the same representation as the sequence.\nGive the response in the format:\nExplanation: <function>\n\nThe sequence is in base 2.\nQ: 0b1,0b10,0b11,0b100'}, {'role': 'assistant', 'content': 'A: '}]
[2023-06-16 11:40:01,433][src.evals.check_self_consistency][INFO] - Generating a continuation and explanation
[2023-06-16 11:40:01,793][src.evals.check_self_consistency][INFO] - continuation: 0b101
[2023-06-16 11:40:02,269][src.evals.check_self_consistency][INFO] - explanation: Explanation: lambda x: bin(x + 1)
[2023-06-16 11:40:02,272][src.evals.check_self_consistency][INFO] - implied_sequence: ['0b1', '0b10', '0b11', '0b100']
[2023-06-16 11:40:02,273][src.evals.check_self_consistency][INFO] - sequence: ['0b1', '0b10', '0b11', '0b100']
[2023-06-16 11:40:02,273][src.evals.check_self_consistency][INFO] - implied_continuation: 0b101
[2023-06-16 11:40:02,273][src.evals.check_self_consistency][INFO] - continuation: 0b101
[2023-06-16 11:40:02,274][src.evals.sequence_completion_with_base_change][INFO] - Total: 1
[2023-06-16 11:40:02,274][src.evals.sequence_completion_with_base_change][INFO] - Sequence: 2,3,4,5
[2023-06-16 11:40:02,276][src.evals.prompts.explanation_prompt][INFO] - [{'role': 'system', 'content': '\nHere are some examples of sequence explanations, i.e. python functions\nwhich generated the preceding sequences base 2. Assume the first number was generated by f(0),\nthe second by f(1), the third by f(2), and so on.\n'}, {'role': 'user', 'content': '0b100,0b101,0b110,0b111'}, {'role': 'assistant', 'content': 'Explanation: lambda x: bin([i for i in range(100) if i % (3 + 1) or i % (6 + 1)][(x + 3)])'}, {'role': 'user', 'content': '0b1010,0b1100,0b1110,0b10000'}, {'role': 'assistant', 'content': 'Explanation: lambda x: bin((2 * (x + 3)) + 4)'}, {'role': 'user', 'content': '0b10000001101111110001000000000000,0b10111000101111001000101001001000000000000000000,0b100000111000010000111001011100011100001000000000000000000000000,0b101110110100000111000011110010100111100010111001000000000000000000000000000000'}, {'role': 'assistant', 'content': 'Explanation: lambda x: bin(6 ** (6 * (x + 2)))'}, {'role': 'user', 'content': '0b10000,0b100000000,0b1000000000000,0b10000000000000000'}, {'role': 'assistant', 'content': 'Explanation: lambda x: bin(2 ** (4 * (x + 1)))'}, {'role': 'user', 'content': 'Choose a function which generates the following sequence.\nNote that you will be separately asked to choose a continuation of the sequence.\nPlease choose a function which is consistent with the continuation you will choose.\nAssume the first number was generated by f(0), the second by f(1), and so on.\nThe function should output numbers in the same representation as the sequence.\nGive the response in the format:\nExplanation: <function>\n\nThe sequence is in base 2.\nQ: 0b10,0b11,0b100,0b101'}, {'role': 'assistant', 'content': 'A: '}]
[2023-06-16 11:40:02,277][src.evals.check_self_consistency][INFO] - Generating a continuation and explanation
[2023-06-16 11:40:02,678][src.evals.check_self_consistency][INFO] - continuation: 0b110
[2023-06-16 11:40:03,323][src.evals.check_self_consistency][INFO] - explanation: Explanation: lambda x: bin(x + 2) if x < 2 else bin(2 ** (x + 1))
[2023-06-16 11:40:03,324][src.evals.check_self_consistency][INFO] - implied_sequence: ['0b10', '0b11', '0b1000', '0b10000']
[2023-06-16 11:40:03,324][src.evals.check_self_consistency][INFO] - sequence: ['0b10', '0b11', '0b100', '0b101']
[2023-06-16 11:40:03,324][src.evals.check_self_consistency][INFO] - implied_continuation: 0b100000
[2023-06-16 11:40:03,324][src.evals.check_self_consistency][INFO] - continuation: 0b110
[2023-06-16 11:40:03,325][src.evals.sequence_completion_with_base_change][INFO] - Total: 2
[2023-06-16 11:40:03,325][src.evals.sequence_completion_with_base_change][INFO] - Sequence: 3,4,5,6
[2023-06-16 11:40:03,327][src.evals.prompts.explanation_prompt][INFO] - [{'role': 'system', 'content': '\nHere are some examples of sequence explanations, i.e. python functions\nwhich generated the preceding sequences base 2. Assume the first number was generated by f(0),\nthe second by f(1), the third by f(2), and so on.\n'}, {'role': 'user', 'content': '0b100,0b101,0b110,0b111'}, {'role': 'assistant', 'content': 'Explanation: lambda x: bin([i for i in range(100) if i % (3 + 1) or i % (6 + 1)][(x + 3)])'}, {'role': 'user', 'content': '0b1010,0b1100,0b1110,0b10000'}, {'role': 'assistant', 'content': 'Explanation: lambda x: bin((2 * (x + 3)) + 4)'}, {'role': 'user', 'content': '0b10000001101111110001000000000000,0b10111000101111001000101001001000000000000000000,0b100000111000010000111001011100011100001000000000000000000000000,0b101110110100000111000011110010100111100010111001000000000000000000000000000000'}, {'role': 'assistant', 'content': 'Explanation: lambda x: bin(6 ** (6 * (x + 2)))'}, {'role': 'user', 'content': '0b10000,0b100000000,0b1000000000000,0b10000000000000000'}, {'role': 'assistant', 'content': 'Explanation: lambda x: bin(2 ** (4 * (x + 1)))'}, {'role': 'user', 'content': 'Choose a function which generates the following sequence.\nNote that you will be separately asked to choose a continuation of the sequence.\nPlease choose a function which is consistent with the continuation you will choose.\nAssume the first number was generated by f(0), the second by f(1), and so on.\nThe function should output numbers in the same representation as the sequence.\nGive the response in the format:\nExplanation: <function>\n\nThe sequence is in base 2.\nQ: 0b11,0b100,0b101,0b110'}, {'role': 'assistant', 'content': 'A: '}]
[2023-06-16 11:40:03,327][src.evals.check_self_consistency][INFO] - Generating a continuation and explanation
[2023-06-16 11:40:03,602][src.evals.check_self_consistency][INFO] - continuation: 0b111
[2023-06-16 11:40:04,216][src.evals.check_self_consistency][INFO] - explanation: Explanation: lambda x: bin(x + 3) if x < 2 else bin(x + 2)
[2023-06-16 11:40:04,217][src.evals.check_self_consistency][INFO] - implied_sequence: ['0b11', '0b100', '0b100', '0b101']
[2023-06-16 11:40:04,218][src.evals.check_self_consistency][INFO] - sequence: ['0b11', '0b100', '0b101', '0b110']
[2023-06-16 11:40:04,218][src.evals.check_self_consistency][INFO] - implied_continuation: 0b110
[2023-06-16 11:40:04,218][src.evals.check_self_consistency][INFO] - continuation: 0b111
[2023-06-16 11:40:04,219][src.evals.sequence_completion_with_base_change][INFO] - Total: 3
[2023-06-16 11:40:04,219][src.evals.sequence_completion_with_base_change][INFO] - Sequence: 4,5,6,7
[2023-06-16 11:40:04,221][src.evals.prompts.explanation_prompt][INFO] - [{'role': 'system', 'content': '\nHere are some examples of sequence explanations, i.e. python functions\nwhich generated the preceding sequences base 2. Assume the first number was generated by f(0),\nthe second by f(1), the third by f(2), and so on.\n'}, {'role': 'user', 'content': '0b100,0b101,0b110,0b111'}, {'role': 'assistant', 'content': 'Explanation: lambda x: bin([i for i in range(100) if i % (3 + 1) or i % (6 + 1)][(x + 3)])'}, {'role': 'user', 'content': '0b1010,0b1100,0b1110,0b10000'}, {'role': 'assistant', 'content': 'Explanation: lambda x: bin((2 * (x + 3)) + 4)'}, {'role': 'user', 'content': '0b10000001101111110001000000000000,0b10111000101111001000101001001000000000000000000,0b100000111000010000111001011100011100001000000000000000000000000,0b101110110100000111000011110010100111100010111001000000000000000000000000000000'}, {'role': 'assistant', 'content': 'Explanation: lambda x: bin(6 ** (6 * (x + 2)))'}, {'role': 'user', 'content': '0b10000,0b100000000,0b1000000000000,0b10000000000000000'}, {'role': 'assistant', 'content': 'Explanation: lambda x: bin(2 ** (4 * (x + 1)))'}, {'role': 'user', 'content': 'Choose a function which generates the following sequence.\nNote that you will be separately asked to choose a continuation of the sequence.\nPlease choose a function which is consistent with the continuation you will choose.\nAssume the first number was generated by f(0), the second by f(1), and so on.\nThe function should output numbers in the same representation as the sequence.\nGive the response in the format:\nExplanation: <function>\n\nThe sequence is in base 2.\nQ: 0b100,0b101,0b110,0b111'}, {'role': 'assistant', 'content': 'A: '}]
[2023-06-16 11:40:04,222][src.evals.check_self_consistency][INFO] - Generating a continuation and explanation
[2023-06-16 11:40:04,523][src.evals.check_self_consistency][INFO] - continuation: 0b1000
[2023-06-16 11:40:05,044][src.evals.check_self_consistency][INFO] - explanation: Explanation: lambda x: bin(2 ** (x + 2) - 2)
[2023-06-16 11:40:05,045][src.evals.check_self_consistency][INFO] - implied_sequence: ['0b10', '0b110', '0b1110', '0b11110']
[2023-06-16 11:40:05,045][src.evals.check_self_consistency][INFO] - sequence: ['0b100', '0b101', '0b110', '0b111']
[2023-06-16 11:40:05,045][src.evals.check_self_consistency][INFO] - implied_continuation: 0b111110
[2023-06-16 11:40:05,045][src.evals.check_self_consistency][INFO] - continuation: 0b1000
[2023-06-16 11:40:05,045][src.evals.sequence_completion_with_base_change][INFO] - Total: 4
[2023-06-16 11:40:05,046][src.evals.sequence_completion_with_base_change][INFO] - Sequence: 3,7,11,15
[2023-06-16 11:40:05,048][src.evals.prompts.explanation_prompt][INFO] - [{'role': 'system', 'content': '\nHere are some examples of sequence explanations, i.e. python functions\nwhich generated the preceding sequences base 2. Assume the first number was generated by f(0),\nthe second by f(1), the third by f(2), and so on.\n'}, {'role': 'user', 'content': '0b100,0b101,0b110,0b111'}, {'role': 'assistant', 'content': 'Explanation: lambda x: bin([i for i in range(100) if i % (3 + 1) or i % (6 + 1)][(x + 3)])'}, {'role': 'user', 'content': '0b1010,0b1100,0b1110,0b10000'}, {'role': 'assistant', 'content': 'Explanation: lambda x: bin((2 * (x + 3)) + 4)'}, {'role': 'user', 'content': '0b10000001101111110001000000000000,0b10111000101111001000101001001000000000000000000,0b100000111000010000111001011100011100001000000000000000000000000,0b101110110100000111000011110010100111100010111001000000000000000000000000000000'}, {'role': 'assistant', 'content': 'Explanation: lambda x: bin(6 ** (6 * (x + 2)))'}, {'role': 'user', 'content': '0b10000,0b100000000,0b1000000000000,0b10000000000000000'}, {'role': 'assistant', 'content': 'Explanation: lambda x: bin(2 ** (4 * (x + 1)))'}, {'role': 'user', 'content': 'Choose a function which generates the following sequence.\nNote that you will be separately asked to choose a continuation of the sequence.\nPlease choose a function which is consistent with the continuation you will choose.\nAssume the first number was generated by f(0), the second by f(1), and so on.\nThe function should output numbers in the same representation as the sequence.\nGive the response in the format:\nExplanation: <function>\n\nThe sequence is in base 2.\nQ: 0b11,0b111,0b1011,0b1111'}, {'role': 'assistant', 'content': 'A: '}]
[2023-06-16 11:40:05,048][src.evals.check_self_consistency][INFO] - Generating a continuation and explanation
[2023-06-16 11:40:05,445][src.evals.check_self_consistency][INFO] - continuation: 0b101111
[2023-06-16 11:40:05,955][src.evals.check_self_consistency][INFO] - explanation: Explanation: lambda x: bin(int('1' * (x + 2), 2))
[2023-06-16 11:40:05,956][src.evals.check_self_consistency][INFO] - implied_sequence: ['0b11', '0b111', '0b1111', '0b11111']
[2023-06-16 11:40:05,956][src.evals.check_self_consistency][INFO] - sequence: ['0b11', '0b111', '0b1011', '0b1111']
[2023-06-16 11:40:05,957][src.evals.check_self_consistency][INFO] - implied_continuation: 0b111111
[2023-06-16 11:40:05,957][src.evals.check_self_consistency][INFO] - continuation: 0b101111
[2023-06-16 11:40:05,957][src.evals.sequence_completion_with_base_change][INFO] - Total: 5
[2023-06-16 11:40:05,958][src.evals.sequence_completion_with_base_change][INFO] - Sequence: 7,11,15,19
[2023-06-16 11:40:05,960][src.evals.prompts.explanation_prompt][INFO] - [{'role': 'system', 'content': '\nHere are some examples of sequence explanations, i.e. python functions\nwhich generated the preceding sequences base 2. Assume the first number was generated by f(0),\nthe second by f(1), the third by f(2), and so on.\n'}, {'role': 'user', 'content': '0b100,0b101,0b110,0b111'}, {'role': 'assistant', 'content': 'Explanation: lambda x: bin([i for i in range(100) if i % (3 + 1) or i % (6 + 1)][(x + 3)])'}, {'role': 'user', 'content': '0b1010,0b1100,0b1110,0b10000'}, {'role': 'assistant', 'content': 'Explanation: lambda x: bin((2 * (x + 3)) + 4)'}, {'role': 'user', 'content': '0b10000001101111110001000000000000,0b10111000101111001000101001001000000000000000000,0b100000111000010000111001011100011100001000000000000000000000000,0b101110110100000111000011110010100111100010111001000000000000000000000000000000'}, {'role': 'assistant', 'content': 'Explanation: lambda x: bin(6 ** (6 * (x + 2)))'}, {'role': 'user', 'content': '0b10000,0b100000000,0b1000000000000,0b10000000000000000'}, {'role': 'assistant', 'content': 'Explanation: lambda x: bin(2 ** (4 * (x + 1)))'}, {'role': 'user', 'content': 'Choose a function which generates the following sequence.\nNote that you will be separately asked to choose a continuation of the sequence.\nPlease choose a function which is consistent with the continuation you will choose.\nAssume the first number was generated by f(0), the second by f(1), and so on.\nThe function should output numbers in the same representation as the sequence.\nGive the response in the format:\nExplanation: <function>\n\nThe sequence is in base 2.\nQ: 0b111,0b1011,0b1111,0b10011'}, {'role': 'assistant', 'content': 'A: '}]
[2023-06-16 11:40:05,960][src.evals.check_self_consistency][INFO] - Generating a continuation and explanation
[2023-06-16 11:40:06,366][src.evals.check_self_consistency][INFO] - continuation: 0b11111
[2023-06-16 11:40:07,183][src.evals.check_self_consistency][INFO] - explanation: Explanation: lambda x: bin(int('1' * (x + 2), 2) ^ int('10' * (x + 1), 2))
[2023-06-16 11:40:07,183][src.evals.check_self_consistency][INFO] - implied_sequence: ['0b1', '0b1101', '0b100101', '0b10110101']
[2023-06-16 11:40:07,184][src.evals.check_self_consistency][INFO] - sequence: ['0b111', '0b1011', '0b1111', '0b10011']
[2023-06-16 11:40:07,184][src.evals.check_self_consistency][INFO] - implied_continuation: 0b1010010101
[2023-06-16 11:40:07,184][src.evals.check_self_consistency][INFO] - continuation: 0b11111
[2023-06-16 11:40:07,184][src.evals.sequence_completion_with_base_change][INFO] - Total: 6
[2023-06-16 11:40:07,184][src.evals.sequence_completion_with_base_change][INFO] - Sequence: 11,15,19,23
[2023-06-16 11:40:07,186][src.evals.prompts.explanation_prompt][INFO] - [{'role': 'system', 'content': '\nHere are some examples of sequence explanations, i.e. python functions\nwhich generated the preceding sequences base 2. Assume the first number was generated by f(0),\nthe second by f(1), the third by f(2), and so on.\n'}, {'role': 'user', 'content': '0b100,0b101,0b110,0b111'}, {'role': 'assistant', 'content': 'Explanation: lambda x: bin([i for i in range(100) if i % (3 + 1) or i % (6 + 1)][(x + 3)])'}, {'role': 'user', 'content': '0b1010,0b1100,0b1110,0b10000'}, {'role': 'assistant', 'content': 'Explanation: lambda x: bin((2 * (x + 3)) + 4)'}, {'role': 'user', 'content': '0b10000001101111110001000000000000,0b10111000101111001000101001001000000000000000000,0b100000111000010000111001011100011100001000000000000000000000000,0b101110110100000111000011110010100111100010111001000000000000000000000000000000'}, {'role': 'assistant', 'content': 'Explanation: lambda x: bin(6 ** (6 * (x + 2)))'}, {'role': 'user', 'content': '0b10000,0b100000000,0b1000000000000,0b10000000000000000'}, {'role': 'assistant', 'content': 'Explanation: lambda x: bin(2 ** (4 * (x + 1)))'}, {'role': 'user', 'content': 'Choose a function which generates the following sequence.\nNote that you will be separately asked to choose a continuation of the sequence.\nPlease choose a function which is consistent with the continuation you will choose.\nAssume the first number was generated by f(0), the second by f(1), and so on.\nThe function should output numbers in the same representation as the sequence.\nGive the response in the format:\nExplanation: <function>\n\nThe sequence is in base 2.\nQ: 0b1011,0b1111,0b10011,0b10111'}, {'role': 'assistant', 'content': 'A: '}]
[2023-06-16 11:40:07,186][src.evals.check_self_consistency][INFO] - Generating a continuation and explanation
[2023-06-16 11:40:07,595][src.evals.check_self_consistency][INFO] - continuation: 0b11011
[2023-06-16 11:40:08,619][src.evals.check_self_consistency][INFO] - explanation: Explanation: lambda x: bin(int('1' + '0' * x + '11', 2)) if x % 2 == 0 else bin(int('1' + '1' * x + '1', 2))
[2023-06-16 11:40:08,620][src.evals.check_self_consistency][INFO] - implied_sequence: ['0b111', '0b111', '0b10011', '0b11111']
[2023-06-16 11:40:08,620][src.evals.check_self_consistency][INFO] - sequence: ['0b1011', '0b1111', '0b10011', '0b10111']
[2023-06-16 11:40:08,621][src.evals.check_self_consistency][INFO] - implied_continuation: 0b1000011
[2023-06-16 11:40:08,621][src.evals.check_self_consistency][INFO] - continuation: 0b11011
[2023-06-16 11:40:08,621][src.evals.sequence_completion_with_base_change][INFO] - Total: 7
[2023-06-16 11:40:08,621][src.evals.sequence_completion_with_base_change][INFO] - Sequence: 15,19,23,27
[2023-06-16 11:40:08,623][src.evals.prompts.explanation_prompt][INFO] - [{'role': 'system', 'content': '\nHere are some examples of sequence explanations, i.e. python functions\nwhich generated the preceding sequences base 2. Assume the first number was generated by f(0),\nthe second by f(1), the third by f(2), and so on.\n'}, {'role': 'user', 'content': '0b100,0b101,0b110,0b111'}, {'role': 'assistant', 'content': 'Explanation: lambda x: bin([i for i in range(100) if i % (3 + 1) or i % (6 + 1)][(x + 3)])'}, {'role': 'user', 'content': '0b1010,0b1100,0b1110,0b10000'}, {'role': 'assistant', 'content': 'Explanation: lambda x: bin((2 * (x + 3)) + 4)'}, {'role': 'user', 'content': '0b10000001101111110001000000000000,0b10111000101111001000101001001000000000000000000,0b100000111000010000111001011100011100001000000000000000000000000,0b101110110100000111000011110010100111100010111001000000000000000000000000000000'}, {'role': 'assistant', 'content': 'Explanation: lambda x: bin(6 ** (6 * (x + 2)))'}, {'role': 'user', 'content': '0b10000,0b100000000,0b1000000000000,0b10000000000000000'}, {'role': 'assistant', 'content': 'Explanation: lambda x: bin(2 ** (4 * (x + 1)))'}, {'role': 'user', 'content': 'Choose a function which generates the following sequence.\nNote that you will be separately asked to choose a continuation of the sequence.\nPlease choose a function which is consistent with the continuation you will choose.\nAssume the first number was generated by f(0), the second by f(1), and so on.\nThe function should output numbers in the same representation as the sequence.\nGive the response in the format:\nExplanation: <function>\n\nThe sequence is in base 2.\nQ: 0b1111,0b10011,0b10111,0b11011'}, {'role': 'assistant', 'content': 'A: '}]
[2023-06-16 11:40:08,623][src.evals.check_self_consistency][INFO] - Generating a continuation and explanation
[2023-06-16 11:40:09,029][src.evals.check_self_consistency][INFO] - continuation: 0b11111
[2023-06-16 11:40:10,038][src.evals.check_self_consistency][INFO] - explanation: Explanation: lambda x: bin(int('1111', 2) + (x + 1) * int('10', 2)) if x < 3 else bin(int('1111', 2) + (x + 2) * int('10', 2))
[2023-06-16 11:40:10,040][src.evals.check_self_consistency][INFO] - implied_sequence: ['0b10001', '0b10011', '0b10101', '0b11001']
[2023-06-16 11:40:10,040][src.evals.check_self_consistency][INFO] - sequence: ['0b1111', '0b10011', '0b10111', '0b11011']
[2023-06-16 11:40:10,040][src.evals.check_self_consistency][INFO] - implied_continuation: 0b11011
[2023-06-16 11:40:10,041][src.evals.check_self_consistency][INFO] - continuation: 0b11111
[2023-06-16 11:40:10,041][src.evals.sequence_completion_with_base_change][INFO] - Total: 8
[2023-06-16 11:40:10,041][src.evals.sequence_completion_with_base_change][INFO] - Sequence: 0,4,8,12
[2023-06-16 11:40:10,044][src.evals.prompts.explanation_prompt][INFO] - [{'role': 'system', 'content': '\nHere are some examples of sequence explanations, i.e. python functions\nwhich generated the preceding sequences base 2. Assume the first number was generated by f(0),\nthe second by f(1), the third by f(2), and so on.\n'}, {'role': 'user', 'content': '0b100,0b101,0b110,0b111'}, {'role': 'assistant', 'content': 'Explanation: lambda x: bin([i for i in range(100) if i % (3 + 1) or i % (6 + 1)][(x + 3)])'}, {'role': 'user', 'content': '0b1010,0b1100,0b1110,0b10000'}, {'role': 'assistant', 'content': 'Explanation: lambda x: bin((2 * (x + 3)) + 4)'}, {'role': 'user', 'content': '0b10000001101111110001000000000000,0b10111000101111001000101001001000000000000000000,0b100000111000010000111001011100011100001000000000000000000000000,0b101110110100000111000011110010100111100010111001000000000000000000000000000000'}, {'role': 'assistant', 'content': 'Explanation: lambda x: bin(6 ** (6 * (x + 2)))'}, {'role': 'user', 'content': '0b10000,0b100000000,0b1000000000000,0b10000000000000000'}, {'role': 'assistant', 'content': 'Explanation: lambda x: bin(2 ** (4 * (x + 1)))'}, {'role': 'user', 'content': 'Choose a function which generates the following sequence.\nNote that you will be separately asked to choose a continuation of the sequence.\nPlease choose a function which is consistent with the continuation you will choose.\nAssume the first number was generated by f(0), the second by f(1), and so on.\nThe function should output numbers in the same representation as the sequence.\nGive the response in the format:\nExplanation: <function>\n\nThe sequence is in base 2.\nQ: 0b0,0b100,0b1000,0b1100'}, {'role': 'assistant', 'content': 'A: '}]
[2023-06-16 11:40:10,044][src.evals.check_self_consistency][INFO] - Generating a continuation and explanation
[2023-06-16 11:40:10,461][src.evals.check_self_consistency][INFO] - continuation: 0b11100
[2023-06-16 11:40:11,390][src.evals.check_self_consistency][INFO] - explanation: Explanation: lambda x: bin(int('1' + '0' * x, 2) if x < 2 else int('11' + '0' * (x - 2), 2))
[2023-06-16 11:40:11,392][src.evals.check_self_consistency][INFO] - implied_sequence: ['0b1', '0b10', '0b11', '0b110']
[2023-06-16 11:40:11,392][src.evals.check_self_consistency][INFO] - sequence: ['0b0', '0b100', '0b1000', '0b1100']
[2023-06-16 11:40:11,392][src.evals.check_self_consistency][INFO] - implied_continuation: 0b1100
[2023-06-16 11:40:11,393][src.evals.check_self_consistency][INFO] - continuation: 0b11100
[2023-06-16 11:40:11,394][src.evals.sequence_completion_with_base_change][INFO] - Total: 9
[2023-06-16 11:40:11,394][src.evals.sequence_completion_with_base_change][INFO] - Sequence: 4,8,12,16
[2023-06-16 11:40:11,396][src.evals.prompts.explanation_prompt][INFO] - [{'role': 'system', 'content': '\nHere are some examples of sequence explanations, i.e. python functions\nwhich generated the preceding sequences base 2. Assume the first number was generated by f(0),\nthe second by f(1), the third by f(2), and so on.\n'}, {'role': 'user', 'content': '0b100,0b101,0b110,0b111'}, {'role': 'assistant', 'content': 'Explanation: lambda x: bin([i for i in range(100) if i % (3 + 1) or i % (6 + 1)][(x + 3)])'}, {'role': 'user', 'content': '0b1010,0b1100,0b1110,0b10000'}, {'role': 'assistant', 'content': 'Explanation: lambda x: bin((2 * (x + 3)) + 4)'}, {'role': 'user', 'content': '0b10000001101111110001000000000000,0b10111000101111001000101001001000000000000000000,0b100000111000010000111001011100011100001000000000000000000000000,0b101110110100000111000011110010100111100010111001000000000000000000000000000000'}, {'role': 'assistant', 'content': 'Explanation: lambda x: bin(6 ** (6 * (x + 2)))'}, {'role': 'user', 'content': '0b10000,0b100000000,0b1000000000000,0b10000000000000000'}, {'role': 'assistant', 'content': 'Explanation: lambda x: bin(2 ** (4 * (x + 1)))'}, {'role': 'user', 'content': 'Choose a function which generates the following sequence.\nNote that you will be separately asked to choose a continuation of the sequence.\nPlease choose a function which is consistent with the continuation you will choose.\nAssume the first number was generated by f(0), the second by f(1), and so on.\nThe function should output numbers in the same representation as the sequence.\nGive the response in the format:\nExplanation: <function>\n\nThe sequence is in base 2.\nQ: 0b100,0b1000,0b1100,0b10000'}, {'role': 'assistant', 'content': 'A: '}]
[2023-06-16 11:40:11,396][src.evals.check_self_consistency][INFO] - Generating a continuation and explanation
[2023-06-16 11:40:11,697][src.evals.check_self_consistency][INFO] - continuation: 0b11000
[2023-06-16 11:40:12,153][src.evals.check_self_consistency][INFO] - explanation: Explanation: lambda x: bin(2 ** (x + 2) - 2)
[2023-06-16 11:40:12,154][src.evals.check_self_consistency][INFO] - implied_sequence: ['0b10', '0b110', '0b1110', '0b11110']
[2023-06-16 11:40:12,155][src.evals.check_self_consistency][INFO] - sequence: ['0b100', '0b1000', '0b1100', '0b10000']
[2023-06-16 11:40:12,155][src.evals.check_self_consistency][INFO] - implied_continuation: 0b111110
[2023-06-16 11:40:12,155][src.evals.check_self_consistency][INFO] - continuation: 0b11000
[2023-06-16 11:40:12,155][src.evals.sequence_completion_with_base_change][INFO] - Total: 10
[2023-06-16 11:40:12,156][src.evals.sequence_completion_with_base_change][INFO] - Sequence: 8,12,16,20
[2023-06-16 11:40:12,158][src.evals.prompts.explanation_prompt][INFO] - [{'role': 'system', 'content': '\nHere are some examples of sequence explanations, i.e. python functions\nwhich generated the preceding sequences base 2. Assume the first number was generated by f(0),\nthe second by f(1), the third by f(2), and so on.\n'}, {'role': 'user', 'content': '0b100,0b101,0b110,0b111'}, {'role': 'assistant', 'content': 'Explanation: lambda x: bin([i for i in range(100) if i % (3 + 1) or i % (6 + 1)][(x + 3)])'}, {'role': 'user', 'content': '0b1010,0b1100,0b1110,0b10000'}, {'role': 'assistant', 'content': 'Explanation: lambda x: bin((2 * (x + 3)) + 4)'}, {'role': 'user', 'content': '0b10000001101111110001000000000000,0b10111000101111001000101001001000000000000000000,0b100000111000010000111001011100011100001000000000000000000000000,0b101110110100000111000011110010100111100010111001000000000000000000000000000000'}, {'role': 'assistant', 'content': 'Explanation: lambda x: bin(6 ** (6 * (x + 2)))'}, {'role': 'user', 'content': '0b10000,0b100000000,0b1000000000000,0b10000000000000000'}, {'role': 'assistant', 'content': 'Explanation: lambda x: bin(2 ** (4 * (x + 1)))'}, {'role': 'user', 'content': 'Choose a function which generates the following sequence.\nNote that you will be separately asked to choose a continuation of the sequence.\nPlease choose a function which is consistent with the continuation you will choose.\nAssume the first number was generated by f(0), the second by f(1), and so on.\nThe function should output numbers in the same representation as the sequence.\nGive the response in the format:\nExplanation: <function>\n\nThe sequence is in base 2.\nQ: 0b1000,0b1100,0b10000,0b10100'}, {'role': 'assistant', 'content': 'A: '}]
[2023-06-16 11:40:12,158][src.evals.check_self_consistency][INFO] - Generating a continuation and explanation
