[2023-06-16 12:29:21,068][src.utils][INFO] - Git sha: d53c8d5cb57880185078a9640662ff19153e56a2
[2023-06-16 12:29:21,102][src.utils][INFO] - Changed files: ['conf/task/compute_dependence_with_base_changes.yaml']
[2023-06-16 12:29:21,145][src.utils][INFO] - Git diff:
diff --git a/conf/task/compute_dependence_with_base_changes.yaml b/conf/task/compute_dependence_with_base_changes.yaml
index 4a736ad..c88ed35 100644
--- a/conf/task/compute_dependence_with_base_changes.yaml
+++ b/conf/task/compute_dependence_with_base_changes.yaml
@@ -8,3 +8,4 @@ num_shots: 4
 shot_method: random
 task_prompt: self-consistency
 role_prompt: null
+seed: 21
\ No newline at end of file
[2023-06-16 12:29:24,839][src.evals.sequence_completion_with_base_change][INFO] - Total: 0
[2023-06-16 12:29:24,840][src.evals.sequence_completion_with_base_change][INFO] - Sequence: 0,6,12,18
[2023-06-16 12:29:24,841][src.evals.check_self_consistency][INFO] - Generating a continuation and explanation
[2023-06-16 12:29:25,682][src.evals.check_self_consistency][INFO] - continuation:  0b10100
[2023-06-16 12:29:26,625][src.evals.check_self_consistency][INFO] - explanation:  Explanation: lambda x: bin(2 ** (3 * x + 2))
[2023-06-16 12:29:26,626][src.evals.evaluate_explanation][INFO] - invalid syntax (<string>, line 0)
[2023-06-16 12:29:26,626][src.evals.check_self_consistency][INFO] - invalid explanation:  Explanation: lambda x: bin(2 ** (3 * x + 2))
[2023-06-16 12:29:26,627][src.evals.sequence_completion_with_base_change][INFO] - Total: 1
[2023-06-16 12:29:26,627][src.evals.sequence_completion_with_base_change][INFO] - Sequence: 6,12,18,24
[2023-06-16 12:29:26,630][src.evals.check_self_consistency][INFO] - Generating a continuation and explanation
[2023-06-16 12:29:27,051][src.evals.check_self_consistency][INFO] - continuation:  0b110010
[2023-06-16 12:29:27,733][src.evals.check_self_consistency][INFO] - explanation:  Explanation: lambda x: bin(2 ** (3 * (x + 1)) + 2)
[2023-06-16 12:29:27,733][src.evals.evaluate_explanation][INFO] - invalid syntax (<string>, line 0)
[2023-06-16 12:29:27,733][src.evals.check_self_consistency][INFO] - invalid explanation:  Explanation: lambda x: bin(2 ** (3 * (x + 1)) + 2)
[2023-06-16 12:29:27,734][src.evals.sequence_completion_with_base_change][INFO] - Total: 2
[2023-06-16 12:29:27,734][src.evals.sequence_completion_with_base_change][INFO] - Sequence: 12,18,24,30
[2023-06-16 12:29:27,736][src.evals.check_self_consistency][INFO] - Generating a continuation and explanation
[2023-06-16 12:29:28,226][src.evals.check_self_consistency][INFO] - continuation:  0b111100
[2023-06-16 12:29:29,686][src.evals.check_self_consistency][INFO] - explanation:
Explanation: lambda x: bin((2 ** (x + 3)) - 2)
[2023-06-16 12:29:29,689][src.evals.check_self_consistency][INFO] - implied_sequence: ['0b110', '0b1110', '0b11110', '0b111110']
[2023-06-16 12:29:29,689][src.evals.check_self_consistency][INFO] - sequence: ['0b1100', '0b10010', '0b11000', '0b11110']
[2023-06-16 12:29:29,689][src.evals.check_self_consistency][INFO] - implied_continuation: 0b1111110
[2023-06-16 12:29:29,689][src.evals.check_self_consistency][INFO] - continuation: 0b111100
[2023-06-16 12:29:29,691][src.evals.sequence_completion_with_base_change][INFO] - Total: 3
[2023-06-16 12:29:29,691][src.evals.sequence_completion_with_base_change][INFO] - Sequence: 18,24,30,36
[2023-06-16 12:29:29,694][src.evals.check_self_consistency][INFO] - Generating a continuation and explanation
[2023-06-16 12:29:30,202][src.evals.check_self_consistency][INFO] - continuation:  0b100110
[2023-06-16 12:29:30,637][src.evals.check_self_consistency][INFO] - explanation:
Explanation: lambda x: bin((2 * (x + 3)) + 2)
[2023-06-16 12:29:30,637][src.evals.check_self_consistency][INFO] - implied_sequence: ['0b1000', '0b1010', '0b1100', '0b1110']
[2023-06-16 12:29:30,638][src.evals.check_self_consistency][INFO] - sequence: ['0b10010', '0b11000', '0b11110', '0b100100']
[2023-06-16 12:29:30,638][src.evals.check_self_consistency][INFO] - implied_continuation: 0b10000
[2023-06-16 12:29:30,638][src.evals.check_self_consistency][INFO] - continuation: 0b100110
[2023-06-16 12:29:30,639][src.evals.sequence_completion_with_base_change][INFO] - Total: 4
[2023-06-16 12:29:30,639][src.evals.sequence_completion_with_base_change][INFO] - Sequence: 1,2,3,4
[2023-06-16 12:29:30,641][src.evals.check_self_consistency][INFO] - Generating a continuation and explanation
[2023-06-16 12:29:30,972][src.evals.check_self_consistency][INFO] - continuation:  0b101
[2023-06-16 12:29:31,684][src.evals.check_self_consistency][INFO] - explanation:
Explanation: lambda x: bin(2 ** (x + 1))
[2023-06-16 12:29:31,684][src.evals.check_self_consistency][INFO] - implied_sequence: ['0b10', '0b100', '0b1000', '0b10000']
[2023-06-16 12:29:31,685][src.evals.check_self_consistency][INFO] - sequence: ['0b1', '0b10', '0b11', '0b100']
[2023-06-16 12:29:31,685][src.evals.check_self_consistency][INFO] - implied_continuation: 0b100000
[2023-06-16 12:29:31,685][src.evals.check_self_consistency][INFO] - continuation: 0b101
[2023-06-16 12:29:31,686][src.evals.sequence_completion_with_base_change][INFO] - Total: 5
[2023-06-16 12:29:31,686][src.evals.sequence_completion_with_base_change][INFO] - Sequence: 2,3,4,5
[2023-06-16 12:29:31,688][src.evals.check_self_consistency][INFO] - Generating a continuation and explanation
[2023-06-16 12:29:32,038][src.evals.check_self_consistency][INFO] - continuation:  0b110
[2023-06-16 12:29:32,684][src.evals.check_self_consistency][INFO] - explanation:  Explanation: lambda x: bin(2 ** (x + 1))
[2023-06-16 12:29:32,685][src.evals.evaluate_explanation][INFO] - invalid syntax (<string>, line 0)
[2023-06-16 12:29:32,685][src.evals.check_self_consistency][INFO] - invalid explanation:  Explanation: lambda x: bin(2 ** (x + 1))
[2023-06-16 12:29:32,685][src.evals.sequence_completion_with_base_change][INFO] - Total: 6
[2023-06-16 12:29:32,686][src.evals.sequence_completion_with_base_change][INFO] - Sequence: 3,4,5,6
[2023-06-16 12:29:32,688][src.evals.check_self_consistency][INFO] - Generating a continuation and explanation
[2023-06-16 12:29:33,567][src.evals.check_self_consistency][INFO] - continuation:  0b111
[2023-06-16 12:29:34,267][src.evals.check_self_consistency][INFO] - explanation:  Explanation: lambda x: bin(2 ** (x + 2))
[2023-06-16 12:29:34,267][src.evals.evaluate_explanation][INFO] - invalid syntax (<string>, line 0)
[2023-06-16 12:29:34,268][src.evals.check_self_consistency][INFO] - invalid explanation:  Explanation: lambda x: bin(2 ** (x + 2))
[2023-06-16 12:29:34,268][src.evals.sequence_completion_with_base_change][INFO] - Total: 7
[2023-06-16 12:29:34,268][src.evals.sequence_completion_with_base_change][INFO] - Sequence: 4,5,6,7
[2023-06-16 12:29:34,271][src.evals.check_self_consistency][INFO] - Generating a continuation and explanation
[2023-06-16 12:29:34,613][src.evals.check_self_consistency][INFO] - continuation:  0b1000
[2023-06-16 12:29:35,316][src.evals.check_self_consistency][INFO] - explanation:
Explanation: lambda x: bin([i for i in range(100) if i % (3 + 1) or i % (6 + 1)][(x + 3)])
[2023-06-16 12:29:35,318][src.evals.check_self_consistency][INFO] - implied_sequence: ['0b100', '0b101', '0b110', '0b111']
[2023-06-16 12:29:35,318][src.evals.check_self_consistency][INFO] - sequence: ['0b100', '0b101', '0b110', '0b111']
[2023-06-16 12:29:35,318][src.evals.check_self_consistency][INFO] - implied_continuation: 0b1000
[2023-06-16 12:29:35,319][src.evals.check_self_consistency][INFO] - continuation: 0b1000
[2023-06-16 12:29:35,320][src.evals.sequence_completion_with_base_change][INFO] - Total: 8
[2023-06-16 12:29:35,320][src.evals.sequence_completion_with_base_change][INFO] - Sequence: 0,2,4,6
[2023-06-16 12:29:35,324][src.evals.check_self_consistency][INFO] - Generating a continuation and explanation
[2023-06-16 12:29:35,978][src.evals.check_self_consistency][INFO] - continuation:  0b1000
[2023-06-16 12:29:36,526][src.evals.check_self_consistency][INFO] - explanation:  Explanation: lambda x: bin(2 ** (x + 1))
[2023-06-16 12:29:36,527][src.evals.evaluate_explanation][INFO] - invalid syntax (<string>, line 0)
[2023-06-16 12:29:36,527][src.evals.check_self_consistency][INFO] - invalid explanation:  Explanation: lambda x: bin(2 ** (x + 1))
[2023-06-16 12:29:36,528][src.evals.sequence_completion_with_base_change][INFO] - Total: 9
[2023-06-16 12:29:36,528][src.evals.sequence_completion_with_base_change][INFO] - Sequence: 2,4,6,8
[2023-06-16 12:29:36,531][src.evals.check_self_consistency][INFO] - Generating a continuation and explanation
[2023-06-16 12:29:36,991][src.evals.check_self_consistency][INFO] - continuation:  0b1010
[2023-06-16 12:29:37,796][src.evals.check_self_consistency][INFO] - explanation:  Explanation: lambda x: bin(2 ** (2 * (x + 1)))
[2023-06-16 12:29:37,796][src.evals.evaluate_explanation][INFO] - invalid syntax (<string>, line 0)
[2023-06-16 12:29:37,796][src.evals.check_self_consistency][INFO] - invalid explanation:  Explanation: lambda x: bin(2 ** (2 * (x + 1)))
[2023-06-16 12:29:37,797][src.evals.sequence_completion_with_base_change][INFO] - Total: 10
[2023-06-16 12:29:37,797][src.evals.sequence_completion_with_base_change][INFO] - Sequence: 4,6,8,10
[2023-06-16 12:29:37,800][src.evals.check_self_consistency][INFO] - Generating a continuation and explanation
[2023-06-16 12:29:38,076][src.evals.check_self_consistency][INFO] - continuation:  0b1100
[2023-06-16 12:29:38,602][src.evals.check_self_consistency][INFO] - explanation:  Explanation: lambda x: bin(2 ** (2 * (x + 1)) + 2)
[2023-06-16 12:29:38,602][src.evals.evaluate_explanation][INFO] - invalid syntax (<string>, line 0)
[2023-06-16 12:29:38,602][src.evals.check_self_consistency][INFO] - invalid explanation:  Explanation: lambda x: bin(2 ** (2 * (x + 1)) + 2)
[2023-06-16 12:29:38,603][src.evals.sequence_completion_with_base_change][INFO] - Total: 11
[2023-06-16 12:29:38,603][src.evals.sequence_completion_with_base_change][INFO] - Sequence: 6,8,10,12
[2023-06-16 12:29:38,605][src.evals.check_self_consistency][INFO] - Generating a continuation and explanation
[2023-06-16 12:29:38,996][src.evals.check_self_consistency][INFO] - continuation:  0b1110
[2023-06-16 12:29:41,809][src.evals.check_self_consistency][INFO] - explanation:  Explanation: lambda x: bin(2 ** (3 * (x + 1)) + 2)
[2023-06-16 12:29:41,809][src.evals.evaluate_explanation][INFO] - invalid syntax (<string>, line 0)
[2023-06-16 12:29:41,809][src.evals.check_self_consistency][INFO] - invalid explanation:  Explanation: lambda x: bin(2 ** (3 * (x + 1)) + 2)
[2023-06-16 12:29:41,810][src.evals.sequence_completion_with_base_change][INFO] - Total: 12
[2023-06-16 12:29:41,810][src.evals.sequence_completion_with_base_change][INFO] - Sequence: 4,5,7,8
[2023-06-16 12:29:41,812][src.evals.check_self_consistency][INFO] - Generating a continuation and explanation
[2023-06-16 12:29:42,162][src.evals.check_self_consistency][INFO] - continuation:  0b1001
[2023-06-16 12:29:42,827][src.evals.check_self_consistency][INFO] - explanation:  Explanation: lambda x: bin(2 ** (3 * (x + 1)))
[2023-06-16 12:29:42,828][src.evals.evaluate_explanation][INFO] - invalid syntax (<string>, line 0)
[2023-06-16 12:29:42,828][src.evals.check_self_consistency][INFO] - invalid explanation:  Explanation: lambda x: bin(2 ** (3 * (x + 1)))
[2023-06-16 12:29:42,829][src.evals.sequence_completion_with_base_change][INFO] - Total: 13
[2023-06-16 12:29:42,829][src.evals.sequence_completion_with_base_change][INFO] - Sequence: 1,2,4,5
[2023-06-16 12:29:42,832][src.evals.check_self_consistency][INFO] - Generating a continuation and explanation
[2023-06-16 12:29:43,168][src.evals.check_self_consistency][INFO] - continuation:  0b110
[2023-06-16 12:29:43,709][src.evals.check_self_consistency][INFO] - explanation:  Explanation: lambda x: bin(2 ** x)
[2023-06-16 12:29:43,709][src.evals.evaluate_explanation][INFO] - invalid syntax (<string>, line 0)
[2023-06-16 12:29:43,709][src.evals.check_self_consistency][INFO] - invalid explanation:  Explanation: lambda x: bin(2 ** x)
[2023-06-16 12:29:43,710][src.evals.sequence_completion_with_base_change][INFO] - Total: 14
[2023-06-16 12:29:43,710][src.evals.sequence_completion_with_base_change][INFO] - Sequence: 2,4,5,7
[2023-06-16 12:29:43,714][src.evals.check_self_consistency][INFO] - Generating a continuation and explanation
[2023-06-16 12:29:44,041][src.evals.check_self_consistency][INFO] - continuation:  0b1000
[2023-06-16 12:29:44,582][src.evals.check_self_consistency][INFO] - explanation:  Explanation: lambda x: bin(2 ** (x + 1))
[2023-06-16 12:29:44,583][src.evals.evaluate_explanation][INFO] - invalid syntax (<string>, line 0)
[2023-06-16 12:29:44,583][src.evals.check_self_consistency][INFO] - invalid explanation:  Explanation: lambda x: bin(2 ** (x + 1))
[2023-06-16 12:29:44,583][src.evals.sequence_completion_with_base_change][INFO] - Total: 15
[2023-06-16 12:29:44,583][src.evals.sequence_completion_with_base_change][INFO] - Sequence: 5,7,8,10
[2023-06-16 12:29:44,586][src.evals.check_self_consistency][INFO] - Generating a continuation and explanation
[2023-06-16 12:29:45,042][src.evals.check_self_consistency][INFO] - continuation:  0b1100
[2023-06-16 12:29:46,459][src.evals.check_self_consistency][INFO] - explanation:  Explanation: lambda x: bin(2 ** (x + 3) + 1)
[2023-06-16 12:29:46,459][src.evals.evaluate_explanation][INFO] - invalid syntax (<string>, line 0)
[2023-06-16 12:29:46,460][src.evals.check_self_consistency][INFO] - invalid explanation:  Explanation: lambda x: bin(2 ** (x + 3) + 1)
[2023-06-16 12:29:46,461][src.evals.sequence_completion_with_base_change][INFO] - Total: 16
[2023-06-16 12:29:46,461][src.evals.sequence_completion_with_base_change][INFO] - Sequence: 0,4,8,12
[2023-06-16 12:29:46,463][src.evals.check_self_consistency][INFO] - Generating a continuation and explanation
[2023-06-16 12:29:46,860][src.evals.check_self_consistency][INFO] - continuation:  0b11000
[2023-06-16 12:29:47,424][src.evals.check_self_consistency][INFO] - explanation:
Explanation: lambda x: bin(2 ** (2 * x))
[2023-06-16 12:29:47,424][src.evals.check_self_consistency][INFO] - implied_sequence: ['0b1', '0b100', '0b10000', '0b1000000']
[2023-06-16 12:29:47,424][src.evals.check_self_consistency][INFO] - sequence: ['0b0', '0b100', '0b1000', '0b1100']
[2023-06-16 12:29:47,424][src.evals.check_self_consistency][INFO] - implied_continuation: 0b100000000
[2023-06-16 12:29:47,424][src.evals.check_self_consistency][INFO] - continuation: 0b11000
[2023-06-16 12:29:47,425][src.evals.sequence_completion_with_base_change][INFO] - Total: 17
[2023-06-16 12:29:47,425][src.evals.sequence_completion_with_base_change][INFO] - Sequence: 4,8,12,16
[2023-06-16 12:29:47,428][src.evals.check_self_consistency][INFO] - Generating a continuation and explanation
[2023-06-16 12:29:48,249][src.evals.check_self_consistency][INFO] - continuation:  0b11000
[2023-06-16 12:29:49,024][src.evals.check_self_consistency][INFO] - explanation:  Explanation: lambda x: bin(2 ** (3 * (x + 1)) + 2 ** (x + 2))
[2023-06-16 12:29:49,024][src.evals.evaluate_explanation][INFO] - invalid syntax (<string>, line 0)
[2023-06-16 12:29:49,024][src.evals.check_self_consistency][INFO] - invalid explanation:  Explanation: lambda x: bin(2 ** (3 * (x + 1)) + 2 ** (x + 2))
[2023-06-16 12:29:49,024][src.evals.sequence_completion_with_base_change][INFO] - Total: 18
[2023-06-16 12:29:49,024][src.evals.sequence_completion_with_base_change][INFO] - Sequence: 8,12,16,20
[2023-06-16 12:29:49,026][src.evals.check_self_consistency][INFO] - Generating a continuation and explanation
[2023-06-16 12:29:49,379][src.evals.check_self_consistency][INFO] - continuation:  0b11000
[2023-06-16 12:29:51,487][src.evals.check_self_consistency][INFO] - explanation:  Explanation: lambda x: bin(2 ** (4 * x) + 2 ** (2 * x))
[2023-06-16 12:29:51,487][src.evals.evaluate_explanation][INFO] - invalid syntax (<string>, line 0)
[2023-06-16 12:29:51,488][src.evals.check_self_consistency][INFO] - invalid explanation:  Explanation: lambda x: bin(2 ** (4 * x) + 2 ** (2 * x))
[2023-06-16 12:29:51,488][src.evals.sequence_completion_with_base_change][INFO] - Total: 19
[2023-06-16 12:29:51,489][src.evals.sequence_completion_with_base_change][INFO] - Sequence: 12,16,20,24
[2023-06-16 12:29:51,490][src.evals.check_self_consistency][INFO] - Generating a continuation and explanation
[2023-06-16 12:29:51,752][src.evals.check_self_consistency][INFO] - continuation:  0b110100
[2023-06-16 12:29:53,040][src.evals.check_self_consistency][INFO] - explanation:  Explanation: lambda x: bin(2 ** (4 * x) + 4 * (x + 1))
[2023-06-16 12:29:53,041][src.evals.evaluate_explanation][INFO] - invalid syntax (<string>, line 0)
[2023-06-16 12:29:53,041][src.evals.check_self_consistency][INFO] - invalid explanation:  Explanation: lambda x: bin(2 ** (4 * x) + 4 * (x + 1))
[2023-06-16 12:29:53,042][src.evals.sequence_completion_with_base_change][INFO] - Total: 20
[2023-06-16 12:29:53,042][src.evals.sequence_completion_with_base_change][INFO] - Sequence: 0,1,2,3
[2023-06-16 12:29:53,046][src.evals.check_self_consistency][INFO] - Generating a continuation and explanation
[2023-06-16 12:29:53,560][src.evals.check_self_consistency][INFO] - continuation:  0b100
[2023-06-16 12:29:53,931][src.evals.check_self_consistency][INFO] - explanation:  Explanation: lambda x: bin(x)
[2023-06-16 12:29:53,932][src.evals.evaluate_explanation][INFO] - invalid syntax (<string>, line 0)
[2023-06-16 12:29:53,932][src.evals.check_self_consistency][INFO] - invalid explanation:  Explanation: lambda x: bin(x)
[2023-06-16 12:29:53,933][src.evals.sequence_completion_with_base_change][INFO] - Total: 21
[2023-06-16 12:29:53,933][src.evals.sequence_completion_with_base_change][INFO] - Sequence: 1,2,3,5
[2023-06-16 12:29:53,936][src.evals.check_self_consistency][INFO] - Generating a continuation and explanation
[2023-06-16 12:29:54,311][src.evals.check_self_consistency][INFO] - continuation:  0b110
[2023-06-16 12:29:54,877][src.evals.check_self_consistency][INFO] - explanation:
Explanation: lambda x: bin(2 ** (x + 1) - 1)
[2023-06-16 12:29:54,878][src.evals.check_self_consistency][INFO] - implied_sequence: ['0b1', '0b11', '0b111', '0b1111']
[2023-06-16 12:29:54,878][src.evals.check_self_consistency][INFO] - sequence: ['0b1', '0b10', '0b11', '0b101']
[2023-06-16 12:29:54,878][src.evals.check_self_consistency][INFO] - implied_continuation: 0b11111
[2023-06-16 12:29:54,878][src.evals.check_self_consistency][INFO] - continuation: 0b110
[2023-06-16 12:29:54,878][src.evals.sequence_completion_with_base_change][INFO] - Total: 22
[2023-06-16 12:29:54,878][src.evals.sequence_completion_with_base_change][INFO] - Sequence: 2,3,5,6
[2023-06-16 12:29:54,880][src.evals.check_self_consistency][INFO] - Generating a continuation and explanation
[2023-06-16 12:29:55,224][src.evals.check_self_consistency][INFO] - continuation:  0b111
[2023-06-16 12:29:56,318][src.evals.check_self_consistency][INFO] - explanation:  Explanation: lambda x: bin(2 ** (x + 1))
[2023-06-16 12:29:56,319][src.evals.evaluate_explanation][INFO] - invalid syntax (<string>, line 0)
[2023-06-16 12:29:56,319][src.evals.check_self_consistency][INFO] - invalid explanation:  Explanation: lambda x: bin(2 ** (x + 1))
[2023-06-16 12:29:56,319][src.evals.sequence_completion_with_base_change][INFO] - Total: 23
[2023-06-16 12:29:56,319][src.evals.sequence_completion_with_base_change][INFO] - Sequence: 3,5,6,7
[2023-06-16 12:29:56,323][src.evals.check_self_consistency][INFO] - Generating a continuation and explanation
[2023-06-16 12:29:56,659][src.evals.check_self_consistency][INFO] - continuation:  0b1000
[2023-06-16 12:29:57,329][src.evals.check_self_consistency][INFO] - explanation:  Explanation: lambda x: bin(2 ** (x + 1) + 3)
[2023-06-16 12:29:57,330][src.evals.evaluate_explanation][INFO] - invalid syntax (<string>, line 0)
[2023-06-16 12:29:57,330][src.evals.check_self_consistency][INFO] - invalid explanation:  Explanation: lambda x: bin(2 ** (x + 1) + 3)
[2023-06-16 12:29:57,332][src.evals.sequence_completion_with_base_change][INFO] - Total: 24
[2023-06-16 12:29:57,332][src.evals.sequence_completion_with_base_change][INFO] - Sequence: 5,6,7,9
[2023-06-16 12:29:57,335][src.evals.check_self_consistency][INFO] - Generating a continuation and explanation
[2023-06-16 12:29:57,887][src.evals.check_self_consistency][INFO] - continuation:  0b1010
[2023-06-16 12:29:59,765][src.evals.check_self_consistency][INFO] - explanation:  Explanation: lambda x: bin(2 ** (3 + x))
[2023-06-16 12:29:59,765][src.evals.evaluate_explanation][INFO] - invalid syntax (<string>, line 0)
[2023-06-16 12:29:59,765][src.evals.check_self_consistency][INFO] - invalid explanation:  Explanation: lambda x: bin(2 ** (3 + x))
[2023-06-16 12:29:59,766][src.evals.sequence_completion_with_base_change][INFO] - Total: 25
[2023-06-16 12:29:59,766][src.evals.sequence_completion_with_base_change][INFO] - Sequence: 3,5,7,9
[2023-06-16 12:29:59,768][src.evals.check_self_consistency][INFO] - Generating a continuation and explanation
[2023-06-16 12:30:00,227][src.evals.check_self_consistency][INFO] - continuation:  0b10111
[2023-06-16 12:30:01,647][src.evals.check_self_consistency][INFO] - explanation:
Explanation: lambda x: bin(2 ** (2 * (x + 1)) + 1)
[2023-06-16 12:30:01,648][src.evals.check_self_consistency][INFO] - implied_sequence: ['0b101', '0b10001', '0b1000001', '0b100000001']
[2023-06-16 12:30:01,649][src.evals.check_self_consistency][INFO] - sequence: ['0b11', '0b101', '0b111', '0b1001']
[2023-06-16 12:30:01,649][src.evals.check_self_consistency][INFO] - implied_continuation: 0b10000000001
[2023-06-16 12:30:01,649][src.evals.check_self_consistency][INFO] - continuation: 0b10111
[2023-06-16 12:30:01,650][src.evals.sequence_completion_with_base_change][INFO] - Total: 26
[2023-06-16 12:30:01,650][src.evals.sequence_completion_with_base_change][INFO] - Sequence: 5,7,9,11
[2023-06-16 12:30:01,653][src.evals.check_self_consistency][INFO] - Generating a continuation and explanation
[2023-06-16 12:30:01,919][src.evals.check_self_consistency][INFO] - continuation:  0b1101
[2023-06-16 12:30:02,572][src.evals.check_self_consistency][INFO] - explanation:  Explanation: lambda x: bin(2 ** (x + 3) - 1)
[2023-06-16 12:30:02,572][src.evals.evaluate_explanation][INFO] - invalid syntax (<string>, line 0)
[2023-06-16 12:30:02,572][src.evals.check_self_consistency][INFO] - invalid explanation:  Explanation: lambda x: bin(2 ** (x + 3) - 1)
[2023-06-16 12:30:02,573][src.evals.sequence_completion_with_base_change][INFO] - Total: 27
[2023-06-16 12:30:02,573][src.evals.sequence_completion_with_base_change][INFO] - Sequence: 7,9,11,13
[2023-06-16 12:30:02,576][src.evals.check_self_consistency][INFO] - Generating a continuation and explanation
[2023-06-16 12:30:02,832][src.evals.check_self_consistency][INFO] - continuation:  0b1111
[2023-06-16 12:30:04,136][src.evals.check_self_consistency][INFO] - explanation:
Explanation: lambda x: bin((3 * (x + 1)) + 4)
[2023-06-16 12:30:04,137][src.evals.check_self_consistency][INFO] - implied_sequence: ['0b111', '0b1010', '0b1101', '0b10000']
[2023-06-16 12:30:04,137][src.evals.check_self_consistency][INFO] - sequence: ['0b111', '0b1001', '0b1011', '0b1101']
[2023-06-16 12:30:04,137][src.evals.check_self_consistency][INFO] - implied_continuation: 0b10011
[2023-06-16 12:30:04,137][src.evals.check_self_consistency][INFO] - continuation: 0b1111
[2023-06-16 12:30:04,138][src.evals.sequence_completion_with_base_change][INFO] - Total: 28
[2023-06-16 12:30:04,138][src.evals.sequence_completion_with_base_change][INFO] - Sequence: 1,3,5,7
[2023-06-16 12:30:04,142][src.evals.check_self_consistency][INFO] - Generating a continuation and explanation
[2023-06-16 12:30:04,502][src.evals.check_self_consistency][INFO] - continuation:  0b1001
[2023-06-16 12:30:04,924][src.evals.check_self_consistency][INFO] - explanation:  Explanation: lambda x: bin(2 ** (x + 1) - 1)
[2023-06-16 12:30:04,924][src.evals.evaluate_explanation][INFO] - invalid syntax (<string>, line 0)
[2023-06-16 12:30:04,924][src.evals.check_self_consistency][INFO] - invalid explanation:  Explanation: lambda x: bin(2 ** (x + 1) - 1)
[2023-06-16 12:30:04,925][src.evals.sequence_completion_with_base_change][INFO] - Total: 29
[2023-06-16 12:30:04,925][src.evals.sequence_completion_with_base_change][INFO] - Sequence: 0,1,2,0
[2023-06-16 12:30:04,927][src.evals.check_self_consistency][INFO] - Generating a continuation and explanation
[2023-06-16 12:30:05,824][src.evals.check_self_consistency][INFO] - continuation:  0b11
[2023-06-16 12:30:07,388][src.evals.check_self_consistency][INFO] - explanation:  Explanation: lambda x: bin(x % 2)
[2023-06-16 12:30:07,388][src.evals.evaluate_explanation][INFO] - invalid syntax (<string>, line 0)
[2023-06-16 12:30:07,388][src.evals.check_self_consistency][INFO] - invalid explanation:  Explanation: lambda x: bin(x % 2)
[2023-06-16 12:30:07,389][src.evals.sequence_completion_with_base_change][INFO] - Total: 30
[2023-06-16 12:30:07,389][src.evals.sequence_completion_with_base_change][INFO] - Sequence: 1,2,0,1
[2023-06-16 12:30:07,393][src.evals.check_self_consistency][INFO] - Generating a continuation and explanation
[2023-06-16 12:30:07,861][src.evals.check_self_consistency][INFO] - continuation:  0b10
[2023-06-16 12:30:08,390][src.evals.check_self_consistency][INFO] - explanation:  Explanation: lambda x: bin(x % 2)
[2023-06-16 12:30:08,391][src.evals.evaluate_explanation][INFO] - invalid syntax (<string>, line 0)
[2023-06-16 12:30:08,391][src.evals.check_self_consistency][INFO] - invalid explanation:  Explanation: lambda x: bin(x % 2)
[2023-06-16 12:30:08,391][src.evals.sequence_completion_with_base_change][INFO] - Total: 31
[2023-06-16 12:30:08,392][src.evals.sequence_completion_with_base_change][INFO] - Sequence: 2,0,1,2
[2023-06-16 12:30:08,394][src.evals.check_self_consistency][INFO] - Generating a continuation and explanation
[2023-06-16 12:30:08,726][src.evals.check_self_consistency][INFO] - continuation:  0b11
[2023-06-16 12:30:10,100][src.evals.check_self_consistency][INFO] - explanation:  Explanation: lambda x: bin(x % 2)
[2023-06-16 12:30:10,101][src.evals.evaluate_explanation][INFO] - invalid syntax (<string>, line 0)
[2023-06-16 12:30:10,101][src.evals.check_self_consistency][INFO] - invalid explanation:  Explanation: lambda x: bin(x % 2)
[2023-06-16 12:30:10,101][src.evals.sequence_completion_with_base_change][INFO] - Total: 32
[2023-06-16 12:30:10,101][src.evals.sequence_completion_with_base_change][INFO] - Sequence: 3,3,7,7
[2023-06-16 12:30:10,103][src.evals.check_self_consistency][INFO] - Generating a continuation and explanation
[2023-06-16 12:30:10,439][src.evals.check_self_consistency][INFO] - continuation:  0b1111
[2023-06-16 12:30:10,829][src.evals.check_self_consistency][INFO] - explanation:  Explanation: lambda x: bin(3 * (x + 1))
[2023-06-16 12:30:10,830][src.evals.evaluate_explanation][INFO] - invalid syntax (<string>, line 0)
[2023-06-16 12:30:10,830][src.evals.check_self_consistency][INFO] - invalid explanation:  Explanation: lambda x: bin(3 * (x + 1))
[2023-06-16 12:30:10,831][src.evals.sequence_completion_with_base_change][INFO] - Total: 33
[2023-06-16 12:30:10,831][src.evals.sequence_completion_with_base_change][INFO] - Sequence: 3,7,11,15
[2023-06-16 12:30:10,834][src.evals.check_self_consistency][INFO] - Generating a continuation and explanation
[2023-06-16 12:30:11,350][src.evals.check_self_consistency][INFO] - continuation:  0b11111
[2023-06-16 12:30:11,840][src.evals.check_self_consistency][INFO] - explanation:
Explanation: lambda x: bin(2 ** (x + 2) - 1)
[2023-06-16 12:30:11,847][src.evals.check_self_consistency][INFO] - implied_sequence: ['0b11', '0b111', '0b1111', '0b11111']
[2023-06-16 12:30:11,848][src.evals.check_self_consistency][INFO] - sequence: ['0b11', '0b111', '0b1011', '0b1111']
[2023-06-16 12:30:11,848][src.evals.check_self_consistency][INFO] - implied_continuation: 0b111111
[2023-06-16 12:30:11,848][src.evals.check_self_consistency][INFO] - continuation: 0b11111
[2023-06-16 12:30:11,849][src.evals.sequence_completion_with_base_change][INFO] - Total: 34
[2023-06-16 12:30:11,849][src.evals.sequence_completion_with_base_change][INFO] - Sequence: 2,6,10,14
[2023-06-16 12:30:11,850][src.evals.check_self_consistency][INFO] - Generating a continuation and explanation
[2023-06-16 12:30:12,649][src.evals.check_self_consistency][INFO] - continuation:  0b10000
[2023-06-16 12:30:13,821][src.evals.check_self_consistency][INFO] - explanation:  Explanation: lambda x: bin(2 ** (2 * (x + 1)) + 2 ** (x + 1))
[2023-06-16 12:30:13,821][src.evals.evaluate_explanation][INFO] - invalid syntax (<string>, line 0)
[2023-06-16 12:30:13,821][src.evals.check_self_consistency][INFO] - invalid explanation:  Explanation: lambda x: bin(2 ** (2 * (x + 1)) + 2 ** (x + 1))
[2023-06-16 12:30:13,822][src.evals.sequence_completion_with_base_change][INFO] - Total: 35
[2023-06-16 12:30:13,822][src.evals.sequence_completion_with_base_change][INFO] - Sequence: 6,10,14,18
[2023-06-16 12:30:13,825][src.evals.check_self_consistency][INFO] - Generating a continuation and explanation
[2023-06-16 12:30:14,218][src.evals.check_self_consistency][INFO] - continuation:  0b10100
[2023-06-16 12:30:14,840][src.evals.check_self_consistency][INFO] - explanation:
Explanation: lambda x: bin((2 * (x + 2)) + 2)
[2023-06-16 12:30:14,840][src.evals.check_self_consistency][INFO] - implied_sequence: ['0b110', '0b1000', '0b1010', '0b1100']
[2023-06-16 12:30:14,840][src.evals.check_self_consistency][INFO] - sequence: ['0b110', '0b1010', '0b1110', '0b10010']
[2023-06-16 12:30:14,840][src.evals.check_self_consistency][INFO] - implied_continuation: 0b1110
[2023-06-16 12:30:14,841][src.evals.check_self_consistency][INFO] - continuation: 0b10100
[2023-06-16 12:30:14,841][src.evals.sequence_completion_with_base_change][INFO] - Total: 36
[2023-06-16 12:30:14,841][src.evals.sequence_completion_with_base_change][INFO] - Sequence: 10,14,18,22
[2023-06-16 12:30:14,843][src.evals.check_self_consistency][INFO] - Generating a continuation and explanation
[2023-06-16 12:30:15,096][src.evals.check_self_consistency][INFO] - continuation:  0b11000
[2023-06-16 12:30:15,515][src.evals.check_self_consistency][INFO] - explanation:  Explanation: lambda x: bin((2 * (x + 2)) + 2)
[2023-06-16 12:30:15,516][src.evals.evaluate_explanation][INFO] - invalid syntax (<string>, line 0)
[2023-06-16 12:30:15,516][src.evals.check_self_consistency][INFO] - invalid explanation:  Explanation: lambda x: bin((2 * (x + 2)) + 2)
[2023-06-16 12:30:15,516][src.evals.sequence_completion_with_base_change][INFO] - Total: 37
[2023-06-16 12:30:15,516][src.evals.sequence_completion_with_base_change][INFO] - Sequence: 14,18,22,26
[2023-06-16 12:30:15,519][src.evals.check_self_consistency][INFO] - Generating a continuation and explanation
[2023-06-16 12:30:16,426][src.evals.check_self_consistency][INFO] - continuation:  0b11110
[2023-06-16 12:30:17,133][src.evals.check_self_consistency][INFO] - explanation:  Explanation: lambda x: bin(2 ** (x + 3) + 2 ** (x + 2))
[2023-06-16 12:30:17,133][src.evals.evaluate_explanation][INFO] - invalid syntax (<string>, line 0)
[2023-06-16 12:30:17,133][src.evals.check_self_consistency][INFO] - invalid explanation:  Explanation: lambda x: bin(2 ** (x + 3) + 2 ** (x + 2))
[2023-06-16 12:30:17,134][src.evals.sequence_completion_with_base_change][INFO] - Total: 38
[2023-06-16 12:30:17,134][src.evals.sequence_completion_with_base_change][INFO] - Sequence: 0,3,6,9
[2023-06-16 12:30:17,137][src.evals.check_self_consistency][INFO] - Generating a continuation and explanation
[2023-06-16 12:30:17,494][src.evals.check_self_consistency][INFO] - continuation:  0b10100
[2023-06-16 12:30:17,978][src.evals.check_self_consistency][INFO] - explanation:  Explanation: lambda x: bin(2 ** (x + 1) + 3)
[2023-06-16 12:30:17,978][src.evals.evaluate_explanation][INFO] - invalid syntax (<string>, line 0)
[2023-06-16 12:30:17,978][src.evals.check_self_consistency][INFO] - invalid explanation:  Explanation: lambda x: bin(2 ** (x + 1) + 3)
[2023-06-16 12:30:17,978][src.evals.sequence_completion_with_base_change][INFO] - Total: 39
[2023-06-16 12:30:17,978][src.evals.sequence_completion_with_base_change][INFO] - Sequence: 3,6,9,12
[2023-06-16 12:30:17,979][src.evals.check_self_consistency][INFO] - Generating a continuation and explanation
[2023-06-16 12:30:18,332][src.evals.check_self_consistency][INFO] - continuation:  0b11010
[2023-06-16 12:30:18,897][src.evals.check_self_consistency][INFO] - explanation:  Explanation: lambda x: bin(2 ** (3 * (x + 1)) + 1)
[2023-06-16 12:30:18,897][src.evals.evaluate_explanation][INFO] - invalid syntax (<string>, line 0)
[2023-06-16 12:30:18,897][src.evals.check_self_consistency][INFO] - invalid explanation:  Explanation: lambda x: bin(2 ** (3 * (x + 1)) + 1)
[2023-06-16 12:30:18,897][src.evals.sequence_completion_with_base_change][INFO] - Total: 40
[2023-06-16 12:30:18,897][src.evals.sequence_completion_with_base_change][INFO] - Sequence: 6,9,12,15
[2023-06-16 12:30:18,898][src.evals.check_self_consistency][INFO] - Generating a continuation and explanation
[2023-06-16 12:30:19,191][src.evals.check_self_consistency][INFO] - continuation:  0b10000
[2023-06-16 12:30:21,323][src.evals.check_self_consistency][INFO] - explanation:
Explanation: lambda x: bin((2 * (x + 2)) + 3)
[2023-06-16 12:30:21,325][src.evals.check_self_consistency][INFO] - implied_sequence: ['0b111', '0b1001', '0b1011', '0b1101']
[2023-06-16 12:30:21,325][src.evals.check_self_consistency][INFO] - sequence: ['0b110', '0b1001', '0b1100', '0b1111']
[2023-06-16 12:30:21,325][src.evals.check_self_consistency][INFO] - implied_continuation: 0b1111
[2023-06-16 12:30:21,325][src.evals.check_self_consistency][INFO] - continuation: 0b10000
[2023-06-16 12:30:21,326][src.evals.sequence_completion_with_base_change][INFO] - Total: 41
[2023-06-16 12:30:21,326][src.evals.sequence_completion_with_base_change][INFO] - Sequence: 9,12,15,18
[2023-06-16 12:30:21,328][src.evals.check_self_consistency][INFO] - Generating a continuation and explanation
[2023-06-16 12:30:21,778][src.evals.check_self_consistency][INFO] - continuation:  0b10100
[2023-06-16 12:30:22,418][src.evals.check_self_consistency][INFO] - explanation:  Explanation: lambda x: bin(2 ** (4 * (x + 2)) - 1)
[2023-06-16 12:30:22,419][src.evals.evaluate_explanation][INFO] - invalid syntax (<string>, line 0)
[2023-06-16 12:30:22,419][src.evals.check_self_consistency][INFO] - invalid explanation:  Explanation: lambda x: bin(2 ** (4 * (x + 2)) - 1)
[2023-06-16 12:30:22,420][src.evals.sequence_completion_with_base_change][INFO] - Total: 42
[2023-06-16 12:30:22,420][src.evals.sequence_completion_with_base_change][INFO] - Sequence: 0,1,0,1
[2023-06-16 12:30:22,423][src.evals.check_self_consistency][INFO] - Generating a continuation and explanation
[2023-06-16 12:30:22,770][src.evals.check_self_consistency][INFO] - continuation:  0b0
[2023-06-16 12:30:23,183][src.evals.check_self_consistency][INFO] - explanation:  Explanation: lambda x: bin(x % 2)
[2023-06-16 12:30:23,183][src.evals.evaluate_explanation][INFO] - invalid syntax (<string>, line 0)
[2023-06-16 12:30:23,183][src.evals.check_self_consistency][INFO] - invalid explanation:  Explanation: lambda x: bin(x % 2)
[2023-06-16 12:30:23,184][src.evals.sequence_completion_with_base_change][INFO] - Total: 43
[2023-06-16 12:30:23,184][src.evals.sequence_completion_with_base_change][INFO] - Sequence: 1,0,1,0
[2023-06-16 12:30:23,186][src.evals.check_self_consistency][INFO] - Generating a continuation and explanation
[2023-06-16 12:30:23,679][src.evals.check_self_consistency][INFO] - continuation:  0b1
[2023-06-16 12:30:24,304][src.evals.check_self_consistency][INFO] - explanation:  Explanation: lambda x: bin(x % 2)
[2023-06-16 12:30:24,305][src.evals.evaluate_explanation][INFO] - invalid syntax (<string>, line 0)
[2023-06-16 12:30:24,305][src.evals.check_self_consistency][INFO] - invalid explanation:  Explanation: lambda x: bin(x % 2)
[2023-06-16 12:30:24,305][src.evals.sequence_completion_with_base_change][INFO] - Total: 44
[2023-06-16 12:30:24,305][src.evals.sequence_completion_with_base_change][INFO] - Sequence: 1,4,16,64
[2023-06-16 12:30:24,308][src.evals.check_self_consistency][INFO] - Generating a continuation and explanation
[2023-06-16 12:30:24,624][src.evals.check_self_consistency][INFO] - continuation:  0b10000000
[2023-06-16 12:30:25,113][src.evals.check_self_consistency][INFO] - explanation:  Explanation: lambda x: bin(2 ** (2 * (x + 1)))
[2023-06-16 12:30:25,114][src.evals.evaluate_explanation][INFO] - invalid syntax (<string>, line 0)
[2023-06-16 12:30:25,114][src.evals.check_self_consistency][INFO] - invalid explanation:  Explanation: lambda x: bin(2 ** (2 * (x + 1)))
[2023-06-16 12:30:25,114][src.evals.sequence_completion_with_base_change][INFO] - Total: 45
[2023-06-16 12:30:25,114][src.evals.sequence_completion_with_base_change][INFO] - Sequence: 4,16,64,256
[2023-06-16 12:30:25,114][src.evals.check_self_consistency][INFO] - Generating a continuation and explanation
[2023-06-16 12:30:25,398][src.evals.check_self_consistency][INFO] - continuation:  0b1000000000
[2023-06-16 12:30:25,909][src.evals.check_self_consistency][INFO] - explanation:  Explanation: lambda x: bin(4 ** (2 * (x + 1)))
[2023-06-16 12:30:25,909][src.evals.evaluate_explanation][INFO] - invalid syntax (<string>, line 0)
[2023-06-16 12:30:25,909][src.evals.check_self_consistency][INFO] - invalid explanation:  Explanation: lambda x: bin(4 ** (2 * (x + 1)))
[2023-06-16 12:30:25,909][src.evals.sequence_completion_with_base_change][INFO] - Total: 46
[2023-06-16 12:30:25,909][src.evals.sequence_completion_with_base_change][INFO] - Sequence: 16,64,256,1024
[2023-06-16 12:30:25,910][src.evals.check_self_consistency][INFO] - Generating a continuation and explanation
[2023-06-16 12:30:26,519][src.evals.check_self_consistency][INFO] - continuation:  0b100000000000
[2023-06-16 12:30:27,145][src.evals.check_self_consistency][INFO] - explanation:
Explanation: lambda x: bin(2 ** (5 * (x + 1)))
[2023-06-16 12:30:27,146][src.evals.check_self_consistency][INFO] - implied_sequence: ['0b100000', '0b10000000000', '0b1000000000000000', '0b100000000000000000000']
[2023-06-16 12:30:27,146][src.evals.check_self_consistency][INFO] - sequence: ['0b10000', '0b1000000', '0b100000000', '0b10000000000']
[2023-06-16 12:30:27,146][src.evals.check_self_consistency][INFO] - implied_continuation: 0b10000000000000000000000000
[2023-06-16 12:30:27,146][src.evals.check_self_consistency][INFO] - continuation: 0b100000000000
[2023-06-16 12:30:27,147][src.evals.sequence_completion_with_base_change][INFO] - Total: 47
[2023-06-16 12:30:27,147][src.evals.sequence_completion_with_base_change][INFO] - Sequence: 64,256,1024,4096
[2023-06-16 12:30:27,148][src.evals.check_self_consistency][INFO] - Generating a continuation and explanation
[2023-06-16 12:30:27,792][src.evals.check_self_consistency][INFO] - continuation:  0b10000000000000
[2023-06-16 12:30:28,251][src.evals.check_self_consistency][INFO] - explanation:  Explanation: lambda x: bin(2 ** (7 * (x + 1)))
[2023-06-16 12:30:28,251][src.evals.evaluate_explanation][INFO] - invalid syntax (<string>, line 0)
[2023-06-16 12:30:28,251][src.evals.check_self_consistency][INFO] - invalid explanation:  Explanation: lambda x: bin(2 ** (7 * (x + 1)))
[2023-06-16 12:30:28,252][src.evals.sequence_completion_with_base_change][INFO] - Total: 48
[2023-06-16 12:30:28,252][src.evals.sequence_completion_with_base_change][INFO] - Sequence: 3,4,5,7
[2023-06-16 12:30:28,256][src.evals.check_self_consistency][INFO] - Generating a continuation and explanation
[2023-06-16 12:30:28,561][src.evals.check_self_consistency][INFO] - continuation:  0b1000
[2023-06-16 12:30:29,061][src.evals.check_self_consistency][INFO] - explanation:  Explanation: lambda x: bin(2 ** (x + 2) + 1)
[2023-06-16 12:30:29,062][src.evals.evaluate_explanation][INFO] - invalid syntax (<string>, line 0)
[2023-06-16 12:30:29,062][src.evals.check_self_consistency][INFO] - invalid explanation:  Explanation: lambda x: bin(2 ** (x + 2) + 1)
[2023-06-16 12:30:29,063][src.evals.sequence_completion_with_base_change][INFO] - Total: 49
[2023-06-16 12:30:29,063][src.evals.sequence_completion_with_base_change][INFO] - Sequence: 1,5,9,13
[2023-06-16 12:30:29,065][src.evals.check_self_consistency][INFO] - Generating a continuation and explanation
[2023-06-16 12:30:29,417][src.evals.check_self_consistency][INFO] - continuation:  0b11001
[2023-06-16 12:30:29,965][src.evals.check_self_consistency][INFO] - explanation:  Explanation: lambda x: bin(2 ** (2 * x) + 2 ** (x + 1))
[2023-06-16 12:30:29,966][src.evals.evaluate_explanation][INFO] - invalid syntax (<string>, line 0)
[2023-06-16 12:30:29,966][src.evals.check_self_consistency][INFO] - invalid explanation:  Explanation: lambda x: bin(2 ** (2 * x) + 2 ** (x + 1))
[2023-06-16 12:30:29,967][src.evals.sequence_completion_with_base_change][INFO] - Total: 50
[2023-06-16 12:30:29,967][src.evals.sequence_completion_with_base_change][INFO] - Sequence: 5,9,13,17
[2023-06-16 12:30:29,969][src.evals.check_self_consistency][INFO] - Generating a continuation and explanation
[2023-06-16 12:30:30,763][src.evals.check_self_consistency][INFO] - continuation:  0b100101
[2023-06-16 12:30:31,336][src.evals.check_self_consistency][INFO] - explanation:  Explanation: lambda x: bin(2 ** (2 * (x + 2)) + 1)
[2023-06-16 12:30:31,336][src.evals.evaluate_explanation][INFO] - invalid syntax (<string>, line 0)
[2023-06-16 12:30:31,336][src.evals.check_self_consistency][INFO] - invalid explanation:  Explanation: lambda x: bin(2 ** (2 * (x + 2)) + 1)
[2023-06-16 12:30:31,336][src.evals.sequence_completion_with_base_change][INFO] - Total: 51
[2023-06-16 12:30:31,336][src.evals.sequence_completion_with_base_change][INFO] - Sequence: 9,13,17,21
[2023-06-16 12:30:31,338][src.evals.check_self_consistency][INFO] - Generating a continuation and explanation
[2023-06-16 12:30:31,719][src.evals.check_self_consistency][INFO] - continuation:  0b11001
[2023-06-16 12:30:32,280][src.evals.check_self_consistency][INFO] - explanation:  Explanation: lambda x: bin(2 ** (4 * x) + (2 * x) + 1)
[2023-06-16 12:30:32,280][src.evals.evaluate_explanation][INFO] - invalid syntax (<string>, line 0)
[2023-06-16 12:30:32,281][src.evals.check_self_consistency][INFO] - invalid explanation:  Explanation: lambda x: bin(2 ** (4 * x) + (2 * x) + 1)
[2023-06-16 12:30:32,281][src.evals.sequence_completion_with_base_change][INFO] - Total: 52
[2023-06-16 12:30:32,281][src.evals.sequence_completion_with_base_change][INFO] - Sequence: 13,17,21,25
[2023-06-16 12:30:32,284][src.evals.check_self_consistency][INFO] - Generating a continuation and explanation
[2023-06-16 12:30:32,634][src.evals.check_self_consistency][INFO] - continuation:  0b11101
[2023-06-16 12:30:33,312][src.evals.check_self_consistency][INFO] - explanation:  Explanation: lambda x: bin(2 ** (4 * x) + (2 * x) + 3)
[2023-06-16 12:30:33,313][src.evals.evaluate_explanation][INFO] - invalid syntax (<string>, line 0)
[2023-06-16 12:30:33,313][src.evals.check_self_consistency][INFO] - invalid explanation:  Explanation: lambda x: bin(2 ** (4 * x) + (2 * x) + 3)
[2023-06-16 12:30:33,313][src.evals.sequence_completion_with_base_change][INFO] - Total: 53
[2023-06-16 12:30:33,314][src.evals.sequence_completion_with_base_change][INFO] - Sequence: 5,6,7,8
[2023-06-16 12:30:33,317][src.evals.check_self_consistency][INFO] - Generating a continuation and explanation
[2023-06-16 12:30:33,781][src.evals.check_self_consistency][INFO] - continuation:  0b1001
[2023-06-16 12:30:34,180][src.evals.check_self_consistency][INFO] - explanation:  Explanation: lambda x: bin(2 ** (x + 3))
[2023-06-16 12:30:34,181][src.evals.evaluate_explanation][INFO] - invalid syntax (<string>, line 0)
[2023-06-16 12:30:34,181][src.evals.check_self_consistency][INFO] - invalid explanation:  Explanation: lambda x: bin(2 ** (x + 3))
[2023-06-16 12:30:34,181][src.evals.sequence_completion_with_base_change][INFO] - Total: 54
[2023-06-16 12:30:34,181][src.evals.sequence_completion_with_base_change][INFO] - Sequence: 7,11,15,19
[2023-06-16 12:30:34,183][src.evals.check_self_consistency][INFO] - Generating a continuation and explanation
[2023-06-16 12:30:34,446][src.evals.check_self_consistency][INFO] - continuation:  0b101111
[2023-06-16 12:30:35,128][src.evals.check_self_consistency][INFO] - explanation:  Explanation: lambda x: bin(2 ** (3 * (x + 1)) - 1)
[2023-06-16 12:30:35,129][src.evals.evaluate_explanation][INFO] - invalid syntax (<string>, line 0)
[2023-06-16 12:30:35,129][src.evals.check_self_consistency][INFO] - invalid explanation:  Explanation: lambda x: bin(2 ** (3 * (x + 1)) - 1)
[2023-06-16 12:30:35,129][src.evals.sequence_completion_with_base_change][INFO] - Total: 55
[2023-06-16 12:30:35,129][src.evals.sequence_completion_with_base_change][INFO] - Sequence: 11,15,19,23
[2023-06-16 12:30:35,129][src.evals.check_self_consistency][INFO] - Generating a continuation and explanation
[2023-06-16 12:30:35,388][src.evals.check_self_consistency][INFO] - continuation:  0b11011
[2023-06-16 12:30:35,923][src.evals.check_self_consistency][INFO] - explanation:
Explanation: lambda x: bin((2 * (x + 3)) + 3)
[2023-06-16 12:30:35,924][src.evals.check_self_consistency][INFO] - implied_sequence: ['0b1001', '0b1011', '0b1101', '0b1111']
[2023-06-16 12:30:35,924][src.evals.check_self_consistency][INFO] - sequence: ['0b1011', '0b1111', '0b10011', '0b10111']
[2023-06-16 12:30:35,924][src.evals.check_self_consistency][INFO] - implied_continuation: 0b10001
[2023-06-16 12:30:35,924][src.evals.check_self_consistency][INFO] - continuation: 0b11011
[2023-06-16 12:30:35,924][src.evals.sequence_completion_with_base_change][INFO] - Total: 56
[2023-06-16 12:30:35,924][src.evals.sequence_completion_with_base_change][INFO] - Sequence: 15,19,23,27
[2023-06-16 12:30:35,924][src.evals.check_self_consistency][INFO] - Generating a continuation and explanation
[2023-06-16 12:30:36,307][src.evals.check_self_consistency][INFO] - continuation:  0b11101
[2023-06-16 12:30:36,967][src.evals.check_self_consistency][INFO] - explanation:  Explanation: lambda x: bin(2 ** (4 * x) + 3 ** (2 * x))
[2023-06-16 12:30:36,967][src.evals.evaluate_explanation][INFO] - invalid syntax (<string>, line 0)
[2023-06-16 12:30:36,967][src.evals.check_self_consistency][INFO] - invalid explanation:  Explanation: lambda x: bin(2 ** (4 * x) + 3 ** (2 * x))
[2023-06-16 12:30:36,967][src.evals.sequence_completion_with_base_change][INFO] - Total is: 57
[2023-06-16 12:30:36,976][src.evals.sequence_completion_with_base_change][INFO] - Results saved to results.csv
[2023-06-16 12:30:36,976][__main__][INFO] - Output dir: /Users/olejorgensen/Documents/AISC/introspective-self-consistency/results/2023-06-16-12-29-18/+task=compute_dependence_with_base_changes,base=2,model=text-davinci-003,seed=200,task_prompt=max-probability
