[2023-06-16 12:29:21,131][src.utils][INFO] - Git sha: d53c8d5cb57880185078a9640662ff19153e56a2
[2023-06-16 12:29:21,149][src.utils][INFO] - Changed files: ['conf/task/compute_dependence_with_base_changes.yaml']
[2023-06-16 12:29:21,168][src.utils][INFO] - Git diff:
diff --git a/conf/task/compute_dependence_with_base_changes.yaml b/conf/task/compute_dependence_with_base_changes.yaml
index 4a736ad..c88ed35 100644
--- a/conf/task/compute_dependence_with_base_changes.yaml
+++ b/conf/task/compute_dependence_with_base_changes.yaml
@@ -8,3 +8,4 @@ num_shots: 4
 shot_method: random
 task_prompt: self-consistency
 role_prompt: null
+seed: 21
\ No newline at end of file
[2023-06-16 12:29:24,784][src.evals.sequence_completion_with_base_change][INFO] - Total: 0
[2023-06-16 12:29:24,785][src.evals.sequence_completion_with_base_change][INFO] - Sequence: 1,2,3,5
[2023-06-16 12:29:24,786][src.evals.check_self_consistency][INFO] - Generating a continuation and explanation
[2023-06-16 12:29:25,197][src.evals.check_self_consistency][INFO] - continuation:  8
[2023-06-16 12:29:28,014][src.evals.check_self_consistency][INFO] - explanation:  Explanation: lambda x: (x + 1) ** 2 - (x + 1) + 1
[2023-06-16 12:29:28,014][src.evals.evaluate_explanation][INFO] - invalid syntax (<string>, line 0)
[2023-06-16 12:29:28,014][src.evals.check_self_consistency][INFO] - invalid explanation:  Explanation: lambda x: (x + 1) ** 2 - (x + 1) + 1
[2023-06-16 12:29:28,015][src.evals.sequence_completion_with_base_change][INFO] - Total: 1
[2023-06-16 12:29:28,015][src.evals.sequence_completion_with_base_change][INFO] - Sequence: 2,3,5,6
[2023-06-16 12:29:28,017][src.evals.check_self_consistency][INFO] - Generating a continuation and explanation
[2023-06-16 12:29:28,315][src.evals.check_self_consistency][INFO] - continuation:  10
[2023-06-16 12:29:29,029][src.evals.check_self_consistency][INFO] - explanation:  Explanation: lambda x: (x + 2) ** 2
[2023-06-16 12:29:29,030][src.evals.evaluate_explanation][INFO] - invalid syntax (<string>, line 0)
[2023-06-16 12:29:29,030][src.evals.check_self_consistency][INFO] - invalid explanation:  Explanation: lambda x: (x + 2) ** 2
[2023-06-16 12:29:29,031][src.evals.sequence_completion_with_base_change][INFO] - Total: 2
[2023-06-16 12:29:29,031][src.evals.sequence_completion_with_base_change][INFO] - Sequence: 3,5,6,7
[2023-06-16 12:29:29,033][src.evals.check_self_consistency][INFO] - Generating a continuation and explanation
[2023-06-16 12:29:29,680][src.evals.check_self_consistency][INFO] - continuation:  8
[2023-06-16 12:29:31,589][src.evals.check_self_consistency][INFO] - explanation:
Explanation: lambda x: (x + 3) * 2 - 1
[2023-06-16 12:29:31,591][src.evals.check_self_consistency][INFO] - implied_sequence: [5, 7, 9, 11]
[2023-06-16 12:29:31,591][src.evals.check_self_consistency][INFO] - sequence: [3, 5, 6, 7]
[2023-06-16 12:29:31,591][src.evals.check_self_consistency][INFO] - implied_continuation: 13
[2023-06-16 12:29:31,592][src.evals.check_self_consistency][INFO] - continuation: 8
[2023-06-16 12:29:31,593][src.evals.sequence_completion_with_base_change][INFO] - Total: 3
[2023-06-16 12:29:31,593][src.evals.sequence_completion_with_base_change][INFO] - Sequence: 5,6,7,9
[2023-06-16 12:29:31,599][src.evals.check_self_consistency][INFO] - Generating a continuation and explanation
[2023-06-16 12:29:31,854][src.evals.check_self_consistency][INFO] - continuation:  11
[2023-06-16 12:29:32,249][src.evals.check_self_consistency][INFO] - explanation:  Explanation: lambda x: (x + 5) ** 2
[2023-06-16 12:29:32,249][src.evals.evaluate_explanation][INFO] - invalid syntax (<string>, line 0)
[2023-06-16 12:29:32,249][src.evals.check_self_consistency][INFO] - invalid explanation:  Explanation: lambda x: (x + 5) ** 2
[2023-06-16 12:29:32,250][src.evals.sequence_completion_with_base_change][INFO] - Total: 4
[2023-06-16 12:29:32,250][src.evals.sequence_completion_with_base_change][INFO] - Sequence: 3,4,5,6
[2023-06-16 12:29:32,252][src.evals.check_self_consistency][INFO] - Generating a continuation and explanation
[2023-06-16 12:29:32,507][src.evals.check_self_consistency][INFO] - continuation:  7
[2023-06-16 12:29:32,851][src.evals.check_self_consistency][INFO] - explanation:  Explanation: lambda x: (x + 3) ** 2
[2023-06-16 12:29:32,852][src.evals.evaluate_explanation][INFO] - invalid syntax (<string>, line 0)
[2023-06-16 12:29:32,852][src.evals.check_self_consistency][INFO] - invalid explanation:  Explanation: lambda x: (x + 3) ** 2
[2023-06-16 12:29:32,853][src.evals.sequence_completion_with_base_change][INFO] - Total: 5
[2023-06-16 12:29:32,853][src.evals.sequence_completion_with_base_change][INFO] - Sequence: 4,5,6,7
[2023-06-16 12:29:32,855][src.evals.check_self_consistency][INFO] - Generating a continuation and explanation
[2023-06-16 12:29:33,287][src.evals.check_self_consistency][INFO] - continuation:  8
[2023-06-16 12:29:34,051][src.evals.check_self_consistency][INFO] - explanation:
Explanation: lambda x: [i for i in range(100) if i % (3 + 1) or i % (6 + 1)][(x + 3)]
[2023-06-16 12:29:34,053][src.evals.check_self_consistency][INFO] - implied_sequence: [4, 5, 6, 7]
[2023-06-16 12:29:34,053][src.evals.check_self_consistency][INFO] - sequence: [4, 5, 6, 7]
[2023-06-16 12:29:34,053][src.evals.check_self_consistency][INFO] - implied_continuation: 8
[2023-06-16 12:29:34,054][src.evals.check_self_consistency][INFO] - continuation: 8
[2023-06-16 12:29:34,055][src.evals.sequence_completion_with_base_change][INFO] - Total: 6
[2023-06-16 12:29:34,055][src.evals.sequence_completion_with_base_change][INFO] - Sequence: 5,6,7,8
[2023-06-16 12:29:34,058][src.evals.check_self_consistency][INFO] - Generating a continuation and explanation
[2023-06-16 12:29:34,446][src.evals.check_self_consistency][INFO] - continuation:  9
[2023-06-16 12:29:34,892][src.evals.check_self_consistency][INFO] - explanation:  Explanation: lambda x: (x + 5)
[2023-06-16 12:29:34,892][src.evals.evaluate_explanation][INFO] - invalid syntax (<string>, line 0)
[2023-06-16 12:29:34,893][src.evals.check_self_consistency][INFO] - invalid explanation:  Explanation: lambda x: (x + 5)
[2023-06-16 12:29:34,893][src.evals.sequence_completion_with_base_change][INFO] - Total: 7
[2023-06-16 12:29:34,893][src.evals.sequence_completion_with_base_change][INFO] - Sequence: 0,4,8,12
[2023-06-16 12:29:34,896][src.evals.check_self_consistency][INFO] - Generating a continuation and explanation
[2023-06-16 12:29:35,427][src.evals.check_self_consistency][INFO] - continuation:  16
[2023-06-16 12:29:35,844][src.evals.check_self_consistency][INFO] - explanation:  Explanation: lambda x: (4 * (x + 1))
[2023-06-16 12:29:35,844][src.evals.evaluate_explanation][INFO] - invalid syntax (<string>, line 0)
[2023-06-16 12:29:35,844][src.evals.check_self_consistency][INFO] - invalid explanation:  Explanation: lambda x: (4 * (x + 1))
[2023-06-16 12:29:35,845][src.evals.sequence_completion_with_base_change][INFO] - Total: 8
[2023-06-16 12:29:35,845][src.evals.sequence_completion_with_base_change][INFO] - Sequence: 4,8,12,16
[2023-06-16 12:29:35,847][src.evals.check_self_consistency][INFO] - Generating a continuation and explanation
[2023-06-16 12:29:36,284][src.evals.check_self_consistency][INFO] - continuation:  20
[2023-06-16 12:29:36,839][src.evals.check_self_consistency][INFO] - explanation:  Explanation: lambda x: (4 * (x + 1))
[2023-06-16 12:29:36,839][src.evals.evaluate_explanation][INFO] - invalid syntax (<string>, line 0)
[2023-06-16 12:29:36,839][src.evals.check_self_consistency][INFO] - invalid explanation:  Explanation: lambda x: (4 * (x + 1))
[2023-06-16 12:29:36,840][src.evals.sequence_completion_with_base_change][INFO] - Total: 9
[2023-06-16 12:29:36,840][src.evals.sequence_completion_with_base_change][INFO] - Sequence: 8,12,16,20
[2023-06-16 12:29:36,842][src.evals.check_self_consistency][INFO] - Generating a continuation and explanation
[2023-06-16 12:29:37,221][src.evals.check_self_consistency][INFO] - continuation:  24
[2023-06-16 12:29:39,632][src.evals.check_self_consistency][INFO] - explanation:  Explanation: lambda x: (4 * (x + 1)) + 4
[2023-06-16 12:29:39,633][src.evals.evaluate_explanation][INFO] - invalid syntax (<string>, line 0)
[2023-06-16 12:29:39,633][src.evals.check_self_consistency][INFO] - invalid explanation:  Explanation: lambda x: (4 * (x + 1)) + 4
[2023-06-16 12:29:39,635][src.evals.sequence_completion_with_base_change][INFO] - Total: 10
[2023-06-16 12:29:39,635][src.evals.sequence_completion_with_base_change][INFO] - Sequence: 12,16,20,24
[2023-06-16 12:29:39,638][src.evals.check_self_consistency][INFO] - Generating a continuation and explanation
[2023-06-16 12:29:39,881][src.evals.check_self_consistency][INFO] - continuation:  28
[2023-06-16 12:29:40,296][src.evals.check_self_consistency][INFO] - explanation:  Explanation: lambda x: (4 * (x + 1)) + 8
[2023-06-16 12:29:40,297][src.evals.evaluate_explanation][INFO] - invalid syntax (<string>, line 0)
[2023-06-16 12:29:40,297][src.evals.check_self_consistency][INFO] - invalid explanation:  Explanation: lambda x: (4 * (x + 1)) + 8
[2023-06-16 12:29:40,298][src.evals.sequence_completion_with_base_change][INFO] - Total: 11
[2023-06-16 12:29:40,298][src.evals.sequence_completion_with_base_change][INFO] - Sequence: 0,1,2,3
[2023-06-16 12:29:40,301][src.evals.check_self_consistency][INFO] - Generating a continuation and explanation
[2023-06-16 12:29:40,513][src.evals.check_self_consistency][INFO] - continuation:  4
[2023-06-16 12:29:40,792][src.evals.check_self_consistency][INFO] - explanation:  Explanation: lambda x: x
[2023-06-16 12:29:40,793][src.evals.evaluate_explanation][INFO] - invalid syntax (<string>, line 0)
[2023-06-16 12:29:40,793][src.evals.check_self_consistency][INFO] - invalid explanation:  Explanation: lambda x: x
[2023-06-16 12:29:40,793][src.evals.sequence_completion_with_base_change][INFO] - Total: 12
[2023-06-16 12:29:40,793][src.evals.sequence_completion_with_base_change][INFO] - Sequence: 0,1,0,1
[2023-06-16 12:29:40,798][src.evals.check_self_consistency][INFO] - Generating a continuation and explanation
[2023-06-16 12:29:41,592][src.evals.check_self_consistency][INFO] - continuation:  0
[2023-06-16 12:29:41,941][src.evals.check_self_consistency][INFO] - explanation:  Explanation: lambda x: x % 2
[2023-06-16 12:29:41,942][src.evals.evaluate_explanation][INFO] - invalid syntax (<string>, line 0)
[2023-06-16 12:29:41,942][src.evals.check_self_consistency][INFO] - invalid explanation:  Explanation: lambda x: x % 2
[2023-06-16 12:29:41,943][src.evals.sequence_completion_with_base_change][INFO] - Total: 13
[2023-06-16 12:29:41,943][src.evals.sequence_completion_with_base_change][INFO] - Sequence: 1,0,1,0
[2023-06-16 12:29:41,947][src.evals.check_self_consistency][INFO] - Generating a continuation and explanation
[2023-06-16 12:29:42,214][src.evals.check_self_consistency][INFO] - continuation:  1
[2023-06-16 12:29:42,758][src.evals.check_self_consistency][INFO] - explanation:  Explanation: lambda x: (x % 2) + 1
[2023-06-16 12:29:42,758][src.evals.evaluate_explanation][INFO] - invalid syntax (<string>, line 0)
[2023-06-16 12:29:42,758][src.evals.check_self_consistency][INFO] - invalid explanation:  Explanation: lambda x: (x % 2) + 1
[2023-06-16 12:29:42,759][src.evals.sequence_completion_with_base_change][INFO] - Total: 14
[2023-06-16 12:29:42,759][src.evals.sequence_completion_with_base_change][INFO] - Sequence: 0,1,2,0
[2023-06-16 12:29:42,762][src.evals.check_self_consistency][INFO] - Generating a continuation and explanation
[2023-06-16 12:29:42,999][src.evals.check_self_consistency][INFO] - continuation:  3
[2023-06-16 12:29:43,396][src.evals.check_self_consistency][INFO] - explanation:  Explanation: lambda x: x % 3
[2023-06-16 12:29:43,397][src.evals.evaluate_explanation][INFO] - invalid syntax (<string>, line 0)
[2023-06-16 12:29:43,397][src.evals.check_self_consistency][INFO] - invalid explanation:  Explanation: lambda x: x % 3
[2023-06-16 12:29:43,397][src.evals.sequence_completion_with_base_change][INFO] - Total: 15
[2023-06-16 12:29:43,398][src.evals.sequence_completion_with_base_change][INFO] - Sequence: 1,2,0,1
[2023-06-16 12:29:43,400][src.evals.check_self_consistency][INFO] - Generating a continuation and explanation
[2023-06-16 12:29:43,629][src.evals.check_self_consistency][INFO] - continuation:  4
[2023-06-16 12:29:45,105][src.evals.check_self_consistency][INFO] - explanation:  Explanation: lambda x: (x + 1) % 3
[2023-06-16 12:29:45,105][src.evals.evaluate_explanation][INFO] - invalid syntax (<string>, line 0)
[2023-06-16 12:29:45,105][src.evals.check_self_consistency][INFO] - invalid explanation:  Explanation: lambda x: (x + 1) % 3
[2023-06-16 12:29:45,106][src.evals.sequence_completion_with_base_change][INFO] - Total: 16
[2023-06-16 12:29:45,106][src.evals.sequence_completion_with_base_change][INFO] - Sequence: 2,0,1,2
[2023-06-16 12:29:45,108][src.evals.check_self_consistency][INFO] - Generating a continuation and explanation
[2023-06-16 12:29:45,450][src.evals.check_self_consistency][INFO] - continuation:  3
[2023-06-16 12:29:45,888][src.evals.check_self_consistency][INFO] - explanation:  Explanation: lambda x: (x + 2) % 3
[2023-06-16 12:29:45,888][src.evals.evaluate_explanation][INFO] - invalid syntax (<string>, line 0)
[2023-06-16 12:29:45,888][src.evals.check_self_consistency][INFO] - invalid explanation:  Explanation: lambda x: (x + 2) % 3
[2023-06-16 12:29:45,889][src.evals.sequence_completion_with_base_change][INFO] - Total: 17
[2023-06-16 12:29:45,889][src.evals.sequence_completion_with_base_change][INFO] - Sequence: 3,7,11,15
[2023-06-16 12:29:45,890][src.evals.check_self_consistency][INFO] - Generating a continuation and explanation
[2023-06-16 12:29:46,293][src.evals.check_self_consistency][INFO] - continuation:  19
[2023-06-16 12:29:47,231][src.evals.check_self_consistency][INFO] - explanation:  Explanation: lambda x: (4 * (x + 1)) + 3
[2023-06-16 12:29:47,231][src.evals.evaluate_explanation][INFO] - invalid syntax (<string>, line 0)
[2023-06-16 12:29:47,232][src.evals.check_self_consistency][INFO] - invalid explanation:  Explanation: lambda x: (4 * (x + 1)) + 3
[2023-06-16 12:29:47,233][src.evals.sequence_completion_with_base_change][INFO] - Total: 18
[2023-06-16 12:29:47,233][src.evals.sequence_completion_with_base_change][INFO] - Sequence: 7,11,15,19
[2023-06-16 12:29:47,235][src.evals.check_self_consistency][INFO] - Generating a continuation and explanation
[2023-06-16 12:29:47,572][src.evals.check_self_consistency][INFO] - continuation:  23
[2023-06-16 12:29:48,645][src.evals.check_self_consistency][INFO] - explanation:  Explanation: lambda x: (4 * (x + 1)) + 3
[2023-06-16 12:29:48,645][src.evals.evaluate_explanation][INFO] - invalid syntax (<string>, line 0)
[2023-06-16 12:29:48,645][src.evals.check_self_consistency][INFO] - invalid explanation:  Explanation: lambda x: (4 * (x + 1)) + 3
[2023-06-16 12:29:48,646][src.evals.sequence_completion_with_base_change][INFO] - Total: 19
[2023-06-16 12:29:48,646][src.evals.sequence_completion_with_base_change][INFO] - Sequence: 11,15,19,23
[2023-06-16 12:29:48,650][src.evals.check_self_consistency][INFO] - Generating a continuation and explanation
[2023-06-16 12:29:48,873][src.evals.check_self_consistency][INFO] - continuation:  27
[2023-06-16 12:29:49,599][src.evals.check_self_consistency][INFO] - explanation:  Explanation: lambda x: (4 * (x + 1)) + 7
[2023-06-16 12:29:49,600][src.evals.evaluate_explanation][INFO] - invalid syntax (<string>, line 0)
[2023-06-16 12:29:49,600][src.evals.check_self_consistency][INFO] - invalid explanation:  Explanation: lambda x: (4 * (x + 1)) + 7
[2023-06-16 12:29:49,601][src.evals.sequence_completion_with_base_change][INFO] - Total: 20
[2023-06-16 12:29:49,601][src.evals.sequence_completion_with_base_change][INFO] - Sequence: 15,19,23,27
[2023-06-16 12:29:49,603][src.evals.check_self_consistency][INFO] - Generating a continuation and explanation
[2023-06-16 12:29:50,175][src.evals.check_self_consistency][INFO] - continuation:  31
[2023-06-16 12:29:51,682][src.evals.check_self_consistency][INFO] - explanation:  Explanation: lambda x: (4 * (x + 1)) + 3
[2023-06-16 12:29:51,683][src.evals.evaluate_explanation][INFO] - invalid syntax (<string>, line 0)
[2023-06-16 12:29:51,683][src.evals.check_self_consistency][INFO] - invalid explanation:  Explanation: lambda x: (4 * (x + 1)) + 3
[2023-06-16 12:29:51,684][src.evals.sequence_completion_with_base_change][INFO] - Total: 21
[2023-06-16 12:29:51,684][src.evals.sequence_completion_with_base_change][INFO] - Sequence: 1,2,3,4
[2023-06-16 12:29:51,687][src.evals.check_self_consistency][INFO] - Generating a continuation and explanation
[2023-06-16 12:29:51,947][src.evals.check_self_consistency][INFO] - continuation:  5
[2023-06-16 12:29:52,409][src.evals.check_self_consistency][INFO] - explanation:  Explanation: lambda x: x + 1
[2023-06-16 12:29:52,410][src.evals.evaluate_explanation][INFO] - invalid syntax (<string>, line 0)
[2023-06-16 12:29:52,410][src.evals.check_self_consistency][INFO] - invalid explanation:  Explanation: lambda x: x + 1
[2023-06-16 12:29:52,410][src.evals.sequence_completion_with_base_change][INFO] - Total: 22
[2023-06-16 12:29:52,410][src.evals.sequence_completion_with_base_change][INFO] - Sequence: 2,3,4,5
[2023-06-16 12:29:52,412][src.evals.check_self_consistency][INFO] - Generating a continuation and explanation
[2023-06-16 12:29:52,718][src.evals.check_self_consistency][INFO] - continuation:  6
[2023-06-16 12:29:53,731][src.evals.check_self_consistency][INFO] - explanation:  Explanation: lambda x: (x + 2) ** 2
[2023-06-16 12:29:53,732][src.evals.evaluate_explanation][INFO] - invalid syntax (<string>, line 0)
[2023-06-16 12:29:53,732][src.evals.check_self_consistency][INFO] - invalid explanation:  Explanation: lambda x: (x + 2) ** 2
[2023-06-16 12:29:53,732][src.evals.sequence_completion_with_base_change][INFO] - Total: 23
[2023-06-16 12:29:53,732][src.evals.sequence_completion_with_base_change][INFO] - Sequence: 0,2,4,6
[2023-06-16 12:29:53,734][src.evals.check_self_consistency][INFO] - Generating a continuation and explanation
[2023-06-16 12:29:53,986][src.evals.check_self_consistency][INFO] - continuation:  8
[2023-06-16 12:29:54,444][src.evals.check_self_consistency][INFO] - explanation:  Explanation: lambda x: (2 * x) + 0
[2023-06-16 12:29:54,444][src.evals.evaluate_explanation][INFO] - invalid syntax (<string>, line 0)
[2023-06-16 12:29:54,445][src.evals.check_self_consistency][INFO] - invalid explanation:  Explanation: lambda x: (2 * x) + 0
[2023-06-16 12:29:54,445][src.evals.sequence_completion_with_base_change][INFO] - Total: 24
[2023-06-16 12:29:54,445][src.evals.sequence_completion_with_base_change][INFO] - Sequence: 2,4,6,8
[2023-06-16 12:29:54,447][src.evals.check_self_consistency][INFO] - Generating a continuation and explanation
[2023-06-16 12:29:55,063][src.evals.check_self_consistency][INFO] - continuation:  10
[2023-06-16 12:29:55,467][src.evals.check_self_consistency][INFO] - explanation:  Explanation: lambda x: (2 * (x + 1))
[2023-06-16 12:29:55,468][src.evals.evaluate_explanation][INFO] - invalid syntax (<string>, line 0)
[2023-06-16 12:29:55,468][src.evals.check_self_consistency][INFO] - invalid explanation:  Explanation: lambda x: (2 * (x + 1))
[2023-06-16 12:29:55,468][src.evals.sequence_completion_with_base_change][INFO] - Total: 25
[2023-06-16 12:29:55,468][src.evals.sequence_completion_with_base_change][INFO] - Sequence: 4,6,8,10
[2023-06-16 12:29:55,469][src.evals.check_self_consistency][INFO] - Generating a continuation and explanation
[2023-06-16 12:29:55,779][src.evals.check_self_consistency][INFO] - continuation:  12
[2023-06-16 12:29:56,448][src.evals.check_self_consistency][INFO] - explanation:  Explanation: lambda x: (2 * (x + 2)) + 2
[2023-06-16 12:29:56,449][src.evals.evaluate_explanation][INFO] - invalid syntax (<string>, line 0)
[2023-06-16 12:29:56,449][src.evals.check_self_consistency][INFO] - invalid explanation:  Explanation: lambda x: (2 * (x + 2)) + 2
[2023-06-16 12:29:56,449][src.evals.sequence_completion_with_base_change][INFO] - Total: 26
[2023-06-16 12:29:56,450][src.evals.sequence_completion_with_base_change][INFO] - Sequence: 6,8,10,12
[2023-06-16 12:29:56,452][src.evals.check_self_consistency][INFO] - Generating a continuation and explanation
[2023-06-16 12:29:56,737][src.evals.check_self_consistency][INFO] - continuation:  14
[2023-06-16 12:29:57,327][src.evals.check_self_consistency][INFO] - explanation:  Explanation: lambda x: (2 * (x + 2)) + 4
[2023-06-16 12:29:57,328][src.evals.evaluate_explanation][INFO] - invalid syntax (<string>, line 0)
[2023-06-16 12:29:57,328][src.evals.check_self_consistency][INFO] - invalid explanation:  Explanation: lambda x: (2 * (x + 2)) + 4
[2023-06-16 12:29:57,329][src.evals.sequence_completion_with_base_change][INFO] - Total: 27
[2023-06-16 12:29:57,330][src.evals.sequence_completion_with_base_change][INFO] - Sequence: 0,3,6,9
[2023-06-16 12:29:57,332][src.evals.check_self_consistency][INFO] - Generating a continuation and explanation
[2023-06-16 12:29:57,600][src.evals.check_self_consistency][INFO] - continuation:  12
[2023-06-16 12:29:58,020][src.evals.check_self_consistency][INFO] - explanation:  Explanation: lambda x: (3 * (x + 1))
[2023-06-16 12:29:58,021][src.evals.evaluate_explanation][INFO] - invalid syntax (<string>, line 0)
[2023-06-16 12:29:58,021][src.evals.check_self_consistency][INFO] - invalid explanation:  Explanation: lambda x: (3 * (x + 1))
[2023-06-16 12:29:58,021][src.evals.sequence_completion_with_base_change][INFO] - Total: 28
[2023-06-16 12:29:58,021][src.evals.sequence_completion_with_base_change][INFO] - Sequence: 3,6,9,12
[2023-06-16 12:29:58,023][src.evals.check_self_consistency][INFO] - Generating a continuation and explanation
[2023-06-16 12:29:58,346][src.evals.check_self_consistency][INFO] - continuation:  15
[2023-06-16 12:29:58,689][src.evals.check_self_consistency][INFO] - explanation:  Explanation: lambda x: 3 * (x + 1)
[2023-06-16 12:29:58,689][src.evals.evaluate_explanation][INFO] - invalid syntax (<string>, line 0)
[2023-06-16 12:29:58,690][src.evals.check_self_consistency][INFO] - invalid explanation:  Explanation: lambda x: 3 * (x + 1)
[2023-06-16 12:29:58,690][src.evals.sequence_completion_with_base_change][INFO] - Total: 29
[2023-06-16 12:29:58,690][src.evals.sequence_completion_with_base_change][INFO] - Sequence: 6,9,12,15
[2023-06-16 12:29:58,694][src.evals.check_self_consistency][INFO] - Generating a continuation and explanation
[2023-06-16 12:29:59,117][src.evals.check_self_consistency][INFO] - continuation:  18
[2023-06-16 12:29:59,673][src.evals.check_self_consistency][INFO] - explanation:  Explanation: lambda x: (3 * (x + 2)) + 3
[2023-06-16 12:29:59,674][src.evals.evaluate_explanation][INFO] - invalid syntax (<string>, line 0)
[2023-06-16 12:29:59,674][src.evals.check_self_consistency][INFO] - invalid explanation:  Explanation: lambda x: (3 * (x + 2)) + 3
[2023-06-16 12:29:59,675][src.evals.sequence_completion_with_base_change][INFO] - Total: 30
[2023-06-16 12:29:59,675][src.evals.sequence_completion_with_base_change][INFO] - Sequence: 9,12,15,18
[2023-06-16 12:29:59,678][src.evals.check_self_consistency][INFO] - Generating a continuation and explanation
[2023-06-16 12:29:59,976][src.evals.check_self_consistency][INFO] - continuation:  21
[2023-06-16 12:30:00,445][src.evals.check_self_consistency][INFO] - explanation:  Explanation: lambda x: (3 * (x + 1)) + 3
[2023-06-16 12:30:00,446][src.evals.evaluate_explanation][INFO] - invalid syntax (<string>, line 0)
[2023-06-16 12:30:00,446][src.evals.check_self_consistency][INFO] - invalid explanation:  Explanation: lambda x: (3 * (x + 1)) + 3
[2023-06-16 12:30:00,446][src.evals.sequence_completion_with_base_change][INFO] - Total: 31
[2023-06-16 12:30:00,446][src.evals.sequence_completion_with_base_change][INFO] - Sequence: 1,4,16,64
[2023-06-16 12:30:00,447][src.evals.check_self_consistency][INFO] - Generating a continuation and explanation
[2023-06-16 12:30:00,709][src.evals.check_self_consistency][INFO] - continuation:  256
[2023-06-16 12:30:01,076][src.evals.check_self_consistency][INFO] - explanation:  Explanation: lambda x: 2 ** (2 * (x + 1))
[2023-06-16 12:30:01,076][src.evals.evaluate_explanation][INFO] - invalid syntax (<string>, line 0)
[2023-06-16 12:30:01,076][src.evals.check_self_consistency][INFO] - invalid explanation:  Explanation: lambda x: 2 ** (2 * (x + 1))
[2023-06-16 12:30:01,077][src.evals.sequence_completion_with_base_change][INFO] - Total: 32
[2023-06-16 12:30:01,078][src.evals.sequence_completion_with_base_change][INFO] - Sequence: 4,16,64,256
[2023-06-16 12:30:01,080][src.evals.check_self_consistency][INFO] - Generating a continuation and explanation
[2023-06-16 12:30:01,342][src.evals.check_self_consistency][INFO] - continuation:  1024
[2023-06-16 12:30:01,886][src.evals.check_self_consistency][INFO] - explanation:  Explanation: lambda x: 4 ** (4 * (x + 1))
[2023-06-16 12:30:01,887][src.evals.evaluate_explanation][INFO] - invalid syntax (<string>, line 0)
[2023-06-16 12:30:01,887][src.evals.check_self_consistency][INFO] - invalid explanation:  Explanation: lambda x: 4 ** (4 * (x + 1))
[2023-06-16 12:30:01,887][src.evals.sequence_completion_with_base_change][INFO] - Total: 33
[2023-06-16 12:30:01,887][src.evals.sequence_completion_with_base_change][INFO] - Sequence: 16,64,256,1024
[2023-06-16 12:30:01,890][src.evals.check_self_consistency][INFO] - Generating a continuation and explanation
[2023-06-16 12:30:02,131][src.evals.check_self_consistency][INFO] - continuation:  4096
[2023-06-16 12:30:03,219][src.evals.check_self_consistency][INFO] - explanation:  Explanation: lambda x: 4 ** (4 * (x + 1))
[2023-06-16 12:30:03,220][src.evals.evaluate_explanation][INFO] - invalid syntax (<string>, line 0)
[2023-06-16 12:30:03,220][src.evals.check_self_consistency][INFO] - invalid explanation:  Explanation: lambda x: 4 ** (4 * (x + 1))
[2023-06-16 12:30:03,221][src.evals.sequence_completion_with_base_change][INFO] - Total: 34
[2023-06-16 12:30:03,221][src.evals.sequence_completion_with_base_change][INFO] - Sequence: 64,256,1024,4096
[2023-06-16 12:30:03,224][src.evals.check_self_consistency][INFO] - Generating a continuation and explanation
[2023-06-16 12:30:03,676][src.evals.check_self_consistency][INFO] - continuation:  16384
[2023-06-16 12:30:04,040][src.evals.check_self_consistency][INFO] - explanation:  Explanation: lambda x: 4 ** (4 * (x + 1))
[2023-06-16 12:30:04,041][src.evals.evaluate_explanation][INFO] - invalid syntax (<string>, line 0)
[2023-06-16 12:30:04,041][src.evals.check_self_consistency][INFO] - invalid explanation:  Explanation: lambda x: 4 ** (4 * (x + 1))
[2023-06-16 12:30:04,042][src.evals.sequence_completion_with_base_change][INFO] - Total: 35
[2023-06-16 12:30:04,042][src.evals.sequence_completion_with_base_change][INFO] - Sequence: 2,6,10,14
[2023-06-16 12:30:04,047][src.evals.check_self_consistency][INFO] - Generating a continuation and explanation
[2023-06-16 12:30:04,520][src.evals.check_self_consistency][INFO] - continuation:  18
[2023-06-16 12:30:04,982][src.evals.check_self_consistency][INFO] - explanation:  Explanation: lambda x: (2 * (x + 1)) + 4
[2023-06-16 12:30:04,982][src.evals.evaluate_explanation][INFO] - invalid syntax (<string>, line 0)
[2023-06-16 12:30:04,983][src.evals.check_self_consistency][INFO] - invalid explanation:  Explanation: lambda x: (2 * (x + 1)) + 4
[2023-06-16 12:30:04,983][src.evals.sequence_completion_with_base_change][INFO] - Total: 36
[2023-06-16 12:30:04,983][src.evals.sequence_completion_with_base_change][INFO] - Sequence: 6,10,14,18
[2023-06-16 12:30:04,985][src.evals.check_self_consistency][INFO] - Generating a continuation and explanation
[2023-06-16 12:30:05,221][src.evals.check_self_consistency][INFO] - continuation:  22
[2023-06-16 12:30:05,736][src.evals.check_self_consistency][INFO] - explanation:  Explanation: lambda x: (2 * (x + 4)) + 2
[2023-06-16 12:30:05,736][src.evals.evaluate_explanation][INFO] - invalid syntax (<string>, line 0)
[2023-06-16 12:30:05,736][src.evals.check_self_consistency][INFO] - invalid explanation:  Explanation: lambda x: (2 * (x + 4)) + 2
[2023-06-16 12:30:05,738][src.evals.sequence_completion_with_base_change][INFO] - Total: 37
[2023-06-16 12:30:05,738][src.evals.sequence_completion_with_base_change][INFO] - Sequence: 10,14,18,22
[2023-06-16 12:30:05,740][src.evals.check_self_consistency][INFO] - Generating a continuation and explanation
[2023-06-16 12:30:06,012][src.evals.check_self_consistency][INFO] - continuation:  26
[2023-06-16 12:30:06,646][src.evals.check_self_consistency][INFO] - explanation:  Explanation: lambda x: (4 * (x + 1)) + 6
[2023-06-16 12:30:06,646][src.evals.evaluate_explanation][INFO] - invalid syntax (<string>, line 0)
[2023-06-16 12:30:06,646][src.evals.check_self_consistency][INFO] - invalid explanation:  Explanation: lambda x: (4 * (x + 1)) + 6
[2023-06-16 12:30:06,647][src.evals.sequence_completion_with_base_change][INFO] - Total: 38
[2023-06-16 12:30:06,647][src.evals.sequence_completion_with_base_change][INFO] - Sequence: 14,18,22,26
[2023-06-16 12:30:06,649][src.evals.check_self_consistency][INFO] - Generating a continuation and explanation
[2023-06-16 12:30:06,954][src.evals.check_self_consistency][INFO] - continuation:  30
[2023-06-16 12:30:07,461][src.evals.check_self_consistency][INFO] - explanation:  Explanation: lambda x: (4 * (x + 1)) + 10
[2023-06-16 12:30:07,462][src.evals.evaluate_explanation][INFO] - invalid syntax (<string>, line 0)
[2023-06-16 12:30:07,462][src.evals.check_self_consistency][INFO] - invalid explanation:  Explanation: lambda x: (4 * (x + 1)) + 10
[2023-06-16 12:30:07,462][src.evals.sequence_completion_with_base_change][INFO] - Total: 39
[2023-06-16 12:30:07,462][src.evals.sequence_completion_with_base_change][INFO] - Sequence: 1,3,5,7
[2023-06-16 12:30:07,464][src.evals.check_self_consistency][INFO] - Generating a continuation and explanation
[2023-06-16 12:30:07,702][src.evals.check_self_consistency][INFO] - continuation:  9
[2023-06-16 12:30:08,216][src.evals.check_self_consistency][INFO] - explanation:  Explanation: lambda x: (2 * (x + 1)) + 1
[2023-06-16 12:30:08,216][src.evals.evaluate_explanation][INFO] - invalid syntax (<string>, line 0)
[2023-06-16 12:30:08,216][src.evals.check_self_consistency][INFO] - invalid explanation:  Explanation: lambda x: (2 * (x + 1)) + 1
[2023-06-16 12:30:08,217][src.evals.sequence_completion_with_base_change][INFO] - Total: 40
[2023-06-16 12:30:08,217][src.evals.sequence_completion_with_base_change][INFO] - Sequence: 3,5,7,9
[2023-06-16 12:30:08,220][src.evals.check_self_consistency][INFO] - Generating a continuation and explanation
[2023-06-16 12:30:08,673][src.evals.check_self_consistency][INFO] - continuation:  11
[2023-06-16 12:30:09,143][src.evals.check_self_consistency][INFO] - explanation:  Explanation: lambda x: (2 * (x + 1)) + 1
[2023-06-16 12:30:09,144][src.evals.evaluate_explanation][INFO] - invalid syntax (<string>, line 0)
[2023-06-16 12:30:09,144][src.evals.check_self_consistency][INFO] - invalid explanation:  Explanation: lambda x: (2 * (x + 1)) + 1
[2023-06-16 12:30:09,144][src.evals.sequence_completion_with_base_change][INFO] - Total: 41
[2023-06-16 12:30:09,144][src.evals.sequence_completion_with_base_change][INFO] - Sequence: 5,7,9,11
[2023-06-16 12:30:09,147][src.evals.check_self_consistency][INFO] - Generating a continuation and explanation
[2023-06-16 12:30:09,624][src.evals.check_self_consistency][INFO] - continuation:  13
[2023-06-16 12:30:10,166][src.evals.check_self_consistency][INFO] - explanation:  Explanation: lambda x: (2 * (x + 2)) + 1
[2023-06-16 12:30:10,167][src.evals.evaluate_explanation][INFO] - invalid syntax (<string>, line 0)
[2023-06-16 12:30:10,167][src.evals.check_self_consistency][INFO] - invalid explanation:  Explanation: lambda x: (2 * (x + 2)) + 1
[2023-06-16 12:30:10,167][src.evals.sequence_completion_with_base_change][INFO] - Total: 42
[2023-06-16 12:30:10,167][src.evals.sequence_completion_with_base_change][INFO] - Sequence: 7,9,11,13
[2023-06-16 12:30:10,169][src.evals.check_self_consistency][INFO] - Generating a continuation and explanation
[2023-06-16 12:30:10,474][src.evals.check_self_consistency][INFO] - continuation:  15
[2023-06-16 12:30:11,031][src.evals.check_self_consistency][INFO] - explanation:  Explanation: lambda x: (2 * (x + 1)) + 5
[2023-06-16 12:30:11,032][src.evals.evaluate_explanation][INFO] - invalid syntax (<string>, line 0)
[2023-06-16 12:30:11,032][src.evals.check_self_consistency][INFO] - invalid explanation:  Explanation: lambda x: (2 * (x + 1)) + 5
[2023-06-16 12:30:11,033][src.evals.sequence_completion_with_base_change][INFO] - Total: 43
[2023-06-16 12:30:11,033][src.evals.sequence_completion_with_base_change][INFO] - Sequence: 3,3,7,7
[2023-06-16 12:30:11,035][src.evals.check_self_consistency][INFO] - Generating a continuation and explanation
[2023-06-16 12:30:11,291][src.evals.check_self_consistency][INFO] - continuation:  11
[2023-06-16 12:30:12,203][src.evals.check_self_consistency][INFO] - explanation:  Explanation: lambda x: 3 if x % 2 else 7
[2023-06-16 12:30:12,203][src.evals.evaluate_explanation][INFO] - invalid syntax (<string>, line 0)
[2023-06-16 12:30:12,203][src.evals.check_self_consistency][INFO] - invalid explanation:  Explanation: lambda x: 3 if x % 2 else 7
[2023-06-16 12:30:12,204][src.evals.sequence_completion_with_base_change][INFO] - Total: 44
[2023-06-16 12:30:12,204][src.evals.sequence_completion_with_base_change][INFO] - Sequence: 0,6,12,18
[2023-06-16 12:30:12,206][src.evals.check_self_consistency][INFO] - Generating a continuation and explanation
[2023-06-16 12:30:12,417][src.evals.check_self_consistency][INFO] - continuation:  24
[2023-06-16 12:30:12,772][src.evals.check_self_consistency][INFO] - explanation:  Explanation: lambda x: (6 * (x + 1))
[2023-06-16 12:30:12,773][src.evals.evaluate_explanation][INFO] - invalid syntax (<string>, line 0)
[2023-06-16 12:30:12,773][src.evals.check_self_consistency][INFO] - invalid explanation:  Explanation: lambda x: (6 * (x + 1))
[2023-06-16 12:30:12,773][src.evals.sequence_completion_with_base_change][INFO] - Total: 45
[2023-06-16 12:30:12,773][src.evals.sequence_completion_with_base_change][INFO] - Sequence: 6,12,18,24
[2023-06-16 12:30:12,774][src.evals.check_self_consistency][INFO] - Generating a continuation and explanation
[2023-06-16 12:30:12,984][src.evals.check_self_consistency][INFO] - continuation:  30
[2023-06-16 12:30:13,472][src.evals.check_self_consistency][INFO] - explanation:  Explanation: lambda x: (6 * (x + 1))
[2023-06-16 12:30:13,473][src.evals.evaluate_explanation][INFO] - invalid syntax (<string>, line 0)
[2023-06-16 12:30:13,473][src.evals.check_self_consistency][INFO] - invalid explanation:  Explanation: lambda x: (6 * (x + 1))
[2023-06-16 12:30:13,473][src.evals.sequence_completion_with_base_change][INFO] - Total: 46
[2023-06-16 12:30:13,473][src.evals.sequence_completion_with_base_change][INFO] - Sequence: 12,18,24,30
[2023-06-16 12:30:13,475][src.evals.check_self_consistency][INFO] - Generating a continuation and explanation
[2023-06-16 12:30:13,874][src.evals.check_self_consistency][INFO] - continuation:  36
[2023-06-16 12:30:14,305][src.evals.check_self_consistency][INFO] - explanation:  Explanation: lambda x: (6 * (x + 1)) + 6
[2023-06-16 12:30:14,305][src.evals.evaluate_explanation][INFO] - invalid syntax (<string>, line 0)
[2023-06-16 12:30:14,305][src.evals.check_self_consistency][INFO] - invalid explanation:  Explanation: lambda x: (6 * (x + 1)) + 6
[2023-06-16 12:30:14,305][src.evals.sequence_completion_with_base_change][INFO] - Total: 47
[2023-06-16 12:30:14,305][src.evals.sequence_completion_with_base_change][INFO] - Sequence: 18,24,30,36
[2023-06-16 12:30:14,307][src.evals.check_self_consistency][INFO] - Generating a continuation and explanation
[2023-06-16 12:30:14,572][src.evals.check_self_consistency][INFO] - continuation:  42
[2023-06-16 12:30:15,054][src.evals.check_self_consistency][INFO] - explanation:  Explanation: lambda x: (6 * (x + 2)) + 12
[2023-06-16 12:30:15,054][src.evals.evaluate_explanation][INFO] - invalid syntax (<string>, line 0)
[2023-06-16 12:30:15,054][src.evals.check_self_consistency][INFO] - invalid explanation:  Explanation: lambda x: (6 * (x + 2)) + 12
[2023-06-16 12:30:15,055][src.evals.sequence_completion_with_base_change][INFO] - Total: 48
[2023-06-16 12:30:15,055][src.evals.sequence_completion_with_base_change][INFO] - Sequence: 4,5,7,8
[2023-06-16 12:30:15,057][src.evals.check_self_consistency][INFO] - Generating a continuation and explanation
[2023-06-16 12:30:15,322][src.evals.check_self_consistency][INFO] - continuation:  11
[2023-06-16 12:30:15,859][src.evals.check_self_consistency][INFO] - explanation:  Explanation: lambda x: (x + 4) ** 2
[2023-06-16 12:30:15,860][src.evals.evaluate_explanation][INFO] - invalid syntax (<string>, line 0)
[2023-06-16 12:30:15,860][src.evals.check_self_consistency][INFO] - invalid explanation:  Explanation: lambda x: (x + 4) ** 2
[2023-06-16 12:30:15,861][src.evals.sequence_completion_with_base_change][INFO] - Total: 49
[2023-06-16 12:30:15,861][src.evals.sequence_completion_with_base_change][INFO] - Sequence: 3,4,5,7
[2023-06-16 12:30:15,864][src.evals.check_self_consistency][INFO] - Generating a continuation and explanation
[2023-06-16 12:30:16,158][src.evals.check_self_consistency][INFO] - continuation:  11
[2023-06-16 12:30:16,560][src.evals.check_self_consistency][INFO] - explanation:  Explanation: lambda x: (x + 3) * (x + 2)
[2023-06-16 12:30:16,561][src.evals.evaluate_explanation][INFO] - invalid syntax (<string>, line 0)
[2023-06-16 12:30:16,561][src.evals.check_self_consistency][INFO] - invalid explanation:  Explanation: lambda x: (x + 3) * (x + 2)
[2023-06-16 12:30:16,561][src.evals.sequence_completion_with_base_change][INFO] - Total: 50
[2023-06-16 12:30:16,561][src.evals.sequence_completion_with_base_change][INFO] - Sequence: 1,2,4,5
[2023-06-16 12:30:16,563][src.evals.check_self_consistency][INFO] - Generating a continuation and explanation
[2023-06-16 12:30:17,020][src.evals.check_self_consistency][INFO] - continuation:  8
[2023-06-16 12:30:17,377][src.evals.check_self_consistency][INFO] - explanation:  Explanation: lambda x: (x + 1) ** 2 - 1
[2023-06-16 12:30:17,377][src.evals.evaluate_explanation][INFO] - invalid syntax (<string>, line 0)
[2023-06-16 12:30:17,377][src.evals.check_self_consistency][INFO] - invalid explanation:  Explanation: lambda x: (x + 1) ** 2 - 1
[2023-06-16 12:30:17,377][src.evals.sequence_completion_with_base_change][INFO] - Total: 51
[2023-06-16 12:30:17,378][src.evals.sequence_completion_with_base_change][INFO] - Sequence: 2,4,5,7
[2023-06-16 12:30:17,379][src.evals.check_self_consistency][INFO] - Generating a continuation and explanation
[2023-06-16 12:30:17,613][src.evals.check_self_consistency][INFO] - continuation:  11
[2023-06-16 12:30:19,476][src.evals.check_self_consistency][INFO] - explanation:  Explanation: lambda x: (x + 2) ** 2 - 1
[2023-06-16 12:30:19,477][src.evals.evaluate_explanation][INFO] - invalid syntax (<string>, line 0)
[2023-06-16 12:30:19,477][src.evals.check_self_consistency][INFO] - invalid explanation:  Explanation: lambda x: (x + 2) ** 2 - 1
[2023-06-16 12:30:19,477][src.evals.sequence_completion_with_base_change][INFO] - Total: 52
[2023-06-16 12:30:19,477][src.evals.sequence_completion_with_base_change][INFO] - Sequence: 5,7,8,10
[2023-06-16 12:30:19,478][src.evals.check_self_consistency][INFO] - Generating a continuation and explanation
[2023-06-16 12:30:20,057][src.evals.check_self_consistency][INFO] - continuation:  12
[2023-06-16 12:30:21,507][src.evals.check_self_consistency][INFO] - explanation:  Explanation: lambda x: (x + 3) ** 2
[2023-06-16 12:30:21,507][src.evals.evaluate_explanation][INFO] - invalid syntax (<string>, line 0)
[2023-06-16 12:30:21,507][src.evals.check_self_consistency][INFO] - invalid explanation:  Explanation: lambda x: (x + 3) ** 2
[2023-06-16 12:30:21,509][src.evals.sequence_completion_with_base_change][INFO] - Total: 53
[2023-06-16 12:30:21,509][src.evals.sequence_completion_with_base_change][INFO] - Sequence: 1,5,9,13
[2023-06-16 12:30:21,513][src.evals.check_self_consistency][INFO] - Generating a continuation and explanation
[2023-06-16 12:30:21,820][src.evals.check_self_consistency][INFO] - continuation:  17
[2023-06-16 12:30:22,342][src.evals.check_self_consistency][INFO] - explanation:  Explanation: lambda x: (2 * (x + 1)) + 1
[2023-06-16 12:30:22,343][src.evals.evaluate_explanation][INFO] - invalid syntax (<string>, line 0)
[2023-06-16 12:30:22,343][src.evals.check_self_consistency][INFO] - invalid explanation:  Explanation: lambda x: (2 * (x + 1)) + 1
[2023-06-16 12:30:22,343][src.evals.sequence_completion_with_base_change][INFO] - Total: 54
[2023-06-16 12:30:22,343][src.evals.sequence_completion_with_base_change][INFO] - Sequence: 5,9,13,17
[2023-06-16 12:30:22,345][src.evals.check_self_consistency][INFO] - Generating a continuation and explanation
[2023-06-16 12:30:22,576][src.evals.check_self_consistency][INFO] - continuation:  21
[2023-06-16 12:30:22,989][src.evals.check_self_consistency][INFO] - explanation:  Explanation: lambda x: (4 * (x + 1)) + 1
[2023-06-16 12:30:22,989][src.evals.evaluate_explanation][INFO] - invalid syntax (<string>, line 0)
[2023-06-16 12:30:22,989][src.evals.check_self_consistency][INFO] - invalid explanation:  Explanation: lambda x: (4 * (x + 1)) + 1
[2023-06-16 12:30:22,990][src.evals.sequence_completion_with_base_change][INFO] - Total: 55
[2023-06-16 12:30:22,990][src.evals.sequence_completion_with_base_change][INFO] - Sequence: 9,13,17,21
[2023-06-16 12:30:22,992][src.evals.check_self_consistency][INFO] - Generating a continuation and explanation
[2023-06-16 12:30:23,282][src.evals.check_self_consistency][INFO] - continuation:  25
[2023-06-16 12:30:23,709][src.evals.check_self_consistency][INFO] - explanation:  Explanation: lambda x: (4 * (x + 1)) + 5
[2023-06-16 12:30:23,709][src.evals.evaluate_explanation][INFO] - invalid syntax (<string>, line 0)
[2023-06-16 12:30:23,710][src.evals.check_self_consistency][INFO] - invalid explanation:  Explanation: lambda x: (4 * (x + 1)) + 5
[2023-06-16 12:30:23,710][src.evals.sequence_completion_with_base_change][INFO] - Total: 56
[2023-06-16 12:30:23,710][src.evals.sequence_completion_with_base_change][INFO] - Sequence: 13,17,21,25
[2023-06-16 12:30:23,712][src.evals.check_self_consistency][INFO] - Generating a continuation and explanation
[2023-06-16 12:30:24,017][src.evals.check_self_consistency][INFO] - continuation:  29
[2023-06-16 12:30:24,421][src.evals.check_self_consistency][INFO] - explanation:  Explanation: lambda x: (4 * (x + 1)) + 9
[2023-06-16 12:30:24,421][src.evals.evaluate_explanation][INFO] - invalid syntax (<string>, line 0)
[2023-06-16 12:30:24,421][src.evals.check_self_consistency][INFO] - invalid explanation:  Explanation: lambda x: (4 * (x + 1)) + 9
[2023-06-16 12:30:24,422][src.evals.sequence_completion_with_base_change][INFO] - Total is: 57
[2023-06-16 12:30:24,459][src.evals.sequence_completion_with_base_change][INFO] - Results saved to results.csv
[2023-06-16 12:30:24,459][__main__][INFO] - Output dir: /Users/olejorgensen/Documents/AISC/introspective-self-consistency/results/2023-06-16-12-29-18/+task=compute_dependence_with_base_changes,base=10,model=text-davinci-003,seed=200,task_prompt=max-probability
