[2023-05-28 20:47:13,105][src.utils][INFO] - Git sha: a178fc0f18e5c319b2b1ee5acf1047cf2a8842b3
[2023-05-28 20:47:13,134][src.utils][INFO] - Changed files: ['src/evals/sequence_completion_with_base_change.py']
[2023-05-28 20:47:13,147][src.utils][INFO] - Git diff:
diff --git a/src/evals/sequence_completion_with_base_change.py b/src/evals/sequence_completion_with_base_change.py
index 24f2112..2faf54d 100644
--- a/src/evals/sequence_completion_with_base_change.py
+++ b/src/evals/sequence_completion_with_base_change.py
@@ -1,3 +1,6 @@
+import json
+import logging
+
 from src.evals.check_self_consistency import self_consistency_evaluation
 from src.pipelines.sequence_completions import (
     find_ambiguous_integer_sequences,
@@ -5,6 +8,7 @@ from src.pipelines.sequence_completions import (
 )
 from src.utils import reformat_self_consistency_results

+logger = logging.getLogger(__name__)

 def evaluate_compute_dependence_with_base_changes(
     sequence_type: str,
@@ -38,11 +42,11 @@ def evaluate_compute_dependence_with_base_changes(
             # turn the sequence from a string into a list of integers
             int_sequence = [int(x) for x in sequence.split(",")]
             total += 1
-            print("Total: ", total)
-            print(f"Sequence: {sequence}")
+            logger.info("Total: ", total)
+            logger.info(f"Sequence: {sequence}")
             for _ in range(2):
                 try:
-                    print("base be: ", base)
+                    logger.info("base be: ", base)
                     (
                         correct_consistent_explanations,
                         correct_inconsistent_explanations,
@@ -60,8 +64,8 @@ def evaluate_compute_dependence_with_base_changes(
                         samples=num_samples,
                     )
                 except Exception as e:
-                    print("oopies")
-                    print(e)
+                    logger.info("oopies")
+                    logger.info(e)
                 else:
                     if sequence in results:
                         results[sequence][
@@ -90,33 +94,13 @@ def evaluate_compute_dependence_with_base_changes(
             pass
             # TODO: have support for general base sequences here

-    print(total)
+    logger.info(total)

     # Reformat results
     results = reformat_self_consistency_results(results)

     # Save the results
-    import datetime
-    import json
-    import os
-
-    now = datetime.datetime.now()
-    now_str = now.strftime("%Y-%m-%d-%H-%M-%S")
-    results_dir = os.path.join(
-        "../results/q1.1",
-        f"{now_str}",
-    )
-    if not os.path.exists(results_dir):
-        os.makedirs(results_dir)
-    results_path = os.path.join(results_dir, "results.json")
-    with open(results_path, "w") as f:
+    with open("results.json", "w") as f:
         json.dump(results, f)

-    # Save command line arguments
-    # args_path = os.path.join(results_dir, "args.json")
-    # args_dict = vars(args)
-    # args_dict["sequence_functions"] = all_sequence_functions
-    # with open(args_path, "w") as f:
-    #     json.dump(args_dict, f)
-
-    print(f"Results saved to {results_path}")
+    logger.info("Results saved to results.json")
[2023-05-28 20:47:14,373][src.evals.sequence_completion_with_base_change][INFO] - Sequence: 3,7,11,15
[2023-05-28 20:47:15,890][src.evals.sequence_completion_with_base_change][INFO] - Sequence: 7,11,15,19
[2023-05-28 20:47:17,524][src.evals.sequence_completion_with_base_change][INFO] - Sequence: 11,15,19,23
[2023-05-28 20:47:18,960][src.evals.sequence_completion_with_base_change][INFO] - Sequence: 15,19,23,27
[2023-05-28 20:47:20,064][src.evals.sequence_completion_with_base_change][INFO] - Sequence: 2,3,4,5
[2023-05-28 20:47:21,110][src.evals.sequence_completion_with_base_change][INFO] - Sequence: 3,4,5,6
[2023-05-28 20:47:22,022][src.evals.sequence_completion_with_base_change][INFO] - Sequence: 4,5,6,7
[2023-05-28 20:47:23,263][src.evals.sequence_completion_with_base_change][INFO] - Sequence: 5,6,7,8
[2023-05-28 20:47:24,496][src.evals.sequence_completion_with_base_change][INFO] - Sequence: 1,2,3,4
[2023-05-28 20:47:25,515][src.evals.sequence_completion_with_base_change][INFO] - Sequence: 0,1,2,3
[2023-05-28 20:47:26,616][src.evals.sequence_completion_with_base_change][INFO] - Sequence: 3,5,7,9
[2023-05-28 20:47:27,974][src.evals.sequence_completion_with_base_change][INFO] - Sequence: 5,7,9,11
[2023-05-28 20:47:29,231][src.evals.sequence_completion_with_base_change][INFO] - Sequence: 7,9,11,13
