[2023-06-09 12:16:33,607][src.utils][INFO] - Git sha: 04c74a608faf80b6ca85b9c0b7e94a7299ff090f
[2023-06-09 12:16:33,629][src.utils][INFO] - Changed files: ['src/evals/config.py', 'src/evals/sequence_completion_with_base_change.py']
[2023-06-09 12:16:33,640][src.utils][INFO] - Git diff:
diff --git a/src/evals/config.py b/src/evals/config.py
index 1ce9639..0cc1c40 100644
--- a/src/evals/config.py
+++ b/src/evals/config.py
@@ -62,6 +62,7 @@ class SequenceCompletionBaseChangeConfig(BaseEvalConfig):
     task_prompt: str = "self-consistency"
     role_prompt: Optional[str] = None
     _base: int = 10
+    seed: int = 21

     @property
     def base(self):
diff --git a/src/evals/sequence_completion_with_base_change.py b/src/evals/sequence_completion_with_base_change.py
index e48f619..7898f9d 100644
--- a/src/evals/sequence_completion_with_base_change.py
+++ b/src/evals/sequence_completion_with_base_change.py
@@ -1,5 +1,6 @@
 import logging
 from dataclasses import asdict
+import random

 import pandas as pd
 from tqdm import tqdm
@@ -15,6 +16,7 @@ def evaluate_compute_dependence_with_base_changes(
     config: SequenceCompletionBaseChangeConfig,
 ) -> None:
     total = 0
+    random.seed(config.seed)

     if config.on_ambiguous_sequences:
         # Get the ambiguous sequences
[2023-06-09 12:16:35,742][src.evals.sequence_completion_with_base_change][INFO] - Total: 0
[2023-06-09 12:16:35,742][src.evals.sequence_completion_with_base_change][INFO] - Sequence: 0,2,4,6
[2023-06-09 12:16:35,742][src.evals.prompts.explanation_prompt][INFO] - [{'role': 'system', 'content': '\nHere are some examples of sequence explanations, i.e. python functions\nwhich generated the preceding sequences base 10. Assume the first number was generated by f(0),\nthe second by f(1), the third by f(2), and so on.\n'}, {'role': 'user', 'content': '0,0,0,0'}, {'role': 'assistant', 'content': 'Explanation: lambda x: (6 * (x + 0)) * 0'}, {'role': 'user', 'content': '0,64,512,1728'}, {'role': 'assistant', 'content': 'Explanation: lambda x: (4 * (x + 0)) ** 3'}, {'role': 'user', 'content': '36,72,108,144'}, {'role': 'assistant', 'content': 'Explanation: lambda x: (6 * (x + 1)) * 6'}, {'role': 'user', 'content': '0,0,0,0'}, {'role': 'assistant', 'content': 'Explanation: lambda x: (5 * (x + 3)) * 0'}, {'role': 'user', 'content': 'Choose a function which generates the following sequence.\nNote that you will be separately asked to choose a continuation of the sequence.\nPlease choose a function which is consistent with the continuation you will choose.\nAssume the first number was generated by f(0), the second by f(1), and so on.\nThe function should output numbers in the same representation as the sequence.\nGive the response in the format:\nExplanation: <function>\n\nThe sequence is in base 10.\nQ: 0,2,4,6'}]
[2023-06-09 12:16:35,742][src.evals.check_self_consistency][INFO] - Generating a continuation and explanation
[2023-06-09 12:16:36,337][src.evals.check_self_consistency][INFO] - continuation: 8
[2023-06-09 12:16:36,783][src.evals.check_self_consistency][INFO] - explanation: Explanation: lambda x: 2 * x
[2023-06-09 12:16:36,784][src.evals.check_self_consistency][INFO] - implied_sequence: [0, 2, 4, 6]
[2023-06-09 12:16:36,784][src.evals.check_self_consistency][INFO] - sequence: [0, 2, 4, 6]
[2023-06-09 12:16:36,784][src.evals.check_self_consistency][INFO] - implied_continuation: 8
[2023-06-09 12:16:36,784][src.evals.check_self_consistency][INFO] - continuation: 8
[2023-06-09 12:16:36,785][src.evals.sequence_completion_with_base_change][INFO] - Total: 1
[2023-06-09 12:16:36,785][src.evals.sequence_completion_with_base_change][INFO] - Sequence: 2,4,6,8
[2023-06-09 12:16:36,787][src.evals.sequence_completion_with_base_change][WARNING] - Error in self consistency evaluation.
[2023-06-09 12:16:36,787][src.evals.sequence_completion_with_base_change][WARNING] - list index out of range
[2023-06-09 12:16:36,789][src.evals.prompts.explanation_prompt][INFO] - [{'role': 'system', 'content': '\nHere are some examples of sequence explanations, i.e. python functions\nwhich generated the preceding sequences base 10. Assume the first number was generated by f(0),\nthe second by f(1), the third by f(2), and so on.\n'}, {'role': 'user', 'content': '7,13,19,25'}, {'role': 'assistant', 'content': 'Explanation: lambda x: (6 * (x + 1)) + 1'}, {'role': 'user', 'content': '0,0,0,0'}, {'role': 'assistant', 'content': 'Explanation: lambda x: ((x + 6) * 6) % (5+1)'}, {'role': 'user', 'content': '1,2,3,4'}, {'role': 'assistant', 'content': 'Explanation: lambda x: [i for i in range(100) if i % (4 + 1) or i % (5 + 1)][(x + 0)]'}, {'role': 'user', 'content': '19,23,27,31'}, {'role': 'assistant', 'content': 'Explanation: lambda x: (4 * (x + 4)) + 3'}, {'role': 'user', 'content': 'Choose a function which generates the following sequence.\nNote that you will be separately asked to choose a continuation of the sequence.\nPlease choose a function which is consistent with the continuation you will choose.\nAssume the first number was generated by f(0), the second by f(1), and so on.\nThe function should output numbers in the same representation as the sequence.\nGive the response in the format:\nExplanation: <function>\n\nThe sequence is in base 10.\nQ: 2,4,6,8'}]
[2023-06-09 12:16:36,789][src.evals.check_self_consistency][INFO] - Generating a continuation and explanation
[2023-06-09 12:16:37,040][src.evals.check_self_consistency][INFO] - continuation: 10
[2023-06-09 12:16:37,435][src.evals.check_self_consistency][INFO] - explanation: Explanation: lambda x: (x + 1) * 2
[2023-06-09 12:16:37,435][src.evals.check_self_consistency][INFO] - implied_sequence: [2, 4, 6, 8]
[2023-06-09 12:16:37,435][src.evals.check_self_consistency][INFO] - sequence: [2, 4, 6, 8]
[2023-06-09 12:16:37,435][src.evals.check_self_consistency][INFO] - implied_continuation: 10
[2023-06-09 12:16:37,435][src.evals.check_self_consistency][INFO] - continuation: 10
[2023-06-09 12:16:37,436][src.evals.sequence_completion_with_base_change][INFO] - Total: 2
[2023-06-09 12:16:37,436][src.evals.sequence_completion_with_base_change][INFO] - Sequence: 4,6,8,10
[2023-06-09 12:16:37,437][src.evals.prompts.explanation_prompt][INFO] - [{'role': 'system', 'content': '\nHere are some examples of sequence explanations, i.e. python functions\nwhich generated the preceding sequences base 10. Assume the first number was generated by f(0),\nthe second by f(1), the third by f(2), and so on.\n'}, {'role': 'user', 'content': '6,12,18,24'}, {'role': 'assistant', 'content': 'Explanation: lambda x: (6 * (x + 1)) + 0'}, {'role': 'user', 'content': '0,1,2,3'}, {'role': 'assistant', 'content': 'Explanation: lambda x: ((x + 0) * 5) % (3+1)'}, {'role': 'user', 'content': '0,0,0,0'}, {'role': 'assistant', 'content': 'Explanation: lambda x: 0 ** (4 * (x + 4))'}, {'role': 'user', 'content': '0,0,0,0'}, {'role': 'assistant', 'content': 'Explanation: lambda x: ((x + 4) * 4) % (1+1)'}, {'role': 'user', 'content': 'Choose a function which generates the following sequence.\nNote that you will be separately asked to choose a continuation of the sequence.\nPlease choose a function which is consistent with the continuation you will choose.\nAssume the first number was generated by f(0), the second by f(1), and so on.\nThe function should output numbers in the same representation as the sequence.\nGive the response in the format:\nExplanation: <function>\n\nThe sequence is in base 10.\nQ: 4,6,8,10'}]
[2023-06-09 12:16:37,437][src.evals.check_self_consistency][INFO] - Generating a continuation and explanation
[2023-06-09 12:16:38,089][src.evals.check_self_consistency][INFO] - continuation: 12
[2023-06-09 12:16:38,880][src.evals.check_self_consistency][INFO] - explanation: Explanation: lambda x: (x + 2) * 2
[2023-06-09 12:16:38,880][src.evals.check_self_consistency][INFO] - implied_sequence: [4, 6, 8, 10]
[2023-06-09 12:16:38,881][src.evals.check_self_consistency][INFO] - sequence: [4, 6, 8, 10]
[2023-06-09 12:16:38,881][src.evals.check_self_consistency][INFO] - implied_continuation: 12
[2023-06-09 12:16:38,881][src.evals.check_self_consistency][INFO] - continuation: 12
[2023-06-09 12:16:38,881][src.evals.sequence_completion_with_base_change][INFO] - Total: 3
[2023-06-09 12:16:38,882][src.evals.sequence_completion_with_base_change][INFO] - Sequence: 6,8,10,12
[2023-06-09 12:16:38,883][src.evals.prompts.explanation_prompt][INFO] - [{'role': 'system', 'content': '\nHere are some examples of sequence explanations, i.e. python functions\nwhich generated the preceding sequences base 10. Assume the first number was generated by f(0),\nthe second by f(1), the third by f(2), and so on.\n'}, {'role': 'user', 'content': '0,0,0,0'}, {'role': 'assistant', 'content': 'Explanation: lambda x: (0 * (x + 0)) * 1'}, {'role': 'user', 'content': '4,5,6,7'}, {'role': 'assistant', 'content': 'Explanation: lambda x: [i for i in range(100) if i % (1 + 1) or i % (6 + 1)][(x + 3)]'}, {'role': 'user', 'content': '0,1,32,243'}, {'role': 'assistant', 'content': 'Explanation: lambda x: (1 * (x + 0)) ** 5'}, {'role': 'user', 'content': '4,2,0,4'}, {'role': 'assistant', 'content': 'Explanation: lambda x: ((x + 1) * 4) % (5+1)'}, {'role': 'user', 'content': 'Choose a function which generates the following sequence.\nNote that you will be separately asked to choose a continuation of the sequence.\nPlease choose a function which is consistent with the continuation you will choose.\nAssume the first number was generated by f(0), the second by f(1), and so on.\nThe function should output numbers in the same representation as the sequence.\nGive the response in the format:\nExplanation: <function>\n\nThe sequence is in base 10.\nQ: 6,8,10,12'}]
[2023-06-09 12:16:38,884][src.evals.check_self_consistency][INFO] - Generating a continuation and explanation
[2023-06-09 12:16:39,148][src.evals.check_self_consistency][INFO] - continuation: 14
[2023-06-09 12:16:39,587][src.evals.check_self_consistency][INFO] - explanation: Explanation: lambda x: (x + 3) * 2
[2023-06-09 12:16:39,588][src.evals.check_self_consistency][INFO] - implied_sequence: [6, 8, 10, 12]
[2023-06-09 12:16:39,588][src.evals.check_self_consistency][INFO] - sequence: [6, 8, 10, 12]
[2023-06-09 12:16:39,588][src.evals.check_self_consistency][INFO] - implied_continuation: 14
[2023-06-09 12:16:39,588][src.evals.check_self_consistency][INFO] - continuation: 14
[2023-06-09 12:16:39,589][src.evals.sequence_completion_with_base_change][INFO] - Total: 4
[2023-06-09 12:16:39,589][src.evals.sequence_completion_with_base_change][INFO] - Sequence: 3,6,9,12
[2023-06-09 12:16:39,592][src.evals.prompts.explanation_prompt][INFO] - [{'role': 'system', 'content': '\nHere are some examples of sequence explanations, i.e. python functions\nwhich generated the preceding sequences base 10. Assume the first number was generated by f(0),\nthe second by f(1), the third by f(2), and so on.\n'}, {'role': 'user', 'content': '6,7,8,9'}, {'role': 'assistant', 'content': 'Explanation: lambda x: [i for i in range(100) if i % (3 + 1) or i % (6 + 1)][(x + 5)]'}, {'role': 'user', 'content': '0,0,0,0'}, {'role': 'assistant', 'content': 'Explanation: lambda x: 0 ** (6 * (x + 2))'}, {'role': 'user', 'content': '32,38,44,50'}, {'role': 'assistant', 'content': 'Explanation: lambda x: (6 * (x + 5)) + 2'}, {'role': 'user', 'content': '0,0,0,0'}, {'role': 'assistant', 'content': 'Explanation: lambda x: (0 * (x + 1)) ** 3'}, {'role': 'user', 'content': 'Choose a function which generates the following sequence.\nNote that you will be separately asked to choose a continuation of the sequence.\nPlease choose a function which is consistent with the continuation you will choose.\nAssume the first number was generated by f(0), the second by f(1), and so on.\nThe function should output numbers in the same representation as the sequence.\nGive the response in the format:\nExplanation: <function>\n\nThe sequence is in base 10.\nQ: 3,6,9,12'}]
[2023-06-09 12:16:39,592][src.evals.check_self_consistency][INFO] - Generating a continuation and explanation
[2023-06-09 12:16:39,970][src.evals.check_self_consistency][INFO] - continuation: 15
[2023-06-09 12:16:40,467][src.evals.check_self_consistency][INFO] - explanation: Explanation: lambda x: (x + 1) * 3
[2023-06-09 12:16:40,467][src.evals.check_self_consistency][INFO] - implied_sequence: [3, 6, 9, 12]
[2023-06-09 12:16:40,467][src.evals.check_self_consistency][INFO] - sequence: [3, 6, 9, 12]
[2023-06-09 12:16:40,468][src.evals.check_self_consistency][INFO] - implied_continuation: 15
[2023-06-09 12:16:40,468][src.evals.check_self_consistency][INFO] - continuation: 15
[2023-06-09 12:16:40,468][src.evals.sequence_completion_with_base_change][INFO] - Total: 5
[2023-06-09 12:16:40,468][src.evals.sequence_completion_with_base_change][INFO] - Sequence: 6,9,12,15
[2023-06-09 12:16:40,470][src.evals.prompts.explanation_prompt][INFO] - [{'role': 'system', 'content': '\nHere are some examples of sequence explanations, i.e. python functions\nwhich generated the preceding sequences base 10. Assume the first number was generated by f(0),\nthe second by f(1), the third by f(2), and so on.\n'}, {'role': 'user', 'content': '0,0,0,0'}, {'role': 'assistant', 'content': 'Explanation: lambda x: ((x + 1) * 3) % (0+1)'}, {'role': 'user', 'content': '2,3,4,5'}, {'role': 'assistant', 'content': 'Explanation: lambda x: [i for i in range(100) if i % (2 + 1) or i % (6 + 1)][(x + 1)]'}, {'role': 'user', 'content': '2985984,16777216,64000000,191102976'}, {'role': 'assistant', 'content': 'Explanation: lambda x: (4 * (x + 3)) ** 6'}, {'role': 'user', 'content': '68719476736,281474976710656,1152921504606846976,4722366482869645213696'}, {'role': 'assistant', 'content': 'Explanation: lambda x: 4 ** (6 * (x + 3))'}, {'role': 'user', 'content': 'Choose a function which generates the following sequence.\nNote that you will be separately asked to choose a continuation of the sequence.\nPlease choose a function which is consistent with the continuation you will choose.\nAssume the first number was generated by f(0), the second by f(1), and so on.\nThe function should output numbers in the same representation as the sequence.\nGive the response in the format:\nExplanation: <function>\n\nThe sequence is in base 10.\nQ: 6,9,12,15'}]
[2023-06-09 12:16:40,470][src.evals.check_self_consistency][INFO] - Generating a continuation and explanation
[2023-06-09 12:16:40,747][src.evals.check_self_consistency][INFO] - continuation: 18
[2023-06-09 12:16:41,322][src.evals.check_self_consistency][INFO] - explanation: Explanation: lambda x: (x + 1) * 3 + 3
[2023-06-09 12:16:41,323][src.evals.check_self_consistency][INFO] - implied_sequence: [6, 9, 12, 15]
[2023-06-09 12:16:41,323][src.evals.check_self_consistency][INFO] - sequence: [6, 9, 12, 15]
[2023-06-09 12:16:41,323][src.evals.check_self_consistency][INFO] - implied_continuation: 18
[2023-06-09 12:16:41,323][src.evals.check_self_consistency][INFO] - continuation: 18
[2023-06-09 12:16:41,324][src.evals.sequence_completion_with_base_change][INFO] - Total: 6
[2023-06-09 12:16:41,324][src.evals.sequence_completion_with_base_change][INFO] - Sequence: 9,12,15,18
[2023-06-09 12:16:41,326][src.evals.prompts.explanation_prompt][INFO] - [{'role': 'system', 'content': '\nHere are some examples of sequence explanations, i.e. python functions\nwhich generated the preceding sequences base 10. Assume the first number was generated by f(0),\nthe second by f(1), the third by f(2), and so on.\n'}, {'role': 'user', 'content': '30,35,40,45'}, {'role': 'assistant', 'content': 'Explanation: lambda x: (5 * (x + 6)) ** 1'}, {'role': 'user', 'content': '15,18,23,26'}, {'role': 'assistant', 'content': 'Explanation: lambda x: (3 * (x + 5)) | 2'}, {'role': 'user', 'content': '46656,2176782336,101559956668416,4738381338321616896'}, {'role': 'assistant', 'content': 'Explanation: lambda x: 6 ** (6 * (x + 1))'}, {'role': 'user', 'content': '0,0,0,0'}, {'role': 'assistant', 'content': 'Explanation: lambda x: (1 * (x + 3)) * 0'}, {'role': 'user', 'content': 'Choose a function which generates the following sequence.\nNote that you will be separately asked to choose a continuation of the sequence.\nPlease choose a function which is consistent with the continuation you will choose.\nAssume the first number was generated by f(0), the second by f(1), and so on.\nThe function should output numbers in the same representation as the sequence.\nGive the response in the format:\nExplanation: <function>\n\nThe sequence is in base 10.\nQ: 9,12,15,18'}]
[2023-06-09 12:16:41,327][src.evals.check_self_consistency][INFO] - Generating a continuation and explanation
[2023-06-09 12:16:41,598][src.evals.check_self_consistency][INFO] - continuation: 21
[2023-06-09 12:16:42,264][src.evals.check_self_consistency][INFO] - explanation: Explanation: lambda x: 3 * (x + 3)
[2023-06-09 12:16:42,265][src.evals.check_self_consistency][INFO] - implied_sequence: [9, 12, 15, 18]
[2023-06-09 12:16:42,265][src.evals.check_self_consistency][INFO] - sequence: [9, 12, 15, 18]
[2023-06-09 12:16:42,265][src.evals.check_self_consistency][INFO] - implied_continuation: 21
[2023-06-09 12:16:42,265][src.evals.check_self_consistency][INFO] - continuation: 21
[2023-06-09 12:16:42,266][src.evals.sequence_completion_with_base_change][INFO] - Total: 7
[2023-06-09 12:16:42,266][src.evals.sequence_completion_with_base_change][INFO] - Sequence: 0,3,6,9
[2023-06-09 12:16:42,268][src.evals.prompts.explanation_prompt][INFO] - [{'role': 'system', 'content': '\nHere are some examples of sequence explanations, i.e. python functions\nwhich generated the preceding sequences base 10. Assume the first number was generated by f(0),\nthe second by f(1), the third by f(2), and so on.\n'}, {'role': 'user', 'content': '81,243,729,2187'}, {'role': 'assistant', 'content': 'Explanation: lambda x: 3 ** (1 * (x + 4))'}, {'role': 'user', 'content': '6,7,8,9'}, {'role': 'assistant', 'content': 'Explanation: lambda x: (1 * (x + 6)) * 1'}, {'role': 'user', 'content': '1,1,1,1'}, {'role': 'assistant', 'content': 'Explanation: lambda x: 1 ** (5 * (x + 5))'}, {'role': 'user', 'content': '24,30,36,42'}, {'role': 'assistant', 'content': 'Explanation: lambda x: (6 * (x + 4)) | 0'}, {'role': 'user', 'content': 'Choose a function which generates the following sequence.\nNote that you will be separately asked to choose a continuation of the sequence.\nPlease choose a function which is consistent with the continuation you will choose.\nAssume the first number was generated by f(0), the second by f(1), and so on.\nThe function should output numbers in the same representation as the sequence.\nGive the response in the format:\nExplanation: <function>\n\nThe sequence is in base 10.\nQ: 0,3,6,9'}]
[2023-06-09 12:16:42,268][src.evals.check_self_consistency][INFO] - Generating a continuation and explanation
[2023-06-09 12:16:42,827][src.evals.check_self_consistency][INFO] - continuation: 12
[2023-06-09 12:16:43,213][src.evals.check_self_consistency][INFO] - explanation: Explanation: lambda x: 3 * x
[2023-06-09 12:16:43,214][src.evals.check_self_consistency][INFO] - implied_sequence: [0, 3, 6, 9]
[2023-06-09 12:16:43,214][src.evals.check_self_consistency][INFO] - sequence: [0, 3, 6, 9]
[2023-06-09 12:16:43,214][src.evals.check_self_consistency][INFO] - implied_continuation: 12
[2023-06-09 12:16:43,214][src.evals.check_self_consistency][INFO] - continuation: 12
[2023-06-09 12:16:43,214][src.evals.sequence_completion_with_base_change][INFO] - Total: 8
[2023-06-09 12:16:43,214][src.evals.sequence_completion_with_base_change][INFO] - Sequence: 0,4,8,12
[2023-06-09 12:16:43,216][src.evals.prompts.explanation_prompt][INFO] - [{'role': 'system', 'content': '\nHere are some examples of sequence explanations, i.e. python functions\nwhich generated the preceding sequences base 10. Assume the first number was generated by f(0),\nthe second by f(1), the third by f(2), and so on.\n'}, {'role': 'user', 'content': '3,4,5,7'}, {'role': 'assistant', 'content': 'Explanation: lambda x: [i for i in range(100) if i % (5 + 1) or i % (1 + 1)][(x + 2)]'}, {'role': 'user', 'content': '2,0,1,2'}, {'role': 'assistant', 'content': 'Explanation: lambda x: ((x + 5) * 4) % (2+1)'}, {'role': 'user', 'content': '4,5,6,7'}, {'role': 'assistant', 'content': 'Explanation: lambda x: (1 * (x + 1)) + 3'}, {'role': 'user', 'content': '900,1225,1600,2025'}, {'role': 'assistant', 'content': 'Explanation: lambda x: (5 * (x + 6)) ** 2'}, {'role': 'user', 'content': 'Choose a function which generates the following sequence.\nNote that you will be separately asked to choose a continuation of the sequence.\nPlease choose a function which is consistent with the continuation you will choose.\nAssume the first number was generated by f(0), the second by f(1), and so on.\nThe function should output numbers in the same representation as the sequence.\nGive the response in the format:\nExplanation: <function>\n\nThe sequence is in base 10.\nQ: 0,4,8,12'}]
[2023-06-09 12:16:43,216][src.evals.check_self_consistency][INFO] - Generating a continuation and explanation
[2023-06-09 12:16:43,553][src.evals.check_self_consistency][INFO] - continuation: 16
[2023-06-09 12:16:43,972][src.evals.check_self_consistency][INFO] - explanation: Explanation: lambda x: 4 * x
[2023-06-09 12:16:43,973][src.evals.check_self_consistency][INFO] - implied_sequence: [0, 4, 8, 12]
[2023-06-09 12:16:43,973][src.evals.check_self_consistency][INFO] - sequence: [0, 4, 8, 12]
[2023-06-09 12:16:43,973][src.evals.check_self_consistency][INFO] - implied_continuation: 16
[2023-06-09 12:16:43,973][src.evals.check_self_consistency][INFO] - continuation: 16
[2023-06-09 12:16:43,973][src.evals.sequence_completion_with_base_change][INFO] - Total: 9
[2023-06-09 12:16:43,973][src.evals.sequence_completion_with_base_change][INFO] - Sequence: 4,8,12,16
[2023-06-09 12:16:43,974][src.evals.prompts.explanation_prompt][INFO] - [{'role': 'system', 'content': '\nHere are some examples of sequence explanations, i.e. python functions\nwhich generated the preceding sequences base 10. Assume the first number was generated by f(0),\nthe second by f(1), the third by f(2), and so on.\n'}, {'role': 'user', 'content': '4,3,2,1'}, {'role': 'assistant', 'content': 'Explanation: lambda x: ((x + 6) * 4) % (4+1)'}, {'role': 'user', 'content': '4,5,6,7'}, {'role': 'assistant', 'content': 'Explanation: lambda x: (1 * (x + 4)) | 0'}, {'role': 'user', 'content': '3,4,5,7'}, {'role': 'assistant', 'content': 'Explanation: lambda x: [i for i in range(100) if i % (2 + 1) or i % (1 + 1)][(x + 2)]'}, {'role': 'user', 'content': '11,13,15,17'}, {'role': 'assistant', 'content': 'Explanation: lambda x: (2 * (x + 3)) + 5'}, {'role': 'user', 'content': 'Choose a function which generates the following sequence.\nNote that you will be separately asked to choose a continuation of the sequence.\nPlease choose a function which is consistent with the continuation you will choose.\nAssume the first number was generated by f(0), the second by f(1), and so on.\nThe function should output numbers in the same representation as the sequence.\nGive the response in the format:\nExplanation: <function>\n\nThe sequence is in base 10.\nQ: 4,8,12,16'}]
[2023-06-09 12:16:43,974][src.evals.check_self_consistency][INFO] - Generating a continuation and explanation
[2023-06-09 12:16:44,229][src.evals.check_self_consistency][INFO] - continuation: 20
[2023-06-09 12:16:44,729][src.evals.check_self_consistency][INFO] - explanation: Explanation: lambda x: (x + 1) * 4
[2023-06-09 12:16:44,730][src.evals.check_self_consistency][INFO] - implied_sequence: [4, 8, 12, 16]
[2023-06-09 12:16:44,730][src.evals.check_self_consistency][INFO] - sequence: [4, 8, 12, 16]
[2023-06-09 12:16:44,730][src.evals.check_self_consistency][INFO] - implied_continuation: 20
[2023-06-09 12:16:44,730][src.evals.check_self_consistency][INFO] - continuation: 20
[2023-06-09 12:16:44,731][src.evals.sequence_completion_with_base_change][INFO] - Total: 10
[2023-06-09 12:16:44,731][src.evals.sequence_completion_with_base_change][INFO] - Sequence: 8,12,16,20
[2023-06-09 12:16:44,733][src.evals.prompts.explanation_prompt][INFO] - [{'role': 'system', 'content': '\nHere are some examples of sequence explanations, i.e. python functions\nwhich generated the preceding sequences base 10. Assume the first number was generated by f(0),\nthe second by f(1), the third by f(2), and so on.\n'}, {'role': 'user', 'content': '43046721,3486784401,282429536481,22876792454961'}, {'role': 'assistant', 'content': 'Explanation: lambda x: 3 ** (4 * (x + 4))'}, {'role': 'user', 'content': '1,1,1,1'}, {'role': 'assistant', 'content': 'Explanation: lambda x: 3 ** (0 * (x + 1))'}, {'role': 'user', 'content': '5,5,5,5'}, {'role': 'assistant', 'content': 'Explanation: lambda x: (0 * (x + 3)) + 5'}, {'role': 'user', 'content': '7,8,9,10'}, {'role': 'assistant', 'content': 'Explanation: lambda x: (1 * (x + 5)) + 2'}, {'role': 'user', 'content': 'Choose a function which generates the following sequence.\nNote that you will be separately asked to choose a continuation of the sequence.\nPlease choose a function which is consistent with the continuation you will choose.\nAssume the first number was generated by f(0), the second by f(1), and so on.\nThe function should output numbers in the same representation as the sequence.\nGive the response in the format:\nExplanation: <function>\n\nThe sequence is in base 10.\nQ: 8,12,16,20'}]
[2023-06-09 12:16:44,733][src.evals.check_self_consistency][INFO] - Generating a continuation and explanation
