[2023-05-31 16:09:16,551][src.utils][INFO] - Git sha: e8df89ca92e6810dc51d4081677709fb8546754b
[2023-05-31 16:09:16,562][src.utils][INFO] - Changed files: ['src/evals/sequence_completion_with_base_change.py']
[2023-05-31 16:09:16,571][src.utils][INFO] - Git diff:
diff --git a/src/evals/sequence_completion_with_base_change.py b/src/evals/sequence_completion_with_base_change.py
index 89820f5..28daab1 100644
--- a/src/evals/sequence_completion_with_base_change.py
+++ b/src/evals/sequence_completion_with_base_change.py
@@ -44,6 +44,8 @@ def evaluate_compute_dependence_with_base_changes(
                 != "indexing_criteria_progression"  # does not work with base change
             },
         )
+        breakpoint()
+        
         for sequence in ambiguous_sequences:
             # turn the sequence from a string into a list of integers
             int_sequence = [int(x) for x in sequence.split(",")]
[2023-05-31 16:09:16,571][src.utils][INFO] - Changed directory to /Users/olejorgensen/Documents/AISC/introspective-self-consistency/results/2023-05-31-16-09-16/evaluate_compute_dependence_with_base_changes
[2023-05-31 16:09:37,693][__main__][ERROR] - 
Traceback (most recent call last):
  File "/Users/olejorgensen/Documents/AISC/introspective-self-consistency/src/utils.py", line 58, in decorated
    return func(*args, **kwargs)
  File "/Users/olejorgensen/Documents/AISC/introspective-self-consistency/main.py", line 36, in main
    evaluate_compute_dependence_with_base_changes(
  File "/Users/olejorgensen/Documents/AISC/introspective-self-consistency/src/utils.py", line 42, in wrapped
    return func(*args, **kwargs)
  File "/Users/olejorgensen/Documents/AISC/introspective-self-consistency/src/evals/sequence_completion_with_base_change.py", line 49, in evaluate_compute_dependence_with_base_changes
    for sequence in ambiguous_sequences:
  File "/Users/olejorgensen/Documents/AISC/introspective-self-consistency/src/evals/sequence_completion_with_base_change.py", line 49, in evaluate_compute_dependence_with_base_changes
    for sequence in ambiguous_sequences:
  File "/Users/olejorgensen/miniconda3/envs/aisc-env2/lib/python3.10/bdb.py", line 90, in trace_dispatch
    return self.dispatch_line(frame)
  File "/Users/olejorgensen/miniconda3/envs/aisc-env2/lib/python3.10/bdb.py", line 115, in dispatch_line
    if self.quitting: raise BdbQuit
bdb.BdbQuit
