[2023-05-17 11:56:30,867][src.utils][INFO] - Git sha: cb572d459e45d11a84e5cdc86b6603901f676290
[2023-05-17 11:56:30,875][src.utils][INFO] - Changed files: ['main.py']
[2023-05-17 11:56:30,881][src.utils][INFO] - Git diff:
diff --git a/main.py b/main.py
index 083b705..a363731 100644
--- a/main.py
+++ b/main.py
@@ -8,7 +8,7 @@ from src.evals.sequence_completion_with_base_change import (
     evaluate_compute_dependence_with_base_changes,
 )
 from src.evals.string_transformation import evaluate_string_transformation_equality
-from utils import log_exceptions
+from src.utils import log_exceptions

 logger = logging.getLogger(__name__)

[2023-05-17 11:56:30,882][src.utils][INFO] - Changed directory to /Users/olejorgensen/Documents/AISC/introspective-self-consistency/results/2023-05-17-11-56-30/evaluate_string_transformation_equality
[2023-05-17 11:56:30,882][src.evals.string_transformation][INFO] - Evaluating string transformation equality...
[2023-05-17 11:56:30,916][src.evals.string_transformation][WARNING] - list
[2023-05-17 11:56:30,916][src.evals.string_transformation][WARNING] - Failed to evaluate @### => ###@ with lambda x: x[::-1]
[2023-05-17 11:56:30,916][src.evals.string_transformation][WARNING] - list
[2023-05-17 11:56:30,916][src.evals.string_transformation][WARNING] - Failed to evaluate @### => ###@ with lambda x: x[1:] + x[:1]
[2023-05-17 11:56:30,916][src.evals.string_transformation][WARNING] - list
[2023-05-17 11:56:30,917][src.evals.string_transformation][WARNING] - Failed to evaluate @### => ###@ with lambda x: x[-3:] + x[:-3]
[2023-05-17 11:56:30,917][src.evals.string_transformation][WARNING] - list
[2023-05-17 11:56:30,917][src.evals.string_transformation][WARNING] - Failed to evaluate @### => ###@ with lambda x: x[:0] + x[0:].replace('@', "", 1) + '@'
[2023-05-17 11:56:30,917][src.evals.string_transformation][WARNING] - list
[2023-05-17 11:56:30,917][src.evals.string_transformation][WARNING] - Failed to evaluate @### => #@## with lambda x: x[3:] + x[:3]
[2023-05-17 11:56:30,917][src.evals.string_transformation][WARNING] - list
[2023-05-17 11:56:30,917][src.evals.string_transformation][WARNING] - Failed to evaluate @### => #@## with lambda x: x[:0] + '#' + x[0:].replace('#', "", 1)
[2023-05-17 11:56:30,918][src.evals.string_transformation][WARNING] - list
[2023-05-17 11:56:30,918][src.evals.string_transformation][WARNING] - Failed to evaluate @### => #@## with lambda x: x[-1:] + x[:-1]
[2023-05-17 11:56:30,918][src.evals.string_transformation][WARNING] - list
[2023-05-17 11:56:30,918][src.evals.string_transformation][WARNING] - Failed to evaluate #@@@ => @@@# with lambda x: x[::-1]
[2023-05-17 11:56:30,918][src.evals.string_transformation][WARNING] - list
[2023-05-17 11:56:30,918][src.evals.string_transformation][WARNING] - Failed to evaluate #@@@ => @@@# with lambda x: x[1:] + x[:1]
[2023-05-17 11:56:30,919][src.evals.string_transformation][WARNING] - list
[2023-05-17 11:56:30,919][src.evals.string_transformation][WARNING] - Failed to evaluate #@@@ => @@@# with lambda x: x[-3:] + x[:-3]
[2023-05-17 11:56:30,919][src.evals.string_transformation][WARNING] - list
[2023-05-17 11:56:30,919][src.evals.string_transformation][WARNING] - Failed to evaluate #@@@ => @@@# with lambda x: x[:0] + x[0:].replace('#', "", 1) + '#'
[2023-05-17 11:56:30,919][src.evals.string_transformation][WARNING] - list
[2023-05-17 11:56:30,919][src.evals.string_transformation][WARNING] - Failed to evaluate #@@@ => @#@@ with lambda x: x[3:] + x[:3]
[2023-05-17 11:56:30,920][src.evals.string_transformation][WARNING] - list
[2023-05-17 11:56:30,920][src.evals.string_transformation][WARNING] - Failed to evaluate #@@@ => @#@@ with lambda x: x[:0] + '@' + x[0:].replace('@', "", 1)
[2023-05-17 11:56:30,920][src.evals.string_transformation][WARNING] - list
[2023-05-17 11:56:30,920][src.evals.string_transformation][WARNING] - Failed to evaluate #@@@ => @#@@ with lambda x: x[-1:] + x[:-1]
[2023-05-17 11:56:30,920][src.evals.string_transformation][WARNING] - list
[2023-05-17 11:56:30,920][src.evals.string_transformation][WARNING] - Failed to evaluate #@## => ##@# with lambda x: x[::-1]
[2023-05-17 11:56:30,921][src.evals.string_transformation][WARNING] - list
[2023-05-17 11:56:30,921][src.evals.string_transformation][WARNING] - Failed to evaluate #@## => ##@# with lambda x: x[3:] + x[:3]
[2023-05-17 11:56:30,921][src.evals.string_transformation][WARNING] - list
[2023-05-17 11:56:30,921][src.evals.string_transformation][WARNING] - Failed to evaluate #@## => ##@# with lambda x: x[-1:] + x[:-1]
[2023-05-17 11:56:30,921][src.evals.string_transformation][WARNING] - list
[2023-05-17 11:56:30,921][src.evals.string_transformation][WARNING] - Failed to evaluate #@## => ##@# with lambda x: x[:1] + '#' + x[1:].replace('#', "", 1)
[2023-05-17 11:56:30,921][src.evals.string_transformation][WARNING] - list
[2023-05-17 11:56:30,921][src.evals.string_transformation][WARNING] - Failed to evaluate #@## => @### with lambda x: x[1:] + x[:1]
[2023-05-17 11:56:30,922][src.evals.string_transformation][WARNING] - list
[2023-05-17 11:56:30,922][src.evals.string_transformation][WARNING] - Failed to evaluate #@## => @### with lambda x: x[:0] + x[0:].replace('#', "", 1) + '#'
[2023-05-17 11:56:30,922][src.evals.string_transformation][WARNING] - list
[2023-05-17 11:56:30,922][src.evals.string_transformation][WARNING] - Failed to evaluate #@## => @### with lambda x: x[:0] + '@' + x[0:].replace('@', "", 1)
[2023-05-17 11:56:30,922][src.evals.string_transformation][WARNING] - list
[2023-05-17 11:56:30,922][src.evals.string_transformation][WARNING] - Failed to evaluate #@## => @### with lambda x: x[-3:] + x[:-3]
[2023-05-17 11:56:30,923][src.evals.string_transformation][WARNING] - list
[2023-05-17 11:56:30,923][src.evals.string_transformation][WARNING] - Failed to evaluate #@## => ###@ with lambda x: x[2:] + x[:2]
[2023-05-17 11:56:30,923][src.evals.string_transformation][WARNING] - list
[2023-05-17 11:56:30,923][src.evals.string_transformation][WARNING] - Failed to evaluate #@## => ###@ with lambda x: x[:0] + x[0:].replace('@', "", 1) + '@'
[2023-05-17 11:56:30,923][src.evals.string_transformation][WARNING] - list
[2023-05-17 11:56:30,923][src.evals.string_transformation][WARNING] - Failed to evaluate #@## => ###@ with lambda x: x[:1] + x[1:].replace('@', "", 1) + '@'
[2023-05-17 11:56:30,924][src.evals.string_transformation][WARNING] - list
[2023-05-17 11:56:30,924][src.evals.string_transformation][WARNING] - Failed to evaluate #@## => ###@ with lambda x: x[-2:] + x[:-2]
[2023-05-17 11:56:30,924][src.evals.string_transformation][WARNING] - list
[2023-05-17 11:56:30,924][src.evals.string_transformation][WARNING] - Failed to evaluate @#@@ => @@#@ with lambda x: x[::-1]
[2023-05-17 11:56:30,924][src.evals.string_transformation][WARNING] - list
[2023-05-17 11:56:30,924][src.evals.string_transformation][WARNING] - Failed to evaluate @#@@ => @@#@ with lambda x: x[3:] + x[:3]
[2023-05-17 11:56:30,924][src.evals.string_transformation][WARNING] - list
[2023-05-17 11:56:30,925][src.evals.string_transformation][WARNING] - Failed to evaluate @#@@ => @@#@ with lambda x: x[-1:] + x[:-1]
[2023-05-17 11:56:30,925][src.evals.string_transformation][WARNING] - list
[2023-05-17 11:56:30,925][src.evals.string_transformation][WARNING] - Failed to evaluate @#@@ => @@#@ with lambda x: x[:1] + '@' + x[1:].replace('@', "", 1)
[2023-05-17 11:56:30,925][src.evals.string_transformation][WARNING] - list
[2023-05-17 11:56:30,925][src.evals.string_transformation][WARNING] - Failed to evaluate @#@@ => #@@@ with lambda x: x[1:] + x[:1]
[2023-05-17 11:56:30,925][src.evals.string_transformation][WARNING] - list
[2023-05-17 11:56:30,925][src.evals.string_transformation][WARNING] - Failed to evaluate @#@@ => #@@@ with lambda x: x[:0] + x[0:].replace('@', "", 1) + '@'
[2023-05-17 11:56:30,926][src.evals.string_transformation][WARNING] - list
[2023-05-17 11:56:30,926][src.evals.string_transformation][WARNING] - Failed to evaluate @#@@ => #@@@ with lambda x: x[:0] + '#' + x[0:].replace('#', "", 1)
[2023-05-17 11:56:30,926][src.evals.string_transformation][WARNING] - list
[2023-05-17 11:56:30,926][src.evals.string_transformation][WARNING] - Failed to evaluate @#@@ => #@@@ with lambda x: x[-3:] + x[:-3]
[2023-05-17 11:56:30,926][src.evals.string_transformation][WARNING] - list
[2023-05-17 11:56:30,926][src.evals.string_transformation][WARNING] - Failed to evaluate @#@@ => @@@# with lambda x: x[2:] + x[:2]
[2023-05-17 11:56:30,927][src.evals.string_transformation][WARNING] - list
[2023-05-17 11:56:30,927][src.evals.string_transformation][WARNING] - Failed to evaluate @#@@ => @@@# with lambda x: x[:0] + x[0:].replace('#', "", 1) + '#'
[2023-05-17 11:56:30,927][src.evals.string_transformation][WARNING] - list
[2023-05-17 11:56:30,927][src.evals.string_transformation][WARNING] - Failed to evaluate @#@@ => @@@# with lambda x: x[:1] + x[1:].replace('#', "", 1) + '#'
[2023-05-17 11:56:30,927][src.evals.string_transformation][WARNING] - list
[2023-05-17 11:56:30,927][src.evals.string_transformation][WARNING] - Failed to evaluate @#@@ => @@@# with lambda x: x[-2:] + x[:-2]
[2023-05-17 11:56:30,928][src.evals.string_transformation][WARNING] - list
[2023-05-17 11:56:30,928][src.evals.string_transformation][WARNING] - Failed to evaluate ##@# => #@## with lambda x: x[::-1]
[2023-05-17 11:56:30,928][src.evals.string_transformation][WARNING] - list
[2023-05-17 11:56:30,928][src.evals.string_transformation][WARNING] - Failed to evaluate ##@# => #@## with lambda x: x[1:] + x[:1]
[2023-05-17 11:56:30,928][src.evals.string_transformation][WARNING] - list
[2023-05-17 11:56:30,928][src.evals.string_transformation][WARNING] - Failed to evaluate ##@# => #@## with lambda x: x[-3:] + x[:-3]
[2023-05-17 11:56:30,928][src.evals.string_transformation][WARNING] - list
[2023-05-17 11:56:30,928][src.evals.string_transformation][WARNING] - Failed to evaluate ##@# => #@## with lambda x: x[:0] + x[0:].replace('#', "", 1) + '#'
[2023-05-17 11:56:30,929][src.evals.string_transformation][WARNING] - list
[2023-05-17 11:56:30,929][src.evals.string_transformation][WARNING] - Failed to evaluate ##@# => #@## with lambda x: x[:1] + x[1:].replace('#', "", 1) + '#'
[2023-05-17 11:56:30,929][src.evals.string_transformation][WARNING] - list
[2023-05-17 11:56:30,929][src.evals.string_transformation][WARNING] - Failed to evaluate ##@# => #@## with lambda x: x[:1] + '@' + x[1:].replace('@', "", 1)
[2023-05-17 11:56:30,929][src.evals.string_transformation][WARNING] - list
[2023-05-17 11:56:30,929][src.evals.string_transformation][WARNING] - Failed to evaluate ##@# => @### with lambda x: x[2:] + x[:2]
[2023-05-17 11:56:30,930][src.evals.string_transformation][WARNING] - list
[2023-05-17 11:56:30,930][src.evals.string_transformation][WARNING] - Failed to evaluate ##@# => @### with lambda x: x[:0] + '@' + x[0:].replace('@', "", 1)
[2023-05-17 11:56:30,930][src.evals.string_transformation][WARNING] - list
[2023-05-17 11:56:30,930][src.evals.string_transformation][WARNING] - Failed to evaluate ##@# => @### with lambda x: x[-2:] + x[:-2]
[2023-05-17 11:56:30,930][src.evals.string_transformation][WARNING] - list
[2023-05-17 11:56:30,930][src.evals.string_transformation][WARNING] - Failed to evaluate ##@# => ###@ with lambda x: x[3:] + x[:3]
[2023-05-17 11:56:30,931][src.evals.string_transformation][WARNING] - list
[2023-05-17 11:56:30,931][src.evals.string_transformation][WARNING] - Failed to evaluate ##@# => ###@ with lambda x: x[:0] + x[0:].replace('@', "", 1) + '@'
[2023-05-17 11:56:30,931][src.evals.string_transformation][WARNING] - list
[2023-05-17 11:56:30,931][src.evals.string_transformation][WARNING] - Failed to evaluate ##@# => ###@ with lambda x: x[:1] + x[1:].replace('@', "", 1) + '@'
[2023-05-17 11:56:30,932][src.evals.string_transformation][WARNING] - list
[2023-05-17 11:56:30,932][src.evals.string_transformation][WARNING] - Failed to evaluate ##@# => ###@ with lambda x: x[:2] + x[2:].replace('@', "", 1) + '@'
[2023-05-17 11:56:30,932][src.evals.string_transformation][WARNING] - list
[2023-05-17 11:56:30,932][src.evals.string_transformation][WARNING] - Failed to evaluate ##@# => ###@ with lambda x: x[:2] + '#' + x[2:].replace('#', "", 1)
[2023-05-17 11:56:30,932][src.evals.string_transformation][WARNING] - list
[2023-05-17 11:56:30,932][src.evals.string_transformation][WARNING] - Failed to evaluate ##@# => ###@ with lambda x: x[-1:] + x[:-1]
[2023-05-17 11:56:30,933][src.evals.string_transformation][WARNING] - list
[2023-05-17 11:56:30,933][src.evals.string_transformation][WARNING] - Failed to evaluate @@#@ => @#@@ with lambda x: x[::-1]
[2023-05-17 11:56:30,933][src.evals.string_transformation][WARNING] - list
[2023-05-17 11:56:30,933][src.evals.string_transformation][WARNING] - Failed to evaluate @@#@ => @#@@ with lambda x: x[1:] + x[:1]
[2023-05-17 11:56:30,934][src.evals.string_transformation][WARNING] - list
[2023-05-17 11:56:30,934][src.evals.string_transformation][WARNING] - Failed to evaluate @@#@ => @#@@ with lambda x: x[-3:] + x[:-3]
[2023-05-17 11:56:30,934][src.evals.string_transformation][WARNING] - list
[2023-05-17 11:56:30,934][src.evals.string_transformation][WARNING] - Failed to evaluate @@#@ => @#@@ with lambda x: x[:0] + x[0:].replace('@', "", 1) + '@'
[2023-05-17 11:56:30,934][src.evals.string_transformation][WARNING] - list
[2023-05-17 11:56:30,934][src.evals.string_transformation][WARNING] - Failed to evaluate @@#@ => @#@@ with lambda x: x[:1] + x[1:].replace('@', "", 1) + '@'
[2023-05-17 11:56:30,934][src.evals.string_transformation][WARNING] - list
[2023-05-17 11:56:30,935][src.evals.string_transformation][WARNING] - Failed to evaluate @@#@ => @#@@ with lambda x: x[:1] + '#' + x[1:].replace('#', "", 1)
[2023-05-17 11:56:30,935][src.evals.string_transformation][WARNING] - list
[2023-05-17 11:56:30,935][src.evals.string_transformation][WARNING] - Failed to evaluate @@#@ => #@@@ with lambda x: x[2:] + x[:2]
[2023-05-17 11:56:30,935][src.evals.string_transformation][WARNING] - list
[2023-05-17 11:56:30,935][src.evals.string_transformation][WARNING] - Failed to evaluate @@#@ => #@@@ with lambda x: x[:0] + '#' + x[0:].replace('#', "", 1)
[2023-05-17 11:56:30,935][src.evals.string_transformation][WARNING] - list
[2023-05-17 11:56:30,935][src.evals.string_transformation][WARNING] - Failed to evaluate @@#@ => #@@@ with lambda x: x[-2:] + x[:-2]
[2023-05-17 11:56:30,936][src.evals.string_transformation][WARNING] - list
[2023-05-17 11:56:30,936][src.evals.string_transformation][WARNING] - Failed to evaluate @@#@ => @@@# with lambda x: x[3:] + x[:3]
[2023-05-17 11:56:30,936][src.evals.string_transformation][WARNING] - list
[2023-05-17 11:56:30,936][src.evals.string_transformation][WARNING] - Failed to evaluate @@#@ => @@@# with lambda x: x[:0] + x[0:].replace('#', "", 1) + '#'
[2023-05-17 11:56:30,936][src.evals.string_transformation][WARNING] - list
[2023-05-17 11:56:30,936][src.evals.string_transformation][WARNING] - Failed to evaluate @@#@ => @@@# with lambda x: x[:1] + x[1:].replace('#', "", 1) + '#'
[2023-05-17 11:56:30,937][src.evals.string_transformation][WARNING] - list
[2023-05-17 11:56:30,937][src.evals.string_transformation][WARNING] - Failed to evaluate @@#@ => @@@# with lambda x: x[:2] + x[2:].replace('#', "", 1) + '#'
[2023-05-17 11:56:30,937][src.evals.string_transformation][WARNING] - list
[2023-05-17 11:56:30,937][src.evals.string_transformation][WARNING] - Failed to evaluate @@#@ => @@@# with lambda x: x[:2] + '@' + x[2:].replace('@', "", 1)
[2023-05-17 11:56:30,937][src.evals.string_transformation][WARNING] - list
[2023-05-17 11:56:30,937][src.evals.string_transformation][WARNING] - Failed to evaluate @@#@ => @@@# with lambda x: x[-1:] + x[:-1]
[2023-05-17 11:56:30,943][src.evals.string_transformation][INFO] -
        Evaluated 0 ambiguous string transformations of 68 total.
        Resulting in:
        - nan% ground-truth-consistent
        - nan% self-rule-following-consistency
        - nan% self-comparison-consistency
        - nan% self-comparison-consistency and ground-truth-consistent.

[2023-05-17 11:56:34,139][__main__][ERROR] - Cannot save file into a non-existent directory: 'results'
Traceback (most recent call last):
  File "/Users/olejorgensen/Documents/AISC/introspective-self-consistency/src/utils.py", line 58, in decorated
    return func(*args, **kwargs)
  File "/Users/olejorgensen/Documents/AISC/introspective-self-consistency/main.py", line 27, in main
    evaluate_sequence_completion_equality(
  File "/Users/olejorgensen/Documents/AISC/introspective-self-consistency/src/evals/sequence_completion.py", line 192, in evaluate_sequence_completion_equality
    pd.DataFrame(completion_data).to_csv(
  File "/Users/olejorgensen/miniconda3/envs/aisc-env2/lib/python3.10/site-packages/pandas/util/_decorators.py", line 211, in wrapper
    return func(*args, **kwargs)
  File "/Users/olejorgensen/miniconda3/envs/aisc-env2/lib/python3.10/site-packages/pandas/core/generic.py", line 3720, in to_csv
    return DataFrameRenderer(formatter).to_csv(
  File "/Users/olejorgensen/miniconda3/envs/aisc-env2/lib/python3.10/site-packages/pandas/util/_decorators.py", line 211, in wrapper
    return func(*args, **kwargs)
  File "/Users/olejorgensen/miniconda3/envs/aisc-env2/lib/python3.10/site-packages/pandas/io/formats/format.py", line 1189, in to_csv
    csv_formatter.save()
  File "/Users/olejorgensen/miniconda3/envs/aisc-env2/lib/python3.10/site-packages/pandas/io/formats/csvs.py", line 241, in save
    with get_handle(
  File "/Users/olejorgensen/miniconda3/envs/aisc-env2/lib/python3.10/site-packages/pandas/io/common.py", line 734, in get_handle
    check_parent_directory(str(handle))
  File "/Users/olejorgensen/miniconda3/envs/aisc-env2/lib/python3.10/site-packages/pandas/io/common.py", line 597, in check_parent_directory
    raise OSError(rf"Cannot save file into a non-existent directory: '{parent}'")
OSError: Cannot save file into a non-existent directory: 'results'
