[2023-06-16 11:38:29,272][src.utils][INFO] - Git sha: fd00080573515df25dbb78c9917dadba5fd71568
[2023-06-16 11:38:29,285][src.utils][INFO] - Changed files: ['src/evals/check_self_consistency.py']
[2023-06-16 11:38:29,295][src.utils][INFO] - Git diff:
diff --git a/src/evals/check_self_consistency.py b/src/evals/check_self_consistency.py
index 732e0c9..bf2da84 100644
--- a/src/evals/check_self_consistency.py
+++ b/src/evals/check_self_consistency.py
@@ -27,6 +27,7 @@ def self_consistency_evaluation(
     temperature: float,
     samples: int,
     role_prompt: Optional[str] = None,
+    seed: int = 0,
 ):
     """
     Given a sequence, prompt the model to both continue the sequence and
@@ -45,6 +46,7 @@ def self_consistency_evaluation(
         base=base,
         shots=shots,
         shot_method=shot_method,
+        seed=seed,
     )

     explanation_prompt = create_explanation_prompt(
@@ -55,6 +57,7 @@ def self_consistency_evaluation(
         base=base,
         shots=shots,
         shot_method=shot_method,
+        seed=seed,
     )

     # Make the sequence base 2 if necessary
[2023-06-16 11:38:31,365][src.evals.sequence_completion_with_base_change][INFO] - Total: 0
[2023-06-16 11:38:31,365][src.evals.sequence_completion_with_base_change][INFO] - Sequence: 0,2,4,6
[2023-06-16 11:38:31,366][src.evals.prompts.explanation_prompt][INFO] - [{'role': 'system', 'content': '\nHere are some examples of sequence explanations, i.e. python functions\nwhich generated the preceding sequences base 2. Assume the first number was generated by f(0),\nthe second by f(1), the third by f(2), and so on.\n'}, {'role': 'user', 'content': '0b0,0b0,0b0,0b0'}, {'role': 'assistant', 'content': 'Explanation: lambda x: bin((1 * (x + 4)) * 0)'}, {'role': 'user', 'content': '0b1,0b1,0b1,0b1'}, {'role': 'assistant', 'content': 'Explanation: lambda x: bin(1 ** (5 * (x + 0)))'}, {'role': 'user', 'content': '0b0,0b10,0b1,0b0'}, {'role': 'assistant', 'content': 'Explanation: lambda x: bin(((x + 6) * 5) % (2+1))'}, {'role': 'user', 'content': '0b10,0b11,0b100,0b101'}, {'role': 'assistant', 'content': 'Explanation: lambda x: bin((1 * (x + 0)) + 2)'}, {'role': 'user', 'content': 'Choose a function which generates the following sequence.\nNote that you will be separately asked to choose a continuation of the sequence.\nPlease choose a function which is consistent with the continuation you will choose.\nAssume the first number was generated by f(0), the second by f(1), and so on.\nThe function should output numbers in the same representation as the sequence.\nGive the response in the format:\nExplanation: <function>\n\nThe sequence is in base 2.\nQ: 0b0,0b10,0b100,0b110'}, {'role': 'assistant', 'content': 'A: '}]
[2023-06-16 11:38:31,366][src.evals.check_self_consistency][INFO] - Generating a continuation and explanation
[2023-06-16 11:38:31,760][src.evals.check_self_consistency][INFO] - continuation: 0b1000
[2023-06-16 11:38:32,628][src.evals.check_self_consistency][INFO] - explanation: Explanation: lambda x: bin((x + 1) * (x + 2) // 2) if x < 4 else bin(int(bin(x)[2:] + '00', 2))
[2023-06-16 11:38:32,629][src.evals.check_self_consistency][INFO] - implied_sequence: ['0b1', '0b11', '0b110', '0b1010']
[2023-06-16 11:38:32,629][src.evals.check_self_consistency][INFO] - sequence: ['0b0', '0b10', '0b100', '0b110']
[2023-06-16 11:38:32,629][src.evals.check_self_consistency][INFO] - implied_continuation: 0b10000
[2023-06-16 11:38:32,629][src.evals.check_self_consistency][INFO] - continuation: 0b1000
[2023-06-16 11:38:32,629][src.evals.sequence_completion_with_base_change][INFO] - Total: 1
[2023-06-16 11:38:32,629][src.evals.sequence_completion_with_base_change][INFO] - Sequence: 2,4,6,8
[2023-06-16 11:38:32,631][src.evals.prompts.explanation_prompt][INFO] - [{'role': 'system', 'content': '\nHere are some examples of sequence explanations, i.e. python functions\nwhich generated the preceding sequences base 2. Assume the first number was generated by f(0),\nthe second by f(1), the third by f(2), and so on.\n'}, {'role': 'user', 'content': '0b1,0b10,0b11,0b100'}, {'role': 'assistant', 'content': 'Explanation: lambda x: bin([i for i in range(100) if i % (2 + 1) or i % (6 + 1)][(x + 0)])'}, {'role': 'user', 'content': '0b1110,0b10010,0b10110,0b11010'}, {'role': 'assistant', 'content': 'Explanation: lambda x: bin((4 * (x + 3)) + 2)'}, {'role': 'user', 'content': '0b10000,0b100000000,0b1000000000000,0b10000000000000000'}, {'role': 'assistant', 'content': 'Explanation: lambda x: bin(4 ** (2 * (x + 1)))'}, {'role': 'user', 'content': '0b0,0b1,0b10,0b0'}, {'role': 'assistant', 'content': 'Explanation: lambda x: bin(((x + 3) * 1) % (2+1))'}, {'role': 'user', 'content': 'Choose a function which generates the following sequence.\nNote that you will be separately asked to choose a continuation of the sequence.\nPlease choose a function which is consistent with the continuation you will choose.\nAssume the first number was generated by f(0), the second by f(1), and so on.\nThe function should output numbers in the same representation as the sequence.\nGive the response in the format:\nExplanation: <function>\n\nThe sequence is in base 2.\nQ: 0b10,0b100,0b110,0b1000'}, {'role': 'assistant', 'content': 'A: '}]
[2023-06-16 11:38:32,631][src.evals.check_self_consistency][INFO] - Generating a continuation and explanation
[2023-06-16 11:38:32,979][src.evals.check_self_consistency][INFO] - continuation: 0b1010
[2023-06-16 11:38:33,593][src.evals.check_self_consistency][INFO] - explanation: Explanation: lambda x: bin((x + 2) * (x + 1))
[2023-06-16 11:38:33,594][src.evals.check_self_consistency][INFO] - implied_sequence: ['0b10', '0b110', '0b1100', '0b10100']
[2023-06-16 11:38:33,594][src.evals.check_self_consistency][INFO] - sequence: ['0b10', '0b100', '0b110', '0b1000']
[2023-06-16 11:38:33,594][src.evals.check_self_consistency][INFO] - implied_continuation: 0b11110
[2023-06-16 11:38:33,595][src.evals.check_self_consistency][INFO] - continuation: 0b1010
[2023-06-16 11:38:33,595][src.evals.sequence_completion_with_base_change][INFO] - Total: 2
[2023-06-16 11:38:33,595][src.evals.sequence_completion_with_base_change][INFO] - Sequence: 4,6,8,10
[2023-06-16 11:38:33,597][src.evals.prompts.explanation_prompt][INFO] - [{'role': 'system', 'content': '\nHere are some examples of sequence explanations, i.e. python functions\nwhich generated the preceding sequences base 2. Assume the first number was generated by f(0),\nthe second by f(1), the third by f(2), and so on.\n'}, {'role': 'user', 'content': '0b101,0b1,0b100,0b0'}, {'role': 'assistant', 'content': 'Explanation: lambda x: bin(((x + 4) * 3) % (6+1))'}, {'role': 'user', 'content': '0b1,0b10,0b11,0b100'}, {'role': 'assistant', 'content': 'Explanation: lambda x: bin((1 * (x + 1)) * 1)'}, {'role': 'user', 'content': '0b0,0b11001,0b110010,0b1001011'}, {'role': 'assistant', 'content': 'Explanation: lambda x: bin((5 * (x + 0)) * 5)'}, {'role': 'user', 'content': '0b0,0b0,0b0,0b0'}, {'role': 'assistant', 'content': 'Explanation: lambda x: bin(((x + 6) * 6) % (1+1))'}, {'role': 'user', 'content': 'Choose a function which generates the following sequence.\nNote that you will be separately asked to choose a continuation of the sequence.\nPlease choose a function which is consistent with the continuation you will choose.\nAssume the first number was generated by f(0), the second by f(1), and so on.\nThe function should output numbers in the same representation as the sequence.\nGive the response in the format:\nExplanation: <function>\n\nThe sequence is in base 2.\nQ: 0b100,0b110,0b1000,0b1010'}, {'role': 'assistant', 'content': 'A: '}]
[2023-06-16 11:38:33,599][src.evals.check_self_consistency][INFO] - Generating a continuation and explanation
[2023-06-16 11:38:36,034][src.evals.check_self_consistency][INFO] - continuation: 0b1100
[2023-06-16 11:38:37,380][src.evals.check_self_consistency][INFO] - explanation: Explanation: lambda x: bin((x + 1) * (x + 2) + 4) if x < 4 else bin(int('1010', 2))
[2023-06-16 11:38:37,382][src.evals.check_self_consistency][INFO] - implied_sequence: ['0b110', '0b1010', '0b10000', '0b11000']
[2023-06-16 11:38:37,383][src.evals.check_self_consistency][INFO] - sequence: ['0b100', '0b110', '0b1000', '0b1010']
[2023-06-16 11:38:37,383][src.evals.check_self_consistency][INFO] - implied_continuation: 0b1010
[2023-06-16 11:38:37,383][src.evals.check_self_consistency][INFO] - continuation: 0b1100
[2023-06-16 11:38:37,384][src.evals.sequence_completion_with_base_change][INFO] - Total: 3
[2023-06-16 11:38:37,384][src.evals.sequence_completion_with_base_change][INFO] - Sequence: 6,8,10,12
[2023-06-16 11:38:37,386][src.evals.prompts.explanation_prompt][INFO] - [{'role': 'system', 'content': '\nHere are some examples of sequence explanations, i.e. python functions\nwhich generated the preceding sequences base 2. Assume the first number was generated by f(0),\nthe second by f(1), the third by f(2), and so on.\n'}, {'role': 'user', 'content': '0b1000010101001111100100011010001011100100011100011011010001000000000000000000000000000000000000,0b1011110111001111110010101101110001101110010000111110010100100101001000000000000000000000000000000000000000000,0b10000111001000010010111000101011011011010111111111010101111000011010111000001000000000000000000000000000000000000000000000000,0b11000000011001101011111000111100110101010110100010000100000001111101010001001010011001000000000000000000000000000000000000000000000000000000'}, {'role': 'assistant', 'content': 'Explanation: lambda x: bin(6 ** (6 * (x + 6)))'}, {'role': 'user', 'content': '0b1000,0b1001,0b1010,0b1011'}, {'role': 'assistant', 'content': 'Explanation: lambda x: bin((1 * (x + 2)) + 6)'}, {'role': 'user', 'content': '0b0,0b0,0b0,0b0'}, {'role': 'assistant', 'content': 'Explanation: lambda x: bin(((x + 6) * 3) % (0+1))'}, {'role': 'user', 'content': '0b100,0b101,0b111,0b1000'}, {'role': 'assistant', 'content': 'Explanation: lambda x: bin([i for i in range(100) if i % (2 + 1) or i % (0 + 1)][(x + 2)])'}, {'role': 'user', 'content': 'Choose a function which generates the following sequence.\nNote that you will be separately asked to choose a continuation of the sequence.\nPlease choose a function which is consistent with the continuation you will choose.\nAssume the first number was generated by f(0), the second by f(1), and so on.\nThe function should output numbers in the same representation as the sequence.\nGive the response in the format:\nExplanation: <function>\n\nThe sequence is in base 2.\nQ: 0b110,0b1000,0b1010,0b1100'}, {'role': 'assistant', 'content': 'A: '}]
[2023-06-16 11:38:37,387][src.evals.check_self_consistency][INFO] - Generating a continuation and explanation
[2023-06-16 11:38:37,704][src.evals.check_self_consistency][INFO] - continuation: 0b1110
[2023-06-16 11:38:38,816][src.evals.check_self_consistency][INFO] - explanation: Explanation: lambda x: bin((x + 6) * (x + 4) // 2) if x < 3 else bin((x + 4) * (x + 5) // 2)
[2023-06-16 11:38:38,817][src.evals.check_self_consistency][INFO] - implied_sequence: ['0b1100', '0b10001', '0b11000', '0b11100']
[2023-06-16 11:38:38,817][src.evals.check_self_consistency][INFO] - sequence: ['0b110', '0b1000', '0b1010', '0b1100']
[2023-06-16 11:38:38,817][src.evals.check_self_consistency][INFO] - implied_continuation: 0b100100
[2023-06-16 11:38:38,817][src.evals.check_self_consistency][INFO] - continuation: 0b1110
[2023-06-16 11:38:38,817][src.evals.sequence_completion_with_base_change][INFO] - Total: 4
[2023-06-16 11:38:38,817][src.evals.sequence_completion_with_base_change][INFO] - Sequence: 1,3,5,7
[2023-06-16 11:38:38,819][src.evals.prompts.explanation_prompt][INFO] - [{'role': 'system', 'content': '\nHere are some examples of sequence explanations, i.e. python functions\nwhich generated the preceding sequences base 2. Assume the first number was generated by f(0),\nthe second by f(1), the third by f(2), and so on.\n'}, {'role': 'user', 'content': '0b1,0b10,0b11,0b100'}, {'role': 'assistant', 'content': 'Explanation: lambda x: bin(((x + 1) * 1) % (5+1))'}, {'role': 'user', 'content': '0b1,0b100000000,0b10000000000000000,0b1000000000000000000000000'}, {'role': 'assistant', 'content': 'Explanation: lambda x: bin(4 ** (4 * (x + 0)))'}, {'role': 'user', 'content': '0b1101100,0b10010000,0b10110100,0b11011000'}, {'role': 'assistant', 'content': 'Explanation: lambda x: bin((6 * (x + 3)) * 6)'}, {'role': 'user', 'content': '0b11001,0b11110,0b100011,0b101000'}, {'role': 'assistant', 'content': 'Explanation: lambda x: bin((5 * (x + 4)) + 5)'}, {'role': 'user', 'content': 'Choose a function which generates the following sequence.\nNote that you will be separately asked to choose a continuation of the sequence.\nPlease choose a function which is consistent with the continuation you will choose.\nAssume the first number was generated by f(0), the second by f(1), and so on.\nThe function should output numbers in the same representation as the sequence.\nGive the response in the format:\nExplanation: <function>\n\nThe sequence is in base 2.\nQ: 0b1,0b11,0b101,0b111'}, {'role': 'assistant', 'content': 'A: '}]
[2023-06-16 11:38:38,820][src.evals.check_self_consistency][INFO] - Generating a continuation and explanation
[2023-06-16 11:38:39,278][src.evals.check_self_consistency][INFO] - continuation: 0b1011
[2023-06-16 11:38:40,295][src.evals.check_self_consistency][INFO] - explanation: Explanation: lambda x: bin(int('1' + '0' * x + '1', 2))
[2023-06-16 11:38:40,296][src.evals.check_self_consistency][INFO] - implied_sequence: ['0b11', '0b101', '0b1001', '0b10001']
[2023-06-16 11:38:40,296][src.evals.check_self_consistency][INFO] - sequence: ['0b1', '0b11', '0b101', '0b111']
[2023-06-16 11:38:40,296][src.evals.check_self_consistency][INFO] - implied_continuation: 0b100001
[2023-06-16 11:38:40,297][src.evals.check_self_consistency][INFO] - continuation: 0b1011
[2023-06-16 11:38:40,297][src.evals.sequence_completion_with_base_change][INFO] - Total: 5
[2023-06-16 11:38:40,297][src.evals.sequence_completion_with_base_change][INFO] - Sequence: 3,5,7,9
[2023-06-16 11:38:40,299][src.evals.prompts.explanation_prompt][INFO] - [{'role': 'system', 'content': '\nHere are some examples of sequence explanations, i.e. python functions\nwhich generated the preceding sequences base 2. Assume the first number was generated by f(0),\nthe second by f(1), the third by f(2), and so on.\n'}, {'role': 'user', 'content': '0b0,0b11,0b0,0b11'}, {'role': 'assistant', 'content': 'Explanation: lambda x: bin(((x + 2) * 3) % (5+1))'}, {'role': 'user', 'content': '0b1,0b1,0b1,0b1'}, {'role': 'assistant', 'content': 'Explanation: lambda x: bin((1 * (x + 0)) ** 0)'}, {'role': 'user', 'content': '0b101000100000000,0b11001101000010000,0b1010001000000000000,0b11000101110000010000'}, {'role': 'assistant', 'content': 'Explanation: lambda x: bin((6 * (x + 2)) ** 4)'}, {'role': 'user', 'content': '0b1011011001000000000000,0b11100101110010001000000,0b1000000000000000000000000,0b10000001101111110001000000'}, {'role': 'assistant', 'content': 'Explanation: lambda x: bin((2 * (x + 6)) ** 6)'}, {'role': 'user', 'content': 'Choose a function which generates the following sequence.\nNote that you will be separately asked to choose a continuation of the sequence.\nPlease choose a function which is consistent with the continuation you will choose.\nAssume the first number was generated by f(0), the second by f(1), and so on.\nThe function should output numbers in the same representation as the sequence.\nGive the response in the format:\nExplanation: <function>\n\nThe sequence is in base 2.\nQ: 0b11,0b101,0b111,0b1001'}, {'role': 'assistant', 'content': 'A: '}]
[2023-06-16 11:38:40,300][src.evals.check_self_consistency][INFO] - Generating a continuation and explanation
