[2023-06-16 12:29:21,068][src.utils][INFO] - Git sha: d53c8d5cb57880185078a9640662ff19153e56a2
[2023-06-16 12:29:21,105][src.utils][INFO] - Changed files: ['conf/task/compute_dependence_with_base_changes.yaml']
[2023-06-16 12:29:21,136][src.utils][INFO] - Git diff:
diff --git a/conf/task/compute_dependence_with_base_changes.yaml b/conf/task/compute_dependence_with_base_changes.yaml
index 4a736ad..c88ed35 100644
--- a/conf/task/compute_dependence_with_base_changes.yaml
+++ b/conf/task/compute_dependence_with_base_changes.yaml
@@ -8,3 +8,4 @@ num_shots: 4
 shot_method: random
 task_prompt: self-consistency
 role_prompt: null
+seed: 21
\ No newline at end of file
[2023-06-16 12:29:24,764][src.evals.sequence_completion_with_base_change][INFO] - Total: 0
[2023-06-16 12:29:24,764][src.evals.sequence_completion_with_base_change][INFO] - Sequence: 0,1,2,0
[2023-06-16 12:29:24,766][src.evals.check_self_consistency][INFO] - Generating a continuation and explanation
[2023-06-16 12:29:25,275][src.evals.check_self_consistency][INFO] - continuation:  0b11
[2023-06-16 12:29:27,641][src.evals.check_self_consistency][INFO] - explanation:  Explanation: lambda x: bin(x % 2)
[2023-06-16 12:29:27,642][src.evals.evaluate_explanation][INFO] - invalid syntax (<string>, line 0)
[2023-06-16 12:29:27,642][src.evals.check_self_consistency][INFO] - invalid explanation:  Explanation: lambda x: bin(x % 2)
[2023-06-16 12:29:27,643][src.evals.sequence_completion_with_base_change][INFO] - Total: 1
[2023-06-16 12:29:27,643][src.evals.sequence_completion_with_base_change][INFO] - Sequence: 1,2,0,1
[2023-06-16 12:29:27,645][src.evals.check_self_consistency][INFO] - Generating a continuation and explanation
[2023-06-16 12:29:28,033][src.evals.check_self_consistency][INFO] - continuation:  0b10
[2023-06-16 12:29:28,575][src.evals.check_self_consistency][INFO] - explanation:  Explanation: lambda x: bin(x % 2)
[2023-06-16 12:29:28,576][src.evals.evaluate_explanation][INFO] - invalid syntax (<string>, line 0)
[2023-06-16 12:29:28,576][src.evals.check_self_consistency][INFO] - invalid explanation:  Explanation: lambda x: bin(x % 2)
[2023-06-16 12:29:28,577][src.evals.sequence_completion_with_base_change][INFO] - Total: 2
[2023-06-16 12:29:28,577][src.evals.sequence_completion_with_base_change][INFO] - Sequence: 2,0,1,2
[2023-06-16 12:29:28,580][src.evals.check_self_consistency][INFO] - Generating a continuation and explanation
[2023-06-16 12:29:28,976][src.evals.check_self_consistency][INFO] - continuation:  0b11
[2023-06-16 12:29:29,829][src.evals.check_self_consistency][INFO] - explanation:  Explanation: lambda x: bin(x % 2)
[2023-06-16 12:29:29,829][src.evals.evaluate_explanation][INFO] - invalid syntax (<string>, line 0)
[2023-06-16 12:29:29,830][src.evals.check_self_consistency][INFO] - invalid explanation:  Explanation: lambda x: bin(x % 2)
[2023-06-16 12:29:29,830][src.evals.sequence_completion_with_base_change][INFO] - Total: 3
[2023-06-16 12:29:29,830][src.evals.sequence_completion_with_base_change][INFO] - Sequence: 1,5,9,13
[2023-06-16 12:29:29,832][src.evals.check_self_consistency][INFO] - Generating a continuation and explanation
[2023-06-16 12:29:30,584][src.evals.check_self_consistency][INFO] - continuation:  0b11001
[2023-06-16 12:29:31,920][src.evals.check_self_consistency][INFO] - explanation:  Explanation: lambda x: bin(2 ** (2 * x) + 2 ** (x + 1))
[2023-06-16 12:29:31,920][src.evals.evaluate_explanation][INFO] - invalid syntax (<string>, line 0)
[2023-06-16 12:29:31,921][src.evals.check_self_consistency][INFO] - invalid explanation:  Explanation: lambda x: bin(2 ** (2 * x) + 2 ** (x + 1))
[2023-06-16 12:29:31,922][src.evals.sequence_completion_with_base_change][INFO] - Total: 4
[2023-06-16 12:29:31,922][src.evals.sequence_completion_with_base_change][INFO] - Sequence: 5,9,13,17
[2023-06-16 12:29:31,924][src.evals.check_self_consistency][INFO] - Generating a continuation and explanation
[2023-06-16 12:29:32,203][src.evals.check_self_consistency][INFO] - continuation:  0b100101
[2023-06-16 12:29:33,807][src.evals.check_self_consistency][INFO] - explanation:  Explanation: lambda x: bin(2 ** (2 * (x + 2)) + 1)
[2023-06-16 12:29:33,808][src.evals.evaluate_explanation][INFO] - invalid syntax (<string>, line 0)
[2023-06-16 12:29:33,808][src.evals.check_self_consistency][INFO] - invalid explanation:  Explanation: lambda x: bin(2 ** (2 * (x + 2)) + 1)
[2023-06-16 12:29:33,809][src.evals.sequence_completion_with_base_change][INFO] - Total: 5
[2023-06-16 12:29:33,809][src.evals.sequence_completion_with_base_change][INFO] - Sequence: 9,13,17,21
[2023-06-16 12:29:33,812][src.evals.check_self_consistency][INFO] - Generating a continuation and explanation
[2023-06-16 12:29:34,131][src.evals.check_self_consistency][INFO] - continuation:  0b11001
[2023-06-16 12:29:36,686][src.evals.check_self_consistency][INFO] - explanation:  Explanation: lambda x: bin(2 ** (4 * x) + (2 * x) + 1)
[2023-06-16 12:29:36,687][src.evals.evaluate_explanation][INFO] - invalid syntax (<string>, line 0)
[2023-06-16 12:29:36,687][src.evals.check_self_consistency][INFO] - invalid explanation:  Explanation: lambda x: bin(2 ** (4 * x) + (2 * x) + 1)
[2023-06-16 12:29:36,687][src.evals.sequence_completion_with_base_change][INFO] - Total: 6
[2023-06-16 12:29:36,688][src.evals.sequence_completion_with_base_change][INFO] - Sequence: 13,17,21,25
[2023-06-16 12:29:36,689][src.evals.check_self_consistency][INFO] - Generating a continuation and explanation
[2023-06-16 12:29:37,063][src.evals.check_self_consistency][INFO] - continuation:  0b11101
[2023-06-16 12:29:38,510][src.evals.check_self_consistency][INFO] - explanation:  Explanation: lambda x: bin(2 ** (4 * x) + (2 * x) + 3)
[2023-06-16 12:29:38,511][src.evals.evaluate_explanation][INFO] - invalid syntax (<string>, line 0)
[2023-06-16 12:29:38,511][src.evals.check_self_consistency][INFO] - invalid explanation:  Explanation: lambda x: bin(2 ** (4 * x) + (2 * x) + 3)
[2023-06-16 12:29:38,512][src.evals.sequence_completion_with_base_change][INFO] - Total: 7
[2023-06-16 12:29:38,512][src.evals.sequence_completion_with_base_change][INFO] - Sequence: 1,2,3,4
[2023-06-16 12:29:38,514][src.evals.check_self_consistency][INFO] - Generating a continuation and explanation
[2023-06-16 12:29:39,285][src.evals.check_self_consistency][INFO] - continuation:  0b101
[2023-06-16 12:29:40,646][src.evals.check_self_consistency][INFO] - explanation:
Explanation: lambda x: bin(2 ** (x + 1))
[2023-06-16 12:29:40,647][src.evals.check_self_consistency][INFO] - implied_sequence: ['0b10', '0b100', '0b1000', '0b10000']
[2023-06-16 12:29:40,648][src.evals.check_self_consistency][INFO] - sequence: ['0b1', '0b10', '0b11', '0b100']
[2023-06-16 12:29:40,648][src.evals.check_self_consistency][INFO] - implied_continuation: 0b100000
[2023-06-16 12:29:40,648][src.evals.check_self_consistency][INFO] - continuation: 0b101
[2023-06-16 12:29:40,649][src.evals.sequence_completion_with_base_change][INFO] - Total: 8
[2023-06-16 12:29:40,649][src.evals.sequence_completion_with_base_change][INFO] - Sequence: 2,3,4,5
[2023-06-16 12:29:40,651][src.evals.check_self_consistency][INFO] - Generating a continuation and explanation
[2023-06-16 12:29:40,977][src.evals.check_self_consistency][INFO] - continuation:  0b110
[2023-06-16 12:29:41,536][src.evals.check_self_consistency][INFO] - explanation:  Explanation: lambda x: bin(2 ** (x + 1))
[2023-06-16 12:29:41,537][src.evals.evaluate_explanation][INFO] - invalid syntax (<string>, line 0)
[2023-06-16 12:29:41,537][src.evals.check_self_consistency][INFO] - invalid explanation:  Explanation: lambda x: bin(2 ** (x + 1))
[2023-06-16 12:29:41,537][src.evals.sequence_completion_with_base_change][INFO] - Total: 9
[2023-06-16 12:29:41,537][src.evals.sequence_completion_with_base_change][INFO] - Sequence: 3,4,5,6
[2023-06-16 12:29:41,539][src.evals.check_self_consistency][INFO] - Generating a continuation and explanation
[2023-06-16 12:29:42,050][src.evals.check_self_consistency][INFO] - continuation:  0b111
[2023-06-16 12:29:42,867][src.evals.check_self_consistency][INFO] - explanation:  Explanation: lambda x: bin(2 ** (x + 2))
[2023-06-16 12:29:42,867][src.evals.evaluate_explanation][INFO] - invalid syntax (<string>, line 0)
[2023-06-16 12:29:42,868][src.evals.check_self_consistency][INFO] - invalid explanation:  Explanation: lambda x: bin(2 ** (x + 2))
[2023-06-16 12:29:42,868][src.evals.sequence_completion_with_base_change][INFO] - Total: 10
[2023-06-16 12:29:42,869][src.evals.sequence_completion_with_base_change][INFO] - Sequence: 0,1,2,3
[2023-06-16 12:29:42,871][src.evals.check_self_consistency][INFO] - Generating a continuation and explanation
[2023-06-16 12:29:43,189][src.evals.check_self_consistency][INFO] - continuation:  0b100
[2023-06-16 12:29:43,588][src.evals.check_self_consistency][INFO] - explanation:  Explanation: lambda x: bin(x)
[2023-06-16 12:29:43,589][src.evals.evaluate_explanation][INFO] - invalid syntax (<string>, line 0)
[2023-06-16 12:29:43,589][src.evals.check_self_consistency][INFO] - invalid explanation:  Explanation: lambda x: bin(x)
[2023-06-16 12:29:43,589][src.evals.sequence_completion_with_base_change][INFO] - Total: 11
[2023-06-16 12:29:43,589][src.evals.sequence_completion_with_base_change][INFO] - Sequence: 0,4,8,12
[2023-06-16 12:29:43,591][src.evals.check_self_consistency][INFO] - Generating a continuation and explanation
[2023-06-16 12:29:44,013][src.evals.check_self_consistency][INFO] - continuation:  0b11000
[2023-06-16 12:29:44,598][src.evals.check_self_consistency][INFO] - explanation:
Explanation: lambda x: bin(2 ** (2 * x))
[2023-06-16 12:29:44,598][src.evals.check_self_consistency][INFO] - implied_sequence: ['0b1', '0b100', '0b10000', '0b1000000']
[2023-06-16 12:29:44,598][src.evals.check_self_consistency][INFO] - sequence: ['0b0', '0b100', '0b1000', '0b1100']
[2023-06-16 12:29:44,599][src.evals.check_self_consistency][INFO] - implied_continuation: 0b100000000
[2023-06-16 12:29:44,599][src.evals.check_self_consistency][INFO] - continuation: 0b11000
[2023-06-16 12:29:44,599][src.evals.sequence_completion_with_base_change][INFO] - Total: 12
[2023-06-16 12:29:44,599][src.evals.sequence_completion_with_base_change][INFO] - Sequence: 4,8,12,16
[2023-06-16 12:29:44,601][src.evals.check_self_consistency][INFO] - Generating a continuation and explanation
[2023-06-16 12:29:45,779][src.evals.check_self_consistency][INFO] - continuation:  0b11000
[2023-06-16 12:29:46,493][src.evals.check_self_consistency][INFO] - explanation:  Explanation: lambda x: bin(2 ** (3 * (x + 1)) + 2 ** (x + 2))
[2023-06-16 12:29:46,496][src.evals.evaluate_explanation][INFO] - invalid syntax (<string>, line 0)
[2023-06-16 12:29:46,496][src.evals.check_self_consistency][INFO] - invalid explanation:  Explanation: lambda x: bin(2 ** (3 * (x + 1)) + 2 ** (x + 2))
[2023-06-16 12:29:46,497][src.evals.sequence_completion_with_base_change][INFO] - Total: 13
[2023-06-16 12:29:46,497][src.evals.sequence_completion_with_base_change][INFO] - Sequence: 8,12,16,20
[2023-06-16 12:29:46,500][src.evals.check_self_consistency][INFO] - Generating a continuation and explanation
[2023-06-16 12:29:47,183][src.evals.check_self_consistency][INFO] - continuation:  0b11000
[2023-06-16 12:29:47,913][src.evals.check_self_consistency][INFO] - explanation:  Explanation: lambda x: bin(2 ** (4 * x) + 2 ** (2 * x))
[2023-06-16 12:29:47,915][src.evals.evaluate_explanation][INFO] - invalid syntax (<string>, line 0)
[2023-06-16 12:29:47,915][src.evals.check_self_consistency][INFO] - invalid explanation:  Explanation: lambda x: bin(2 ** (4 * x) + 2 ** (2 * x))
[2023-06-16 12:29:47,916][src.evals.sequence_completion_with_base_change][INFO] - Total: 14
[2023-06-16 12:29:47,916][src.evals.sequence_completion_with_base_change][INFO] - Sequence: 12,16,20,24
[2023-06-16 12:29:47,920][src.evals.check_self_consistency][INFO] - Generating a continuation and explanation
[2023-06-16 12:29:48,301][src.evals.check_self_consistency][INFO] - continuation:  0b110100
[2023-06-16 12:29:48,772][src.evals.check_self_consistency][INFO] - explanation:  Explanation: lambda x: bin(2 ** (4 * x) + 4 * (x + 1))
[2023-06-16 12:29:48,772][src.evals.evaluate_explanation][INFO] - invalid syntax (<string>, line 0)
[2023-06-16 12:29:48,772][src.evals.check_self_consistency][INFO] - invalid explanation:  Explanation: lambda x: bin(2 ** (4 * x) + 4 * (x + 1))
[2023-06-16 12:29:48,772][src.evals.sequence_completion_with_base_change][INFO] - Total: 15
[2023-06-16 12:29:48,773][src.evals.sequence_completion_with_base_change][INFO] - Sequence: 0,3,6,9
[2023-06-16 12:29:48,775][src.evals.check_self_consistency][INFO] - Generating a continuation and explanation
[2023-06-16 12:29:49,053][src.evals.check_self_consistency][INFO] - continuation:  0b10100
[2023-06-16 12:29:49,639][src.evals.check_self_consistency][INFO] - explanation:  Explanation: lambda x: bin(2 ** (x + 1) + 3)
[2023-06-16 12:29:49,639][src.evals.evaluate_explanation][INFO] - invalid syntax (<string>, line 0)
[2023-06-16 12:29:49,639][src.evals.check_self_consistency][INFO] - invalid explanation:  Explanation: lambda x: bin(2 ** (x + 1) + 3)
[2023-06-16 12:29:49,639][src.evals.sequence_completion_with_base_change][INFO] - Total: 16
[2023-06-16 12:29:49,639][src.evals.sequence_completion_with_base_change][INFO] - Sequence: 3,6,9,12
[2023-06-16 12:29:49,641][src.evals.check_self_consistency][INFO] - Generating a continuation and explanation
[2023-06-16 12:29:49,925][src.evals.check_self_consistency][INFO] - continuation:  0b11010
[2023-06-16 12:29:50,486][src.evals.check_self_consistency][INFO] - explanation:  Explanation: lambda x: bin(2 ** (3 * (x + 1)) + 1)
[2023-06-16 12:29:50,486][src.evals.evaluate_explanation][INFO] - invalid syntax (<string>, line 0)
[2023-06-16 12:29:50,486][src.evals.check_self_consistency][INFO] - invalid explanation:  Explanation: lambda x: bin(2 ** (3 * (x + 1)) + 1)
[2023-06-16 12:29:50,486][src.evals.sequence_completion_with_base_change][INFO] - Total: 17
[2023-06-16 12:29:50,486][src.evals.sequence_completion_with_base_change][INFO] - Sequence: 6,9,12,15
[2023-06-16 12:29:50,488][src.evals.check_self_consistency][INFO] - Generating a continuation and explanation
[2023-06-16 12:29:50,807][src.evals.check_self_consistency][INFO] - continuation:  0b10000
[2023-06-16 12:29:51,250][src.evals.check_self_consistency][INFO] - explanation:
Explanation: lambda x: bin((2 * (x + 2)) + 3)
[2023-06-16 12:29:51,251][src.evals.check_self_consistency][INFO] - implied_sequence: ['0b111', '0b1001', '0b1011', '0b1101']
[2023-06-16 12:29:51,252][src.evals.check_self_consistency][INFO] - sequence: ['0b110', '0b1001', '0b1100', '0b1111']
[2023-06-16 12:29:51,252][src.evals.check_self_consistency][INFO] - implied_continuation: 0b1111
[2023-06-16 12:29:51,252][src.evals.check_self_consistency][INFO] - continuation: 0b10000
[2023-06-16 12:29:51,253][src.evals.sequence_completion_with_base_change][INFO] - Total: 18
[2023-06-16 12:29:51,254][src.evals.sequence_completion_with_base_change][INFO] - Sequence: 9,12,15,18
[2023-06-16 12:29:51,258][src.evals.check_self_consistency][INFO] - Generating a continuation and explanation
[2023-06-16 12:29:51,715][src.evals.check_self_consistency][INFO] - continuation:  0b10100
[2023-06-16 12:29:52,312][src.evals.check_self_consistency][INFO] - explanation:  Explanation: lambda x: bin(2 ** (4 * (x + 2)) - 1)
[2023-06-16 12:29:52,312][src.evals.evaluate_explanation][INFO] - invalid syntax (<string>, line 0)
[2023-06-16 12:29:52,313][src.evals.check_self_consistency][INFO] - invalid explanation:  Explanation: lambda x: bin(2 ** (4 * (x + 2)) - 1)
[2023-06-16 12:29:52,313][src.evals.sequence_completion_with_base_change][INFO] - Total: 19
[2023-06-16 12:29:52,313][src.evals.sequence_completion_with_base_change][INFO] - Sequence: 1,2,3,5
[2023-06-16 12:29:52,315][src.evals.check_self_consistency][INFO] - Generating a continuation and explanation
[2023-06-16 12:29:52,718][src.evals.check_self_consistency][INFO] - continuation:  0b110
[2023-06-16 12:29:53,383][src.evals.check_self_consistency][INFO] - explanation:
Explanation: lambda x: bin(2 ** (x + 1) - 1)
[2023-06-16 12:29:53,385][src.evals.check_self_consistency][INFO] - implied_sequence: ['0b1', '0b11', '0b111', '0b1111']
[2023-06-16 12:29:53,385][src.evals.check_self_consistency][INFO] - sequence: ['0b1', '0b10', '0b11', '0b101']
[2023-06-16 12:29:53,385][src.evals.check_self_consistency][INFO] - implied_continuation: 0b11111
[2023-06-16 12:29:53,385][src.evals.check_self_consistency][INFO] - continuation: 0b110
[2023-06-16 12:29:53,386][src.evals.sequence_completion_with_base_change][INFO] - Total: 20
[2023-06-16 12:29:53,386][src.evals.sequence_completion_with_base_change][INFO] - Sequence: 2,3,5,6
[2023-06-16 12:29:53,390][src.evals.check_self_consistency][INFO] - Generating a continuation and explanation
[2023-06-16 12:29:53,743][src.evals.check_self_consistency][INFO] - continuation:  0b111
[2023-06-16 12:29:54,224][src.evals.check_self_consistency][INFO] - explanation:  Explanation: lambda x: bin(2 ** (x + 1))
[2023-06-16 12:29:54,225][src.evals.evaluate_explanation][INFO] - invalid syntax (<string>, line 0)
[2023-06-16 12:29:54,225][src.evals.check_self_consistency][INFO] - invalid explanation:  Explanation: lambda x: bin(2 ** (x + 1))
[2023-06-16 12:29:54,226][src.evals.sequence_completion_with_base_change][INFO] - Total: 21
[2023-06-16 12:29:54,226][src.evals.sequence_completion_with_base_change][INFO] - Sequence: 3,5,6,7
[2023-06-16 12:29:54,229][src.evals.check_self_consistency][INFO] - Generating a continuation and explanation
[2023-06-16 12:29:54,600][src.evals.check_self_consistency][INFO] - continuation:  0b1000
[2023-06-16 12:29:55,267][src.evals.check_self_consistency][INFO] - explanation:  Explanation: lambda x: bin(2 ** (x + 1) + 3)
[2023-06-16 12:29:55,268][src.evals.evaluate_explanation][INFO] - invalid syntax (<string>, line 0)
[2023-06-16 12:29:55,268][src.evals.check_self_consistency][INFO] - invalid explanation:  Explanation: lambda x: bin(2 ** (x + 1) + 3)
[2023-06-16 12:29:55,269][src.evals.sequence_completion_with_base_change][INFO] - Total: 22
[2023-06-16 12:29:55,269][src.evals.sequence_completion_with_base_change][INFO] - Sequence: 5,6,7,9
[2023-06-16 12:29:55,271][src.evals.check_self_consistency][INFO] - Generating a continuation and explanation
[2023-06-16 12:29:55,654][src.evals.check_self_consistency][INFO] - continuation:  0b1010
[2023-06-16 12:29:56,184][src.evals.check_self_consistency][INFO] - explanation:  Explanation: lambda x: bin(2 ** (3 + x))
[2023-06-16 12:29:56,184][src.evals.evaluate_explanation][INFO] - invalid syntax (<string>, line 0)
[2023-06-16 12:29:56,184][src.evals.check_self_consistency][INFO] - invalid explanation:  Explanation: lambda x: bin(2 ** (3 + x))
[2023-06-16 12:29:56,185][src.evals.sequence_completion_with_base_change][INFO] - Total: 23
[2023-06-16 12:29:56,185][src.evals.sequence_completion_with_base_change][INFO] - Sequence: 4,5,6,7
[2023-06-16 12:29:56,189][src.evals.check_self_consistency][INFO] - Generating a continuation and explanation
[2023-06-16 12:29:56,536][src.evals.check_self_consistency][INFO] - continuation:  0b1000
[2023-06-16 12:29:58,641][src.evals.check_self_consistency][INFO] - explanation:
Explanation: lambda x: bin([i for i in range(100) if i % (3 + 1) or i % (6 + 1)][(x + 3)])
[2023-06-16 12:29:58,644][src.evals.check_self_consistency][INFO] - implied_sequence: ['0b100', '0b101', '0b110', '0b111']
[2023-06-16 12:29:58,644][src.evals.check_self_consistency][INFO] - sequence: ['0b100', '0b101', '0b110', '0b111']
[2023-06-16 12:29:58,644][src.evals.check_self_consistency][INFO] - implied_continuation: 0b1000
[2023-06-16 12:29:58,645][src.evals.check_self_consistency][INFO] - continuation: 0b1000
[2023-06-16 12:29:58,645][src.evals.sequence_completion_with_base_change][INFO] - Total: 24
[2023-06-16 12:29:58,646][src.evals.sequence_completion_with_base_change][INFO] - Sequence: 0,1,0,1
[2023-06-16 12:29:58,648][src.evals.check_self_consistency][INFO] - Generating a continuation and explanation
[2023-06-16 12:29:59,071][src.evals.check_self_consistency][INFO] - continuation:  0b0
[2023-06-16 12:29:59,970][src.evals.check_self_consistency][INFO] - explanation:  Explanation: lambda x: bin(x % 2)
[2023-06-16 12:29:59,970][src.evals.evaluate_explanation][INFO] - invalid syntax (<string>, line 0)
[2023-06-16 12:29:59,970][src.evals.check_self_consistency][INFO] - invalid explanation:  Explanation: lambda x: bin(x % 2)
[2023-06-16 12:29:59,971][src.evals.sequence_completion_with_base_change][INFO] - Total: 25
[2023-06-16 12:29:59,971][src.evals.sequence_completion_with_base_change][INFO] - Sequence: 1,0,1,0
[2023-06-16 12:29:59,974][src.evals.check_self_consistency][INFO] - Generating a continuation and explanation
[2023-06-16 12:30:00,407][src.evals.check_self_consistency][INFO] - continuation:  0b1
[2023-06-16 12:30:00,964][src.evals.check_self_consistency][INFO] - explanation:  Explanation: lambda x: bin(x % 2)
[2023-06-16 12:30:00,964][src.evals.evaluate_explanation][INFO] - invalid syntax (<string>, line 0)
[2023-06-16 12:30:00,965][src.evals.check_self_consistency][INFO] - invalid explanation:  Explanation: lambda x: bin(x % 2)
[2023-06-16 12:30:00,965][src.evals.sequence_completion_with_base_change][INFO] - Total: 26
[2023-06-16 12:30:00,966][src.evals.sequence_completion_with_base_change][INFO] - Sequence: 4,5,7,8
[2023-06-16 12:30:00,969][src.evals.check_self_consistency][INFO] - Generating a continuation and explanation
[2023-06-16 12:30:01,290][src.evals.check_self_consistency][INFO] - continuation:  0b1001
[2023-06-16 12:30:01,735][src.evals.check_self_consistency][INFO] - explanation:  Explanation: lambda x: bin(2 ** (3 * (x + 1)))
[2023-06-16 12:30:01,736][src.evals.evaluate_explanation][INFO] - invalid syntax (<string>, line 0)
[2023-06-16 12:30:01,736][src.evals.check_self_consistency][INFO] - invalid explanation:  Explanation: lambda x: bin(2 ** (3 * (x + 1)))
[2023-06-16 12:30:01,736][src.evals.sequence_completion_with_base_change][INFO] - Total: 27
[2023-06-16 12:30:01,736][src.evals.sequence_completion_with_base_change][INFO] - Sequence: 1,2,4,5
[2023-06-16 12:30:01,738][src.evals.check_self_consistency][INFO] - Generating a continuation and explanation
[2023-06-16 12:30:02,058][src.evals.check_self_consistency][INFO] - continuation:  0b110
[2023-06-16 12:30:02,575][src.evals.check_self_consistency][INFO] - explanation:  Explanation: lambda x: bin(2 ** x)
[2023-06-16 12:30:02,576][src.evals.evaluate_explanation][INFO] - invalid syntax (<string>, line 0)
[2023-06-16 12:30:02,576][src.evals.check_self_consistency][INFO] - invalid explanation:  Explanation: lambda x: bin(2 ** x)
[2023-06-16 12:30:02,576][src.evals.sequence_completion_with_base_change][INFO] - Total: 28
[2023-06-16 12:30:02,576][src.evals.sequence_completion_with_base_change][INFO] - Sequence: 2,4,5,7
[2023-06-16 12:30:02,580][src.evals.check_self_consistency][INFO] - Generating a continuation and explanation
[2023-06-16 12:30:03,200][src.evals.check_self_consistency][INFO] - continuation:  0b1000
[2023-06-16 12:30:03,676][src.evals.check_self_consistency][INFO] - explanation:  Explanation: lambda x: bin(2 ** (x + 1))
[2023-06-16 12:30:03,677][src.evals.evaluate_explanation][INFO] - invalid syntax (<string>, line 0)
[2023-06-16 12:30:03,677][src.evals.check_self_consistency][INFO] - invalid explanation:  Explanation: lambda x: bin(2 ** (x + 1))
[2023-06-16 12:30:03,678][src.evals.sequence_completion_with_base_change][INFO] - Total: 29
[2023-06-16 12:30:03,679][src.evals.sequence_completion_with_base_change][INFO] - Sequence: 5,7,8,10
[2023-06-16 12:30:03,682][src.evals.check_self_consistency][INFO] - Generating a continuation and explanation
[2023-06-16 12:30:04,094][src.evals.check_self_consistency][INFO] - continuation:  0b1100
[2023-06-16 12:30:07,244][src.evals.check_self_consistency][INFO] - explanation:  Explanation: lambda x: bin(2 ** (x + 3) + 1)
[2023-06-16 12:30:07,245][src.evals.evaluate_explanation][INFO] - invalid syntax (<string>, line 0)
[2023-06-16 12:30:07,245][src.evals.check_self_consistency][INFO] - invalid explanation:  Explanation: lambda x: bin(2 ** (x + 3) + 1)
[2023-06-16 12:30:07,246][src.evals.sequence_completion_with_base_change][INFO] - Total: 30
[2023-06-16 12:30:07,246][src.evals.sequence_completion_with_base_change][INFO] - Sequence: 3,4,5,7
[2023-06-16 12:30:07,248][src.evals.check_self_consistency][INFO] - Generating a continuation and explanation
[2023-06-16 12:30:07,720][src.evals.check_self_consistency][INFO] - continuation:  0b1000
[2023-06-16 12:30:08,181][src.evals.check_self_consistency][INFO] - explanation:  Explanation: lambda x: bin(2 ** (x + 2) + 1)
[2023-06-16 12:30:08,181][src.evals.evaluate_explanation][INFO] - invalid syntax (<string>, line 0)
[2023-06-16 12:30:08,181][src.evals.check_self_consistency][INFO] - invalid explanation:  Explanation: lambda x: bin(2 ** (x + 2) + 1)
[2023-06-16 12:30:08,181][src.evals.sequence_completion_with_base_change][INFO] - Total: 31
[2023-06-16 12:30:08,182][src.evals.sequence_completion_with_base_change][INFO] - Sequence: 1,4,16,64
[2023-06-16 12:30:08,183][src.evals.check_self_consistency][INFO] - Generating a continuation and explanation
[2023-06-16 12:30:08,524][src.evals.check_self_consistency][INFO] - continuation:  0b10000000
[2023-06-16 12:30:09,037][src.evals.check_self_consistency][INFO] - explanation:  Explanation: lambda x: bin(2 ** (2 * (x + 1)))
[2023-06-16 12:30:09,037][src.evals.evaluate_explanation][INFO] - invalid syntax (<string>, line 0)
[2023-06-16 12:30:09,037][src.evals.check_self_consistency][INFO] - invalid explanation:  Explanation: lambda x: bin(2 ** (2 * (x + 1)))
[2023-06-16 12:30:09,037][src.evals.sequence_completion_with_base_change][INFO] - Total: 32
[2023-06-16 12:30:09,038][src.evals.sequence_completion_with_base_change][INFO] - Sequence: 4,16,64,256
[2023-06-16 12:30:09,039][src.evals.check_self_consistency][INFO] - Generating a continuation and explanation
[2023-06-16 12:30:09,511][src.evals.check_self_consistency][INFO] - continuation:  0b10000000000
[2023-06-16 12:30:10,027][src.evals.check_self_consistency][INFO] - explanation:  Explanation: lambda x: bin(4 ** (2 * (x + 1)))
[2023-06-16 12:30:10,027][src.evals.evaluate_explanation][INFO] - invalid syntax (<string>, line 0)
[2023-06-16 12:30:10,027][src.evals.check_self_consistency][INFO] - invalid explanation:  Explanation: lambda x: bin(4 ** (2 * (x + 1)))
[2023-06-16 12:30:10,028][src.evals.sequence_completion_with_base_change][INFO] - Total: 33
[2023-06-16 12:30:10,028][src.evals.sequence_completion_with_base_change][INFO] - Sequence: 16,64,256,1024
[2023-06-16 12:30:10,029][src.evals.check_self_consistency][INFO] - Generating a continuation and explanation
[2023-06-16 12:30:10,397][src.evals.check_self_consistency][INFO] - continuation:  0b100000000000
[2023-06-16 12:30:11,066][src.evals.check_self_consistency][INFO] - explanation:
Explanation: lambda x: bin(2 ** (5 * (x + 1)))
[2023-06-16 12:30:11,067][src.evals.check_self_consistency][INFO] - implied_sequence: ['0b100000', '0b10000000000', '0b1000000000000000', '0b100000000000000000000']
[2023-06-16 12:30:11,067][src.evals.check_self_consistency][INFO] - sequence: ['0b10000', '0b1000000', '0b100000000', '0b10000000000']
[2023-06-16 12:30:11,067][src.evals.check_self_consistency][INFO] - implied_continuation: 0b10000000000000000000000000
[2023-06-16 12:30:11,067][src.evals.check_self_consistency][INFO] - continuation: 0b100000000000
[2023-06-16 12:30:11,068][src.evals.sequence_completion_with_base_change][INFO] - Total: 34
[2023-06-16 12:30:11,068][src.evals.sequence_completion_with_base_change][INFO] - Sequence: 64,256,1024,4096
[2023-06-16 12:30:11,071][src.evals.check_self_consistency][INFO] - Generating a continuation and explanation
[2023-06-16 12:30:11,422][src.evals.check_self_consistency][INFO] - continuation:  0b10000000000000
[2023-06-16 12:30:13,363][src.evals.check_self_consistency][INFO] - explanation:  Explanation: lambda x: bin(2 ** (7 * (x + 1)))
[2023-06-16 12:30:13,364][src.evals.evaluate_explanation][INFO] - invalid syntax (<string>, line 0)
[2023-06-16 12:30:13,364][src.evals.check_self_consistency][INFO] - invalid explanation:  Explanation: lambda x: bin(2 ** (7 * (x + 1)))
[2023-06-16 12:30:13,365][src.evals.sequence_completion_with_base_change][INFO] - Total: 35
[2023-06-16 12:30:13,365][src.evals.sequence_completion_with_base_change][INFO] - Sequence: 0,6,12,18
[2023-06-16 12:30:13,367][src.evals.check_self_consistency][INFO] - Generating a continuation and explanation
[2023-06-16 12:30:14,636][src.evals.check_self_consistency][INFO] - continuation:  0b10100
[2023-06-16 12:30:16,176][src.evals.check_self_consistency][INFO] - explanation:  Explanation: lambda x: bin(2 ** (3 * x + 2))
[2023-06-16 12:30:16,177][src.evals.evaluate_explanation][INFO] - invalid syntax (<string>, line 0)
[2023-06-16 12:30:16,177][src.evals.check_self_consistency][INFO] - invalid explanation:  Explanation: lambda x: bin(2 ** (3 * x + 2))
[2023-06-16 12:30:16,177][src.evals.sequence_completion_with_base_change][INFO] - Total: 36
[2023-06-16 12:30:16,178][src.evals.sequence_completion_with_base_change][INFO] - Sequence: 6,12,18,24
[2023-06-16 12:30:16,180][src.evals.check_self_consistency][INFO] - Generating a continuation and explanation
[2023-06-16 12:30:16,658][src.evals.check_self_consistency][INFO] - continuation:  0b110010
[2023-06-16 12:30:17,201][src.evals.check_self_consistency][INFO] - explanation:  Explanation: lambda x: bin(2 ** (3 * (x + 1)) + 2)
[2023-06-16 12:30:17,201][src.evals.evaluate_explanation][INFO] - invalid syntax (<string>, line 0)
[2023-06-16 12:30:17,201][src.evals.check_self_consistency][INFO] - invalid explanation:  Explanation: lambda x: bin(2 ** (3 * (x + 1)) + 2)
[2023-06-16 12:30:17,201][src.evals.sequence_completion_with_base_change][INFO] - Total: 37
[2023-06-16 12:30:17,201][src.evals.sequence_completion_with_base_change][INFO] - Sequence: 12,18,24,30
[2023-06-16 12:30:17,203][src.evals.check_self_consistency][INFO] - Generating a continuation and explanation
[2023-06-16 12:30:17,923][src.evals.check_self_consistency][INFO] - continuation:  0b111100
[2023-06-16 12:30:18,478][src.evals.check_self_consistency][INFO] - explanation:
Explanation: lambda x: bin((2 ** (x + 3)) - 2)
[2023-06-16 12:30:18,478][src.evals.check_self_consistency][INFO] - implied_sequence: ['0b110', '0b1110', '0b11110', '0b111110']
[2023-06-16 12:30:18,478][src.evals.check_self_consistency][INFO] - sequence: ['0b1100', '0b10010', '0b11000', '0b11110']
[2023-06-16 12:30:18,478][src.evals.check_self_consistency][INFO] - implied_continuation: 0b1111110
[2023-06-16 12:30:18,478][src.evals.check_self_consistency][INFO] - continuation: 0b111100
[2023-06-16 12:30:18,478][src.evals.sequence_completion_with_base_change][INFO] - Total: 38
[2023-06-16 12:30:18,478][src.evals.sequence_completion_with_base_change][INFO] - Sequence: 18,24,30,36
[2023-06-16 12:30:18,479][src.evals.check_self_consistency][INFO] - Generating a continuation and explanation
[2023-06-16 12:30:18,719][src.evals.check_self_consistency][INFO] - continuation:  0b100110
[2023-06-16 12:30:19,261][src.evals.check_self_consistency][INFO] - explanation:
Explanation: lambda x: bin((2 * (x + 3)) + 2)
[2023-06-16 12:30:19,261][src.evals.check_self_consistency][INFO] - implied_sequence: ['0b1000', '0b1010', '0b1100', '0b1110']
[2023-06-16 12:30:19,262][src.evals.check_self_consistency][INFO] - sequence: ['0b10010', '0b11000', '0b11110', '0b100100']
[2023-06-16 12:30:19,262][src.evals.check_self_consistency][INFO] - implied_continuation: 0b10000
[2023-06-16 12:30:19,262][src.evals.check_self_consistency][INFO] - continuation: 0b100110
[2023-06-16 12:30:19,262][src.evals.sequence_completion_with_base_change][INFO] - Total: 39
[2023-06-16 12:30:19,262][src.evals.sequence_completion_with_base_change][INFO] - Sequence: 3,5,7,9
[2023-06-16 12:30:19,262][src.evals.check_self_consistency][INFO] - Generating a continuation and explanation
[2023-06-16 12:30:19,703][src.evals.check_self_consistency][INFO] - continuation:  0b10111
[2023-06-16 12:30:20,195][src.evals.check_self_consistency][INFO] - explanation:
Explanation: lambda x: bin(2 ** (2 * (x + 1)) + 1)
[2023-06-16 12:30:20,196][src.evals.check_self_consistency][INFO] - implied_sequence: ['0b101', '0b10001', '0b1000001', '0b100000001']
[2023-06-16 12:30:20,196][src.evals.check_self_consistency][INFO] - sequence: ['0b11', '0b101', '0b111', '0b1001']
[2023-06-16 12:30:20,196][src.evals.check_self_consistency][INFO] - implied_continuation: 0b10000000001
[2023-06-16 12:30:20,196][src.evals.check_self_consistency][INFO] - continuation: 0b10111
[2023-06-16 12:30:20,196][src.evals.sequence_completion_with_base_change][INFO] - Total: 40
[2023-06-16 12:30:20,196][src.evals.sequence_completion_with_base_change][INFO] - Sequence: 5,7,9,11
[2023-06-16 12:30:20,196][src.evals.check_self_consistency][INFO] - Generating a continuation and explanation
[2023-06-16 12:30:20,569][src.evals.check_self_consistency][INFO] - continuation:  0b1101
[2023-06-16 12:30:22,144][src.evals.check_self_consistency][INFO] - explanation:  Explanation: lambda x: bin(2 ** (x + 3) - 1)
[2023-06-16 12:30:22,144][src.evals.evaluate_explanation][INFO] - invalid syntax (<string>, line 0)
[2023-06-16 12:30:22,144][src.evals.check_self_consistency][INFO] - invalid explanation:  Explanation: lambda x: bin(2 ** (x + 3) - 1)
[2023-06-16 12:30:22,145][src.evals.sequence_completion_with_base_change][INFO] - Total: 41
[2023-06-16 12:30:22,145][src.evals.sequence_completion_with_base_change][INFO] - Sequence: 7,9,11,13
[2023-06-16 12:30:22,146][src.evals.check_self_consistency][INFO] - Generating a continuation and explanation
[2023-06-16 12:30:22,450][src.evals.check_self_consistency][INFO] - continuation:  0b1111
[2023-06-16 12:30:22,909][src.evals.check_self_consistency][INFO] - explanation:
Explanation: lambda x: bin((3 * (x + 1)) + 4)
[2023-06-16 12:30:22,910][src.evals.check_self_consistency][INFO] - implied_sequence: ['0b111', '0b1010', '0b1101', '0b10000']
[2023-06-16 12:30:22,910][src.evals.check_self_consistency][INFO] - sequence: ['0b111', '0b1001', '0b1011', '0b1101']
[2023-06-16 12:30:22,910][src.evals.check_self_consistency][INFO] - implied_continuation: 0b10011
[2023-06-16 12:30:22,910][src.evals.check_self_consistency][INFO] - continuation: 0b1111
[2023-06-16 12:30:22,911][src.evals.sequence_completion_with_base_change][INFO] - Total: 42
[2023-06-16 12:30:22,911][src.evals.sequence_completion_with_base_change][INFO] - Sequence: 3,7,11,15
[2023-06-16 12:30:22,913][src.evals.check_self_consistency][INFO] - Generating a continuation and explanation
[2023-06-16 12:30:23,401][src.evals.check_self_consistency][INFO] - continuation:  0b11111
[2023-06-16 12:30:25,402][src.evals.check_self_consistency][INFO] - explanation:
Explanation: lambda x: bin(2 ** (x + 2) - 1)
[2023-06-16 12:30:25,402][src.evals.check_self_consistency][INFO] - implied_sequence: ['0b11', '0b111', '0b1111', '0b11111']
[2023-06-16 12:30:25,402][src.evals.check_self_consistency][INFO] - sequence: ['0b11', '0b111', '0b1011', '0b1111']
[2023-06-16 12:30:25,402][src.evals.check_self_consistency][INFO] - implied_continuation: 0b111111
[2023-06-16 12:30:25,402][src.evals.check_self_consistency][INFO] - continuation: 0b11111
[2023-06-16 12:30:25,402][src.evals.sequence_completion_with_base_change][INFO] - Total: 43
[2023-06-16 12:30:25,402][src.evals.sequence_completion_with_base_change][INFO] - Sequence: 7,11,15,19
[2023-06-16 12:30:25,403][src.evals.check_self_consistency][INFO] - Generating a continuation and explanation
[2023-06-16 12:30:25,662][src.evals.check_self_consistency][INFO] - continuation:  0b101111
[2023-06-16 12:30:26,245][src.evals.check_self_consistency][INFO] - explanation:  Explanation: lambda x: bin(2 ** (3 * (x + 1)) - 1)
[2023-06-16 12:30:26,245][src.evals.evaluate_explanation][INFO] - invalid syntax (<string>, line 0)
[2023-06-16 12:30:26,245][src.evals.check_self_consistency][INFO] - invalid explanation:  Explanation: lambda x: bin(2 ** (3 * (x + 1)) - 1)
[2023-06-16 12:30:26,245][src.evals.sequence_completion_with_base_change][INFO] - Total: 44
[2023-06-16 12:30:26,245][src.evals.sequence_completion_with_base_change][INFO] - Sequence: 11,15,19,23
[2023-06-16 12:30:26,245][src.evals.check_self_consistency][INFO] - Generating a continuation and explanation
[2023-06-16 12:30:26,534][src.evals.check_self_consistency][INFO] - continuation:  0b11011
[2023-06-16 12:30:27,087][src.evals.check_self_consistency][INFO] - explanation:
Explanation: lambda x: bin((2 * (x + 3)) + 3)
[2023-06-16 12:30:27,088][src.evals.check_self_consistency][INFO] - implied_sequence: ['0b1001', '0b1011', '0b1101', '0b1111']
[2023-06-16 12:30:27,088][src.evals.check_self_consistency][INFO] - sequence: ['0b1011', '0b1111', '0b10011', '0b10111']
[2023-06-16 12:30:27,088][src.evals.check_self_consistency][INFO] - implied_continuation: 0b10001
[2023-06-16 12:30:27,089][src.evals.check_self_consistency][INFO] - continuation: 0b11011
[2023-06-16 12:30:27,089][src.evals.sequence_completion_with_base_change][INFO] - Total: 45
[2023-06-16 12:30:27,089][src.evals.sequence_completion_with_base_change][INFO] - Sequence: 15,19,23,27
[2023-06-16 12:30:27,093][src.evals.check_self_consistency][INFO] - Generating a continuation and explanation
[2023-06-16 12:30:27,391][src.evals.check_self_consistency][INFO] - continuation:  0b11101
[2023-06-16 12:30:28,053][src.evals.check_self_consistency][INFO] - explanation:  Explanation: lambda x: bin(2 ** (4 * x) + 3 ** (2 * x))
[2023-06-16 12:30:28,053][src.evals.evaluate_explanation][INFO] - invalid syntax (<string>, line 0)
[2023-06-16 12:30:28,054][src.evals.check_self_consistency][INFO] - invalid explanation:  Explanation: lambda x: bin(2 ** (4 * x) + 3 ** (2 * x))
[2023-06-16 12:30:28,054][src.evals.sequence_completion_with_base_change][INFO] - Total: 46
[2023-06-16 12:30:28,055][src.evals.sequence_completion_with_base_change][INFO] - Sequence: 0,2,4,6
[2023-06-16 12:30:28,058][src.evals.check_self_consistency][INFO] - Generating a continuation and explanation
[2023-06-16 12:30:28,503][src.evals.check_self_consistency][INFO] - continuation:  0b1000
[2023-06-16 12:30:29,828][src.evals.check_self_consistency][INFO] - explanation:  Explanation: lambda x: bin(2 ** (x + 1))
[2023-06-16 12:30:29,829][src.evals.evaluate_explanation][INFO] - invalid syntax (<string>, line 0)
[2023-06-16 12:30:29,829][src.evals.check_self_consistency][INFO] - invalid explanation:  Explanation: lambda x: bin(2 ** (x + 1))
[2023-06-16 12:30:29,829][src.evals.sequence_completion_with_base_change][INFO] - Total: 47
[2023-06-16 12:30:29,829][src.evals.sequence_completion_with_base_change][INFO] - Sequence: 2,4,6,8
[2023-06-16 12:30:29,831][src.evals.check_self_consistency][INFO] - Generating a continuation and explanation
[2023-06-16 12:30:30,407][src.evals.check_self_consistency][INFO] - continuation:  0b1010
[2023-06-16 12:30:31,015][src.evals.check_self_consistency][INFO] - explanation:  Explanation: lambda x: bin(2 ** (2 * (x + 1)))
[2023-06-16 12:30:31,015][src.evals.evaluate_explanation][INFO] - invalid syntax (<string>, line 0)
[2023-06-16 12:30:31,016][src.evals.check_self_consistency][INFO] - invalid explanation:  Explanation: lambda x: bin(2 ** (2 * (x + 1)))
[2023-06-16 12:30:31,016][src.evals.sequence_completion_with_base_change][INFO] - Total: 48
[2023-06-16 12:30:31,017][src.evals.sequence_completion_with_base_change][INFO] - Sequence: 4,6,8,10
[2023-06-16 12:30:31,020][src.evals.check_self_consistency][INFO] - Generating a continuation and explanation
[2023-06-16 12:30:31,387][src.evals.check_self_consistency][INFO] - continuation:  0b1100
[2023-06-16 12:30:31,921][src.evals.check_self_consistency][INFO] - explanation:  Explanation: lambda x: bin(2 ** (2 * (x + 1)) + 2)
[2023-06-16 12:30:31,921][src.evals.evaluate_explanation][INFO] - invalid syntax (<string>, line 0)
[2023-06-16 12:30:31,921][src.evals.check_self_consistency][INFO] - invalid explanation:  Explanation: lambda x: bin(2 ** (2 * (x + 1)) + 2)
[2023-06-16 12:30:31,922][src.evals.sequence_completion_with_base_change][INFO] - Total: 49
[2023-06-16 12:30:31,922][src.evals.sequence_completion_with_base_change][INFO] - Sequence: 6,8,10,12
[2023-06-16 12:30:31,924][src.evals.check_self_consistency][INFO] - Generating a continuation and explanation
[2023-06-16 12:30:32,961][src.evals.check_self_consistency][INFO] - continuation:  0b1110
[2023-06-16 12:30:34,094][src.evals.check_self_consistency][INFO] - explanation:  Explanation: lambda x: bin(2 ** (3 * (x + 1)) + 2)
[2023-06-16 12:30:34,095][src.evals.evaluate_explanation][INFO] - invalid syntax (<string>, line 0)
[2023-06-16 12:30:34,095][src.evals.check_self_consistency][INFO] - invalid explanation:  Explanation: lambda x: bin(2 ** (3 * (x + 1)) + 2)
[2023-06-16 12:30:34,095][src.evals.sequence_completion_with_base_change][INFO] - Total: 50
[2023-06-16 12:30:34,096][src.evals.sequence_completion_with_base_change][INFO] - Sequence: 5,6,7,8
[2023-06-16 12:30:34,098][src.evals.check_self_consistency][INFO] - Generating a continuation and explanation
[2023-06-16 12:30:34,419][src.evals.check_self_consistency][INFO] - continuation:  0b10000
[2023-06-16 12:30:34,850][src.evals.check_self_consistency][INFO] - explanation:  Explanation: lambda x: bin(2 ** (x + 3))
[2023-06-16 12:30:34,850][src.evals.evaluate_explanation][INFO] - invalid syntax (<string>, line 0)
[2023-06-16 12:30:34,850][src.evals.check_self_consistency][INFO] - invalid explanation:  Explanation: lambda x: bin(2 ** (x + 3))
[2023-06-16 12:30:34,850][src.evals.sequence_completion_with_base_change][INFO] - Total: 51
[2023-06-16 12:30:34,850][src.evals.sequence_completion_with_base_change][INFO] - Sequence: 3,3,7,7
[2023-06-16 12:30:34,851][src.evals.check_self_consistency][INFO] - Generating a continuation and explanation
[2023-06-16 12:30:35,705][src.evals.check_self_consistency][INFO] - continuation:  0b1111
[2023-06-16 12:30:36,314][src.evals.check_self_consistency][INFO] - explanation:  Explanation: lambda x: bin(3 * (x + 1))
[2023-06-16 12:30:36,314][src.evals.evaluate_explanation][INFO] - invalid syntax (<string>, line 0)
[2023-06-16 12:30:36,314][src.evals.check_self_consistency][INFO] - invalid explanation:  Explanation: lambda x: bin(3 * (x + 1))
[2023-06-16 12:30:36,314][src.evals.sequence_completion_with_base_change][INFO] - Total: 52
[2023-06-16 12:30:36,314][src.evals.sequence_completion_with_base_change][INFO] - Sequence: 1,3,5,7
[2023-06-16 12:30:36,315][src.evals.check_self_consistency][INFO] - Generating a continuation and explanation
[2023-06-16 12:30:36,618][src.evals.check_self_consistency][INFO] - continuation:  0b1001
[2023-06-16 12:30:38,700][src.evals.check_self_consistency][INFO] - explanation:  Explanation: lambda x: bin(2 ** (x + 1) - 1)
[2023-06-16 12:30:38,702][src.evals.evaluate_explanation][INFO] - invalid syntax (<string>, line 0)
[2023-06-16 12:30:38,702][src.evals.check_self_consistency][INFO] - invalid explanation:  Explanation: lambda x: bin(2 ** (x + 1) - 1)
[2023-06-16 12:30:38,703][src.evals.sequence_completion_with_base_change][INFO] - Total: 53
[2023-06-16 12:30:38,703][src.evals.sequence_completion_with_base_change][INFO] - Sequence: 2,6,10,14
[2023-06-16 12:30:38,706][src.evals.check_self_consistency][INFO] - Generating a continuation and explanation
[2023-06-16 12:30:39,244][src.evals.check_self_consistency][INFO] - continuation:  0b10000
[2023-06-16 12:30:39,997][src.evals.check_self_consistency][INFO] - explanation:  Explanation: lambda x: bin(2 ** (2 * (x + 1)) + 2 ** (x + 1))
[2023-06-16 12:30:39,997][src.evals.evaluate_explanation][INFO] - invalid syntax (<string>, line 0)
[2023-06-16 12:30:39,997][src.evals.check_self_consistency][INFO] - invalid explanation:  Explanation: lambda x: bin(2 ** (2 * (x + 1)) + 2 ** (x + 1))
[2023-06-16 12:30:39,998][src.evals.sequence_completion_with_base_change][INFO] - Total: 54
[2023-06-16 12:30:39,998][src.evals.sequence_completion_with_base_change][INFO] - Sequence: 6,10,14,18
[2023-06-16 12:30:40,001][src.evals.check_self_consistency][INFO] - Generating a continuation and explanation
[2023-06-16 12:30:40,270][src.evals.check_self_consistency][INFO] - continuation:  0b10100
[2023-06-16 12:30:40,893][src.evals.check_self_consistency][INFO] - explanation:  Explanation: lambda x: bin(2 ** (3 * (x + 1)) + 2 ** (x + 1))
[2023-06-16 12:30:40,893][src.evals.evaluate_explanation][INFO] - invalid syntax (<string>, line 0)
[2023-06-16 12:30:40,893][src.evals.check_self_consistency][INFO] - invalid explanation:  Explanation: lambda x: bin(2 ** (3 * (x + 1)) + 2 ** (x + 1))
[2023-06-16 12:30:40,894][src.evals.sequence_completion_with_base_change][INFO] - Total: 55
[2023-06-16 12:30:40,894][src.evals.sequence_completion_with_base_change][INFO] - Sequence: 10,14,18,22
[2023-06-16 12:30:40,896][src.evals.check_self_consistency][INFO] - Generating a continuation and explanation
[2023-06-16 12:30:41,205][src.evals.check_self_consistency][INFO] - continuation:  0b11000
[2023-06-16 12:30:41,662][src.evals.check_self_consistency][INFO] - explanation:  Explanation: lambda x: bin((2 * (x + 2)) + 2)
[2023-06-16 12:30:41,662][src.evals.evaluate_explanation][INFO] - invalid syntax (<string>, line 0)
[2023-06-16 12:30:41,663][src.evals.check_self_consistency][INFO] - invalid explanation:  Explanation: lambda x: bin((2 * (x + 2)) + 2)
[2023-06-16 12:30:41,663][src.evals.sequence_completion_with_base_change][INFO] - Total: 56
[2023-06-16 12:30:41,663][src.evals.sequence_completion_with_base_change][INFO] - Sequence: 14,18,22,26
[2023-06-16 12:30:41,665][src.evals.check_self_consistency][INFO] - Generating a continuation and explanation
[2023-06-16 12:30:42,063][src.evals.check_self_consistency][INFO] - continuation:  0b11110
[2023-06-16 12:30:42,540][src.evals.check_self_consistency][INFO] - explanation:  Explanation: lambda x: bin(2 ** (x + 3) + 2 ** (x + 2))
[2023-06-16 12:30:42,540][src.evals.evaluate_explanation][INFO] - invalid syntax (<string>, line 0)
[2023-06-16 12:30:42,541][src.evals.check_self_consistency][INFO] - invalid explanation:  Explanation: lambda x: bin(2 ** (x + 3) + 2 ** (x + 2))
[2023-06-16 12:30:42,542][src.evals.sequence_completion_with_base_change][INFO] - Total is: 57
[2023-06-16 12:30:42,562][src.evals.sequence_completion_with_base_change][INFO] - Results saved to results.csv
[2023-06-16 12:30:42,563][__main__][INFO] - Output dir: /Users/olejorgensen/Documents/AISC/introspective-self-consistency/results/2023-06-16-12-29-18/+task=compute_dependence_with_base_changes,base=2,model=text-davinci-003,seed=100,task_prompt=max-probability
